KLEE: NOTE: Using libreadline: /home/user/Projects/Senx/code/build3.8/Release+Debug+Asserts/lib/libreadline.bca
KLEE: NOTE: Using libxml2: /home/user/Projects/Senx/code/build3.8/Release+Debug+Asserts/lib/libxml2.bca
KLEE: NOTE: Using libpcap: /home/user/Projects/Senx/code/build3.8/Release+Debug+Asserts/lib/libpcap.bca
KLEE: NOTE: Using klee-uclibc : /home/user/Projects/Senx/code/build3.8/Release+Debug+Asserts/lib/klee-uclibc.bca
KLEE: NOTE: Using model: /home/user/Projects/Senx/code/build3.8/Release+Debug+Asserts/lib/libkleeRuntimePOSIX.bca
KLEE: output directory is "/home/user/fuzzfix.tmp/data/libtiff/cve_2017_7595/senx/klee-out-0"
KLEE: loadSensitiveFunctionList __assert_fail
KLEE: loadSensitiveFunctionList sqlite3_realloc
KLEE: loadSensitiveFunctionList sqlite3_alloc
KLEE: Safety property for MemorySeqAccess is loaded.
KLEE: Safety property for MemoryStructAccess is loaded.
KLEE: Safety property for MemoryAllocation is loaded.
KLEE: Safety property for SensitiveOperation is loaded.
KLEE: Using Z3 solver backend
global variable stuff
	59 elements of 8bytes
global variable .str.9
	40 elements of 1bytes
global variable .str.10
	19 elements of 1bytes
global variable .str.11
	57 elements of 1bytes
global variable .str.12
	46 elements of 1bytes
global variable .str.13
	60 elements of 1bytes
global variable .str.14
	68 elements of 1bytes
global variable .str.15
	40 elements of 1bytes
global variable .str.16
	39 elements of 1bytes
global variable .str.17
	57 elements of 1bytes
global variable .str.18
	62 elements of 1bytes
global variable .str.19
	63 elements of 1bytes
global variable .str.20
	66 elements of 1bytes
global variable .str.21
	52 elements of 1bytes
global variable .str.22
	40 elements of 1bytes
global variable .str.23
	36 elements of 1bytes
global variable .str.24
	79 elements of 1bytes
global variable .str.25
	76 elements of 1bytes
global variable .str.26
	1 elements of 1bytes
global variable .str.27
	58 elements of 1bytes
global variable .str.28
	48 elements of 1bytes
global variable .str.29
	49 elements of 1bytes
global variable .str.30
	55 elements of 1bytes
global variable .str.31
	55 elements of 1bytes
global variable .str.32
	66 elements of 1bytes
global variable .str.33
	55 elements of 1bytes
global variable .str.34
	53 elements of 1bytes
global variable .str.35
	52 elements of 1bytes
global variable .str.36
	56 elements of 1bytes
global variable .str.37
	56 elements of 1bytes
global variable .str.38
	61 elements of 1bytes
global variable .str.39
	61 elements of 1bytes
global variable .str.40
	54 elements of 1bytes
global variable .str.41
	56 elements of 1bytes
global variable .str.42
	17 elements of 1bytes
global variable .str.43
	55 elements of 1bytes
global variable .str.44
	56 elements of 1bytes
global variable .str.45
	38 elements of 1bytes
global variable .str.46
	76 elements of 1bytes
global variable .str.47
	14 elements of 1bytes
global variable .str.48
	67 elements of 1bytes
global variable .str.49
	61 elements of 1bytes
global variable .str.50
	78 elements of 1bytes
global variable .str.51
	38 elements of 1bytes
global variable .str.52
	37 elements of 1bytes
global variable .str.53
	48 elements of 1bytes
global variable .str.54
	76 elements of 1bytes
global variable .str.55
	77 elements of 1bytes
global variable .str.56
	17 elements of 1bytes
global variable .str.57
	60 elements of 1bytes
global variable .str.58
	65 elements of 1bytes
global variable .str.59
	57 elements of 1bytes
global variable .str.60
	79 elements of 1bytes
global variable .str
	29 elements of 1bytes
global variable .str.77
	5 elements of 1bytes
global variable .str.78
	4 elements of 1bytes
global variable comma
	1 elements of 1bytes
global variable bias
	1 elements of 8bytes
global variable .str.1
	36 elements of 1bytes
global variable .str.61
	2 elements of 1bytes
global variable .str.62
	47 elements of 1bytes
global variable .str.63
	19 elements of 1bytes
global variable .str.2
	40 elements of 1bytes
global variable .str.3
	31 elements of 1bytes
global variable .str.64
	5 elements of 1bytes
global variable defcompression
	1 elements of 2bytes
global variable .str.65
	9 elements of 1bytes
global variable .str.66
	5 elements of 1bytes
global variable quality
	1 elements of 4bytes
global variable jpegcolormode
	1 elements of 4bytes
global variable .str.67
	3 elements of 1bytes
global variable defg3opts
	1 elements of 4bytes
global variable .str.74
	3 elements of 1bytes
global variable .str.75
	3 elements of 1bytes
global variable .str.76
	5 elements of 1bytes
global variable .str.68
	3 elements of 1bytes
global variable .str.69
	4 elements of 1bytes
global variable defpredictor
	1 elements of 2bytes
global variable .str.70
	4 elements of 1bytes
global variable defpreset
	1 elements of 4bytes
global variable .str.71
	5 elements of 1bytes
global variable .str.72
	5 elements of 1bytes
global variable .str.73
	7 elements of 1bytes
global variable .str.4
	8 elements of 1bytes
global variable .str.5
	8 elements of 1bytes
global variable ignore
	1 elements of 4bytes
global variable outtiled
	1 elements of 4bytes
global variable .str.6
	9 elements of 1bytes
global variable .str.7
	7 elements of 1bytes
global variable pageInSeq
	1 elements of 4bytes
global variable pageNum
	1 elements of 4bytes
global variable .str.8
	35 elements of 1bytes
global variable config
	1 elements of 2bytes
global variable compression
	1 elements of 2bytes
global variable predictor
	1 elements of 2bytes
global variable preset
	1 elements of 4bytes
global variable fillorder
	1 elements of 2bytes
global variable rowsperstrip
	1 elements of 4bytes
global variable tilewidth
	1 elements of 4bytes
global variable tilelength
	1 elements of 4bytes
global variable g3opts
	1 elements of 4bytes
global variable .str.79
	50 elements of 1bytes
global variable .str.82
	47 elements of 1bytes
global variable orientation
	1 elements of 2bytes
global variable .str.80
	30 elements of 1bytes
global variable .str.81
	27 elements of 1bytes
global variable tags
	33 elements of 8bytes
global variable .str.83
	70 elements of 1bytes
global variable .str.84
	52 elements of 1bytes
global variable .str.88
	31 elements of 1bytes
global variable .str.89
	35 elements of 1bytes
global variable .str.86
	45 elements of 1bytes
global variable .str.87
	33 elements of 1bytes
global variable .str.90
	33 elements of 1bytes
global variable .str.91
	63 elements of 1bytes
global variable .str.92
	46 elements of 1bytes
global variable .str.93
	34 elements of 1bytes
global variable .str.94
	46 elements of 1bytes
global variable .str.95
	28 elements of 1bytes
global variable .str.96
	38 elements of 1bytes
global variable .str.97
	32 elements of 1bytes
global variable .str.98
	38 elements of 1bytes
global variable .str.99
	48 elements of 1bytes
global variable .str.100
	44 elements of 1bytes
global variable .str.101
	28 elements of 1bytes
global variable .str.102
	29 elements of 1bytes
global variable .str.103
	63 elements of 1bytes
global variable .str.85
	51 elements of 1bytes
global variable .str.104
	23 elements of 1bytes
global variable .str.1.105
	66 elements of 1bytes
global variable .str.2.106
	55 elements of 1bytes
global variable TIFFVGetFieldDefaulted.ycbcrcoeffs
	3 elements of 4bytes
global variable TIFFVGetFieldDefaulted.whitepoint
	2 elements of 4bytes
global variable .str.3.107
	36 elements of 1bytes
global variable .str.110
	5 elements of 1bytes
global variable .str.8.115
	8 elements of 1bytes
global variable .str.9.116
	1 elements of 1bytes
global variable .str.6.117
	13 elements of 1bytes
global variable .str.7.118
	21 elements of 1bytes
global variable .str.10.119
	41 elements of 1bytes
global variable _TIFFextender
	1 elements of 8bytes
global variable _TIFFVSetField.module
	15 elements of 1bytes
global variable .str.11.126
	110 elements of 1bytes
global variable .str.12.127
	110 elements of 1bytes
global variable .str.13.128
	40 elements of 1bytes
global variable .str.14.129
	41 elements of 1bytes
global variable .str.15.130
	31 elements of 1bytes
global variable .str.27.131
	57 elements of 1bytes
global variable .str.16.132
	48 elements of 1bytes
global variable .str.17.133
	55 elements of 1bytes
global variable .str.18.134
	31 elements of 1bytes
global variable .str.19.135
	38 elements of 1bytes
global variable .str.4.136
	10 elements of 1bytes
global variable __PRETTY_FUNCTION__._TIFFVSetField
	59 elements of 1bytes
global variable .str.20.137
	63 elements of 1bytes
global variable .str.21.138
	25 elements of 1bytes
global variable .str.22.139
	9 elements of 1bytes
global variable .str.23.140
	15 elements of 1bytes
global variable .str.25.141
	8 elements of 1bytes
global variable .str.24.142
	30 elements of 1bytes
global variable .str.26.143
	30 elements of 1bytes
global variable .str.28.144
	15 elements of 1bytes
global variable .str.29.145
	38 elements of 1bytes
global variable __PRETTY_FUNCTION__._TIFFVGetField
	59 elements of 1bytes
global variable TIFFAdvanceDirectory.module
	21 elements of 1bytes
global variable .str.30.146
	31 elements of 1bytes
global variable .str.31.147
	30 elements of 1bytes
global variable .str.32.148
	39 elements of 1bytes
global variable .str.33.149
	35 elements of 1bytes
global variable .str.34.150
	34 elements of 1bytes
global variable TIFFNumberOfDirectories.module
	24 elements of 1bytes
global variable .str.151
	61 elements of 1bytes
global variable TIFFUnlinkDirectory.module
	20 elements of 1bytes
global variable .str.1.156
	43 elements of 1bytes
global variable .str.2.157
	28 elements of 1bytes
global variable .str.3.158
	27 elements of 1bytes
global variable __PRETTY_FUNCTION__.TIFFUnlinkDirectory
	40 elements of 1bytes
global variable .str.5.159
	29 elements of 1bytes
global variable tiffFieldArray
	1 elements of 24bytes
global variable tiffFields
	153 elements of 48bytes
global variable .str.13.162
	12 elements of 1bytes
global variable .str.14.163
	15 elements of 1bytes
global variable .str.15.164
	11 elements of 1bytes
global variable .str.16.165
	12 elements of 1bytes
global variable .str.17.166
	14 elements of 1bytes
global variable .str.18.167
	12 elements of 1bytes
global variable .str.19.168
	26 elements of 1bytes
global variable .str.20.169
	14 elements of 1bytes
global variable .str.21.170
	10 elements of 1bytes
global variable .str.22.171
	11 elements of 1bytes
global variable .str.23.172
	10 elements of 1bytes
global variable .str.24.173
	13 elements of 1bytes
global variable .str.25.174
	17 elements of 1bytes
global variable .str.26.175
	5 elements of 1bytes
global variable .str.27.176
	6 elements of 1bytes
global variable .str.28.177
	13 elements of 1bytes
global variable .str.29.178
	12 elements of 1bytes
global variable .str.30.179
	16 elements of 1bytes
global variable .str.31.180
	13 elements of 1bytes
global variable .str.32.181
	16 elements of 1bytes
global variable .str.33.182
	15 elements of 1bytes
global variable .str.34.183
	15 elements of 1bytes
global variable .str.35.184
	12 elements of 1bytes
global variable .str.36.185
	12 elements of 1bytes
global variable .str.37.186
	20 elements of 1bytes
global variable .str.38.187
	9 elements of 1bytes
global variable .str.39.188
	10 elements of 1bytes
global variable .str.40.189
	10 elements of 1bytes
global variable .str.41.190
	12 elements of 1bytes
global variable .str.42.191
	15 elements of 1bytes
global variable .str.43.192
	17 elements of 1bytes
global variable .str.44.193
	18 elements of 1bytes
global variable .str.45.194
	15 elements of 1bytes
global variable .str.46.195
	11 elements of 1bytes
global variable .str.47.196
	18 elements of 1bytes
global variable .str.48.197
	17 elements of 1bytes
global variable .str.49.198
	9 elements of 1bytes
global variable .str.50.199
	9 elements of 1bytes
global variable .str.51.200
	7 elements of 1bytes
global variable .str.52.201
	13 elements of 1bytes
global variable .str.53.202
	11 elements of 1bytes
global variable .str.54.203
	22 elements of 1bytes
global variable .str.55.204
	9 elements of 1bytes
global variable .str.56.205
	14 elements of 1bytes
global variable .str.57.206
	10 elements of 1bytes
global variable .str.58.207
	11 elements of 1bytes
global variable .str.59.208
	12 elements of 1bytes
global variable .str.60.209
	15 elements of 1bytes
global variable .str.61.210
	7 elements of 1bytes
global variable .str.62.211
	7 elements of 1bytes
global variable .str.63.212
	9 elements of 1bytes
global variable .str.64.213
	13 elements of 1bytes
global variable .str.65.214
	9 elements of 1bytes
global variable .str.66.215
	14 elements of 1bytes
global variable .str.67.216
	13 elements of 1bytes
global variable .str.68.217
	13 elements of 1bytes
global variable .str.69.218
	16 elements of 1bytes
global variable .str.70.219
	16 elements of 1bytes
global variable .str.71.220
	9 elements of 1bytes
global variable .str.72.221
	15 elements of 1bytes
global variable .str.73.222
	15 elements of 1bytes
global variable .str.74.223
	18 elements of 1bytes
global variable .str.75.224
	17 elements of 1bytes
global variable .str.76.225
	17 elements of 1bytes
global variable .str.77.226
	20 elements of 1bytes
global variable .str.78.227
	10 elements of 1bytes
global variable .str.79.228
	9 elements of 1bytes
global variable .str.80.229
	9 elements of 1bytes
global variable .str.81.230
	11 elements of 1bytes
global variable .str.82.231
	10 elements of 1bytes
global variable .str.83.232
	15 elements of 1bytes
global variable .str.84.233
	16 elements of 1bytes
global variable .str.85.234
	14 elements of 1bytes
global variable .str.86.235
	17 elements of 1bytes
global variable .str.87.236
	21 elements of 1bytes
global variable .str.88.237
	20 elements of 1bytes
global variable .str.89.238
	20 elements of 1bytes
global variable .str.90.239
	20 elements of 1bytes
global variable .str.91.240
	11 elements of 1bytes
global variable .str.92.241
	10 elements of 1bytes
global variable .str.93.242
	13 elements of 1bytes
global variable .str.94.243
	10 elements of 1bytes
global variable .str.95.244
	14 elements of 1bytes
global variable exifFieldArray
	1 elements of 24bytes
global variable exifFields
	56 elements of 48bytes
global variable .str.165
	13 elements of 1bytes
global variable .str.166
	8 elements of 1bytes
global variable .str.167
	16 elements of 1bytes
global variable .str.168
	20 elements of 1bytes
global variable .str.169
	16 elements of 1bytes
global variable .str.170
	29 elements of 1bytes
global variable .str.171
	12 elements of 1bytes
global variable .str.172
	17 elements of 1bytes
global variable .str.173
	18 elements of 1bytes
global variable .str.174
	24 elements of 1bytes
global variable .str.175
	23 elements of 1bytes
global variable .str.176
	18 elements of 1bytes
global variable .str.177
	14 elements of 1bytes
global variable .str.178
	16 elements of 1bytes
global variable .str.179
	18 elements of 1bytes
global variable .str.180
	17 elements of 1bytes
global variable .str.181
	16 elements of 1bytes
global variable .str.182
	13 elements of 1bytes
global variable .str.183
	12 elements of 1bytes
global variable .str.184
	6 elements of 1bytes
global variable .str.185
	12 elements of 1bytes
global variable .str.186
	12 elements of 1bytes
global variable .str.187
	10 elements of 1bytes
global variable .str.188
	12 elements of 1bytes
global variable .str.189
	11 elements of 1bytes
global variable .str.190
	19 elements of 1bytes
global variable .str.191
	20 elements of 1bytes
global variable .str.192
	16 elements of 1bytes
global variable .str.193
	11 elements of 1bytes
global variable .str.194
	16 elements of 1bytes
global variable .str.195
	16 elements of 1bytes
global variable .str.196
	17 elements of 1bytes
global variable .str.197
	12 elements of 1bytes
global variable .str.198
	25 elements of 1bytes
global variable .str.199
	22 elements of 1bytes
global variable .str.200
	22 elements of 1bytes
global variable .str.201
	25 elements of 1bytes
global variable .str.202
	16 elements of 1bytes
global variable .str.203
	14 elements of 1bytes
global variable .str.204
	14 elements of 1bytes
global variable .str.205
	11 elements of 1bytes
global variable .str.206
	10 elements of 1bytes
global variable .str.207
	15 elements of 1bytes
global variable .str.208
	13 elements of 1bytes
global variable .str.209
	13 elements of 1bytes
global variable .str.210
	17 elements of 1bytes
global variable .str.211
	22 elements of 1bytes
global variable .str.212
	17 elements of 1bytes
global variable .str.213
	12 elements of 1bytes
global variable .str.214
	9 elements of 1bytes
global variable .str.215
	11 elements of 1bytes
global variable .str.216
	10 elements of 1bytes
global variable .str.217
	25 elements of 1bytes
global variable .str.218
	21 elements of 1bytes
global variable .str.219
	14 elements of 1bytes
global variable .str.96.245
	12 elements of 1bytes
global variable .str.97.246
	13 elements of 1bytes
global variable .str.98.247
	14 elements of 1bytes
global variable .str.99.248
	14 elements of 1bytes
global variable .str.100.249
	12 elements of 1bytes
global variable .str.101.250
	7 elements of 1bytes
global variable .str.102.251
	8 elements of 1bytes
global variable .str.103.252
	26 elements of 1bytes
global variable .str.104.253
	11 elements of 1bytes
global variable .str.105
	19 elements of 1bytes
global variable .str.106
	18 elements of 1bytes
global variable .str.107
	21 elements of 1bytes
global variable .str.108
	14 elements of 1bytes
global variable .str.109
	10 elements of 1bytes
global variable .str.110.254
	19 elements of 1bytes
global variable .str.111
	20 elements of 1bytes
global variable .str.112
	11 elements of 1bytes
global variable .str.113
	17 elements of 1bytes
global variable .str.114
	17 elements of 1bytes
global variable .str.115
	11 elements of 1bytes
global variable .str.116
	13 elements of 1bytes
global variable .str.117
	17 elements of 1bytes
global variable .str.118
	18 elements of 1bytes
global variable .str.119
	16 elements of 1bytes
global variable .str.120
	13 elements of 1bytes
global variable .str.121
	13 elements of 1bytes
global variable .str.122
	19 elements of 1bytes
global variable .str.123
	19 elements of 1bytes
global variable .str.124
	17 elements of 1bytes
global variable .str.125
	17 elements of 1bytes
global variable .str.126
	14 elements of 1bytes
global variable .str.127
	14 elements of 1bytes
global variable .str.128
	14 elements of 1bytes
global variable .str.129
	17 elements of 1bytes
global variable .str.130
	14 elements of 1bytes
global variable .str.131
	18 elements of 1bytes
global variable .str.132
	16 elements of 1bytes
global variable .str.133
	20 elements of 1bytes
global variable .str.134
	19 elements of 1bytes
global variable .str.135
	9 elements of 1bytes
global variable .str.136
	17 elements of 1bytes
global variable .str.137
	18 elements of 1bytes
global variable .str.138
	12 elements of 1bytes
global variable .str.139
	15 elements of 1bytes
global variable .str.140
	16 elements of 1bytes
global variable .str.141
	23 elements of 1bytes
global variable .str.142
	23 elements of 1bytes
global variable .str.143
	16 elements of 1bytes
global variable .str.144
	20 elements of 1bytes
global variable .str.145
	20 elements of 1bytes
global variable .str.146
	11 elements of 1bytes
global variable .str.147
	12 elements of 1bytes
global variable .str.148
	17 elements of 1bytes
global variable .str.149
	23 elements of 1bytes
global variable .str.150
	18 elements of 1bytes
global variable .str.151.255
	24 elements of 1bytes
global variable .str.152
	10 elements of 1bytes
global variable .str.153
	8 elements of 1bytes
global variable .str.154
	20 elements of 1bytes
global variable .str.155
	12 elements of 1bytes
global variable .str.156
	11 elements of 1bytes
global variable .str.157
	14 elements of 1bytes
global variable .str.158
	12 elements of 1bytes
global variable .str.159
	11 elements of 1bytes
global variable .str.160
	7 elements of 1bytes
global variable .str.161
	15 elements of 1bytes
global variable .str.162
	11 elements of 1bytes
global variable .str.163
	15 elements of 1bytes
global variable .str.164
	11 elements of 1bytes
global variable .str.260
	5 elements of 1bytes
global variable _TIFFMergeFields.reason
	17 elements of 1bytes
global variable _TIFFMergeFields.module
	17 elements of 1bytes
global variable .str.3.261
	32 elements of 1bytes
global variable .str.1.264
	17 elements of 1bytes
global variable .str.2.265
	29 elements of 1bytes
global variable .str.4.266
	6 elements of 1bytes
global variable .str.6.267
	5 elements of 1bytes
global variable .str.7.268
	6 elements of 1bytes
global variable .str.5.269
	50 elements of 1bytes
global variable .str.8.274
	17 elements of 1bytes
global variable .str.9.275
	33 elements of 1bytes
global variable .str.10.276
	18 elements of 1bytes
global variable .str.11.277
	31 elements of 1bytes
global variable .str.12.278
	7 elements of 1bytes
global variable TIFFMergeFieldInfo.reason
	17 elements of 1bytes
global variable TIFFMergeFieldInfo.module
	19 elements of 1bytes
global variable .str.53.281
	19 elements of 1bytes
global variable .str.54.282
	47 elements of 1bytes
global variable .str.55.283
	13 elements of 1bytes
global variable .str.58.284
	5 elements of 1bytes
global variable .str.5.285
	14 elements of 1bytes
global variable __PRETTY_FUNCTION__.TIFFFetchDirectory
	69 elements of 1bytes
global variable TIFFFetchDirectory.module
	19 elements of 1bytes
global variable .str.59.286
	40 elements of 1bytes
global variable .str.60.287
	38 elements of 1bytes
global variable .str.61.288
	80 elements of 1bytes
global variable .str.62.289
	23 elements of 1bytes
global variable .str.63.290
	36 elements of 1bytes
global variable .str.64.291
	34 elements of 1bytes
global variable .str.65.292
	75 elements of 1bytes
global variable .str.66.293
	28 elements of 1bytes
global variable TIFFReadDirectory.module
	18 elements of 1bytes
global variable .str.294
	39 elements of 1bytes
global variable TIFFReadDirectoryCheckOrder.module
	28 elements of 1bytes
global variable .str.49.295
	63 elements of 1bytes
global variable .str.67.296
	19 elements of 1bytes
global variable .str.68.297
	31 elements of 1bytes
global variable .str.69.298
	12 elements of 1bytes
global variable __PRETTY_FUNCTION__.TIFFFetchNormalTag
	52 elements of 1bytes
global variable .str.70.299
	39 elements of 1bytes
global variable .str.71.300
	37 elements of 1bytes
global variable .str.72.301
	24 elements of 1bytes
global variable .str.47.302
	21 elements of 1bytes
global variable __PRETTY_FUNCTION__.TIFFReadDirEntryArray
	98 elements of 1bytes
global variable .str.48.303
	18 elements of 1bytes
global variable .str.31.304
	7 elements of 1bytes
global variable __PRETTY_FUNCTION__.TIFFReadDirEntryData
	80 elements of 1bytes
global variable TIFFFetchNormalTag.module
	19 elements of 1bytes
global variable .str.73.305
	131 elements of 1bytes
global variable .str.74.306
	51 elements of 1bytes
global variable .str.75.307
	24 elements of 1bytes
global variable .str.76.308
	24 elements of 1bytes
global variable .str.77.309
	51 elements of 1bytes
global variable .str.78.310
	24 elements of 1bytes
global variable .str.79.311
	52 elements of 1bytes
global variable .str.80.312
	36 elements of 1bytes
global variable .str.81.313
	24 elements of 1bytes
global variable .str.82.314
	74 elements of 1bytes
global variable .str.83.315
	37 elements of 1bytes
global variable .str.39.316
	2 elements of 1bytes
global variable .str.32.317
	25 elements of 1bytes
global variable .str.33.318
	27 elements of 1bytes
global variable .str.34.319
	32 elements of 1bytes
global variable .str.35.320
	25 elements of 1bytes
global variable .str.36.321
	51 elements of 1bytes
global variable .str.37.322
	42 elements of 1bytes
global variable .str.38.323
	30 elements of 1bytes
global variable __PRETTY_FUNCTION__.TIFFReadDirEntryOutputErr
	98 elements of 1bytes
global variable .str.40.324
	38 elements of 1bytes
global variable .str.41.325
	40 elements of 1bytes
global variable .str.42.326
	45 elements of 1bytes
global variable .str.43.327
	38 elements of 1bytes
global variable .str.44.328
	64 elements of 1bytes
global variable .str.45.329
	55 elements of 1bytes
global variable .str.46.330
	43 elements of 1bytes
global variable .str.1.331
	12 elements of 1bytes
global variable .str.2.332
	45 elements of 1bytes
global variable .str.3.333
	54 elements of 1bytes
global variable .str.4.334
	18 elements of 1bytes
global variable __PRETTY_FUNCTION__.TIFFReadDirectory
	30 elements of 1bytes
global variable .str.6.337
	84 elements of 1bytes
global variable .str.7.338
	12 elements of 1bytes
global variable MissingRequired.module
	16 elements of 1bytes
global variable .str.52.339
	46 elements of 1bytes
global variable .str.9.340
	6 elements of 1bytes
global variable .str.10.341
	7 elements of 1bytes
global variable .str.8.342
	32 elements of 1bytes
global variable .str.11.343
	12 elements of 1bytes
global variable .str.12.344
	13 elements of 1bytes
global variable .str.13.345
	16 elements of 1bytes
global variable TIFFFetchStripThing.module
	20 elements of 1bytes
global variable .str.84.346
	16 elements of 1bytes
global variable .str.14.347
	46 elements of 1bytes
global variable .str.15.348
	40 elements of 1bytes
global variable .str.16.349
	51 elements of 1bytes
global variable .str.17.350
	79 elements of 1bytes
global variable .str.18.351
	57 elements of 1bytes
global variable .str.19.352
	76 elements of 1bytes
global variable .str.20.353
	76 elements of 1bytes
global variable .str.21.354
	9 elements of 1bytes
global variable .str.22.355
	16 elements of 1bytes
global variable .str.23.356
	89 elements of 1bytes
global variable .str.50.357
	28 elements of 1bytes
global variable EstimateStripByteCounts.module
	24 elements of 1bytes
global variable .str.51.358
	45 elements of 1bytes
global variable .str.24.359
	73 elements of 1bytes
global variable .str.25.360
	73 elements of 1bytes
global variable .str.86.361
	43 elements of 1bytes
global variable __PRETTY_FUNCTION__.ChopUpSingleUncompressedStrip
	43 elements of 1bytes
global variable .str.87.362
	36 elements of 1bytes
global variable .str.88.363
	33 elements of 1bytes
global variable .str.26.364
	33 elements of 1bytes
global variable .str.27.365
	29 elements of 1bytes
global variable .str.28.366
	30 elements of 1bytes
global variable TIFFReadCustomDirectory.module
	24 elements of 1bytes
global variable .str.29.367
	46 elements of 1bytes
global variable __PRETTY_FUNCTION__.TIFFReadCustomDirectory
	68 elements of 1bytes
global variable .str.30.368
	41 elements of 1bytes
global variable .str.56.369
	64 elements of 1bytes
global variable .str.57.370
	64 elements of 1bytes
global variable TIFFFetchSubjectDistance.module
	25 elements of 1bytes
global variable .str.85.371
	16 elements of 1bytes
global variable TIFFWriteDirectorySec.module
	22 elements of 1bytes
global variable .str.14.374
	43 elements of 1bytes
global variable .str.15.375
	43 elements of 1bytes
global variable .str.31.376
	21 elements of 1bytes
global variable .str.17.377
	15 elements of 1bytes
global variable __PRETTY_FUNCTION__.TIFFWriteDirectoryTagData
	104 elements of 1bytes
global variable TIFFWriteDirectoryTagData.module
	26 elements of 1bytes
global variable .str.28.378
	32 elements of 1bytes
global variable .str.32.379
	26 elements of 1bytes
global variable .str.33.380
	24 elements of 1bytes
global variable .str.34.381
	11 elements of 1bytes
global variable __PRETTY_FUNCTION__.TIFFWriteDirectoryTagCheckedRational
	91 elements of 1bytes
global variable TIFFWriteDirectoryTagShortPerSample.module
	36 elements of 1bytes
global variable .str.27.382
	14 elements of 1bytes
global variable .str.35.383
	17 elements of 1bytes
global variable __PRETTY_FUNCTION__.TIFFWriteDirectoryTagCheckedShortArray
	103 elements of 1bytes
global variable .str.37.384
	17 elements of 1bytes
global variable __PRETTY_FUNCTION__.TIFFWriteDirectoryTagCheckedLong8Array
	103 elements of 1bytes
global variable .str.38.385
	28 elements of 1bytes
global variable TIFFWriteDirectoryTagLongLong8Array.module
	36 elements of 1bytes
global variable .str.36.386
	68 elements of 1bytes
global variable .str.39.387
	17 elements of 1bytes
global variable __PRETTY_FUNCTION__.TIFFWriteDirectoryTagCheckedLongArray
	102 elements of 1bytes
global variable TIFFWriteDirectoryTagColormap.module
	30 elements of 1bytes
global variable TIFFWriteDirectoryTagSampleformatArray.module
	39 elements of 1bytes
global variable __PRETTY_FUNCTION__.TIFFWriteDirectoryTagCheckedFloatArray
	102 elements of 1bytes
global variable __PRETTY_FUNCTION__.TIFFWriteDirectoryTagCheckedDoubleArray
	104 elements of 1bytes
global variable __PRETTY_FUNCTION__.TIFFWriteDirectoryTagCheckedSshortArray
	103 elements of 1bytes
global variable __PRETTY_FUNCTION__.TIFFWriteDirectoryTagCheckedSlongArray
	102 elements of 1bytes
global variable TIFFWriteDirectoryTagCheckedRationalArray.module
	42 elements of 1bytes
global variable TIFFWriteDirectoryTagTransferfunction.module
	38 elements of 1bytes
global variable TIFFWriteDirectoryTagSubifd.module
	28 elements of 1bytes
global variable .str.40.388
	8 elements of 1bytes
global variable __PRETTY_FUNCTION__.TIFFWriteDirectoryTagSubifd
	66 elements of 1bytes
global variable .str.41.389
	20 elements of 1bytes
global variable __PRETTY_FUNCTION__.TIFFWriteDirectoryTagCheckedIfdArray
	101 elements of 1bytes
global variable __PRETTY_FUNCTION__.TIFFWriteDirectoryTagCheckedIfd8Array
	102 elements of 1bytes
global variable .str.16.390
	26 elements of 1bytes
global variable __PRETTY_FUNCTION__.TIFFWriteDirectorySec
	54 elements of 1bytes
global variable .str.18.391
	34 elements of 1bytes
global variable .str.19.392
	22 elements of 1bytes
global variable .str.20.393
	26 elements of 1bytes
global variable .str.21.394
	22 elements of 1bytes
global variable .str.22.395
	25 elements of 1bytes
global variable .str.23.396
	30 elements of 1bytes
global variable .str.24.397
	35 elements of 1bytes
global variable .str.25.398
	22 elements of 1bytes
global variable .str.26.399
	2 elements of 1bytes
global variable __PRETTY_FUNCTION__.TIFFWriteDirectoryTagCheckedSlong8Array
	103 elements of 1bytes
global variable TIFFWriteDirectoryTagCheckedSrationalArray.module
	43 elements of 1bytes
global variable TIFFWriteDirectoryTagIfdIfd8Array.module
	34 elements of 1bytes
global variable TIFFLinkDirectory.module
	18 elements of 1bytes
global variable .str.42.400
	36 elements of 1bytes
global variable .str.43.401
	26 elements of 1bytes
global variable .str.1.402
	31 elements of 1bytes
global variable .str.2.403
	30 elements of 1bytes
global variable .str.3.404
	29 elements of 1bytes
global variable .str.4.405
	54 elements of 1bytes
global variable .str.29.406
	8 elements of 1bytes
global variable .str.30.407
	27 elements of 1bytes
global variable .str.408
	27 elements of 1bytes
global variable TIFFRewriteDirectory.module
	21 elements of 1bytes
global variable _TIFFRewriteField.module
	15 elements of 1bytes
global variable .str.5.409
	64 elements of 1bytes
global variable .str.6.410
	57 elements of 1bytes
global variable .str.7.411
	40 elements of 1bytes
global variable .str.8.412
	38 elements of 1bytes
global variable .str.9.413
	39 elements of 1bytes
global variable .str.10.414
	27 elements of 1bytes
global variable .str.11.415
	18 elements of 1bytes
global variable .str.12.416
	42 elements of 1bytes
global variable .str.13.417
	40 elements of 1bytes
global variable _TIFFerrorHandlerExt
	1 elements of 8bytes
global variable .str.424
	15 elements of 1bytes
global variable .str.1.425
	9 elements of 1bytes
global variable .str.2.426
	11 elements of 1bytes
global variable __PRETTY_FUNCTION__.TIFFClientOpen
	177 elements of 1bytes
global variable TIFFClientOpen.module
	15 elements of 1bytes
global variable .str.3.427
	35 elements of 1bytes
global variable .str.4.428
	46 elements of 1bytes
global variable .str.5.429
	24 elements of 1bytes
global variable .str.6.430
	26 elements of 1bytes
global variable .str.7.431
	51 elements of 1bytes
global variable .str.8.432
	46 elements of 1bytes
global variable .str.9.433
	50 elements of 1bytes
global variable .str.10.434
	46 elements of 1bytes
global variable .str.11.435
	25 elements of 1bytes
global variable .str.30.444
	26 elements of 1bytes
global variable .str.31.445
	41 elements of 1bytes
global variable .str.32.446
	42 elements of 1bytes
global variable .str.18.447
	31 elements of 1bytes
global variable .str.19.448
	34 elements of 1bytes
global variable TIFFFillStrip.module
	14 elements of 1bytes
global variable .str.4.449
	41 elements of 1bytes
global variable .str.5.450
	55 elements of 1bytes
global variable .str.3.451
	17 elements of 1bytes
global variable .str.6.452
	40 elements of 1bytes
global variable .str.10.453
	35 elements of 1bytes
global variable .str.11.454
	11 elements of 1bytes
global variable __PRETTY_FUNCTION__.TIFFReadBufferSetup
	50 elements of 1bytes
global variable TIFFReadBufferSetup.module
	20 elements of 1bytes
global variable .str.12.455
	20 elements of 1bytes
global variable .str.13.456
	41 elements of 1bytes
global variable __PRETTY_FUNCTION__.TIFFReadRawStrip1
	75 elements of 1bytes
global variable .str.23.457
	38 elements of 1bytes
global variable .str.24.458
	58 elements of 1bytes
global variable .str.25.459
	69 elements of 1bytes
global variable .str.20.460
	8 elements of 1bytes
global variable __PRETTY_FUNCTION__.TIFFFillStripPartial
	53 elements of 1bytes
global variable TIFFFillStripPartial.module
	21 elements of 1bytes
global variable .str.21.461
	48 elements of 1bytes
global variable .str.22.462
	36 elements of 1bytes
global variable TIFFReadEncodedStrip.module
	21 elements of 1bytes
global variable .str.465
	33 elements of 1bytes
global variable TIFFReadRawStrip.module
	17 elements of 1bytes
global variable .str.1.466
	68 elements of 1bytes
global variable .str.2.467
	42 elements of 1bytes
global variable TIFFReadEncodedTile.module
	20 elements of 1bytes
global variable .str.7.470
	32 elements of 1bytes
global variable __PRETTY_FUNCTION__.TIFFReadRawTile1
	74 elements of 1bytes
global variable .str.26.471
	41 elements of 1bytes
global variable .str.27.472
	62 elements of 1bytes
global variable .str.28.473
	72 elements of 1bytes
global variable TIFFFillTile.module
	13 elements of 1bytes
global variable .str.8.474
	40 elements of 1bytes
global variable .str.9.475
	39 elements of 1bytes
global variable TIFFStartTile.module
	14 elements of 1bytes
global variable .str.29.476
	11 elements of 1bytes
global variable TIFFReadRawTile.module
	16 elements of 1bytes
global variable .str.14.481
	14 elements of 1bytes
global variable __PRETTY_FUNCTION__._TIFFSwab16BitData
	51 elements of 1bytes
global variable .str.15.484
	14 elements of 1bytes
global variable __PRETTY_FUNCTION__._TIFFSwab24BitData
	51 elements of 1bytes
global variable .str.16.487
	14 elements of 1bytes
global variable __PRETTY_FUNCTION__._TIFFSwab32BitData
	51 elements of 1bytes
global variable .str.17.490
	14 elements of 1bytes
global variable __PRETTY_FUNCTION__._TIFFSwab64BitData
	51 elements of 1bytes
global variable TIFFComputeStrip.module
	17 elements of 1bytes
global variable .str.491
	34 elements of 1bytes
global variable .str.1.494
	19 elements of 1bytes
global variable TIFFVStripSize64.module
	17 elements of 1bytes
global variable .str.2.495
	33 elements of 1bytes
global variable .str.3.496
	34 elements of 1bytes
global variable TIFFScanlineSize64.module
	19 elements of 1bytes
global variable .str.6.499
	26 elements of 1bytes
global variable .str.7.500
	31 elements of 1bytes
global variable TIFFVStripSize.module
	15 elements of 1bytes
global variable .str.4.503
	17 elements of 1bytes
global variable TIFFRawStripSize64.module
	19 elements of 1bytes
global variable .str.5.504
	42 elements of 1bytes
global variable TIFFRawStripSize.module
	17 elements of 1bytes
global variable TIFFStripSize.module
	14 elements of 1bytes
global variable TIFFScanlineSize.module
	17 elements of 1bytes
global variable .str.8.511
	28 elements of 1bytes
global variable TIFFRasterScanlineSize64.module
	25 elements of 1bytes
global variable TIFFRasterScanlineSize.module
	23 elements of 1bytes
global variable TIFFBitRevTable
	256 elements of 1bytes
global variable TIFFNoBitRevTable
	256 elements of 1bytes
global variable .str.538
	31 elements of 1bytes
global variable .str.1.539
	31 elements of 1bytes
global variable .str.2.540
	33 elements of 1bytes
global variable .str.3.541
	34 elements of 1bytes
global variable .str.4.544
	18 elements of 1bytes
global variable TIFFTileRowSize64.module
	18 elements of 1bytes
global variable .str.5.545
	20 elements of 1bytes
global variable .str.6.546
	19 elements of 1bytes
global variable .str.7.547
	16 elements of 1bytes
global variable .str.8.548
	26 elements of 1bytes
global variable .str.9.549
	31 elements of 1bytes
global variable TIFFTileRowSize.module
	16 elements of 1bytes
global variable .str.10.552
	17 elements of 1bytes
global variable TIFFVTileSize64.module
	16 elements of 1bytes
global variable .str.11.555
	34 elements of 1bytes
global variable TIFFVTileSize.module
	14 elements of 1bytes
global variable TIFFTileSize.module
	13 elements of 1bytes
global variable TIFFVersion
	106 elements of 1bytes
global variable _TIFFwarningHandlerExt
	1 elements of 8bytes
global variable TIFFWriteScanline.module
	18 elements of 1bytes
global variable .str.6.570
	26 elements of 1bytes
global variable .str.7.571
	40 elements of 1bytes
global variable .str.8.572
	41 elements of 1bytes
global variable .str.9.573
	42 elements of 1bytes
global variable .str.10.574
	51 elements of 1bytes
global variable .str.12.577
	5 elements of 1bytes
global variable .str.13.578
	6 elements of 1bytes
global variable .str.11.579
	23 elements of 1bytes
global variable TIFFWriteBufferSetup.module
	21 elements of 1bytes
global variable .str.14.580
	27 elements of 1bytes
global variable .str.581
	56 elements of 1bytes
global variable .str.1.582
	34 elements of 1bytes
global variable .str.15.583
	43 elements of 1bytes
global variable .str.16.584
	12 elements of 1bytes
global variable __PRETTY_FUNCTION__.TIFFGrowStrips
	49 elements of 1bytes
global variable .str.17.585
	32 elements of 1bytes
global variable .str.2.586
	22 elements of 1bytes
global variable TIFFWriteEncodedStrip.module
	22 elements of 1bytes
global variable .str.3.589
	56 elements of 1bytes
global variable .str.18.590
	19 elements of 1bytes
global variable __PRETTY_FUNCTION__.TIFFAppendToStrip
	57 elements of 1bytes
global variable TIFFAppendToStrip.module
	18 elements of 1bytes
global variable .str.19.591
	27 elements of 1bytes
global variable .str.20.592
	32 elements of 1bytes
global variable .str.21.593
	28 elements of 1bytes
global variable TIFFWriteRawStrip.module
	18 elements of 1bytes
global variable TIFFWriteEncodedTile.module
	21 elements of 1bytes
global variable .str.4.596
	31 elements of 1bytes
global variable .str.5.597
	11 elements of 1bytes
global variable TIFFWriteRawTile.module
	17 elements of 1bytes
global variable _TIFFwarningHandler
	1 elements of 8bytes
global variable .str.2.604
	5 elements of 1bytes
global variable .str.3.605
	10 elements of 1bytes
global variable .str.4.606
	3 elements of 1bytes
global variable _TIFFerrorHandler
	1 elements of 8bytes
global variable TIFFOpen.module
	9 elements of 1bytes
global variable .str.611
	7 elements of 1bytes
global variable .str.1.612
	16 elements of 1bytes
global variable .str.625
	9 elements of 1bytes
global variable registeredCODECS
	1 elements of 8bytes
global variable .str.8.626
	34 elements of 1bytes
global variable .str.9.627
	53 elements of 1bytes
global variable .str.1.628
	6 elements of 1bytes
global variable .str.2.629
	5 elements of 1bytes
global variable .str.10.630
	34 elements of 1bytes
global variable .str.11.631
	53 elements of 1bytes
global variable .str.3.632
	53 elements of 1bytes
global variable .str.4.637
	18 elements of 1bytes
global variable .str.5.638
	43 elements of 1bytes
global variable .str.6.639
	20 elements of 1bytes
global variable .str.7.640
	52 elements of 1bytes
global variable _TIFFBuiltinCODECS
	19 elements of 24bytes
global variable .str.643
	5 elements of 1bytes
global variable .str.1.644
	4 elements of 1bytes
global variable .str.2.645
	9 elements of 1bytes
global variable .str.3.646
	12 elements of 1bytes
global variable .str.4.647
	5 elements of 1bytes
global variable .str.5.648
	5 elements of 1bytes
global variable .str.6.649
	15 elements of 1bytes
global variable .str.7.650
	10 elements of 1bytes
global variable .str.8.651
	12 elements of 1bytes
global variable .str.9.652
	14 elements of 1bytes
global variable .str.10.653
	14 elements of 1bytes
global variable .str.11.654
	9 elements of 1bytes
global variable .str.18.655
	3 elements of 1bytes
global variable .str.19.656
	41 elements of 1bytes
global variable .str.12.657
	8 elements of 1bytes
global variable .str.13.658
	13 elements of 1bytes
global variable .str.14.659
	9 elements of 1bytes
global variable .str.15.660
	7 elements of 1bytes
global variable .str.16.661
	9 elements of 1bytes
global variable .str.17.662
	5 elements of 1bytes
global variable DumpModeDecode.module
	15 elements of 1bytes
global variable .str.667
	106 elements of 1bytes
global variable .str.1.668
	6 elements of 1bytes
global variable .str.2.669
	15 elements of 1bytes
global variable __PRETTY_FUNCTION__.DumpModeEncode
	54 elements of 1bytes
global variable TIFFFaxWhiteCodes
	109 elements of 6bytes
global variable TIFFFaxBlackCodes
	109 elements of 6bytes
global variable _TIFFFax3fillruns._fillmasks
	9 elements of 1bytes
global variable .str.670
	11 elements of 1bytes
global variable .str.1.671
	11 elements of 1bytes
global variable __PRETTY_FUNCTION__._TIFFFax3fillruns
	68 elements of 1bytes
global variable faxFields
	5 elements of 48bytes
global variable .str.9.674
	8 elements of 1bytes
global variable .str.10.675
	12 elements of 1bytes
global variable .str.11.676
	12 elements of 1bytes
global variable .str.12.677
	13 elements of 1bytes
global variable .str.13.678
	23 elements of 1bytes
global variable .str.6.679
	14 elements of 1bytes
global variable .str.7.680
	52 elements of 1bytes
global variable InitCCITTFax3.module
	14 elements of 1bytes
global variable .str.8.681
	25 elements of 1bytes
global variable .str.14.682
	8 elements of 1bytes
global variable __PRETTY_FUNCTION__.Fax3VGetField
	58 elements of 1bytes
global variable __PRETTY_FUNCTION__.Fax3VSetField
	58 elements of 1bytes
global variable .str.15.683
	20 elements of 1bytes
global variable __PRETTY_FUNCTION__.Fax3PrintDir
	40 elements of 1bytes
global variable .str.16.684
	2 elements of 1bytes
global variable .str.17.685
	19 elements of 1bytes
global variable .str.18.686
	20 elements of 1bytes
global variable .str.19.687
	19 elements of 1bytes
global variable .str.20.688
	15 elements of 1bytes
global variable .str.21.689
	2 elements of 1bytes
global variable .str.22.690
	14 elements of 1bytes
global variable .str.23.691
	16 elements of 1bytes
global variable .str.24.692
	12 elements of 1bytes
global variable .str.25.693
	7 elements of 1bytes
global variable .str.26.694
	22 elements of 1bytes
global variable .str.27.695
	20 elements of 1bytes
global variable .str.28.696
	14 elements of 1bytes
global variable .str.29.697
	22 elements of 1bytes
global variable .str.30.698
	34 elements of 1bytes
global variable Fax3SetupState.module
	15 elements of 1bytes
global variable .str.31.699
	54 elements of 1bytes
global variable .str.32.700
	43 elements of 1bytes
global variable .str.33.701
	25 elements of 1bytes
global variable Fax3Decode2D.module
	13 elements of 1bytes
global variable .str.35.702
	36 elements of 1bytes
global variable .str.37.703
	5 elements of 1bytes
global variable .str.38.704
	6 elements of 1bytes
global variable .str.36.705
	41 elements of 1bytes
global variable .str.39.706
	41 elements of 1bytes
global variable .str.41.707
	14 elements of 1bytes
global variable .str.42.708
	21 elements of 1bytes
global variable .str.40.709
	45 elements of 1bytes
global variable .str.43.710
	61 elements of 1bytes
global variable .str.34.711
	38 elements of 1bytes
global variable .str.44.712
	11 elements of 1bytes
global variable __PRETTY_FUNCTION__.Fax3PreDecode
	34 elements of 1bytes
global variable Fax3Decode1D.module
	13 elements of 1bytes
global variable __PRETTY_FUNCTION__.Fax3PreEncode
	34 elements of 1bytes
global variable Fax3Encode.module
	11 elements of 1bytes
global variable .str.45.713
	39 elements of 1bytes
global variable .str.46.714
	10 elements of 1bytes
global variable __PRETTY_FUNCTION__.Fax3PutEOL
	24 elements of 1bytes
global variable _msbmask
	9 elements of 4bytes
global variable .str.47.715
	11 elements of 1bytes
global variable zeroruns
	256 elements of 1bytes
global variable __PRETTY_FUNCTION__.putspan
	48 elements of 1bytes
global variable .str.48.716
	27 elements of 1bytes
global variable oneruns
	256 elements of 1bytes
global variable horizcode
	1 elements of 6bytes
global variable __PRETTY_FUNCTION__.Fax3PutBits
	53 elements of 1bytes
global variable vcodes
	7 elements of 6bytes
global variable passcode
	1 elements of 6bytes
global variable __PRETTY_FUNCTION__.Fax3Cleanup
	25 elements of 1bytes
global variable fax3Fields
	1 elements of 48bytes
global variable .str.49.717
	14 elements of 1bytes
global variable .str.2.718
	18 elements of 1bytes
global variable .str.3.719
	47 elements of 1bytes
global variable fax4Fields
	1 elements of 48bytes
global variable .str.50.722
	14 elements of 1bytes
global variable .str.4.723
	18 elements of 1bytes
global variable .str.5.724
	47 elements of 1bytes
global variable Fax4Decode.module
	11 elements of 1bytes
global variable Fax4Encode.module
	11 elements of 1bytes
global variable Fax3DecodeRLE.module
	14 elements of 1bytes
global variable TIFFFaxMainTable
	128 elements of 8bytes
global variable TIFFFaxWhiteTable
	4096 elements of 8bytes
global variable TIFFFaxBlackTable
	8192 elements of 8bytes
global variable .str.737
	27 elements of 1bytes
global variable .str.1.738
	11 elements of 1bytes
global variable __PRETTY_FUNCTION__.TIFFInitJPEG
	30 elements of 1bytes
global variable jpegFields
	4 elements of 48bytes
global variable .str.6.739
	11 elements of 1bytes
global variable .str.7.740
	1 elements of 1bytes
global variable .str.2.741
	13 elements of 1bytes
global variable .str.3.742
	40 elements of 1bytes
global variable .str.4.743
	30 elements of 1bytes
global variable .str.8.744
	11 elements of 1bytes
global variable __PRETTY_FUNCTION__.JPEGVGetField
	58 elements of 1bytes
global variable __PRETTY_FUNCTION__.JPEGVSetField
	58 elements of 1bytes
global variable __PRETTY_FUNCTION__.JPEGPrintDir
	40 elements of 1bytes
global variable .str.9.745
	28 elements of 1bytes
global variable JPEGFixupTagsSubsampling.module
	25 elements of 1bytes
global variable .str.10.746
	93 elements of 1bytes
global variable .str.14.747
	15 elements of 1bytes
global variable __PRETTY_FUNCTION__.JPEGFixupTagsSubsamplingReadByte
	85 elements of 1bytes
global variable JPEGFixupTagsSubsamplingSec.module
	28 elements of 1bytes
global variable .str.12.748
	122 elements of 1bytes
global variable .str.13.749
	118 elements of 1bytes
global variable .str.11.750
	124 elements of 1bytes
global variable .str.18.751
	8 elements of 1bytes
global variable .str.19.752
	3 elements of 1bytes
global variable __PRETTY_FUNCTION__.JPEGSetupDecode
	28 elements of 1bytes
global variable .str.15.753
	31 elements of 1bytes
global variable std_fill_input_buffer.dummy_EOI
	2 elements of 1bytes
global variable .str.16.754
	16 elements of 1bytes
global variable .str.17.755
	23 elements of 1bytes
global variable __PRETTY_FUNCTION__.JPEGPreDecode
	34 elements of 1bytes
global variable JPEGPreDecode.module
	14 elements of 1bytes
global variable .str.20.756
	57 elements of 1bytes
global variable .str.21.757
	76 elements of 1bytes
global variable .str.22.758
	30 elements of 1bytes
global variable .str.23.759
	29 elements of 1bytes
global variable .str.24.760
	65 elements of 1bytes
global variable .str.25.761
	31 elements of 1bytes
global variable .str.26.762
	17 elements of 1bytes
global variable .str.27.763
	141 elements of 1bytes
global variable .str.28.764
	14 elements of 1bytes
global variable .str.29.765
	50 elements of 1bytes
global variable .str.30.766
	77 elements of 1bytes
global variable .str.31.767
	29 elements of 1bytes
global variable __PRETTY_FUNCTION__.JPEGSetupEncode
	28 elements of 1bytes
global variable .str.32.768
	32 elements of 1bytes
global variable JPEGSetupEncode.module
	16 elements of 1bytes
global variable .str.33.769
	50 elements of 1bytes
global variable .str.34.770
	38 elements of 1bytes
global variable .str.35.771
	40 elements of 1bytes
global variable .str.36.772
	39 elements of 1bytes
global variable .str.37.773
	45 elements of 1bytes
global variable .str.38.774
	10 elements of 1bytes
global variable .str.39.775
	21 elements of 1bytes
global variable .str.40.776
	24 elements of 1bytes
global variable __PRETTY_FUNCTION__.JPEGPreEncode
	34 elements of 1bytes
global variable JPEGPreEncode.module
	14 elements of 1bytes
global variable .str.41.777
	30 elements of 1bytes
global variable __PRETTY_FUNCTION__.JPEGEncodeRaw
	53 elements of 1bytes
global variable .str.42.778
	30 elements of 1bytes
global variable __PRETTY_FUNCTION__.JPEGEncode
	50 elements of 1bytes
global variable .str.43.779
	11 elements of 1bytes
global variable .str.44.780
	26 elements of 1bytes
global variable .str.45.781
	8 elements of 1bytes
global variable __PRETTY_FUNCTION__.JPEGCleanup
	25 elements of 1bytes
global variable .str.5.782
	42 elements of 1bytes
global variable oog_encode.initialized
	1 elements of 4bytes
global variable uv_row
	163 elements of 8bytes
global variable oog_encode.oog_table
	100 elements of 4bytes
global variable .str.785
	63 elements of 1bytes
global variable .str.1.786
	10 elements of 1bytes
global variable __PRETTY_FUNCTION__.TIFFInitSGILog
	32 elements of 1bytes
global variable LogLuvFields
	2 elements of 48bytes
global variable .str.4.787
	14 elements of 1bytes
global variable .str.5.788
	13 elements of 1bytes
global variable TIFFInitSGILog.module
	15 elements of 1bytes
global variable .str.2.789
	42 elements of 1bytes
global variable .str.8.790
	11 elements of 1bytes
global variable __PRETTY_FUNCTION__.LogLuvInitState
	28 elements of 1bytes
global variable .str.9.791
	41 elements of 1bytes
global variable LogLuvInitState.module
	16 elements of 1bytes
global variable .str.10.792
	53 elements of 1bytes
global variable .str.11.793
	53 elements of 1bytes
global variable .str.12.794
	39 elements of 1bytes
global variable .str.13.795
	7 elements of 1bytes
global variable __PRETTY_FUNCTION__.LogLuvDecode24
	54 elements of 1bytes
global variable LogLuvDecode24.module
	15 elements of 1bytes
global variable .str.14.796
	29 elements of 1bytes
global variable .str.15.797
	47 elements of 1bytes
global variable __PRETTY_FUNCTION__.LogLuvDecode32
	54 elements of 1bytes
global variable LogLuvDecode32.module
	15 elements of 1bytes
global variable __PRETTY_FUNCTION__.LogL16InitState
	28 elements of 1bytes
global variable .str.16.798
	39 elements of 1bytes
global variable LogL16InitState.module
	16 elements of 1bytes
global variable .str.17.799
	44 elements of 1bytes
global variable .str.18.800
	14 elements of 1bytes
global variable .str.19.801
	51 elements of 1bytes
global variable __PRETTY_FUNCTION__.LogL16Decode
	52 elements of 1bytes
global variable LogL16Decode.module
	13 elements of 1bytes
global variable LogLuvSetupDecode.module
	18 elements of 1bytes
global variable .str.6.802
	71 elements of 1bytes
global variable .str.7.803
	30 elements of 1bytes
global variable .str.20.804
	15 elements of 1bytes
global variable __PRETTY_FUNCTION__.LogLuvDecodeStrip
	57 elements of 1bytes
global variable __PRETTY_FUNCTION__.LogLuvDecodeTile
	56 elements of 1bytes
global variable __PRETTY_FUNCTION__.LogLuvEncode24
	54 elements of 1bytes
global variable LogLuvEncode24.module
	15 elements of 1bytes
global variable __PRETTY_FUNCTION__.LogLuvEncode32
	54 elements of 1bytes
global variable LogLuvEncode32.module
	15 elements of 1bytes
global variable __PRETTY_FUNCTION__.LogL16Encode
	52 elements of 1bytes
global variable LogL16Encode.module
	13 elements of 1bytes
global variable LogLuvSetupEncode.module
	18 elements of 1bytes
global variable .str.22.805
	5 elements of 1bytes
global variable .str.23.806
	9 elements of 1bytes
global variable .str.21.807
	54 elements of 1bytes
global variable __PRETTY_FUNCTION__.LogLuvEncodeStrip
	57 elements of 1bytes
global variable __PRETTY_FUNCTION__.LogLuvEncodeTile
	56 elements of 1bytes
global variable .str.24.808
	8 elements of 1bytes
global variable __PRETTY_FUNCTION__.LogLuvClose
	25 elements of 1bytes
global variable __PRETTY_FUNCTION__.LogLuvCleanup
	27 elements of 1bytes
global variable .str.25.809
	46 elements of 1bytes
global variable LogLuvVSetField.module
	16 elements of 1bytes
global variable .str.26.810
	43 elements of 1bytes
global variable .str.3.811
	36 elements of 1bytes
global variable .str.814
	26 elements of 1bytes
global variable .str.1.815
	10 elements of 1bytes
global variable __PRETTY_FUNCTION__.TIFFInitLZW
	29 elements of 1bytes
global variable LZWSetupDecode.module
	15 elements of 1bytes
global variable .str.2.816
	29 elements of 1bytes
global variable .str.3.817
	11 elements of 1bytes
global variable __PRETTY_FUNCTION__.LZWSetupDecode
	27 elements of 1bytes
global variable .str.4.818
	28 elements of 1bytes
global variable __PRETTY_FUNCTION__.LZWPreDecode
	33 elements of 1bytes
global variable LZWPreDecode.module
	13 elements of 1bytes
global variable .str.5.819
	34 elements of 1bytes
global variable __PRETTY_FUNCTION__.LZWDecodeCompat
	55 elements of 1bytes
global variable LZWDecodeCompat.module
	16 elements of 1bytes
global variable .str.6.820
	49 elements of 1bytes
global variable .str.7.821
	46 elements of 1bytes
global variable .str.8.822
	35 elements of 1bytes
global variable .str.9.823
	71 elements of 1bytes
global variable .str.10.824
	21 elements of 1bytes
global variable .str.11.825
	50 elements of 1bytes
global variable __PRETTY_FUNCTION__.LZWDecode
	49 elements of 1bytes
global variable .str.12.826
	24 elements of 1bytes
global variable LZWDecode.module
	10 elements of 1bytes
global variable .str.14.827
	52 elements of 1bytes
global variable .str.13.828
	11 elements of 1bytes
global variable __PRETTY_FUNCTION__.LZWSetupEncode
	27 elements of 1bytes
global variable LZWSetupEncode.module
	15 elements of 1bytes
global variable .str.15.829
	28 elements of 1bytes
global variable __PRETTY_FUNCTION__.LZWPreEncode
	33 elements of 1bytes
global variable .str.16.830
	24 elements of 1bytes
global variable __PRETTY_FUNCTION__.LZWEncode
	49 elements of 1bytes
global variable .str.17.831
	18 elements of 1bytes
global variable .str.18.832
	19 elements of 1bytes
global variable __PRETTY_FUNCTION__.LZWCleanup
	24 elements of 1bytes
global variable TIFFInitLZW.module
	12 elements of 1bytes
global variable NeXTPreDecode.module
	14 elements of 1bytes
global variable .str.835
	31 elements of 1bytes
global variable NeXTDecode.module
	11 elements of 1bytes
global variable .str.1.836
	36 elements of 1bytes
global variable .str.2.837
	30 elements of 1bytes
global variable .str.3.838
	33 elements of 1bytes
global variable .str.841
	26 elements of 1bytes
global variable .str.1.842
	12 elements of 1bytes
global variable __PRETTY_FUNCTION__.TIFFInitOJPEG
	31 elements of 1bytes
global variable ojpegFields
	7 elements of 48bytes
global variable .str.4.843
	22 elements of 1bytes
global variable .str.5.844
	28 elements of 1bytes
global variable .str.6.845
	12 elements of 1bytes
global variable .str.7.846
	13 elements of 1bytes
global variable .str.8.847
	13 elements of 1bytes
global variable .str.9.848
	9 elements of 1bytes
global variable .str.10.849
	20 elements of 1bytes
global variable TIFFInitOJPEG.module
	14 elements of 1bytes
global variable .str.2.850
	44 elements of 1bytes
global variable .str.3.851
	31 elements of 1bytes
global variable OJPEGSetupDecode.module
	17 elements of 1bytes
global variable .str.59.852
	144 elements of 1bytes
global variable .str.11.853
	31 elements of 1bytes
global variable __PRETTY_FUNCTION__.OJPEGSubsamplingCorrect
	37 elements of 1bytes
global variable OJPEGSubsamplingCorrect.module
	24 elements of 1bytes
global variable .str.12.854
	76 elements of 1bytes
global variable .str.22.855
	4 elements of 1bytes
global variable __PRETTY_FUNCTION__.OJPEGReadBufferFill
	38 elements of 1bytes
global variable .str.23.856
	16 elements of 1bytes
global variable .str.24.857
	8 elements of 1bytes
global variable .str.25.858
	35 elements of 1bytes
global variable .str.26.859
	30 elements of 1bytes
global variable .str.21.860
	21 elements of 1bytes
global variable __PRETTY_FUNCTION__.OJPEGReadBytePeek
	45 elements of 1bytes
global variable __PRETTY_FUNCTION__.OJPEGReadByteAdvance
	40 elements of 1bytes
global variable __PRETTY_FUNCTION__.OJPEGReadByte
	41 elements of 1bytes
global variable OJPEGReadHeaderInfoSec.module
	23 elements of 1bytes
global variable .str.18.861
	18 elements of 1bytes
global variable .str.27.862
	22 elements of 1bytes
global variable __PRETTY_FUNCTION__.OJPEGReadSkip
	41 elements of 1bytes
global variable OJPEGReadHeaderInfoSecStreamDri.module
	32 elements of 1bytes
global variable .str.28.863
	32 elements of 1bytes
global variable OJPEGReadHeaderInfoSecStreamDqt.module
	32 elements of 1bytes
global variable .str.29.864
	32 elements of 1bytes
global variable .str.30.865
	14 elements of 1bytes
global variable .str.31.866
	6 elements of 1bytes
global variable __PRETTY_FUNCTION__.OJPEGReadBlock
	49 elements of 1bytes
global variable OJPEGReadHeaderInfoSecStreamDht.module
	32 elements of 1bytes
global variable .str.32.867
	32 elements of 1bytes
global variable OJPEGReadHeaderInfoSecStreamSof.module
	32 elements of 1bytes
global variable .str.33.868
	32 elements of 1bytes
global variable .str.34.869
	60 elements of 1bytes
global variable .str.35.870
	68 elements of 1bytes
global variable .str.36.871
	49 elements of 1bytes
global variable .str.37.872
	48 elements of 1bytes
global variable .str.38.873
	62 elements of 1bytes
global variable .str.39.874
	61 elements of 1bytes
global variable .str.19.875
	27 elements of 1bytes
global variable __PRETTY_FUNCTION__.OJPEGReadHeaderInfoSec
	35 elements of 1bytes
global variable .str.40.876
	26 elements of 1bytes
global variable __PRETTY_FUNCTION__.OJPEGReadHeaderInfoSecStreamSos
	44 elements of 1bytes
global variable OJPEGReadHeaderInfoSecStreamSos.module
	32 elements of 1bytes
global variable .str.41.877
	32 elements of 1bytes
global variable .str.20.878
	36 elements of 1bytes
global variable OJPEGReadHeaderInfoSecTablesQTable.module
	35 elements of 1bytes
global variable .str.42.879
	20 elements of 1bytes
global variable .str.43.880
	30 elements of 1bytes
global variable OJPEGReadHeaderInfoSecTablesDcTable.module
	36 elements of 1bytes
global variable .str.44.881
	31 elements of 1bytes
global variable OJPEGReadHeaderInfoSecTablesAcTable.module
	36 elements of 1bytes
global variable .str.45.882
	31 elements of 1bytes
global variable .str.13.883
	155 elements of 1bytes
global variable .str.14.884
	133 elements of 1bytes
global variable .str.15.885
	230 elements of 1bytes
global variable .str.16.886
	208 elements of 1bytes
global variable .str.17.887
	51 elements of 1bytes
global variable .str.60.888
	23 elements of 1bytes
global variable __PRETTY_FUNCTION__.OJPEGReadHeaderInfo
	32 elements of 1bytes
global variable OJPEGReadHeaderInfo.module
	20 elements of 1bytes
global variable .str.61.889
	61 elements of 1bytes
global variable .str.62.890
	62 elements of 1bytes
global variable .str.63.891
	4 elements of 1bytes
global variable __PRETTY_FUNCTION__.OJPEGReadSecondarySos
	42 elements of 1bytes
global variable .str.64.892
	4 elements of 1bytes
global variable .str.65.893
	22 elements of 1bytes
global variable .str.66.894
	22 elements of 1bytes
global variable .str.67.895
	30 elements of 1bytes
global variable __PRETTY_FUNCTION__.OJPEGLibjpegSessionAbort
	38 elements of 1bytes
global variable .str.70.896
	8 elements of 1bytes
global variable .str.71.897
	3 elements of 1bytes
global variable .str.73.898
	23 elements of 1bytes
global variable __PRETTY_FUNCTION__.OJPEGWriteStream
	48 elements of 1bytes
global variable .str.74.899
	52 elements of 1bytes
global variable __PRETTY_FUNCTION__.OJPEGWriteStreamSof
	52 elements of 1bytes
global variable .str.75.900
	41 elements of 1bytes
global variable .str.76.901
	52 elements of 1bytes
global variable __PRETTY_FUNCTION__.OJPEGWriteStreamSos
	52 elements of 1bytes
global variable .str.77.902
	41 elements of 1bytes
global variable __PRETTY_FUNCTION__.OJPEGWriteStreamCompressed
	58 elements of 1bytes
global variable .str.72.903
	27 elements of 1bytes
global variable .str.78.904
	17 elements of 1bytes
global variable .str.68.905
	36 elements of 1bytes
global variable __PRETTY_FUNCTION__.OJPEGWriteHeaderInfo
	33 elements of 1bytes
global variable .str.69.906
	38 elements of 1bytes
global variable OJPEGWriteHeaderInfo.module
	21 elements of 1bytes
global variable OJPEGPreDecodeSkipScanlines.module
	28 elements of 1bytes
global variable __PRETTY_FUNCTION__.OJPEGPostDecode
	48 elements of 1bytes
global variable OJPEGDecode.module
	12 elements of 1bytes
global variable .str.79.907
	49 elements of 1bytes
global variable OJPEGDecodeRaw.module
	15 elements of 1bytes
global variable .str.80.908
	29 elements of 1bytes
global variable .str.81.909
	5 elements of 1bytes
global variable __PRETTY_FUNCTION__.OJPEGDecodeRaw
	46 elements of 1bytes
global variable OJPEGDecodeScanlines.module
	21 elements of 1bytes
global variable __PRETTY_FUNCTION__.OJPEGDecodeScanlines
	52 elements of 1bytes
global variable OJPEGSetupEncode.module
	17 elements of 1bytes
global variable .str.82.910
	69 elements of 1bytes
global variable OJPEGPreEncode.module
	15 elements of 1bytes
global variable OJPEGPostEncode.module
	16 elements of 1bytes
global variable OJPEGEncode.module
	12 elements of 1bytes
global variable OJPEGVSetField.module
	15 elements of 1bytes
global variable .str.46.911
	36 elements of 1bytes
global variable .str.47.912
	37 elements of 1bytes
global variable .str.48.913
	37 elements of 1bytes
global variable .str.49.914
	9 elements of 1bytes
global variable __PRETTY_FUNCTION__.OJPEGPrintDir
	41 elements of 1bytes
global variable .str.50.915
	30 elements of 1bytes
global variable .str.51.916
	36 elements of 1bytes
global variable .str.52.917
	15 elements of 1bytes
global variable .str.53.918
	5 elements of 1bytes
global variable .str.54.919
	2 elements of 1bytes
global variable .str.55.920
	16 elements of 1bytes
global variable .str.56.921
	16 elements of 1bytes
global variable .str.57.922
	16 elements of 1bytes
global variable .str.58.923
	27 elements of 1bytes
global variable PackBitsDecode.module
	15 elements of 1bytes
global variable .str.926
	45 elements of 1bytes
global variable .str.1.927
	48 elements of 1bytes
global variable .str.2.928
	33 elements of 1bytes
global variable .str.931
	31 elements of 1bytes
global variable .str.1.932
	15 elements of 1bytes
global variable __PRETTY_FUNCTION__.TIFFInitPixarLog
	34 elements of 1bytes
global variable pixarlogFields
	2 elements of 48bytes
global variable .str.4.933
	1 elements of 1bytes
global variable TIFFInitPixarLog.module
	17 elements of 1bytes
global variable .str.2.934
	44 elements of 1bytes
global variable .str.5.935
	11 elements of 1bytes
global variable __PRETTY_FUNCTION__.PixarLogSetupDecode
	32 elements of 1bytes
global variable PixarLogSetupDecode.module
	20 elements of 1bytes
global variable .str.6.937
	81 elements of 1bytes
global variable .str.7.938
	6 elements of 1bytes
global variable .str.9.939
	7 elements of 1bytes
global variable .str.8.940
	3 elements of 1bytes
global variable __PRETTY_FUNCTION__.PixarLogPreDecode
	38 elements of 1bytes
global variable PixarLogPreDecode.module
	18 elements of 1bytes
global variable .str.10.941
	40 elements of 1bytes
global variable PixarLogDecode.module
	15 elements of 1bytes
global variable .str.11.942
	39 elements of 1bytes
global variable __PRETTY_FUNCTION__.PixarLogDecode
	54 elements of 1bytes
global variable .str.12.943
	37 elements of 1bytes
global variable .str.13.944
	35 elements of 1bytes
global variable .str.14.945
	15 elements of 1bytes
global variable .str.15.946
	50 elements of 1bytes
global variable .str.16.947
	67 elements of 1bytes
global variable .str.17.948
	28 elements of 1bytes
global variable __PRETTY_FUNCTION__.PixarLogSetupEncode
	32 elements of 1bytes
global variable PixarLogSetupEncode.module
	20 elements of 1bytes
global variable .str.18.949
	58 elements of 1bytes
global variable __PRETTY_FUNCTION__.PixarLogPreEncode
	38 elements of 1bytes
global variable PixarLogPreEncode.module
	18 elements of 1bytes
global variable PixarLogPostEncode.module
	19 elements of 1bytes
global variable PixarLogEncode.module
	15 elements of 1bytes
global variable .str.19.950
	30 elements of 1bytes
global variable Fltsize
	1 elements of 4bytes
global variable LogK1
	1 elements of 4bytes
global variable LogK2
	1 elements of 4bytes
global variable .str.20.951
	18 elements of 1bytes
global variable .str.21.952
	8 elements of 1bytes
global variable __PRETTY_FUNCTION__.PixarLogClose
	27 elements of 1bytes
global variable __PRETTY_FUNCTION__.PixarLogCleanup
	29 elements of 1bytes
global variable PixarLogVSetField.module
	18 elements of 1bytes
global variable .str.3.953
	34 elements of 1bytes
global variable .str.956
	8 elements of 1bytes
global variable .str.1.957
	14 elements of 1bytes
global variable __PRETTY_FUNCTION__.TIFFPredictorInit
	30 elements of 1bytes
global variable predictFields
	1 elements of 48bytes
global variable .str.4.958
	10 elements of 1bytes
global variable .str.2.959
	18 elements of 1bytes
global variable .str.3.960
	45 elements of 1bytes
global variable .str.5.961
	11 elements of 1bytes
global variable __PRETTY_FUNCTION__.PredictorVGetField
	63 elements of 1bytes
global variable .str.6.962
	23 elements of 1bytes
global variable __PRETTY_FUNCTION__.PredictorVSetField
	63 elements of 1bytes
global variable .str.7.963
	23 elements of 1bytes
global variable .str.8.964
	14 elements of 1bytes
global variable .str.9.965
	6 elements of 1bytes
global variable .str.10.966
	25 elements of 1bytes
global variable .str.11.967
	26 elements of 1bytes
global variable .str.12.968
	11 elements of 1bytes
global variable PredictorSetup.module
	15 elements of 1bytes
global variable .str.13.969
	70 elements of 1bytes
global variable .str.14.970
	61 elements of 1bytes
global variable .str.15.971
	61 elements of 1bytes
global variable .str.16.972
	35 elements of 1bytes
global variable .str.17.973
	8 elements of 1bytes
global variable .str.18.974
	3 elements of 1bytes
global variable .str.19.975
	15 elements of 1bytes
global variable .str.20.976
	9 elements of 1bytes
global variable .str.21.977
	18 elements of 1bytes
global variable .str.22.978
	9 elements of 1bytes
global variable .str.23.979
	18 elements of 1bytes
global variable __PRETTY_FUNCTION__.PredictorDecodeRow
	58 elements of 1bytes
global variable .str.24.980
	22 elements of 1bytes
global variable .str.25.981
	24 elements of 1bytes
global variable __PRETTY_FUNCTION__.PredictorDecodeTile
	59 elements of 1bytes
global variable .str.26.982
	23 elements of 1bytes
global variable .str.27.983
	12 elements of 1bytes
global variable .str.28.984
	20 elements of 1bytes
global variable .str.29.985
	18 elements of 1bytes
global variable .str.30.986
	6 elements of 1bytes
global variable .str.31.987
	20 elements of 1bytes
global variable .str.32.988
	9 elements of 1bytes
global variable .str.33.989
	19 elements of 1bytes
global variable .str.34.990
	10 elements of 1bytes
global variable .str.35.991
	19 elements of 1bytes
global variable __PRETTY_FUNCTION__.PredictorEncodeRow
	58 elements of 1bytes
global variable .str.36.992
	24 elements of 1bytes
global variable .str.37.993
	22 elements of 1bytes
global variable __PRETTY_FUNCTION__.PredictorEncodeTile
	59 elements of 1bytes
global variable .str.38.994
	23 elements of 1bytes
global variable PredictorEncodeTile.module
	20 elements of 1bytes
global variable .str.39.995
	47 elements of 1bytes
global variable .str.40.996
	20 elements of 1bytes
global variable .str.41.997
	17 elements of 1bytes
global variable .str.42.998
	7 elements of 1bytes
global variable .str.43.999
	21 elements of 1bytes
global variable __PRETTY_FUNCTION__.TIFFPredictorCleanup
	33 elements of 1bytes
global variable ThunderSetupDecode.module
	19 elements of 1bytes
global variable .str.1004
	80 elements of 1bytes
global variable ThunderDecodeRow.module
	17 elements of 1bytes
global variable .str.1.1005
	36 elements of 1bytes
global variable twobitdeltas
	4 elements of 4bytes
global variable threebitdeltas
	8 elements of 4bytes
global variable .str.3.1006
	11 elements of 1bytes
global variable .str.4.1007
	9 elements of 1bytes
global variable ThunderDecode.module
	14 elements of 1bytes
global variable .str.2.1008
	39 elements of 1bytes
global variable .str.1011
	73 elements of 1bytes
global variable .str.1.1012
	10 elements of 1bytes
global variable __PRETTY_FUNCTION__.TIFFInitZIP
	29 elements of 1bytes
global variable zipFields
	1 elements of 48bytes
global variable .str.4.1013
	1 elements of 1bytes
global variable TIFFInitZIP.module
	12 elements of 1bytes
global variable .str.2.1014
	43 elements of 1bytes
global variable ZIPVSetField.module
	13 elements of 1bytes
global variable .str.5.1015
	15 elements of 1bytes
global variable .str.6.1016
	11 elements of 1bytes
global variable __PRETTY_FUNCTION__.ZIPSetupDecode
	27 elements of 1bytes
global variable .str.7.1017
	6 elements of 1bytes
global variable ZIPSetupDecode.module
	15 elements of 1bytes
global variable .str.8.1018
	3 elements of 1bytes
global variable __PRETTY_FUNCTION__.ZIPPreDecode
	33 elements of 1bytes
global variable ZIPPreDecode.module
	13 elements of 1bytes
global variable .str.9.1019
	40 elements of 1bytes
global variable __PRETTY_FUNCTION__.ZIPDecode
	49 elements of 1bytes
global variable .str.10.1020
	32 elements of 1bytes
global variable ZIPDecode.module
	10 elements of 1bytes
global variable .str.11.1021
	35 elements of 1bytes
global variable .str.12.1022
	50 elements of 1bytes
global variable __PRETTY_FUNCTION__.ZIPSetupEncode
	27 elements of 1bytes
global variable ZIPSetupEncode.module
	15 elements of 1bytes
global variable __PRETTY_FUNCTION__.ZIPPreEncode
	33 elements of 1bytes
global variable ZIPPreEncode.module
	13 elements of 1bytes
global variable ZIPPostEncode.module
	14 elements of 1bytes
global variable __PRETTY_FUNCTION__.ZIPEncode
	49 elements of 1bytes
global variable .str.13.1023
	32 elements of 1bytes
global variable ZIPEncode.module
	10 elements of 1bytes
global variable .str.14.1024
	18 elements of 1bytes
global variable .str.15.1025
	8 elements of 1bytes
global variable __PRETTY_FUNCTION__.ZIPCleanup
	24 elements of 1bytes
global variable .str.3.1026
	29 elements of 1bytes
global variable static_fd
	1 elements of 4bytes
global variable static_ut_name
	1 elements of 8bytes
global variable default_file_name
	14 elements of 1bytes
global variable static_utmp
	1 elements of 400bytes
global variable stdin
	1 elements of 8bytes
global variable _stdio_streams
	3 elements of 80bytes
global variable stdout
	1 elements of 8bytes
global variable stderr
	1 elements of 8bytes
global variable __stdin
	1 elements of 8bytes
global variable __stdout
	1 elements of 8bytes
global variable _stdio_openlist
	1 elements of 8bytes
global variable _do_one_spec.spec_base
	7 elements of 1bytes
global variable .str.220
	6 elements of 1bytes
global variable .str.1.221
	7 elements of 1bytes
global variable _do_one_spec.prefix
	12 elements of 1bytes
global variable _ppfs_parsespec.spec_flags
	8 elements of 1bytes
global variable _ppfs_parsespec.qual_chars
	20 elements of 1bytes
global variable _ppfs_parsespec.spec_chars
	21 elements of 1bytes
global variable _ppfs_parsespec.spec_ranges
	9 elements of 1bytes
global variable _ppfs_parsespec.spec_or_mask
	8 elements of 2bytes
global variable _ppfs_parsespec.spec_and_mask
	8 elements of 2bytes
global variable type_codes
	12 elements of 2bytes
global variable type_sizes
	12 elements of 1bytes
global variable strerror.buf
	50 elements of 1bytes
global variable __xpg_strerror_r.unknown
	14 elements of 1bytes
global variable _string_syserrmsgs
	2906 elements of 1bytes
global variable unsafe_state
	1 elements of 48bytes
global variable randtbl
	32 elements of 4bytes
global variable random_poly_info
	1 elements of 40bytes
global variable optind
	1 elements of 4bytes
global variable opterr
	1 elements of 4bytes
global variable optopt
	1 elements of 4bytes
global variable optarg
	1 elements of 8bytes
global variable getopt_data
	1 elements of 56bytes
global variable .str.11.302
	16 elements of 1bytes
global variable .str.303
	3 elements of 1bytes
global variable .str.1.304
	30 elements of 1bytes
global variable .str.2.305
	45 elements of 1bytes
global variable .str.3.306
	45 elements of 1bytes
global variable .str.4.307
	38 elements of 1bytes
global variable .str.5.308
	32 elements of 1bytes
global variable .str.6.309
	32 elements of 1bytes
global variable .str.7.310
	1 elements of 1bytes
global variable .str.8.311
	26 elements of 1bytes
global variable .str.9.312
	26 elements of 1bytes
global variable .str.10.313
	39 elements of 1bytes
global variable __libc_stack_end
	1 elements of 8bytes
global variable __uclibc_progname
	1 elements of 8bytes
global variable .str.316
	1 elements of 1bytes
global variable __environ
	1 elements of 8bytes
global variable __pagesize
	1 elements of 8bytes
global variable __app_fini
	1 elements of 8bytes
global variable __rtld_fini
	1 elements of 8bytes
global variable __uClibc_init.been_there_done_that
	1 elements of 4bytes
global variable .str.1.319
	10 elements of 1bytes
global variable __C_ctype_b_data
	384 elements of 2bytes
global variable __C_ctype_b
	1 elements of 8bytes
global variable __ctype_b
	1 elements of 8bytes
global variable errno
	1 elements of 4bytes
global variable h_errno
	1 elements of 4bytes
global variable fmt
	20 elements of 1bytes
global variable exp10_table
	13 elements of 16bytes
global variable .str.1.384
	47 elements of 1bytes
global variable .str.2.387
	44 elements of 1bytes
global variable close.n_calls
	1 elements of 4bytes
global variable read.n_calls
	1 elements of 4bytes
global variable .str.3.392
	12 elements of 1bytes
global variable .str.4.393
	59 elements of 1bytes
global variable __PRETTY_FUNCTION__.read
	34 elements of 1bytes
global variable write.n_calls
	1 elements of 4bytes
global variable .str.5.396
	7 elements of 1bytes
global variable __PRETTY_FUNCTION__.write
	41 elements of 1bytes
global variable .str.6.397
	2 elements of 1bytes
global variable .str.7.398
	24 elements of 1bytes
global variable .str.8.401
	18 elements of 1bytes
global variable __PRETTY_FUNCTION__.__fd_lseek
	38 elements of 1bytes
global variable .str.9.406
	33 elements of 1bytes
global variable chmod.n_calls
	1 elements of 4bytes
global variable fchmod.n_calls
	1 elements of 4bytes
global variable .str.24.407
	32 elements of 1bytes
global variable __fd_ftruncate.n_calls
	1 elements of 4bytes
global variable .str.10.412
	30 elements of 1bytes
global variable .str.11.416
	33 elements of 1bytes
global variable .str.12.417
	18 elements of 1bytes
global variable __PRETTY_FUNCTION__.__fd_getdents
	65 elements of 1bytes
global variable .str.13.420
	41 elements of 1bytes
global variable .str.14.421
	42 elements of 1bytes
global variable .str.15.422
	43 elements of 1bytes
global variable .str.16.423
	43 elements of 1bytes
global variable .str.17.424
	45 elements of 1bytes
global variable .str.18.425
	46 elements of 1bytes
global variable .str.19.426
	43 elements of 1bytes
global variable .str.20.427
	44 elements of 1bytes
global variable .str.21.432
	32 elements of 1bytes
global variable .str.22.433
	17 elements of 1bytes
global variable getcwd.n_calls
	1 elements of 4bytes
global variable .str.23.438
	18 elements of 1bytes
global variable __exe_env
	1 elements of 784bytes
global variable __exe_fs
	1 elements of 104bytes
global variable klee_init_fds.name
	32 elements of 1bytes
global variable .str.443
	2 elements of 1bytes
global variable .str.9.444
	6 elements of 1bytes
global variable .str.10.445
	5 elements of 1bytes
global variable .str.11.446
	64 elements of 1bytes
global variable __PRETTY_FUNCTION__.__create_new_dfile
	88 elements of 1bytes
global variable .str.1.447
	6 elements of 1bytes
global variable .str.2.448
	10 elements of 1bytes
global variable .str.3.449
	11 elements of 1bytes
global variable .str.4.450
	11 elements of 1bytes
global variable .str.5.451
	15 elements of 1bytes
global variable .str.6.453
	12 elements of 1bytes
global variable .str.7.454
	7 elements of 1bytes
global variable .str.8.455
	14 elements of 1bytes
global variable .str.456
	17 elements of 1bytes
global variable .str.1.459
	9 elements of 1bytes
global variable .str.2.462
	64 elements of 1bytes
global variable .str.3.463
	20 elements of 1bytes
global variable .str.4.464
	8 elements of 1bytes
global variable .str.5.465
	18 elements of 1bytes
global variable .str.6.466
	18 elements of 1bytes
global variable .str.469
	7 elements of 1bytes
global variable .str.1.470
	964 elements of 1bytes
global variable .str.24.471
	70 elements of 1bytes
global variable .str.25.472
	9 elements of 1bytes
global variable .str.2.473
	10 elements of 1bytes
global variable .str.3.474
	9 elements of 1bytes
global variable .str.4.475
	48 elements of 1bytes
global variable .str.26.476
	37 elements of 1bytes
global variable .str.5.477
	11 elements of 1bytes
global variable .str.6.478
	10 elements of 1bytes
global variable .str.7.479
	77 elements of 1bytes
global variable .str.8.480
	7 elements of 1bytes
global variable .str.9.481
	12 elements of 1bytes
global variable .str.10.482
	11 elements of 1bytes
global variable .str.11.483
	109 elements of 1bytes
global variable .str.12.484
	12 elements of 1bytes
global variable .str.13.485
	11 elements of 1bytes
global variable .str.14.486
	57 elements of 1bytes
global variable .str.15.487
	13 elements of 1bytes
global variable .str.16.488
	12 elements of 1bytes
global variable .str.17.489
	18 elements of 1bytes
global variable .str.18.490
	17 elements of 1bytes
global variable .str.19.491
	10 elements of 1bytes
global variable .str.20.492
	9 elements of 1bytes
global variable .str.21.493
	11 elements of 1bytes
global variable .str.22.494
	10 elements of 1bytes
global variable .str.23.495
	54 elements of 1bytes
global variable .str.496
	18 elements of 1bytes
global variable .str.1.497
	24 elements of 1bytes
global variable .str.2.498
	15 elements of 1bytes
global variable .str.3.499
	18 elements of 1bytes
global variable .str.4.500
	17 elements of 1bytes
global variable .str.5.501
	13 elements of 1bytes
global variable .str.6.502
	40 elements of 1bytes
global variable .str.7.503
	17 elements of 1bytes
global variable .str.8.506
	21 elements of 1bytes
global variable .str.9.507
	18 elements of 1bytes
global variable .str.10.508
	32 elements of 1bytes
global variable str.13
	18 elements of 1bytes
global variable str
	17 elements of 1bytes
global variable getnameinfo.hostname
	10 elements of 1bytes
global variable getnameinfo.service
	10 elements of 1bytes
global variable .str.515
	80 elements of 1bytes
global variable .str.1.516
	15 elements of 1bytes
global variable .str.2.517
	8 elements of 1bytes
global variable .str.3.520
	8 elements of 1bytes
global variable .str.1.4
	16 elements of 1bytes
global variable .str.2.5
	14 elements of 1bytes
global variable .str.6.523
	71 elements of 1bytes
global variable .str.1.7
	14 elements of 1bytes
global variable .str.2.8
	5 elements of 1bytes
KLEE: WARNING: undefined reference to function: __ctype_b_loc
KLEE: WARNING: undefined reference to function: atan2
KLEE: WARNING: undefined reference to function: deflate
KLEE: WARNING: undefined reference to function: deflateEnd
KLEE: WARNING: undefined reference to function: deflateInit_
KLEE: WARNING: undefined reference to function: deflateParams
KLEE: WARNING: undefined reference to function: deflateReset
KLEE: WARNING: undefined reference to function: exp
KLEE: WARNING: undefined reference to function: fabs
KLEE: WARNING: undefined reference to function: floor
KLEE: WARNING: undefined reference to function: inflate
KLEE: WARNING: undefined reference to function: inflateEnd
KLEE: WARNING: undefined reference to function: inflateInit_
KLEE: WARNING: undefined reference to function: inflateReset
KLEE: WARNING: undefined reference to function: inflateSync
KLEE: WARNING: undefined reference to function: jpeg_CreateCompress
KLEE: WARNING: undefined reference to function: jpeg_CreateDecompress
KLEE: WARNING: undefined reference to function: jpeg_abort
KLEE: WARNING: undefined reference to function: jpeg_destroy
KLEE: WARNING: undefined reference to function: jpeg_finish_compress
KLEE: WARNING: undefined reference to function: jpeg_finish_decompress
KLEE: WARNING: undefined reference to function: jpeg_read_header
KLEE: WARNING: undefined reference to function: jpeg_read_raw_data
KLEE: WARNING: undefined reference to function: jpeg_read_scanlines
KLEE: WARNING: undefined reference to function: jpeg_resync_to_restart
KLEE: WARNING: undefined reference to function: jpeg_set_colorspace
KLEE: WARNING: undefined reference to function: jpeg_set_defaults
KLEE: WARNING: undefined reference to function: jpeg_set_quality
KLEE: WARNING: undefined reference to function: jpeg_start_compress
KLEE: WARNING: undefined reference to function: jpeg_start_decompress
KLEE: WARNING: undefined reference to function: jpeg_std_error
KLEE: WARNING: undefined reference to function: jpeg_suppress_tables
KLEE: WARNING: undefined reference to function: jpeg_write_raw_data
KLEE: WARNING: undefined reference to function: jpeg_write_scanlines
KLEE: WARNING: undefined reference to function: jpeg_write_tables
KLEE: WARNING: undefined reference to function: log
KLEE: WARNING: undefined reference to function: pow
KLEE: WARNING: undefined reference to function: puts
KLEE: WARNING: undefined reference to function: sqrt
KLEE: WARNING: undefined reference to function: strncpy
KLEE: ARGV 0: tiffcp.bc

KLEE: ARGV 1: -i

KLEE: ARGV 2: ../exploit

KLEE: ARGV 3: ./tmpout.tif

Undefined struct struct.exe_sym_env_t
Undefined struct struct.exe_file_t
KLEE: WARNING ONCE: calling external: syscall(16, 0, 21505, 145011168)
Undefined struct struct.stat
Undefined struct struct.exe_disk_file_t
Undefined struct struct.__kernel_termios.1633
Undefined struct struct.termios.1628
Undefined struct struct.Elf64_auxv_t
KLEE: WARNING ONCE: calling __user_main with extra arguments.
KLEE: WARNING ONCE: Alignment of memory from call "malloc" is not modelled. Using alignment of 8.
	pointer parm derived from itself!
KLEE: 0x96df9e0: Symbolic value  used to determine branching at /home/james/Projects/Senx/code/klee_src/runtime/POSIX/fd_init.c:100 (127165)
Undefined struct struct._getopt_data
	pointer parm derived from itself!
	pointer parm derived from itself!
Undefined struct struct.tiff
Undefined struct struct.tiff.161
Undefined struct struct.TIFFHeaderCommon
Undefined struct struct.cpTag
Undefined struct struct._TIFFFieldArray
KLEE: WARNING ONCE: Alignment of memory from call "realloc" is not modelled. Using alignment of 8.
Undefined struct struct._TIFFField
Undefined struct struct.TIFFDirectory
Undefined struct struct.TIFFTagMethods
Undefined struct struct.__va_list_tag
Undefined struct struct.TIFFCodec
Undefined struct struct.TIFFHeaderBig
KLEE: IntegerOverflow (32:2147483647): cast 4294967329204 @/home/james/Projects/Senx/code/klee_src/runtime/POSIX/fd_32.c:44(121587)

KLEE: WARNING ONCE: calling external: getpagesize()
KLEE: WARNING ONCE: Alignment of memory from call "calloc" is not modelled. Using alignment of 8.
	pointer parm derived from other vars!
Undefined struct struct.tiff.50
Undefined struct struct.TIFFDirEntry
	nextdiroff=0
	__arg_3=0
KLEE: WARNING ONCE: calling external: vprintf(168882128, 133334688)
Undefined struct struct.__STDIO_FILE_STRUCT.1497
Undefined struct struct.ppfs_t
Undefined struct struct.__STDIO_FILE_STRUCT.1416
Invalid TIFF directory; tags are not sorted in ascending order	pointer parm derived from itself!
	value=direntry@3
	__arg_2=__arg_1
Undefined struct struct.JPEGState
	pointer parm derived from other vars!
	pointer parm derived from other vars!
Undefined struct struct.printf_info.1499
Unknown field with tag 65535	pointer parm derived from other vars!
 (0xffff) encounteredUndefined struct struct.__STDIO_FILE_STRUCT.1428
Undefined struct struct._Int64Parts
Nonstandard tile width 3, convert file	pointer parm derived from other vars!
	pointer parm derived from other vars!
	v=(ap@0<=40?ap@3+ap@0 : ap@2)
	__arg_2=__arg_1
	pointer parm derived from other vars!
	pointer parm derived from other vars!
IO error during reading of "DocumentName"; tag ignored	pointer parm derived from other vars!
	pointer parm derived from other vars!
Incorrect count for "XResolution"; tag ignoredIncorrect count for "YResolution"; tag ignoredKLEE: IntegerOverflow (16:32767): cast 65280 @tif_dir.c:342(11930)

IO error during reading of "Software"; tag ignored	pointer parm derived from other vars!
KLEE: IntegerOverflow (16:32767): cast 65280 @tif_dir.c:342(11930)

	pointer parm derived from itself!
0: Invalid tile byte count, tile 1KLEE: WARNING ONCE: calling external: jpeg_std_error(203981336)
KLEE: ERROR: tif_jpeg.c:265: failed external call: jpeg_std_error
KLEE: NOTE: now ignoring this error at this location

KLEE: done: total instructions = 1054883
KLEE: done: completed paths = 1
KLEE: done: generated tests = 1
