KLEE: NOTE: Using libreadline: /home/user/Projects/Senx/code/build3.8/Release+Debug+Asserts/lib/libreadline.bca
KLEE: NOTE: Using libxml2: /home/user/Projects/Senx/code/build3.8/Release+Debug+Asserts/lib/libxml2.bca
KLEE: NOTE: Using libpcap: /home/user/Projects/Senx/code/build3.8/Release+Debug+Asserts/lib/libpcap.bca
KLEE: NOTE: Using klee-uclibc : /home/user/Projects/Senx/code/build3.8/Release+Debug+Asserts/lib/klee-uclibc.bca
KLEE: NOTE: Using model: /home/user/Projects/Senx/code/build3.8/Release+Debug+Asserts/lib/libkleeRuntimePOSIX.bca
KLEE: output directory is "/home/user/senx-experiments/libjpeg/cve_2018_19664/./klee-out-0"
KLEE: loadSensitiveFunctionList __assert_fail
KLEE: loadSensitiveFunctionList sqlite3_realloc
KLEE: loadSensitiveFunctionList sqlite3_alloc
KLEE: Safety property for MemorySeqAccess is loaded.
KLEE: Safety property for MemoryStructAccess is loaded.
KLEE: Safety property for MemoryAllocation is loaded.
KLEE: Safety property for SensitiveOperation is loaded.
loadStructDef def_file
Error at line 1 in def_file
Error at line 3 in def_file
Error at line 5 in def_file
Error at line 7 in def_file
Error at line 9 in def_file
Error at line 11 in def_file
Error at line 13 in def_file
Error at line 15 in def_file
Error at line 17 in def_file
Error at line 19 in def_file
	JQUANT_TBL quantval:UINT16 [64]
	JQUANT_TBL None:<range type>
	JQUANT_TBL sent_table:boolean
	JHUFF_TBL bits:UINT8 [17]
	JHUFF_TBL None:<range type>
	JHUFF_TBL huffval:UINT8 [256]
	JHUFF_TBL None:<range type>
	JHUFF_TBL sent_table:boolean
	jpeg_component_info component_id:int
	jpeg_component_info component_index:int
	jpeg_component_info h_samp_factor:int
	jpeg_component_info v_samp_factor:int
	jpeg_component_info quant_tbl_no:int
	jpeg_component_info dc_tbl_no:int
	jpeg_component_info ac_tbl_no:int
	jpeg_component_info width_in_blocks:JDIMENSION
	jpeg_component_info height_in_blocks:JDIMENSION
	jpeg_component_info DCT_scaled_size:int
	jpeg_component_info downsampled_width:JDIMENSION
	jpeg_component_info downsampled_height:JDIMENSION
	jpeg_component_info component_needed:boolean
	jpeg_component_info MCU_width:int
	jpeg_component_info MCU_height:int
	jpeg_component_info MCU_blocks:int
	jpeg_component_info MCU_sample_width:int
	jpeg_component_info last_col_width:int
	jpeg_component_info last_row_height:int
	jpeg_component_info quant_table:JQUANT_TBL *
	jpeg_component_info dct_table:void *
Error at line 59 in def_file
Error at line 61 in def_file
Error at line 63 in def_file
Error at line 65 in def_file
Error at line 67 in def_file
Error at line 69 in def_file
Error at line 71 in def_file
Error at line 73 in def_file
Error at line 75 in def_file
Error at line 77 in def_file
Error at line 79 in def_file
Error at line 81 in def_file
Error at line 83 in def_file
Error at line 85 in def_file
Error at line 87 in def_file
Error at line 89 in def_file
Error at line 91 in def_file
Error at line 93 in def_file
Error at line 95 in def_file
Error at line 97 in def_file
Error at line 99 in def_file
Error at line 101 in def_file
Error at line 103 in def_file
Error at line 105 in def_file
	jpeg_scan_info comps_in_scan:int
	jpeg_scan_info component_index:int [4]
	jpeg_scan_info None:<range type>
	jpeg_scan_info Ss:int
	jpeg_scan_info Se:int
	jpeg_scan_info Ah:int
	jpeg_scan_info Al:int
	djpeg_dest_struct start_output:void (*)(j_decompress_ptr, djpeg_dest_ptr)
	djpeg_dest_struct put_pixel_rows:void (*)(j_decompress_ptr, djpeg_dest_ptr, JDIMENSION)
	djpeg_dest_struct finish_output:void (*)(j_decompress_ptr, djpeg_dest_ptr)
	djpeg_dest_struct calc_buffer_dimensions:void (*)(j_decompress_ptr, djpeg_dest_ptr)
	djpeg_dest_struct output_file:FILE *
	djpeg_dest_struct buffer:JSAMPARRAY
	djpeg_dest_struct buffer_height:JDIMENSION
	djpeg_dest_struct cinfo:j_decompress_ptr
	djpeg_dest_struct n_bits:int
	djpeg_dest_struct maxcode:int
	djpeg_dest_struct cur_accum:long int
	djpeg_dest_struct cur_bits:int
	djpeg_dest_struct ClearCode:int
	djpeg_dest_struct EOFCode:int
	djpeg_dest_struct code_counter:int
	djpeg_dest_struct bytesinpkt:int
	djpeg_dest_struct packetbuf:char [256]
	djpeg_dest_struct None:<range type>
	djpeg_dest_struct start_output:void (*)(j_decompress_ptr, djpeg_dest_ptr)
	djpeg_dest_struct put_pixel_rows:void (*)(j_decompress_ptr, djpeg_dest_ptr, JDIMENSION)
	djpeg_dest_struct finish_output:void (*)(j_decompress_ptr, djpeg_dest_ptr)
	djpeg_dest_struct calc_buffer_dimensions:void (*)(j_decompress_ptr, djpeg_dest_ptr)
	djpeg_dest_struct output_file:FILE *
	djpeg_dest_struct buffer:JSAMPARRAY
	djpeg_dest_struct buffer_height:JDIMENSION
	djpeg_dest_struct iobuffer:char *
	djpeg_dest_struct pixrow:JSAMPROW
	djpeg_dest_struct buffer_width:size_t
	djpeg_dest_struct samples_per_row:JDIMENSION
	djpeg_dest_struct start_output:void (*)(j_decompress_ptr, djpeg_dest_ptr)
	djpeg_dest_struct put_pixel_rows:void (*)(j_decompress_ptr, djpeg_dest_ptr, JDIMENSION)
	djpeg_dest_struct finish_output:void (*)(j_decompress_ptr, djpeg_dest_ptr)
	djpeg_dest_struct calc_buffer_dimensions:void (*)(j_decompress_ptr, djpeg_dest_ptr)
	djpeg_dest_struct output_file:FILE *
	djpeg_dest_struct buffer:JSAMPARRAY
	djpeg_dest_struct buffer_height:JDIMENSION
	djpeg_dest_struct is_os2:boolean
	djpeg_dest_struct whole_image:jvirt_sarray_ptr
	djpeg_dest_struct data_width:JDIMENSION
	djpeg_dest_struct row_width:JDIMENSION
	djpeg_dest_struct pad_bytes:int
	djpeg_dest_struct cur_output_row:JDIMENSION
	djpeg_dest_struct use_inversion_array:boolean
	djpeg_dest_struct iobuffer:JSAMPLE *
Error at line 173 in def_file
	djpeg_dest_struct start_output:void (*)(j_decompress_ptr, djpeg_dest_ptr)
	djpeg_dest_struct put_pixel_rows:void (*)(j_decompress_ptr, djpeg_dest_ptr, JDIMENSION)
	djpeg_dest_struct finish_output:void (*)(j_decompress_ptr, djpeg_dest_ptr)
	djpeg_dest_struct calc_buffer_dimensions:void (*)(j_decompress_ptr, djpeg_dest_ptr)
	djpeg_dest_struct output_file:FILE *
	djpeg_dest_struct buffer:JSAMPARRAY
	djpeg_dest_struct buffer_height:JDIMENSION
	djpeg_dest_struct iobuffer:char *
	djpeg_dest_struct buffer_width:JDIMENSION
KLEE: Using Z3 solver backend
global variable memsrc
	1 elements of 4bytes
global variable skip
	1 elements of 4bytes
global variable skip_end
	1 elements of 4bytes
global variable skip_start
	1 elements of 4bytes
global variable crop
	1 elements of 4bytes
global variable crop_x
	1 elements of 4bytes
global variable crop_width
	1 elements of 4bytes
global variable crop_y
	1 elements of 4bytes
global variable crop_height
	1 elements of 4bytes
global variable progname
	1 elements of 8bytes
global variable .str
	6 elements of 1bytes
global variable cdjpeg_message_table
	47 elements of 8bytes
global variable .str.13
	32 elements of 1bytes
global variable .str.14
	43 elements of 1bytes
global variable .str.15
	36 elements of 1bytes
global variable .str.16
	42 elements of 1bytes
global variable .str.17
	36 elements of 1bytes
global variable .str.18
	41 elements of 1bytes
global variable .str.19
	16 elements of 1bytes
global variable .str.20
	40 elements of 1bytes
global variable .str.21
	39 elements of 1bytes
global variable .str.22
	23 elements of 1bytes
global variable .str.23
	34 elements of 1bytes
global variable .str.24
	27 elements of 1bytes
global variable .str.25
	38 elements of 1bytes
global variable .str.26
	24 elements of 1bytes
global variable .str.27
	22 elements of 1bytes
global variable .str.28
	36 elements of 1bytes
global variable .str.29
	27 elements of 1bytes
global variable .str.30
	15 elements of 1bytes
global variable .str.31
	19 elements of 1bytes
global variable .str.32
	48 elements of 1bytes
global variable .str.33
	44 elements of 1bytes
global variable .str.34
	35 elements of 1bytes
global variable .str.35
	25 elements of 1bytes
global variable .str.36
	40 elements of 1bytes
global variable .str.37
	27 elements of 1bytes
global variable .str.38
	20 elements of 1bytes
global variable .str.39
	36 elements of 1bytes
global variable .str.40
	28 elements of 1bytes
global variable .str.41
	19 elements of 1bytes
global variable .str.42
	39 elements of 1bytes
global variable .str.43
	16 elements of 1bytes
global variable .str.44
	21 elements of 1bytes
global variable .str.45
	16 elements of 1bytes
global variable .str.46
	21 elements of 1bytes
global variable .str.47
	34 elements of 1bytes
global variable .str.48
	34 elements of 1bytes
global variable .str.49
	38 elements of 1bytes
global variable .str.50
	22 elements of 1bytes
global variable .str.51
	28 elements of 1bytes
global variable .str.52
	30 elements of 1bytes
global variable .str.53
	51 elements of 1bytes
global variable .str.54
	53 elements of 1bytes
global variable .str.55
	14 elements of 1bytes
global variable .str.56
	59 elements of 1bytes
global variable .str.57
	31 elements of 1bytes
global variable .str.58
	22 elements of 1bytes
global variable .str.59
	20 elements of 1bytes
global variable .str.60
	2 elements of 1bytes
global variable .str.61
	3 elements of 1bytes
global variable .str.62
	6 elements of 1bytes
global variable requested_fmt
	1 elements of 4bytes
global variable icc_filename
	1 elements of 8bytes
global variable outfilename
	1 elements of 8bytes
global variable .str.63
	4 elements of 1bytes
global variable .str.64
	7 elements of 1bytes
global variable .str.65
	8 elements of 1bytes
global variable .str.66
	9 elements of 1bytes
global variable .str.67
	9 elements of 1bytes
global variable .str.112
	22 elements of 1bytes
global variable .str.113
	13 elements of 1bytes
global variable .str.114
	38 elements of 1bytes
global variable .str.115
	56 elements of 1bytes
global variable .str.116
	47 elements of 1bytes
global variable .str.117
	41 elements of 1bytes
global variable .str.118
	35 elements of 1bytes
global variable .str.119
	38 elements of 1bytes
global variable .str.120
	62 elements of 1bytes
global variable .str.121
	61 elements of 1bytes
global variable .str.122
	1 elements of 1bytes
global variable .str.123
	45 elements of 1bytes
global variable .str.124
	58 elements of 1bytes
global variable .str.125
	59 elements of 1bytes
global variable .str.126
	11 elements of 1bytes
global variable .str.127
	47 elements of 1bytes
global variable .str.128
	30 elements of 1bytes
global variable .str.129
	43 elements of 1bytes
global variable .str.130
	57 elements of 1bytes
global variable .str.131
	50 elements of 1bytes
global variable .str.132
	46 elements of 1bytes
global variable .str.133
	54 elements of 1bytes
global variable .str.134
	63 elements of 1bytes
global variable .str.135
	46 elements of 1bytes
global variable .str.136
	57 elements of 1bytes
global variable .str.137
	52 elements of 1bytes
global variable .str.138
	62 elements of 1bytes
global variable .str.139
	52 elements of 1bytes
global variable .str.140
	47 elements of 1bytes
global variable .str.141
	67 elements of 1bytes
global variable .str.142
	81 elements of 1bytes
global variable .str.143
	71 elements of 1bytes
global variable .str.144
	76 elements of 1bytes
global variable .str.145
	44 elements of 1bytes
global variable .str.146
	53 elements of 1bytes
global variable .str.68
	3 elements of 1bytes
global variable .str.69
	4 elements of 1bytes
global variable .str.70
	4 elements of 1bytes
global variable .str.71
	5 elements of 1bytes
global variable .str.72
	6 elements of 1bytes
global variable .str.73
	7 elements of 1bytes
global variable .str.74
	3 elements of 1bytes
global variable .str.75
	5 elements of 1bytes
global variable .str.76
	8 elements of 1bytes
global variable .str.77
	6 elements of 1bytes
global variable .str.78
	8 elements of 1bytes
global variable parse_switches.printed_version
	1 elements of 4bytes
global variable .str.79
	26 elements of 1bytes
global variable .str.80
	14 elements of 1bytes
global variable .str.81
	6 elements of 1bytes
global variable .str.82
	9 elements of 1bytes
global variable .str.83
	5 elements of 1bytes
global variable .str.84
	494 elements of 1bytes
global variable .str.85
	62 elements of 1bytes
global variable .str.86
	16 elements of 1bytes
global variable .str.87
	8 elements of 1bytes
global variable .str.88
	4 elements of 1bytes
global variable .str.89
	10 elements of 1bytes
global variable .str.90
	10 elements of 1bytes
global variable .str.91
	4 elements of 1bytes
global variable .str.92
	7 elements of 1bytes
global variable .str.93
	4 elements of 1bytes
global variable .str.94
	4 elements of 1bytes
global variable .str.2
	3 elements of 1bytes
global variable .str.3
	19 elements of 1bytes
global variable .str.95
	10 elements of 1bytes
global variable .str.96
	6 elements of 1bytes
global variable .str.97
	9 elements of 1bytes
global variable .str.98
	8 elements of 1bytes
global variable .str.99
	4 elements of 1bytes
global variable .str.100
	8 elements of 1bytes
global variable .str.101
	7 elements of 1bytes
global variable .str.102
	4 elements of 1bytes
global variable .str.103
	4 elements of 1bytes
global variable .str.104
	4 elements of 1bytes
global variable .str.105
	6 elements of 1bytes
global variable .str.106
	6 elements of 1bytes
global variable .str.107
	5 elements of 1bytes
global variable .str.108
	6 elements of 1bytes
global variable .str.109
	5 elements of 1bytes
global variable .str.110
	13 elements of 1bytes
global variable .str.111
	6 elements of 1bytes
global variable .str.1
	25 elements of 1bytes
global variable .str.4
	3 elements of 1bytes
global variable .str.5
	31 elements of 1bytes
global variable .str.6
	24 elements of 1bytes
global variable .str.7
	27 elements of 1bytes
global variable .str.8
	29 elements of 1bytes
global variable .str.9
	41 elements of 1bytes
global variable .str.10
	53 elements of 1bytes
global variable .str.11
	36 elements of 1bytes
global variable .str.12
	38 elements of 1bytes
global variable .str.147
	2 elements of 1bytes
global variable .str.1.148
	26 elements of 1bytes
global variable .str.2.149
	28 elements of 1bytes
global variable .str.3.150
	31 elements of 1bytes
global variable q_scale_factor
	4 elements of 4bytes
global variable .str.4.151
	29 elements of 1bytes
global variable .str.5.152
	36 elements of 1bytes
global variable .str.6.153
	35 elements of 1bytes
global variable .str.7.154
	44 elements of 1bytes
global variable .str.8.155
	38 elements of 1bytes
global variable .str.9.156
	5 elements of 1bytes
global variable std_luminance_quant_tbl
	64 elements of 4bytes
global variable std_chrominance_quant_tbl
	64 elements of 4bytes
global variable .str.10.157
	45 elements of 1bytes
global variable .str.11.158
	9 elements of 1bytes
global variable .str.12.159
	36 elements of 1bytes
global variable .str.164
	15 elements of 1bytes
global variable .str.1.165
	15 elements of 1bytes
global variable rgb_red
	17 elements of 4bytes
global variable rgb_green
	17 elements of 4bytes
global variable rgb_blue
	17 elements of 4bytes
global variable rgb_pixelsize
	17 elements of 4bytes
global variable rgb_red.170
	17 elements of 4bytes
global variable rgb_green.171
	17 elements of 4bytes
global variable rgb_blue.172
	17 elements of 4bytes
global variable rgb_pixelsize.173
	17 elements of 4bytes
global variable __C_ctype_tolower_data
	384 elements of 2bytes
global variable __C_ctype_tolower
	1 elements of 8bytes
global variable __ctype_tolower
	1 elements of 8bytes
global variable static_fd
	1 elements of 4bytes
global variable static_ut_name
	1 elements of 8bytes
global variable default_file_name
	14 elements of 1bytes
global variable static_utmp
	1 elements of 400bytes
global variable stdin
	1 elements of 8bytes
global variable _stdio_streams
	3 elements of 80bytes
global variable stdout
	1 elements of 8bytes
global variable stderr
	1 elements of 8bytes
global variable __stdin
	1 elements of 8bytes
global variable __stdout
	1 elements of 8bytes
global variable _stdio_openlist
	1 elements of 8bytes
global variable _do_one_spec.spec_base
	7 elements of 1bytes
global variable .str.148
	6 elements of 1bytes
global variable .str.1.149
	7 elements of 1bytes
global variable _do_one_spec.prefix
	12 elements of 1bytes
global variable _ppfs_parsespec.spec_flags
	8 elements of 1bytes
global variable _ppfs_parsespec.qual_chars
	20 elements of 1bytes
global variable _ppfs_parsespec.spec_chars
	21 elements of 1bytes
global variable _ppfs_parsespec.spec_ranges
	9 elements of 1bytes
global variable _ppfs_parsespec.spec_or_mask
	8 elements of 2bytes
global variable _ppfs_parsespec.spec_and_mask
	8 elements of 2bytes
global variable type_codes
	12 elements of 2bytes
global variable type_sizes
	12 elements of 1bytes
global variable __libc_stack_end
	1 elements of 8bytes
global variable __uclibc_progname
	1 elements of 8bytes
global variable .str.196
	1 elements of 1bytes
global variable __environ
	1 elements of 8bytes
global variable __pagesize
	1 elements of 8bytes
global variable __app_fini
	1 elements of 8bytes
global variable __rtld_fini
	1 elements of 8bytes
global variable __uClibc_init.been_there_done_that
	1 elements of 4bytes
global variable .str.1.199
	10 elements of 1bytes
global variable __C_ctype_b_data
	384 elements of 2bytes
global variable __C_ctype_b
	1 elements of 8bytes
global variable __ctype_b
	1 elements of 8bytes
global variable errno
	1 elements of 4bytes
global variable h_errno
	1 elements of 4bytes
global variable fmt
	20 elements of 1bytes
global variable exp10_table
	13 elements of 16bytes
global variable .str.1.262
	47 elements of 1bytes
global variable .str.2.265
	44 elements of 1bytes
global variable close.n_calls
	1 elements of 4bytes
global variable read.n_calls
	1 elements of 4bytes
global variable .str.3.270
	12 elements of 1bytes
global variable .str.4.271
	59 elements of 1bytes
global variable __PRETTY_FUNCTION__.read
	34 elements of 1bytes
global variable write.n_calls
	1 elements of 4bytes
global variable .str.5.274
	7 elements of 1bytes
global variable __PRETTY_FUNCTION__.write
	41 elements of 1bytes
global variable .str.6.275
	2 elements of 1bytes
global variable .str.7.276
	24 elements of 1bytes
global variable .str.8.279
	18 elements of 1bytes
global variable __PRETTY_FUNCTION__.__fd_lseek
	38 elements of 1bytes
global variable .str.9.284
	33 elements of 1bytes
global variable chmod.n_calls
	1 elements of 4bytes
global variable fchmod.n_calls
	1 elements of 4bytes
global variable .str.24.285
	32 elements of 1bytes
global variable __fd_ftruncate.n_calls
	1 elements of 4bytes
global variable .str.10.290
	30 elements of 1bytes
global variable .str.11.293
	33 elements of 1bytes
global variable .str.12.294
	18 elements of 1bytes
global variable __PRETTY_FUNCTION__.__fd_getdents
	65 elements of 1bytes
global variable .str.13.297
	41 elements of 1bytes
global variable .str.14.298
	42 elements of 1bytes
global variable .str.15.299
	43 elements of 1bytes
global variable .str.16.300
	43 elements of 1bytes
global variable .str.17.301
	45 elements of 1bytes
global variable .str.18.302
	46 elements of 1bytes
global variable .str.19.303
	43 elements of 1bytes
global variable .str.20.304
	44 elements of 1bytes
global variable .str.21.309
	32 elements of 1bytes
global variable .str.22.310
	17 elements of 1bytes
global variable getcwd.n_calls
	1 elements of 4bytes
global variable .str.23.315
	18 elements of 1bytes
global variable __exe_env
	1 elements of 784bytes
global variable __exe_fs
	1 elements of 104bytes
global variable klee_init_fds.name
	32 elements of 1bytes
global variable .str.320
	2 elements of 1bytes
global variable .str.9.321
	6 elements of 1bytes
global variable .str.10.322
	5 elements of 1bytes
global variable .str.11.323
	64 elements of 1bytes
global variable __PRETTY_FUNCTION__.__create_new_dfile
	88 elements of 1bytes
global variable .str.1.324
	6 elements of 1bytes
global variable .str.2.325
	10 elements of 1bytes
global variable .str.3.326
	11 elements of 1bytes
global variable .str.4.327
	11 elements of 1bytes
global variable .str.5.328
	15 elements of 1bytes
global variable .str.6.329
	12 elements of 1bytes
global variable .str.7.330
	7 elements of 1bytes
global variable .str.8.331
	14 elements of 1bytes
global variable .str.334
	7 elements of 1bytes
global variable .str.1.335
	964 elements of 1bytes
global variable .str.24.336
	70 elements of 1bytes
global variable .str.25.337
	9 elements of 1bytes
global variable .str.2.338
	10 elements of 1bytes
global variable .str.3.339
	9 elements of 1bytes
global variable .str.4.340
	48 elements of 1bytes
global variable .str.26.341
	37 elements of 1bytes
global variable .str.5.342
	11 elements of 1bytes
global variable .str.6.343
	10 elements of 1bytes
global variable .str.7.344
	77 elements of 1bytes
global variable .str.8.345
	7 elements of 1bytes
global variable .str.9.346
	12 elements of 1bytes
global variable .str.10.347
	11 elements of 1bytes
global variable .str.11.348
	109 elements of 1bytes
global variable .str.12.349
	12 elements of 1bytes
global variable .str.13.350
	11 elements of 1bytes
global variable .str.14.351
	57 elements of 1bytes
global variable .str.15.352
	13 elements of 1bytes
global variable .str.16.353
	12 elements of 1bytes
global variable .str.17.354
	18 elements of 1bytes
global variable .str.18.355
	17 elements of 1bytes
global variable .str.19.356
	10 elements of 1bytes
global variable .str.20.357
	9 elements of 1bytes
global variable .str.21.358
	11 elements of 1bytes
global variable .str.22.359
	10 elements of 1bytes
global variable .str.23.360
	54 elements of 1bytes
global variable .str.361
	18 elements of 1bytes
global variable .str.1.362
	24 elements of 1bytes
global variable .str.2.367
	15 elements of 1bytes
global variable .str.3.368
	18 elements of 1bytes
global variable .str.4.369
	17 elements of 1bytes
global variable .str.5.370
	13 elements of 1bytes
global variable .str.6.371
	40 elements of 1bytes
global variable .str.7.372
	17 elements of 1bytes
global variable .str.8.375
	21 elements of 1bytes
global variable .str.9.376
	18 elements of 1bytes
global variable .str.10.377
	32 elements of 1bytes
global variable str.13
	18 elements of 1bytes
global variable str
	17 elements of 1bytes
global variable getnameinfo.hostname
	10 elements of 1bytes
global variable getnameinfo.service
	10 elements of 1bytes
global variable .str.380
	80 elements of 1bytes
global variable .str.1.381
	15 elements of 1bytes
global variable .str.2.382
	8 elements of 1bytes
global variable .str.3.385
	8 elements of 1bytes
global variable .str.1.4
	16 elements of 1bytes
global variable .str.2.5
	14 elements of 1bytes
global variable .str.6.388
	71 elements of 1bytes
global variable .str.1.7
	14 elements of 1bytes
global variable .str.2.8
	5 elements of 1bytes
KLEE: WARNING: undefined reference to function: __ctype_b_loc
KLEE: WARNING: undefined reference to function: __isoc99_sscanf
KLEE: WARNING: undefined reference to function: jpeg_CreateDecompress
KLEE: WARNING: undefined reference to function: jpeg_add_quant_table
KLEE: WARNING: undefined reference to function: jpeg_calc_output_dimensions
KLEE: WARNING: undefined reference to function: jpeg_crop_scanline
KLEE: WARNING: undefined reference to function: jpeg_destroy_decompress
KLEE: WARNING: undefined reference to function: jpeg_finish_decompress
KLEE: WARNING: undefined reference to function: jpeg_mem_src
KLEE: WARNING: undefined reference to function: jpeg_quality_scaling
KLEE: WARNING: undefined reference to function: jpeg_read_header
KLEE: WARNING: undefined reference to function: jpeg_read_icc_profile
KLEE: WARNING: undefined reference to function: jpeg_read_scanlines
KLEE: WARNING: undefined reference to function: jpeg_save_markers
KLEE: WARNING: undefined reference to function: jpeg_set_marker_processor
KLEE: WARNING: undefined reference to function: jpeg_skip_scanlines
KLEE: WARNING: undefined reference to function: jpeg_start_decompress
KLEE: WARNING: undefined reference to function: jpeg_std_error
KLEE: WARNING: undefined reference to function: jpeg_stdio_src
KLEE: WARNING: undefined reference to function: puts
KLEE: WARNING: undefined reference to function: strncpy
KLEE: ARGV 0: ./djpeg.bc

KLEE: ARGV 1: -colors

KLEE: ARGV 2: 256

KLEE: ARGV 3: -bmp

KLEE: ARGV 4: ./exploit

Undefined struct struct.exe_sym_env_t
Undefined struct struct.exe_file_t
KLEE: WARNING ONCE: calling external: syscall(16, 0, 21505, 78517024)
Undefined struct struct.stat.1833
Undefined struct struct.exe_disk_file_t
Undefined struct struct.__kernel_termios.1623
Undefined struct struct.termios.1618
Undefined struct struct.Elf64_auxv_t
KLEE: WARNING ONCE: calling __user_main with extra arguments.
KLEE: WARNING ONCE: Alignment of memory from call "malloc" is not modelled. Using alignment of 8.
	pointer parm derived from itself!
KLEE: 0x6266d20: Symbolic value  used to determine branching at /home/james/Projects/Senx/code/klee_src/runtime/POSIX/fd_init.c:100 (23484)
KLEE: WARNING ONCE: calling external: jpeg_std_error(103231280)
KLEE: ERROR: /home/user/senx-experiments/libjpeg/cve_2018_19664/source/djpeg.c:532: failed external call: jpeg_std_error
KLEE: NOTE: now ignoring this error at this location

KLEE: done: total instructions = 6517
KLEE: done: completed paths = 1
KLEE: done: generated tests = 1
