KLEE: NOTE: Using libreadline: /home/user/Projects/Senx/code/build3.8/Release+Debug+Asserts/lib/libreadline.bca
KLEE: NOTE: Using libxml2: /home/user/Projects/Senx/code/build3.8/Release+Debug+Asserts/lib/libxml2.bca
KLEE: NOTE: Using libpcap: /home/user/Projects/Senx/code/build3.8/Release+Debug+Asserts/lib/libpcap.bca
KLEE: NOTE: Using klee-uclibc : /home/user/Projects/Senx/code/build3.8/Release+Debug+Asserts/lib/klee-uclibc.bca
KLEE: NOTE: Using model: /home/user/Projects/Senx/code/build3.8/Release+Debug+Asserts/lib/libkleeRuntimePOSIX.bca
KLEE: output directory is "/home/user/senx-experiments/libjpeg/cve_2012_2806/./klee-out-0"
KLEE: loadSensitiveFunctionList __assert_fail
KLEE: loadSensitiveFunctionList sqlite3_realloc
KLEE: loadSensitiveFunctionList sqlite3_alloc
KLEE: Safety property for MemorySeqAccess is loaded.
KLEE: Safety property for MemoryStructAccess is loaded.
KLEE: Safety property for MemoryAllocation is loaded.
KLEE: Safety property for SensitiveOperation is loaded.
loadStructDef def_file
Error at line 1 in def_file
Error at line 3 in def_file
Error at line 5 in def_file
Error at line 7 in def_file
Error at line 9 in def_file
Error at line 11 in def_file
Error at line 13 in def_file
Error at line 15 in def_file
Error at line 17 in def_file
Error at line 19 in def_file
Error at line 21 in def_file
Error at line 23 in def_file
Error at line 25 in def_file
Error at line 27 in def_file
	JQUANT_TBL quantval:UINT16 [64]
	JQUANT_TBL None:<range type>
	JQUANT_TBL sent_table:boolean
	JHUFF_TBL bits:UINT8 [17]
	JHUFF_TBL None:<range type>
	JHUFF_TBL huffval:UINT8 [256]
	JHUFF_TBL None:<range type>
	JHUFF_TBL sent_table:boolean
	jpeg_component_info component_id:int
	jpeg_component_info component_index:int
	jpeg_component_info h_samp_factor:int
	jpeg_component_info v_samp_factor:int
	jpeg_component_info quant_tbl_no:int
	jpeg_component_info dc_tbl_no:int
	jpeg_component_info ac_tbl_no:int
	jpeg_component_info width_in_blocks:JDIMENSION
	jpeg_component_info height_in_blocks:JDIMENSION
	jpeg_component_info DCT_scaled_size:int
	jpeg_component_info downsampled_width:JDIMENSION
	jpeg_component_info downsampled_height:JDIMENSION
	jpeg_component_info component_needed:boolean
	jpeg_component_info MCU_width:int
	jpeg_component_info MCU_height:int
	jpeg_component_info MCU_blocks:int
	jpeg_component_info MCU_sample_width:int
	jpeg_component_info last_col_width:int
	jpeg_component_info last_row_height:int
	jpeg_component_info quant_table:JQUANT_TBL *
	jpeg_component_info dct_table:void *
Error at line 67 in def_file
Error at line 69 in def_file
Error at line 71 in def_file
Error at line 73 in def_file
Error at line 75 in def_file
Error at line 77 in def_file
Error at line 79 in def_file
Error at line 81 in def_file
Error at line 83 in def_file
Error at line 85 in def_file
Error at line 87 in def_file
Error at line 89 in def_file
Error at line 91 in def_file
Error at line 93 in def_file
Error at line 95 in def_file
Error at line 97 in def_file
Error at line 99 in def_file
Error at line 101 in def_file
Error at line 103 in def_file
Error at line 105 in def_file
Error at line 107 in def_file
Error at line 109 in def_file
Error at line 111 in def_file
Error at line 113 in def_file
	jpeg_scan_info comps_in_scan:int
	jpeg_scan_info component_index:int [4]
	jpeg_scan_info None:<range type>
	jpeg_scan_info Ss:int
	jpeg_scan_info Se:int
	jpeg_scan_info Ah:int
	jpeg_scan_info Al:int
	djpeg_dest_struct start_output:void (*)(j_decompress_ptr, djpeg_dest_ptr)
	djpeg_dest_struct put_pixel_rows:void (*)(j_decompress_ptr, djpeg_dest_ptr, JDIMENSION)
	djpeg_dest_struct finish_output:void (*)(j_decompress_ptr, djpeg_dest_ptr)
	djpeg_dest_struct output_file:FILE *
	djpeg_dest_struct buffer:JSAMPARRAY
	djpeg_dest_struct buffer_height:JDIMENSION
	djpeg_dest_struct is_os2:boolean
	djpeg_dest_struct whole_image:jvirt_sarray_ptr
	djpeg_dest_struct data_width:JDIMENSION
	djpeg_dest_struct row_width:JDIMENSION
	djpeg_dest_struct pad_bytes:int
	djpeg_dest_struct cur_output_row:JDIMENSION
Error at line 141 in def_file
	djpeg_dest_struct start_output:void (*)(j_decompress_ptr, djpeg_dest_ptr)
	djpeg_dest_struct put_pixel_rows:void (*)(j_decompress_ptr, djpeg_dest_ptr, JDIMENSION)
	djpeg_dest_struct finish_output:void (*)(j_decompress_ptr, djpeg_dest_ptr)
	djpeg_dest_struct output_file:FILE *
	djpeg_dest_struct buffer:JSAMPARRAY
	djpeg_dest_struct buffer_height:JDIMENSION
	djpeg_dest_struct cinfo:j_decompress_ptr
	djpeg_dest_struct n_bits:int
	djpeg_dest_struct maxcode:int
	djpeg_dest_struct cur_accum:INT32
	djpeg_dest_struct cur_bits:int
	djpeg_dest_struct ClearCode:int
	djpeg_dest_struct EOFCode:int
	djpeg_dest_struct code_counter:int
	djpeg_dest_struct bytesinpkt:int
	djpeg_dest_struct packetbuf:char [256]
	djpeg_dest_struct None:<range type>
	djpeg_dest_struct start_output:void (*)(j_decompress_ptr, djpeg_dest_ptr)
	djpeg_dest_struct put_pixel_rows:void (*)(j_decompress_ptr, djpeg_dest_ptr, JDIMENSION)
	djpeg_dest_struct finish_output:void (*)(j_decompress_ptr, djpeg_dest_ptr)
	djpeg_dest_struct output_file:FILE *
	djpeg_dest_struct buffer:JSAMPARRAY
	djpeg_dest_struct buffer_height:JDIMENSION
	djpeg_dest_struct iobuffer:char *
	djpeg_dest_struct pixrow:JSAMPROW
	djpeg_dest_struct buffer_width:size_t
	djpeg_dest_struct samples_per_row:JDIMENSION
	djpeg_dest_struct start_output:void (*)(j_decompress_ptr, djpeg_dest_ptr)
	djpeg_dest_struct put_pixel_rows:void (*)(j_decompress_ptr, djpeg_dest_ptr, JDIMENSION)
	djpeg_dest_struct finish_output:void (*)(j_decompress_ptr, djpeg_dest_ptr)
	djpeg_dest_struct output_file:FILE *
	djpeg_dest_struct buffer:JSAMPARRAY
	djpeg_dest_struct buffer_height:JDIMENSION
	djpeg_dest_struct iobuffer:char *
	djpeg_dest_struct buffer_width:JDIMENSION
Error at line 190 in def_file
Error at line 192 in def_file
Error at line 194 in def_file
Error at line 196 in def_file
Error at line 198 in def_file
Error at line 200 in def_file
Error at line 202 in def_file
Error at line 204 in def_file
Error at line 206 in def_file
Error at line 208 in def_file
Error at line 210 in def_file
Error at line 212 in def_file
Error at line 214 in def_file
	jpeg_source_mgr next_input_byte:const JOCTET *
	jpeg_source_mgr bytes_in_buffer:size_t
	jpeg_source_mgr init_source:void (*)(j_decompress_ptr)
	jpeg_source_mgr fill_input_buffer:boolean (*)(j_decompress_ptr)
	jpeg_source_mgr skip_input_data:void (*)(j_decompress_ptr, long int)
	jpeg_source_mgr resync_to_restart:boolean (*)(j_decompress_ptr, int)
	jpeg_source_mgr term_source:void (*)(j_decompress_ptr)
	jpeg_source_mgr infile:FILE *
	jpeg_source_mgr buffer:JOCTET *
	jpeg_source_mgr start_of_file:boolean
Error at line 230 in def_file
Error at line 232 in def_file
Error at line 234 in def_file
Error at line 236 in def_file
Error at line 238 in def_file
Error at line 240 in def_file
Error at line 242 in def_file
Error at line 244 in def_file
Error at line 246 in def_file
Error at line 248 in def_file
Error at line 250 in def_file
Error at line 252 in def_file
Error at line 254 in def_file
	jpeg_input_controller consume_input:int (*)(j_decompress_ptr)
	jpeg_input_controller reset_input_controller:void (*)(j_decompress_ptr)
	jpeg_input_controller start_input_pass:void (*)(j_decompress_ptr)
	jpeg_input_controller finish_input_pass:void (*)(j_decompress_ptr)
	jpeg_input_controller has_multiple_scans:boolean
	jpeg_input_controller eoi_reached:boolean
	jpeg_input_controller inheaders:boolean
Error at line 267 in def_file
Error at line 269 in def_file
Error at line 271 in def_file
Error at line 273 in def_file
Error at line 275 in def_file
Error at line 277 in def_file
Error at line 279 in def_file
Error at line 281 in def_file
Error at line 283 in def_file
Error at line 285 in def_file
Error at line 287 in def_file
Error at line 289 in def_file
Error at line 291 in def_file
	jpeg_marker_reader reset_marker_reader:void (*)(j_decompress_ptr)
	jpeg_marker_reader read_markers:int (*)(j_decompress_ptr)
	jpeg_marker_reader read_restart_marker:jpeg_marker_parser_method
	jpeg_marker_reader saw_SOI:boolean
	jpeg_marker_reader saw_SOF:boolean
	jpeg_marker_reader next_restart_num:int
	jpeg_marker_reader discarded_bytes:unsigned int
	jpeg_marker_reader process_COM:jpeg_marker_parser_method
	jpeg_marker_reader process_APPn:jpeg_marker_parser_method [16]
	jpeg_marker_reader None:<range type>
	jpeg_marker_reader length_limit_COM:unsigned int
	jpeg_marker_reader length_limit_APPn:unsigned int [16]
	jpeg_marker_reader None:<range type>
	jpeg_marker_reader cur_marker:jpeg_saved_marker_ptr
	jpeg_marker_reader bytes_read:unsigned int
Error at line 312 in def_file
Error at line 314 in def_file
Error at line 316 in def_file
Error at line 318 in def_file
Error at line 320 in def_file
Error at line 322 in def_file
Error at line 324 in def_file
Error at line 326 in def_file
Error at line 328 in def_file
Error at line 330 in def_file
Error at line 332 in def_file
Error at line 334 in def_file
	jpeg_decomp_master prepare_for_output_pass:void (*)(j_decompress_ptr)
	jpeg_decomp_master finish_output_pass:void (*)(j_decompress_ptr)
	jpeg_decomp_master is_dummy_pass:boolean
	jpeg_decomp_master pass_number:int
	jpeg_decomp_master using_merged_upsample:boolean
	jpeg_upsampler start_pass:void (*)(j_decompress_ptr)
	jpeg_upsampler upsample:void (*)(j_decompress_ptr, JSAMPIMAGE, JDIMENSION *, JDIMENSION, JSAMPARRAY, JDIMENSION *, JDIMENSION)
	jpeg_upsampler need_context_rows:boolean
	jpeg_upsampler color_buf:JSAMPARRAY [10]
	jpeg_upsampler None:<range type>
	jpeg_upsampler methods:upsample1_ptr [10]
	jpeg_upsampler None:<range type>
	jpeg_upsampler next_row_out:int
	jpeg_upsampler rows_to_go:JDIMENSION
	jpeg_upsampler rowgroup_height:int [10]
	jpeg_upsampler None:<range type>
	jpeg_upsampler h_expand:UINT8 [10]
	jpeg_upsampler None:<range type>
	jpeg_upsampler v_expand:UINT8 [10]
	jpeg_upsampler None:<range type>
	jpeg_entropy_decoder start_pass:void (*)(j_decompress_ptr)
	jpeg_entropy_decoder decode_mcu:boolean (*)(j_decompress_ptr, JBLOCKROW *)
	jpeg_entropy_decoder insufficient_data:boolean
	jpeg_entropy_decoder bitstate:bitread_perm_state
	jpeg_entropy_decoder get_buffer:bit_buf_type
	jpeg_entropy_decoder bits_left:int
	jpeg_entropy_decoder saved:savable_state
	jpeg_entropy_decoder EOBRUN:unsigned int
	jpeg_entropy_decoder last_dc_val:int [4]
	jpeg_entropy_decoder None:<range type>
	jpeg_entropy_decoder restarts_to_go:unsigned int
	jpeg_entropy_decoder derived_tbls:d_derived_tbl *[4]
	jpeg_entropy_decoder None:<range type>
	jpeg_entropy_decoder ac_derived_tbl:d_derived_tbl *
	bitread_perm_state get_buffer:bit_buf_type
	bitread_perm_state bits_left:int
	savable_state last_dc_val:int [4]
	savable_state None:<range type>
	d_derived_tbl maxcode:INT32 [18]
	d_derived_tbl None:<range type>
	d_derived_tbl valoffset:INT32 [18]
	d_derived_tbl None:<range type>
	d_derived_tbl pub:JHUFF_TBL *
	d_derived_tbl lookup:int [256]
	d_derived_tbl None:<range type>
	bitread_working_state next_input_byte:const JOCTET *
	bitread_working_state bytes_in_buffer:size_t
	bitread_working_state get_buffer:bit_buf_type
	bitread_working_state bits_left:int
	bitread_working_state cinfo:j_decompress_ptr
Error at line 412 in def_file
Error at line 414 in def_file
Error at line 416 in def_file
Error at line 418 in def_file
Error at line 420 in def_file
Error at line 422 in def_file
Error at line 424 in def_file
Error at line 426 in def_file
Error at line 428 in def_file
Error at line 430 in def_file
Error at line 432 in def_file
Error at line 434 in def_file
Error at line 436 in def_file
	jpeg_d_post_controller start_pass:void (*)(j_decompress_ptr, J_BUF_MODE)
	jpeg_d_post_controller post_process_data:void (*)(j_decompress_ptr, JSAMPIMAGE, JDIMENSION *, JDIMENSION, JSAMPARRAY, JDIMENSION *, JDIMENSION)
	jpeg_d_post_controller whole_image:jvirt_sarray_ptr
	jpeg_d_post_controller buffer:JSAMPARRAY
	jpeg_d_post_controller strip_height:JDIMENSION
	jpeg_d_post_controller starting_row:JDIMENSION
	jpeg_d_post_controller next_row:JDIMENSION
	jpeg_upsampler start_pass:void (*)(j_decompress_ptr)
	jpeg_upsampler upsample:void (*)(j_decompress_ptr, JSAMPIMAGE, JDIMENSION *, JDIMENSION, JSAMPARRAY, JDIMENSION *, JDIMENSION)
	jpeg_upsampler need_context_rows:boolean
	jpeg_upsampler color_buf:JSAMPARRAY [10]
	jpeg_upsampler None:<range type>
	jpeg_upsampler methods:upsample1_ptr [10]
	jpeg_upsampler None:<range type>
	jpeg_upsampler next_row_out:int
	jpeg_upsampler rows_to_go:JDIMENSION
	jpeg_upsampler rowgroup_height:int [10]
	jpeg_upsampler None:<range type>
	jpeg_upsampler h_expand:UINT8 [10]
	jpeg_upsampler None:<range type>
	jpeg_upsampler v_expand:UINT8 [10]
	jpeg_upsampler None:<range type>
	jpeg_color_quantizer start_pass:void (*)(j_decompress_ptr, boolean)
	jpeg_color_quantizer color_quantize:void (*)(j_decompress_ptr, JSAMPARRAY, JSAMPARRAY, int)
	jpeg_color_quantizer finish_pass:void (*)(j_decompress_ptr)
	jpeg_color_quantizer new_color_map:void (*)(j_decompress_ptr)
	jpeg_color_quantizer sv_colormap:JSAMPARRAY
	jpeg_color_quantizer desired:int
	jpeg_color_quantizer histogram:hist3d
	jpeg_color_quantizer needs_zeroed:boolean
	jpeg_color_quantizer fserrors:FSERRPTR
	jpeg_color_quantizer on_odd_row:boolean
	jpeg_color_quantizer error_limiter:int *
	jpeg_color_quantizer start_pass:void (*)(j_decompress_ptr, boolean)
	jpeg_color_quantizer color_quantize:void (*)(j_decompress_ptr, JSAMPARRAY, JSAMPARRAY, int)
	jpeg_color_quantizer finish_pass:void (*)(j_decompress_ptr)
	jpeg_color_quantizer new_color_map:void (*)(j_decompress_ptr)
	jpeg_color_quantizer sv_colormap:JSAMPARRAY
	jpeg_color_quantizer desired:int
	jpeg_color_quantizer histogram:hist3d
	jpeg_color_quantizer needs_zeroed:boolean
	jpeg_color_quantizer fserrors:FSERRPTR
	jpeg_color_quantizer on_odd_row:boolean
	jpeg_color_quantizer error_limiter:int *
	box c0min:int
	box c0max:int
	box c1min:int
	box c1max:int
	box c2min:int
	box c2max:int
	box volume:INT32
	box colorcount:long int
	jpeg_memory_mgr alloc_small:void *(*)(j_common_ptr, int, size_t)
	jpeg_memory_mgr alloc_large:void *(*)(j_common_ptr, int, size_t)
	jpeg_memory_mgr alloc_sarray:JSAMPARRAY (*)(j_common_ptr, int, JDIMENSION, JDIMENSION)
	jpeg_memory_mgr alloc_barray:JBLOCKARRAY (*)(j_common_ptr, int, JDIMENSION, JDIMENSION)
	jpeg_memory_mgr request_virt_sarray:jvirt_sarray_ptr (*)(j_common_ptr, int, boolean, JDIMENSION, JDIMENSION, JDIMENSION)
	jpeg_memory_mgr request_virt_barray:jvirt_barray_ptr (*)(j_common_ptr, int, boolean, JDIMENSION, JDIMENSION, JDIMENSION)
	jpeg_memory_mgr realize_virt_arrays:void (*)(j_common_ptr)
	jpeg_memory_mgr access_virt_sarray:JSAMPARRAY (*)(j_common_ptr, jvirt_sarray_ptr, JDIMENSION, JDIMENSION, boolean)
	jpeg_memory_mgr access_virt_barray:JBLOCKARRAY (*)(j_common_ptr, jvirt_barray_ptr, JDIMENSION, JDIMENSION, boolean)
	jpeg_memory_mgr free_pool:void (*)(j_common_ptr, int)
	jpeg_memory_mgr self_destruct:void (*)(j_common_ptr)
	jpeg_memory_mgr max_memory_to_use:long int
	jpeg_memory_mgr max_alloc_chunk:long int
	jpeg_memory_mgr small_list:small_pool_ptr [2]
	jpeg_memory_mgr None:<range type>
	jpeg_memory_mgr large_list:large_pool_ptr [2]
	jpeg_memory_mgr None:<range type>
	jpeg_memory_mgr virt_sarray_list:jvirt_sarray_ptr
	jpeg_memory_mgr virt_barray_list:jvirt_barray_ptr
	jpeg_memory_mgr total_space_allocated:size_t
	jpeg_memory_mgr last_rowsperchunk:JDIMENSION
Error at line 534 in def_file
Error at line 536 in def_file
Error at line 538 in def_file
Error at line 540 in def_file
Error at line 542 in def_file
Error at line 544 in def_file
Error at line 546 in def_file
	jpeg_entropy_decoder start_pass:void (*)(j_decompress_ptr)
	jpeg_entropy_decoder decode_mcu:boolean (*)(j_decompress_ptr, JBLOCKROW *)
	jpeg_entropy_decoder insufficient_data:boolean
	jpeg_entropy_decoder c:INT32
	jpeg_entropy_decoder a:INT32
	jpeg_entropy_decoder ct:int
	jpeg_entropy_decoder last_dc_val:int [4]
	jpeg_entropy_decoder None:<range type>
	jpeg_entropy_decoder dc_context:int [4]
	jpeg_entropy_decoder None:<range type>
	jpeg_entropy_decoder restarts_to_go:unsigned int
	jpeg_entropy_decoder dc_stats:unsigned char *[16]
	jpeg_entropy_decoder None:<range type>
	jpeg_entropy_decoder ac_stats:unsigned char *[16]
	jpeg_entropy_decoder None:<range type>
	jpeg_entropy_decoder fixed_bin:unsigned char [4]
	jpeg_entropy_decoder None:<range type>
Error at line 569 in def_file
Error at line 571 in def_file
Error at line 573 in def_file
Error at line 575 in def_file
Error at line 577 in def_file
Error at line 579 in def_file
Error at line 581 in def_file
Error at line 583 in def_file
Error at line 585 in def_file
Error at line 587 in def_file
Error at line 589 in def_file
Error at line 591 in def_file
Error at line 593 in def_file
Error at line 595 in def_file
Error at line 597 in def_file
Error at line 599 in def_file
Error at line 601 in def_file
Error at line 603 in def_file
Error at line 605 in def_file
Error at line 607 in def_file
Error at line 609 in def_file
Error at line 611 in def_file
Error at line 613 in def_file
Error at line 615 in def_file
Error at line 617 in def_file
Error at line 619 in def_file
Error at line 621 in def_file
Error at line 623 in def_file
Error at line 625 in def_file
Error at line 627 in def_file
Error at line 629 in def_file
Error at line 631 in def_file
Error at line 633 in def_file
Error at line 635 in def_file
Error at line 637 in def_file
Error at line 639 in def_file
Error at line 641 in def_file
Error at line 643 in def_file
Error at line 645 in def_file
Error at line 647 in def_file
Error at line 649 in def_file
Error at line 651 in def_file
Error at line 653 in def_file
Error at line 655 in def_file
Error at line 657 in def_file
Error at line 659 in def_file
Error at line 661 in def_file
Error at line 663 in def_file
Error at line 665 in def_file
Error at line 667 in def_file
Error at line 669 in def_file
Error at line 671 in def_file
Error at line 673 in def_file
	jpeg_d_coef_controller start_input_pass:void (*)(j_decompress_ptr)
	jpeg_d_coef_controller consume_data:int (*)(j_decompress_ptr)
	jpeg_d_coef_controller start_output_pass:void (*)(j_decompress_ptr)
	jpeg_d_coef_controller decompress_data:int (*)(j_decompress_ptr, JSAMPIMAGE)
	jpeg_d_coef_controller coef_arrays:jvirt_barray_ptr *
	jpeg_d_coef_controller MCU_ctr:JDIMENSION
	jpeg_d_coef_controller MCU_vert_offset:int
	jpeg_d_coef_controller MCU_rows_per_iMCU_row:int
	jpeg_d_coef_controller MCU_buffer:JBLOCKROW [10]
	jpeg_d_coef_controller None:<range type>
	jpeg_d_coef_controller workspace:JCOEF *
	jpeg_d_coef_controller whole_image:jvirt_barray_ptr [10]
	jpeg_d_coef_controller None:<range type>
	jpeg_d_coef_controller coef_bits_latch:int *
	jpeg_color_deconverter start_pass:void (*)(j_decompress_ptr)
	jpeg_color_deconverter color_convert:void (*)(j_decompress_ptr, JSAMPIMAGE, JDIMENSION, JSAMPARRAY, int)
	jpeg_color_deconverter Cr_r_tab:int *
	jpeg_color_deconverter Cb_b_tab:int *
	jpeg_color_deconverter Cr_g_tab:INT32 *
	jpeg_color_deconverter Cb_g_tab:INT32 *
	jpeg_inverse_dct start_pass:void (*)(j_decompress_ptr)
	jpeg_inverse_dct inverse_DCT:inverse_DCT_method_ptr [10]
	jpeg_inverse_dct None:<range type>
	jpeg_inverse_dct cur_method:int [10]
	jpeg_inverse_dct None:<range type>
	bitread_working_state next_input_byte:const JOCTET *
	bitread_working_state bytes_in_buffer:size_t
	bitread_working_state get_buffer:bit_buf_type
	bitread_working_state bits_left:int
	bitread_working_state cinfo:j_decompress_ptr
	jpeg_entropy_decoder start_pass:void (*)(j_decompress_ptr)
	jpeg_entropy_decoder decode_mcu:boolean (*)(j_decompress_ptr, JBLOCKROW *)
	jpeg_entropy_decoder insufficient_data:boolean
	jpeg_entropy_decoder bitstate:bitread_perm_state
	jpeg_entropy_decoder get_buffer:bit_buf_type
	jpeg_entropy_decoder bits_left:int
	jpeg_entropy_decoder saved:savable_state
	jpeg_entropy_decoder last_dc_val:int [4]
	jpeg_entropy_decoder None:<range type>
	jpeg_entropy_decoder restarts_to_go:unsigned int
	jpeg_entropy_decoder dc_derived_tbls:d_derived_tbl *[4]
	jpeg_entropy_decoder None:<range type>
	jpeg_entropy_decoder ac_derived_tbls:d_derived_tbl *[4]
	jpeg_entropy_decoder None:<range type>
	jpeg_entropy_decoder dc_cur_tbls:d_derived_tbl *[10]
	jpeg_entropy_decoder None:<range type>
	jpeg_entropy_decoder ac_cur_tbls:d_derived_tbl *[10]
	jpeg_entropy_decoder None:<range type>
	jpeg_entropy_decoder dc_needed:boolean [10]
	jpeg_entropy_decoder None:<range type>
	jpeg_entropy_decoder ac_needed:boolean [10]
	jpeg_entropy_decoder None:<range type>
	savable_state last_dc_val:int [4]
	savable_state None:<range type>
Error at line 751 in def_file
Error at line 753 in def_file
Error at line 755 in def_file
Error at line 757 in def_file
Error at line 759 in def_file
Error at line 761 in def_file
Error at line 763 in def_file
Error at line 765 in def_file
Error at line 767 in def_file
Error at line 769 in def_file
Error at line 771 in def_file
Error at line 773 in def_file
Error at line 775 in def_file
	jpeg_d_main_controller start_pass:void (*)(j_decompress_ptr, J_BUF_MODE)
	jpeg_d_main_controller process_data:void (*)(j_decompress_ptr, JSAMPARRAY, JDIMENSION *, JDIMENSION)
	jpeg_d_main_controller buffer:JSAMPARRAY [10]
	jpeg_d_main_controller None:<range type>
	jpeg_d_main_controller buffer_full:boolean
	jpeg_d_main_controller rowgroup_ctr:JDIMENSION
	jpeg_d_main_controller xbuffer:JSAMPIMAGE [2]
	jpeg_d_main_controller None:<range type>
	jpeg_d_main_controller whichptr:int
	jpeg_d_main_controller context_state:int
	jpeg_d_main_controller rowgroups_avail:JDIMENSION
	jpeg_d_main_controller iMCU_row_ctr:JDIMENSION
Error at line 793 in def_file
Error at line 795 in def_file
Error at line 797 in def_file
Error at line 799 in def_file
Error at line 801 in def_file
Error at line 803 in def_file
Error at line 805 in def_file
Error at line 807 in def_file
Error at line 809 in def_file
Error at line 811 in def_file
Error at line 813 in def_file
Error at line 815 in def_file
Error at line 817 in def_file
Error at line 819 in def_file
Error at line 821 in def_file
Error at line 823 in def_file
Error at line 825 in def_file
Error at line 827 in def_file
Error at line 829 in def_file
Error at line 831 in def_file
Error at line 833 in def_file
Error at line 835 in def_file
Error at line 837 in def_file
Error at line 839 in def_file
Error at line 841 in def_file
Error at line 843 in def_file
Error at line 845 in def_file
Error at line 847 in def_file
Error at line 849 in def_file
Error at line 851 in def_file
Error at line 853 in def_file
Error at line 855 in def_file
Error at line 857 in def_file
Error at line 859 in def_file
Error at line 861 in def_file
Error at line 863 in def_file
Error at line 865 in def_file
Error at line 867 in def_file
Error at line 869 in def_file
Error at line 871 in def_file
Error at line 873 in def_file
Error at line 875 in def_file
Error at line 877 in def_file
Error at line 879 in def_file
Error at line 881 in def_file
Error at line 883 in def_file
Error at line 885 in def_file
Error at line 887 in def_file
Error at line 889 in def_file
Error at line 891 in def_file
Error at line 893 in def_file
Error at line 895 in def_file
KLEE: Using Z3 solver backend
global variable progname
	1 elements of 8bytes
global variable .str
	6 elements of 1bytes
global variable cdjpeg_message_table
	45 elements of 8bytes
global variable .str.5
	32 elements of 1bytes
global variable .str.6
	43 elements of 1bytes
global variable .str.7
	36 elements of 1bytes
global variable .str.8
	42 elements of 1bytes
global variable .str.9
	36 elements of 1bytes
global variable .str.10
	41 elements of 1bytes
global variable .str.11
	16 elements of 1bytes
global variable .str.12
	40 elements of 1bytes
global variable .str.13
	23 elements of 1bytes
global variable .str.14
	34 elements of 1bytes
global variable .str.15
	27 elements of 1bytes
global variable .str.16
	38 elements of 1bytes
global variable .str.17
	24 elements of 1bytes
global variable .str.18
	22 elements of 1bytes
global variable .str.19
	36 elements of 1bytes
global variable .str.20
	27 elements of 1bytes
global variable .str.21
	15 elements of 1bytes
global variable .str.22
	19 elements of 1bytes
global variable .str.23
	48 elements of 1bytes
global variable .str.24
	44 elements of 1bytes
global variable .str.25
	35 elements of 1bytes
global variable .str.26
	25 elements of 1bytes
global variable .str.27
	40 elements of 1bytes
global variable .str.28
	27 elements of 1bytes
global variable .str.29
	20 elements of 1bytes
global variable .str.30
	36 elements of 1bytes
global variable .str.31
	28 elements of 1bytes
global variable .str.32
	19 elements of 1bytes
global variable .str.33
	16 elements of 1bytes
global variable .str.34
	21 elements of 1bytes
global variable .str.35
	16 elements of 1bytes
global variable .str.36
	21 elements of 1bytes
global variable .str.37
	34 elements of 1bytes
global variable .str.38
	34 elements of 1bytes
global variable .str.39
	38 elements of 1bytes
global variable .str.40
	22 elements of 1bytes
global variable .str.41
	28 elements of 1bytes
global variable .str.42
	30 elements of 1bytes
global variable .str.43
	51 elements of 1bytes
global variable .str.44
	53 elements of 1bytes
global variable .str.45
	14 elements of 1bytes
global variable .str.46
	59 elements of 1bytes
global variable .str.47
	31 elements of 1bytes
global variable .str.48
	22 elements of 1bytes
global variable .str.49
	20 elements of 1bytes
global variable .str.50
	2 elements of 1bytes
global variable .str.51
	3 elements of 1bytes
global variable .str.52
	6 elements of 1bytes
global variable requested_fmt
	1 elements of 4bytes
global variable outfilename
	1 elements of 8bytes
global variable .str.53
	4 elements of 1bytes
global variable .str.54
	7 elements of 1bytes
global variable .str.55
	8 elements of 1bytes
global variable .str.56
	9 elements of 1bytes
global variable .str.57
	9 elements of 1bytes
global variable .str.94
	22 elements of 1bytes
global variable .str.95
	13 elements of 1bytes
global variable .str.96
	38 elements of 1bytes
global variable .str.97
	56 elements of 1bytes
global variable .str.98
	47 elements of 1bytes
global variable .str.99
	41 elements of 1bytes
global variable .str.100
	35 elements of 1bytes
global variable .str.101
	62 elements of 1bytes
global variable .str.102
	61 elements of 1bytes
global variable .str.103
	1 elements of 1bytes
global variable .str.104
	45 elements of 1bytes
global variable .str.105
	58 elements of 1bytes
global variable .str.106
	59 elements of 1bytes
global variable .str.107
	11 elements of 1bytes
global variable .str.108
	47 elements of 1bytes
global variable .str.109
	30 elements of 1bytes
global variable .str.110
	43 elements of 1bytes
global variable .str.111
	57 elements of 1bytes
global variable .str.112
	50 elements of 1bytes
global variable .str.113
	46 elements of 1bytes
global variable .str.114
	54 elements of 1bytes
global variable .str.115
	63 elements of 1bytes
global variable .str.116
	57 elements of 1bytes
global variable .str.117
	52 elements of 1bytes
global variable .str.118
	62 elements of 1bytes
global variable .str.119
	52 elements of 1bytes
global variable .str.120
	47 elements of 1bytes
global variable .str.121
	44 elements of 1bytes
global variable .str.58
	3 elements of 1bytes
global variable .str.59
	4 elements of 1bytes
global variable .str.60
	4 elements of 1bytes
global variable .str.61
	5 elements of 1bytes
global variable .str.62
	6 elements of 1bytes
global variable .str.63
	7 elements of 1bytes
global variable .str.64
	3 elements of 1bytes
global variable .str.65
	5 elements of 1bytes
global variable .str.66
	8 elements of 1bytes
global variable .str.67
	6 elements of 1bytes
global variable .str.68
	8 elements of 1bytes
global variable parse_switches.printed_version
	1 elements of 4bytes
global variable .str.69
	26 elements of 1bytes
global variable .str.70
	14 elements of 1bytes
global variable .str.71
	6 elements of 1bytes
global variable .str.72
	9 elements of 1bytes
global variable .str.73
	5 elements of 1bytes
global variable .str.74
	254 elements of 1bytes
global variable .str.75
	61 elements of 1bytes
global variable .str.76
	16 elements of 1bytes
global variable .str.77
	4 elements of 1bytes
global variable .str.78
	10 elements of 1bytes
global variable .str.79
	10 elements of 1bytes
global variable .str.80
	4 elements of 1bytes
global variable .str.81
	4 elements of 1bytes
global variable .str.2
	3 elements of 1bytes
global variable .str.3
	19 elements of 1bytes
global variable .str.82
	10 elements of 1bytes
global variable .str.83
	6 elements of 1bytes
global variable .str.84
	9 elements of 1bytes
global variable .str.85
	8 elements of 1bytes
global variable .str.86
	4 elements of 1bytes
global variable .str.87
	8 elements of 1bytes
global variable .str.88
	4 elements of 1bytes
global variable .str.89
	4 elements of 1bytes
global variable .str.90
	4 elements of 1bytes
global variable .str.91
	6 elements of 1bytes
global variable .str.92
	6 elements of 1bytes
global variable .str.93
	6 elements of 1bytes
global variable .str.1
	25 elements of 1bytes
global variable .str.4
	3 elements of 1bytes
global variable .str.122
	2 elements of 1bytes
global variable .str.1.123
	26 elements of 1bytes
global variable .str.2.124
	28 elements of 1bytes
global variable .str.3.125
	31 elements of 1bytes
global variable q_scale_factor
	4 elements of 4bytes
global variable .str.4.126
	29 elements of 1bytes
global variable .str.5.127
	36 elements of 1bytes
global variable .str.6.128
	35 elements of 1bytes
global variable .str.7.129
	44 elements of 1bytes
global variable .str.8.130
	38 elements of 1bytes
global variable .str.9.131
	5 elements of 1bytes
global variable std_luminance_quant_tbl
	64 elements of 4bytes
global variable std_chrominance_quant_tbl
	64 elements of 4bytes
global variable .str.10.132
	45 elements of 1bytes
global variable .str.11.133
	9 elements of 1bytes
global variable .str.12.134
	36 elements of 1bytes
global variable .str.142
	15 elements of 1bytes
global variable .str.1.143
	15 elements of 1bytes
global variable std_luminance_quant_tbl.152
	64 elements of 4bytes
global variable std_chrominance_quant_tbl.153
	64 elements of 4bytes
global variable std_huff_tables.bits_dc_luminance
	17 elements of 1bytes
global variable std_huff_tables.val_dc_luminance
	12 elements of 1bytes
global variable std_huff_tables.bits_ac_luminance
	17 elements of 1bytes
global variable std_huff_tables.val_ac_luminance
	162 elements of 1bytes
global variable std_huff_tables.bits_dc_chrominance
	17 elements of 1bytes
global variable std_huff_tables.val_dc_chrominance
	12 elements of 1bytes
global variable std_huff_tables.bits_ac_chrominance
	17 elements of 1bytes
global variable std_huff_tables.val_ac_chrominance
	162 elements of 1bytes
global variable rgb_pixelsize
	16 elements of 4bytes
global variable extend_test
	16 elements of 4bytes
global variable extend_offset
	16 elements of 4bytes
global variable jpeg_std_message_table
	128 elements of 8bytes
global variable .str.190
	22 elements of 1bytes
global variable .str.1.191
	44 elements of 1bytes
global variable .str.2.192
	32 elements of 1bytes
global variable .str.3.193
	37 elements of 1bytes
global variable .str.4.194
	26 elements of 1bytes
global variable .str.5.195
	31 elements of 1bytes
global variable .str.6.196
	29 elements of 1bytes
global variable .str.7.197
	40 elements of 1bytes
global variable .str.8.198
	31 elements of 1bytes
global variable .str.9.199
	23 elements of 1bytes
global variable .str.10.200
	22 elements of 1bytes
global variable .str.11.201
	20 elements of 1bytes
global variable .str.12.202
	61 elements of 1bytes
global variable .str.13.203
	48 elements of 1bytes
global variable .str.14.204
	28 elements of 1bytes
global variable .str.15.205
	35 elements of 1bytes
global variable .str.16.206
	55 elements of 1bytes
global variable .str.17.207
	55 elements of 1bytes
global variable .str.18.208
	23 elements of 1bytes
global variable .str.19.209
	32 elements of 1bytes
global variable .str.20.210
	42 elements of 1bytes
global variable .str.21.211
	77 elements of 1bytes
global variable .str.22.212
	27 elements of 1bytes
global variable .str.23.213
	43 elements of 1bytes
global variable .str.24.214
	28 elements of 1bytes
global variable .str.25.215
	37 elements of 1bytes
global variable .str.26.216
	38 elements of 1bytes
global variable .str.27.217
	37 elements of 1bytes
global variable .str.28.218
	19 elements of 1bytes
global variable .str.29.219
	21 elements of 1bytes
global variable .str.30.220
	19 elements of 1bytes
global variable .str.31.221
	19 elements of 1bytes
global variable .str.32.222
	37 elements of 1bytes
global variable .str.33.223
	21 elements of 1bytes
global variable .str.34.224
	20 elements of 1bytes
global variable .str.35.225
	33 elements of 1bytes
global variable .str.36.226
	22 elements of 1bytes
global variable .str.37.227
	47 elements of 1bytes
global variable .str.38.228
	40 elements of 1bytes
global variable .str.39.229
	33 elements of 1bytes
global variable .str.40.230
	33 elements of 1bytes
global variable .str.41.231
	47 elements of 1bytes
global variable .str.42.232
	17 elements of 1bytes
global variable .str.43.233
	28 elements of 1bytes
global variable .str.44.234
	62 elements of 1bytes
global variable .str.45.235
	39 elements of 1bytes
global variable .str.46.236
	39 elements of 1bytes
global variable .str.47.237
	20 elements of 1bytes
global variable .str.48.238
	46 elements of 1bytes
global variable .str.49.239
	28 elements of 1bytes
global variable .str.50.240
	37 elements of 1bytes
global variable .str.51.241
	34 elements of 1bytes
global variable .str.52.242
	42 elements of 1bytes
global variable .str.53.243
	43 elements of 1bytes
global variable .str.54.244
	30 elements of 1bytes
global variable .str.55.245
	46 elements of 1bytes
global variable .str.56.246
	40 elements of 1bytes
global variable .str.57.247
	39 elements of 1bytes
global variable .str.58.248
	45 elements of 1bytes
global variable .str.59.249
	48 elements of 1bytes
global variable .str.60.250
	42 elements of 1bytes
global variable .str.61.251
	45 elements of 1bytes
global variable .str.62.252
	44 elements of 1bytes
global variable .str.63.253
	35 elements of 1bytes
global variable .str.64.254
	30 elements of 1bytes
global variable .str.65.255
	30 elements of 1bytes
global variable .str.66.256
	54 elements of 1bytes
global variable .str.67.257
	42 elements of 1bytes
global variable .str.68.258
	31 elements of 1bytes
global variable .str.69.259
	35 elements of 1bytes
global variable .str.70.260
	39 elements of 1bytes
global variable .str.71.261
	21 elements of 1bytes
global variable .str.72.262
	20 elements of 1bytes
global variable .str.73.263
	254 elements of 1bytes
global variable .str.74.264
	16 elements of 1bytes
global variable .str.75.265
	62 elements of 1bytes
global variable .str.76.266
	66 elements of 1bytes
global variable .str.77.267
	42 elements of 1bytes
global variable .str.78.268
	44 elements of 1bytes
global variable .str.79.269
	39 elements of 1bytes
global variable .str.80.270
	28 elements of 1bytes
global variable .str.81.271
	43 elements of 1bytes
global variable .str.82.272
	27 elements of 1bytes
global variable .str.83.273
	20 elements of 1bytes
global variable .str.84.274
	23 elements of 1bytes
global variable .str.85.275
	13 elements of 1bytes
global variable .str.86.276
	40 elements of 1bytes
global variable .str.87.277
	53 elements of 1bytes
global variable .str.88.278
	60 elements of 1bytes
global variable .str.89.279
	46 elements of 1bytes
global variable .str.90.280
	33 elements of 1bytes
global variable .str.91.281
	39 elements of 1bytes
global variable .str.92.282
	25 elements of 1bytes
global variable .str.93.283
	40 elements of 1bytes
global variable .str.94.284
	35 elements of 1bytes
global variable .str.95.285
	24 elements of 1bytes
global variable .str.96.286
	36 elements of 1bytes
global variable .str.97.287
	37 elements of 1bytes
global variable .str.98.288
	6 elements of 1bytes
global variable .str.99.289
	57 elements of 1bytes
global variable .str.100.290
	58 elements of 1bytes
global variable .str.101.291
	31 elements of 1bytes
global variable .str.102.292
	15 elements of 1bytes
global variable .str.103.293
	29 elements of 1bytes
global variable .str.104.294
	30 elements of 1bytes
global variable .str.105.295
	29 elements of 1bytes
global variable .str.106.296
	25 elements of 1bytes
global variable .str.107.297
	25 elements of 1bytes
global variable .str.108.298
	66 elements of 1bytes
global variable .str.109.299
	58 elements of 1bytes
global variable .str.110.300
	54 elements of 1bytes
global variable .str.111.301
	52 elements of 1bytes
global variable .str.112.302
	20 elements of 1bytes
global variable .str.113.303
	23 elements of 1bytes
global variable .str.114.304
	38 elements of 1bytes
global variable .str.115.305
	66 elements of 1bytes
global variable .str.116.306
	60 elements of 1bytes
global variable .str.117.307
	49 elements of 1bytes
global variable .str.118.308
	36 elements of 1bytes
global variable .str.119.309
	46 elements of 1bytes
global variable .str.120.310
	27 elements of 1bytes
global variable .str.121.311
	56 elements of 1bytes
global variable .str.122.312
	43 elements of 1bytes
global variable .str.123
	43 elements of 1bytes
global variable .str.124
	21 elements of 1bytes
global variable .str.125
	40 elements of 1bytes
global variable .str.126
	39 elements of 1bytes
global variable .str.127
	4 elements of 1bytes
global variable base_dither_matrix
	16 elements of 16bytes
global variable select_ncolors.RGB_order
	3 elements of 4bytes
global variable rgb_green
	16 elements of 4bytes
global variable rgb_red
	16 elements of 4bytes
global variable rgb_blue
	16 elements of 4bytes
global variable rgb_red.319
	16 elements of 4bytes
global variable c_scales
	3 elements of 4bytes
global variable rgb_green.320
	16 elements of 4bytes
global variable rgb_blue.321
	16 elements of 4bytes
global variable jpeg_natural_order
	80 elements of 4bytes
global variable first_pool_slop
	2 elements of 8bytes
global variable extra_pool_slop
	2 elements of 8bytes
global variable .str.334
	8 elements of 1bytes
global variable .str.1.335
	6 elements of 1bytes
global variable jconst_rgb_ycc_convert_sse2
	0 elements of 4bytes
global variable jconst_rgb_gray_convert_sse2
	0 elements of 4bytes
global variable jconst_ycc_rgb_convert_sse2
	0 elements of 4bytes
global variable jconst_fancy_upsample_sse2
	0 elements of 4bytes
global variable jconst_merged_upsample_sse2
	0 elements of 4bytes
global variable jconst_fdct_islow_sse2
	0 elements of 4bytes
global variable jconst_fdct_ifast_sse2
	0 elements of 4bytes
global variable jconst_fdct_float_sse
	0 elements of 4bytes
global variable jconst_idct_red_sse2
	0 elements of 4bytes
global variable jconst_idct_islow_sse2
	0 elements of 4bytes
global variable jconst_idct_ifast_sse2
	0 elements of 4bytes
global variable jconst_idct_float_sse2
	0 elements of 4bytes
global variable rgb_pixelsize.396
	16 elements of 4bytes
global variable rgb_red.398
	16 elements of 4bytes
global variable rgb_green.399
	16 elements of 4bytes
global variable rgb_blue.400
	16 elements of 4bytes
global variable start_pass.aanscales
	64 elements of 2bytes
global variable start_pass.aanscalefactor
	8 elements of 8bytes
global variable jpeg_aritab
	114 elements of 8bytes
global variable __C_ctype_tolower_data
	384 elements of 2bytes
global variable __C_ctype_tolower
	1 elements of 8bytes
global variable __ctype_tolower
	1 elements of 8bytes
global variable static_fd
	1 elements of 4bytes
global variable static_ut_name
	1 elements of 8bytes
global variable default_file_name
	14 elements of 1bytes
global variable static_utmp
	1 elements of 400bytes
global variable stdin
	1 elements of 8bytes
global variable _stdio_streams
	3 elements of 80bytes
global variable stdout
	1 elements of 8bytes
global variable stderr
	1 elements of 8bytes
global variable __stdin
	1 elements of 8bytes
global variable __stdout
	1 elements of 8bytes
global variable _stdio_openlist
	1 elements of 8bytes
global variable _do_one_spec.spec_base
	7 elements of 1bytes
global variable .str.128
	6 elements of 1bytes
global variable .str.1.129
	7 elements of 1bytes
global variable _do_one_spec.prefix
	12 elements of 1bytes
global variable _ppfs_parsespec.spec_flags
	8 elements of 1bytes
global variable _ppfs_parsespec.qual_chars
	20 elements of 1bytes
global variable _ppfs_parsespec.spec_chars
	21 elements of 1bytes
global variable _ppfs_parsespec.spec_ranges
	9 elements of 1bytes
global variable _ppfs_parsespec.spec_or_mask
	8 elements of 2bytes
global variable _ppfs_parsespec.spec_and_mask
	8 elements of 2bytes
global variable type_codes
	12 elements of 2bytes
global variable type_sizes
	12 elements of 1bytes
global variable __libc_stack_end
	1 elements of 8bytes
global variable __uclibc_progname
	1 elements of 8bytes
global variable .str.178
	1 elements of 1bytes
global variable __environ
	1 elements of 8bytes
global variable __pagesize
	1 elements of 8bytes
global variable __app_fini
	1 elements of 8bytes
global variable __rtld_fini
	1 elements of 8bytes
global variable __uClibc_init.been_there_done_that
	1 elements of 4bytes
global variable .str.1.183
	10 elements of 1bytes
global variable __C_ctype_b_data
	384 elements of 2bytes
global variable __C_ctype_b
	1 elements of 8bytes
global variable __ctype_b
	1 elements of 8bytes
global variable errno
	1 elements of 4bytes
global variable h_errno
	1 elements of 4bytes
global variable fmt
	20 elements of 1bytes
global variable exp10_table
	13 elements of 16bytes
global variable .str.1.248
	47 elements of 1bytes
global variable .str.2.251
	44 elements of 1bytes
global variable close.n_calls
	1 elements of 4bytes
global variable read.n_calls
	1 elements of 4bytes
global variable .str.3.256
	12 elements of 1bytes
global variable .str.4.257
	59 elements of 1bytes
global variable __PRETTY_FUNCTION__.read
	34 elements of 1bytes
global variable write.n_calls
	1 elements of 4bytes
global variable .str.5.260
	7 elements of 1bytes
global variable __PRETTY_FUNCTION__.write
	41 elements of 1bytes
global variable .str.6.261
	2 elements of 1bytes
global variable .str.7.262
	24 elements of 1bytes
global variable .str.8.265
	18 elements of 1bytes
global variable __PRETTY_FUNCTION__.__fd_lseek
	38 elements of 1bytes
global variable .str.9.270
	33 elements of 1bytes
global variable chmod.n_calls
	1 elements of 4bytes
global variable fchmod.n_calls
	1 elements of 4bytes
global variable .str.24.271
	32 elements of 1bytes
global variable __fd_ftruncate.n_calls
	1 elements of 4bytes
global variable .str.10.276
	30 elements of 1bytes
global variable .str.11.279
	33 elements of 1bytes
global variable .str.12.280
	18 elements of 1bytes
global variable __PRETTY_FUNCTION__.__fd_getdents
	65 elements of 1bytes
global variable .str.13.283
	41 elements of 1bytes
global variable .str.14.284
	42 elements of 1bytes
global variable .str.15.285
	43 elements of 1bytes
global variable .str.16.286
	43 elements of 1bytes
global variable .str.17.287
	45 elements of 1bytes
global variable .str.18.288
	46 elements of 1bytes
global variable .str.19.289
	43 elements of 1bytes
global variable .str.20.290
	44 elements of 1bytes
global variable .str.21.295
	32 elements of 1bytes
global variable .str.22.296
	17 elements of 1bytes
global variable getcwd.n_calls
	1 elements of 4bytes
global variable .str.23.301
	18 elements of 1bytes
global variable __exe_env
	1 elements of 784bytes
global variable __exe_fs
	1 elements of 104bytes
global variable klee_init_fds.name
	32 elements of 1bytes
global variable .str.306
	2 elements of 1bytes
global variable .str.9.307
	6 elements of 1bytes
global variable .str.10.308
	5 elements of 1bytes
global variable .str.11.309
	64 elements of 1bytes
global variable __PRETTY_FUNCTION__.__create_new_dfile
	88 elements of 1bytes
global variable .str.1.310
	6 elements of 1bytes
global variable .str.2.311
	10 elements of 1bytes
global variable .str.3.312
	11 elements of 1bytes
global variable .str.4.313
	11 elements of 1bytes
global variable .str.5.314
	15 elements of 1bytes
global variable .str.6.315
	12 elements of 1bytes
global variable .str.7.316
	7 elements of 1bytes
global variable .str.8.317
	14 elements of 1bytes
global variable .str.320
	7 elements of 1bytes
global variable .str.1.321
	964 elements of 1bytes
global variable .str.24.322
	70 elements of 1bytes
global variable .str.25.323
	9 elements of 1bytes
global variable .str.2.324
	10 elements of 1bytes
global variable .str.3.325
	9 elements of 1bytes
global variable .str.4.326
	48 elements of 1bytes
global variable .str.26.327
	37 elements of 1bytes
global variable .str.5.328
	11 elements of 1bytes
global variable .str.6.329
	10 elements of 1bytes
global variable .str.7.330
	77 elements of 1bytes
global variable .str.8.331
	7 elements of 1bytes
global variable .str.9.332
	12 elements of 1bytes
global variable .str.10.333
	11 elements of 1bytes
global variable .str.11.334
	109 elements of 1bytes
global variable .str.12.335
	12 elements of 1bytes
global variable .str.13.336
	11 elements of 1bytes
global variable .str.14.337
	57 elements of 1bytes
global variable .str.15.338
	13 elements of 1bytes
global variable .str.16.339
	12 elements of 1bytes
global variable .str.17.340
	18 elements of 1bytes
global variable .str.18.341
	17 elements of 1bytes
global variable .str.19.342
	10 elements of 1bytes
global variable .str.20.343
	9 elements of 1bytes
global variable .str.21.344
	11 elements of 1bytes
global variable .str.22.345
	10 elements of 1bytes
global variable .str.23.346
	54 elements of 1bytes
global variable .str.347
	18 elements of 1bytes
global variable .str.1.348
	24 elements of 1bytes
global variable .str.2.353
	15 elements of 1bytes
global variable .str.3.354
	18 elements of 1bytes
global variable .str.4.355
	17 elements of 1bytes
global variable .str.5.356
	13 elements of 1bytes
global variable .str.6.357
	40 elements of 1bytes
global variable .str.7.358
	17 elements of 1bytes
global variable .str.8.361
	21 elements of 1bytes
global variable .str.9.362
	18 elements of 1bytes
global variable .str.10.363
	32 elements of 1bytes
global variable str.13
	18 elements of 1bytes
global variable str
	17 elements of 1bytes
global variable getnameinfo.hostname
	10 elements of 1bytes
global variable getnameinfo.service
	10 elements of 1bytes
global variable .str.366
	80 elements of 1bytes
global variable .str.1.367
	15 elements of 1bytes
global variable .str.2.368
	8 elements of 1bytes
global variable .str.3.371
	8 elements of 1bytes
global variable .str.1.4
	16 elements of 1bytes
global variable .str.2.5
	14 elements of 1bytes
global variable .str.6.374
	71 elements of 1bytes
global variable .str.1.7
	14 elements of 1bytes
global variable .str.2.8
	5 elements of 1bytes
KLEE: WARNING: undefined reference to function: __ctype_b_loc
KLEE: WARNING: undefined reference to function: __isoc99_sscanf
KLEE: WARNING: undefined reference to variable: jconst_fancy_upsample_sse2
KLEE: WARNING: undefined reference to variable: jconst_fdct_float_sse
KLEE: WARNING: undefined reference to variable: jconst_fdct_ifast_sse2
KLEE: WARNING: undefined reference to variable: jconst_fdct_islow_sse2
KLEE: WARNING: undefined reference to variable: jconst_idct_float_sse2
KLEE: WARNING: undefined reference to variable: jconst_idct_ifast_sse2
KLEE: WARNING: undefined reference to variable: jconst_idct_islow_sse2
KLEE: WARNING: undefined reference to variable: jconst_idct_red_sse2
KLEE: WARNING: undefined reference to variable: jconst_merged_upsample_sse2
KLEE: WARNING: undefined reference to variable: jconst_rgb_gray_convert_sse2
KLEE: WARNING: undefined reference to variable: jconst_rgb_ycc_convert_sse2
KLEE: WARNING: undefined reference to variable: jconst_ycc_rgb_convert_sse2
KLEE: WARNING: undefined reference to function: jsimd_convsamp_float_sse2
KLEE: WARNING: undefined reference to function: jsimd_convsamp_sse2
KLEE: WARNING: undefined reference to function: jsimd_extbgr_gray_convert_sse2
KLEE: WARNING: undefined reference to function: jsimd_extbgr_ycc_convert_sse2
KLEE: WARNING: undefined reference to function: jsimd_extbgrx_gray_convert_sse2
KLEE: WARNING: undefined reference to function: jsimd_extbgrx_ycc_convert_sse2
KLEE: WARNING: undefined reference to function: jsimd_extrgb_gray_convert_sse2
KLEE: WARNING: undefined reference to function: jsimd_extrgb_ycc_convert_sse2
KLEE: WARNING: undefined reference to function: jsimd_extrgbx_gray_convert_sse2
KLEE: WARNING: undefined reference to function: jsimd_extrgbx_ycc_convert_sse2
KLEE: WARNING: undefined reference to function: jsimd_extxbgr_gray_convert_sse2
KLEE: WARNING: undefined reference to function: jsimd_extxbgr_ycc_convert_sse2
KLEE: WARNING: undefined reference to function: jsimd_extxrgb_gray_convert_sse2
KLEE: WARNING: undefined reference to function: jsimd_extxrgb_ycc_convert_sse2
KLEE: WARNING: undefined reference to function: jsimd_fdct_float_sse
KLEE: WARNING: undefined reference to function: jsimd_fdct_ifast_sse2
KLEE: WARNING: undefined reference to function: jsimd_fdct_islow_sse2
KLEE: WARNING: undefined reference to function: jsimd_h2v1_downsample_sse2
KLEE: WARNING: undefined reference to function: jsimd_h2v1_extbgr_merged_upsample_sse2
KLEE: WARNING: undefined reference to function: jsimd_h2v1_extbgrx_merged_upsample_sse2
KLEE: WARNING: undefined reference to function: jsimd_h2v1_extrgb_merged_upsample_sse2
KLEE: WARNING: undefined reference to function: jsimd_h2v1_extrgbx_merged_upsample_sse2
KLEE: WARNING: undefined reference to function: jsimd_h2v1_extxbgr_merged_upsample_sse2
KLEE: WARNING: undefined reference to function: jsimd_h2v1_extxrgb_merged_upsample_sse2
KLEE: WARNING: undefined reference to function: jsimd_h2v1_fancy_upsample_sse2
KLEE: WARNING: undefined reference to function: jsimd_h2v1_merged_upsample_sse2
KLEE: WARNING: undefined reference to function: jsimd_h2v1_upsample_sse2
KLEE: WARNING: undefined reference to function: jsimd_h2v2_downsample_sse2
KLEE: WARNING: undefined reference to function: jsimd_h2v2_extbgr_merged_upsample_sse2
KLEE: WARNING: undefined reference to function: jsimd_h2v2_extbgrx_merged_upsample_sse2
KLEE: WARNING: undefined reference to function: jsimd_h2v2_extrgb_merged_upsample_sse2
KLEE: WARNING: undefined reference to function: jsimd_h2v2_extrgbx_merged_upsample_sse2
KLEE: WARNING: undefined reference to function: jsimd_h2v2_extxbgr_merged_upsample_sse2
KLEE: WARNING: undefined reference to function: jsimd_h2v2_extxrgb_merged_upsample_sse2
KLEE: WARNING: undefined reference to function: jsimd_h2v2_fancy_upsample_sse2
KLEE: WARNING: undefined reference to function: jsimd_h2v2_merged_upsample_sse2
KLEE: WARNING: undefined reference to function: jsimd_h2v2_upsample_sse2
KLEE: WARNING: undefined reference to function: jsimd_idct_2x2_sse2
KLEE: WARNING: undefined reference to function: jsimd_idct_4x4_sse2
KLEE: WARNING: undefined reference to function: jsimd_idct_float_sse2
KLEE: WARNING: undefined reference to function: jsimd_idct_ifast_sse2
KLEE: WARNING: undefined reference to function: jsimd_idct_islow_sse2
KLEE: WARNING: undefined reference to function: jsimd_quantize_float_sse2
KLEE: WARNING: undefined reference to function: jsimd_quantize_sse2
KLEE: WARNING: undefined reference to function: jsimd_rgb_gray_convert_sse2
KLEE: WARNING: undefined reference to function: jsimd_rgb_ycc_convert_sse2
KLEE: WARNING: undefined reference to function: jsimd_ycc_extbgr_convert_sse2
KLEE: WARNING: undefined reference to function: jsimd_ycc_extbgrx_convert_sse2
KLEE: WARNING: undefined reference to function: jsimd_ycc_extrgb_convert_sse2
KLEE: WARNING: undefined reference to function: jsimd_ycc_extrgbx_convert_sse2
KLEE: WARNING: undefined reference to function: jsimd_ycc_extxbgr_convert_sse2
KLEE: WARNING: undefined reference to function: jsimd_ycc_extxrgb_convert_sse2
KLEE: WARNING: undefined reference to function: jsimd_ycc_rgb_convert_sse2
KLEE: WARNING: undefined reference to function: puts
KLEE: WARNING: undefined reference to function: strncpy
KLEE: ARGV 0: ./djpeg.bc

KLEE: ARGV 1: ./exploit

KLEE: WARNING: Unable to find size for global variable: jconst_rgb_ycc_convert_sse2 (use will result in out of bounds access)
KLEE: WARNING: Unable to find size for global variable: jconst_rgb_gray_convert_sse2 (use will result in out of bounds access)
KLEE: WARNING: Unable to find size for global variable: jconst_ycc_rgb_convert_sse2 (use will result in out of bounds access)
KLEE: WARNING: Unable to find size for global variable: jconst_fancy_upsample_sse2 (use will result in out of bounds access)
KLEE: WARNING: Unable to find size for global variable: jconst_merged_upsample_sse2 (use will result in out of bounds access)
KLEE: WARNING: Unable to find size for global variable: jconst_fdct_islow_sse2 (use will result in out of bounds access)
KLEE: WARNING: Unable to find size for global variable: jconst_fdct_ifast_sse2 (use will result in out of bounds access)
KLEE: WARNING: Unable to find size for global variable: jconst_fdct_float_sse (use will result in out of bounds access)
KLEE: WARNING: Unable to find size for global variable: jconst_idct_red_sse2 (use will result in out of bounds access)
KLEE: WARNING: Unable to find size for global variable: jconst_idct_islow_sse2 (use will result in out of bounds access)
KLEE: WARNING: Unable to find size for global variable: jconst_idct_ifast_sse2 (use will result in out of bounds access)
KLEE: WARNING: Unable to find size for global variable: jconst_idct_float_sse2 (use will result in out of bounds access)
Undefined struct struct.exe_sym_env_t
Undefined struct struct.exe_file_t
KLEE: WARNING ONCE: calling external: syscall(16, 0, 21505, 166314736)
Undefined struct struct.stat.1833
Undefined struct struct.exe_disk_file_t
Undefined struct struct.__kernel_termios.1623
Undefined struct struct.termios.1618
Undefined struct struct.Elf64_auxv_t
KLEE: WARNING ONCE: calling __user_main with extra arguments.
KLEE: WARNING ONCE: Alignment of memory from call "malloc" is not modelled. Using alignment of 8.
	pointer parm derived from itself!
KLEE: 0x77b9380: Symbolic value  used to determine branching at /home/james/Projects/Senx/code/klee_src/runtime/POSIX/fd_init.c:100 (75777)
Undefined struct struct.jpeg_error_mgr
Undefined struct struct.jpeg_decompress_struct
Undefined struct struct.jpeg_common_struct.479
Undefined struct struct.my_memory_mgr
37519: mem@0 + . alloc_small
37523: mem@0 + . alloc_large
37527: mem@0 + . alloc_sarray
37531: mem@0 + . alloc_barray
37535: mem@0 + . request_virt_sarray
37539: mem@0 + . request_virt_barray
37543: mem@0 + . realize_virt_arrays
37548: mem@0 + . access_virt_sarray
37552: mem@0 + . access_virt_barray
37556: mem@0 + . free_pool
37560: mem@0 + . self_destruct
37565: mem@0 + . max_alloc_chunk
37570: mem@0 + . max_memory_to_use
Undefined struct struct.jpeg_decompress_struct.291
12847: cinfo@1 + @ alloc_small
Undefined struct struct.small_pool_struct
Undefined struct struct.my_marker_reader
12861: marker@0 + . reset_marker_reader
12865: marker@0 + . read_markers
12869: marker@0 + . read_restart_marker
12939: marker@0 + . saw_SOI
12943: marker@0 + . saw_SOF
12947: marker@0 + . discarded_bytes
Undefined struct struct.jpeg_decompress_struct.267
11254: cinfo@1 + @ alloc_small
Undefined struct struct.my_input_controller
11268: inputctl@0 + . consume_input
11272: inputctl@0 + . reset_input_controller
11277: inputctl@0 + . start_input_pass
11282: inputctl@0 + . finish_input_pass
11287: inputctl@0 + . has_multiple_scans
11291: inputctl@0 + . eoi_reached
Undefined struct struct.__STDIO_FILE_STRUCT.1362
Undefined struct struct.__mbstate_t.1361
11002: cinfo@1 + @ alloc_small
11019: cinfo@1 + @ alloc_small
Undefined struct struct.my_source_mgr
11037: src@0 + . init_source
11041: src@0 + . fill_input_buffer
11045: src@0 + . skip_input_data
11049: src@0 + . resync_to_restart
11053: src@0 + . term_source
11061: src@0 + . bytes_in_buffer
11065: src@0 + . next_input_byte
9471: cinfo@81 + @ reset_input_controller
12346: inputctl@0 + . consume_input
12350: inputctl@0 + . has_multiple_scans
12354: inputctl@0 + . eoi_reached
Undefined struct struct.jpeg_common_struct
12370: cinfo@82 + @ reset_marker_reader
9478: cinfo@6 + @ init_source
9491: cinfo@81 + @ consume_input
11314: inputctl@0 + . eoi_reached
11327: cinfo@82 + @ read_markers
12974: cinfo@82 + @ saw_SOI
13333: datasrc + @ next_input_byte
13337: datasrc + @ bytes_in_buffer
13346: datasrc + @ fill_input_buffer
Undefined struct struct.__STDIO_FILE_STRUCT.1403
11167: src@0 + . next_input_byte
11172: src@0 + . bytes_in_buffer
13359: datasrc + @ next_input_byte
13363: datasrc + @ bytes_in_buffer
13462: datasrc + @ next_input_byte
13466: datasrc + @ bytes_in_buffer
13498: cinfo@82 + @ saw_SOI
13589: cinfo@82 + @ saw_SOI
12594: datasrc + @ next_input_byte
12598: datasrc + @ bytes_in_buffer
12754: cinfo@82 + @ discarded_bytes
12823: datasrc + @ next_input_byte
12827: datasrc + @ bytes_in_buffer
17131: datasrc + @ next_input_byte
17135: datasrc + @ bytes_in_buffer
17361: datasrc + @ next_input_byte
17365: datasrc + @ bytes_in_buffer
12653: cinfo@82 + @ discarded_bytes
12659: datasrc + @ next_input_byte
12663: datasrc + @ bytes_in_buffer
12784: cinfo@82 + @ discarded_bytes
Undefined struct struct.__STDIO_FILE_STRUCT.1406
Undefined struct struct.ppfs_t
Undefined struct struct.printf_info.1489
Undefined struct struct.__va_list_tag.1407
	pointer parm derived from other vars!
KLEE: WARNING ONCE: calling external: vprintf(121075712, 135796192)
12812: cinfo@82 + @ discarded_bytes
1339: datasrc + @ bytes_in_buffer
1371: datasrc + @ bytes_in_buffer
1376: datasrc + @ next_input_byte
16018: datasrc + @ next_input_byte
16022: datasrc + @ bytes_in_buffer
Undefined struct struct.jpeg_common_struct.556
44559: cinfo@1 + @ alloc_small
44566: tbl + @ None
16396: quant_ptr + @ quantval
16573: datasrc + @ next_input_byte
16577: datasrc + @ bytes_in_buffer
13618: datasrc + @ next_input_byte
13622: datasrc + @ bytes_in_buffer
14015: cinfo@82 + @ saw_SOF
14110: cinfo@1 + @ alloc_small
14145: compptr + @ component_index
14185: compptr + @ component_id
14231: compptr + @ h_samp_factor
14236: compptr + @ v_samp_factor
14276: compptr + @ quant_tbl_no
14286: compptr + @ component_id
14292: compptr + @ h_samp_factor
14298: compptr + @ v_samp_factor
14304: compptr + @ quant_tbl_no
14334: cinfo@82 + @ saw_SOF
14338: datasrc + @ next_input_byte
14342: datasrc + @ bytes_in_buffer
14375: datasrc + @ next_input_byte
14379: datasrc + @ bytes_in_buffer
14385: cinfo@82 + @ saw_SOF
KLEE: A safety property (bad cast) is violated!
KLEE: Print SE for get_sos
KLEE: Print SE for get_sos
KLEE: Print SE for read_markers
KLEE: Print SE for consume_markers
KLEE: Print SE for jpeg_consume_input
KLEE: Print SE for jpeg_read_header
KLEE: Print SE for __user_main
KLEE: Print SE for __uClibc_main
KLEE: Print SE for main
KLEE: 14600 cinfo@67+i=NULL -- Struct Access Fault

KLEE: 1. Analyzing buffer

KLEE: buf: 0x916faf0

KLEE: buf size

analyze_buffer
	NOTE: buf is not dynamically allocated!
get_buf_start_expr
get_buf_start_expr
KLEE: 2. Analyzing pointer

KLEE: get_se_in_scopes_ex_raw cinfo@67+i=NULL

KLEE: 	cinfo@67+i=NULL = cinfo@67+i=NULL

KLEE: vars:
KLEE: 	cinfo = 
	13131(jdmarker.c:1016) read_markers cinfo
KLEE: vars:
KLEE: 	cinfo = 
	11330(jdinput.c:386) consume_markers cinfo
KLEE: vars:
KLEE: 	cinfo = 
	9494(jdapimin.c:301) jpeg_consume_input cinfo
KLEE: vars:
KLEE: 	cinfo = 
	9399(jdapimin.c:249) jpeg_read_header cinfo
KLEE: vars:
KLEE: 	cinfo = 
	1048(djpeg.c:542) __user_main cinfo
KLEE: vars:
KLEE: 	cinfo = 
Unable to translate cinfo to caller

	stack dump:
	read_markers	 jdmarker.c:1016(13131)
KLEE: Print SE for read_markers
	consume_markers	 jdinput.c:386(11330)
KLEE: Print SE for consume_markers
	jpeg_consume_input	 jdapimin.c:301(9494)
KLEE: Print SE for jpeg_consume_input
	jpeg_read_header	 jdapimin.c:249(9399)
KLEE: Print SE for jpeg_read_header
	__user_main	 djpeg.c:542(1048)
KLEE: Print SE for __user_main
	__uClibc_main	 libc/misc/internals/__uClibc_main.c:401(66815)
KLEE: Print SE for __uClibc_main
	main	 :0(69788)
KLEE: Print SE for main

se_mappings for buffer start

se_mappings for buffer size

se_mappings for memory address
	get_sos: cinfo
	read_markers: cinfo
	consume_markers: cinfo
	jpeg_consume_input: cinfo
	jpeg_read_header: cinfo
	__user_main: cinfo

KLEE: converge...
se_mappings for buffer size

se_mappings for access range
	get_sos: cinfo
	read_markers: cinfo
	consume_markers: cinfo
	jpeg_consume_input: cinfo
	jpeg_read_header: cinfo
	__user_main: cinfo

KLEE: Fault@14600 W (916fd68) jdmarker.c:327

KLEE: ERROR: jdmarker.c:327: memory error: out of bound pointer
KLEE: NOTE: now ignoring this error at this location

KLEE: done: total instructions = 50640
KLEE: done: completed paths = 1
KLEE: done: generated tests = 1
