KLEE: NOTE: Using libreadline: /home/user/Projects/Senx/code/build3.8/Release+Debug+Asserts/lib/libreadline.bca
KLEE: NOTE: Using libxml2: /home/user/Projects/Senx/code/build3.8/Release+Debug+Asserts/lib/libxml2.bca
KLEE: NOTE: Using libpcap: /home/user/Projects/Senx/code/build3.8/Release+Debug+Asserts/lib/libpcap.bca
KLEE: NOTE: Using klee-uclibc : /home/user/Projects/Senx/code/build3.8/Release+Debug+Asserts/lib/klee-uclibc.bca
KLEE: NOTE: Using model: /home/user/Projects/Senx/code/build3.8/Release+Debug+Asserts/lib/libkleeRuntimePOSIX.bca
KLEE: output directory is "/home/user/senx-experiments/jasper/cve_2016_9557/./klee-out-0"
KLEE: loadSensitiveFunctionList __assert_fail
KLEE: loadSensitiveFunctionList sqlite3_realloc
KLEE: loadSensitiveFunctionList sqlite3_alloc
KLEE: Safety property for MemorySeqAccess is loaded.
KLEE: Safety property for MemoryStructAccess is loaded.
KLEE: Safety property for MemoryAllocation is loaded.
KLEE: Safety property for SensitiveOperation is loaded.
loadStructDef def_file
	jas_opt_t id:int
	jas_opt_t name:char *
	jas_opt_t flags:int
Error at line 7 in def_file
Error at line 9 in def_file
	jas_image_fmtinfo_t id:int
	jas_image_fmtinfo_t name:char *
	jas_image_fmtinfo_t ext:char *
	jas_image_fmtinfo_t desc:char *
	jas_image_fmtinfo_t ops:jas_image_fmtops_t
	jas_image_fmtinfo_t decode:jas_image_t *(*)(jas_stream_t *, char *)
	jas_image_fmtinfo_t encode:int (*)(jas_image_t *, jas_stream_t *, char *)
	jas_image_fmtinfo_t validate:int (*)(jas_stream_t *)
	jas_image_fmtops_t decode:jas_image_t *(*)(jas_stream_t *, char *)
	jas_image_fmtops_t encode:int (*)(jas_image_t *, jas_stream_t *, char *)
	jas_image_fmtops_t validate:int (*)(jas_stream_t *)
	jas_image_t tlx_:jas_image_coord_t
	jas_image_t tly_:jas_image_coord_t
	jas_image_t brx_:jas_image_coord_t
	jas_image_t bry_:jas_image_coord_t
	jas_image_t numcmpts_:int
	jas_image_t maxcmpts_:int
	jas_image_t cmpts_:jas_image_cmpt_t **
	jas_image_t clrspc_:jas_clrspc_t
	jas_image_t cmprof_:jas_cmprof_t *
	jas_image_t inmem_:_Bool
	jas_image_cmpt_t tlx_:jas_image_coord_t
	jas_image_cmpt_t tly_:jas_image_coord_t
	jas_image_cmpt_t hstep_:jas_image_coord_t
	jas_image_cmpt_t vstep_:jas_image_coord_t
	jas_image_cmpt_t width_:jas_image_coord_t
	jas_image_cmpt_t height_:jas_image_coord_t
	jas_image_cmpt_t prec_:int
	jas_image_cmpt_t sgnd_:int
	jas_image_cmpt_t stream_:jas_stream_t *
	jas_image_cmpt_t cps_:int
	jas_image_cmpt_t type_:jas_image_cmpttype_t
	jas_cmprof_t clrspc:int
	jas_cmprof_t numchans:int
	jas_cmprof_t refclrspc:int
	jas_cmprof_t numrefchans:int
	jas_cmprof_t iccprof:jas_iccprof_t *
	jas_cmprof_t pxformseqs:jas_cmpxformseq_t *[13]
	jas_cmprof_t None:<range type>
	jas_iccprof_t hdr:jas_icchdr_t
	jas_iccprof_t size:jas_iccuint32_t
	jas_iccprof_t cmmtype:jas_iccsig_t
	jas_iccprof_t version:jas_iccuint32_t
	jas_iccprof_t clas:jas_iccsig_t
	jas_iccprof_t colorspc:jas_iccsig_t
	jas_iccprof_t refcolorspc:jas_iccsig_t
	jas_iccprof_t ctime:jas_icctime_t
	jas_iccprof_t year:jas_iccuint16_t
	jas_iccprof_t month:jas_iccuint16_t
	jas_iccprof_t day:jas_iccuint16_t
	jas_iccprof_t hour:jas_iccuint16_t
	jas_iccprof_t min:jas_iccuint16_t
	jas_iccprof_t sec:jas_iccuint16_t
	jas_iccprof_t magic:jas_iccsig_t
	jas_iccprof_t platform:jas_iccsig_t
	jas_iccprof_t flags:jas_iccuint32_t
	jas_iccprof_t maker:jas_iccsig_t
	jas_iccprof_t model:jas_iccsig_t
	jas_iccprof_t attr:jas_iccuint64_t
	jas_iccprof_t intent:jas_iccsig_t
	jas_iccprof_t illum:jas_iccxyz_t
	jas_iccprof_t x:jas_iccs15fixed16_t
	jas_iccprof_t y:jas_iccs15fixed16_t
	jas_iccprof_t z:jas_iccs15fixed16_t
	jas_iccprof_t creator:jas_iccsig_t
	jas_iccprof_t tagtab:jas_icctagtab_t
	jas_iccprof_t numents:jas_iccuint32_t
	jas_iccprof_t ents:jas_icctagtabent_t *
	jas_iccprof_t attrtab:jas_iccattrtab_t *
	jas_icchdr_t size:jas_iccuint32_t
	jas_icchdr_t cmmtype:jas_iccsig_t
	jas_icchdr_t version:jas_iccuint32_t
	jas_icchdr_t clas:jas_iccsig_t
	jas_icchdr_t colorspc:jas_iccsig_t
	jas_icchdr_t refcolorspc:jas_iccsig_t
	jas_icchdr_t ctime:jas_icctime_t
	jas_icchdr_t year:jas_iccuint16_t
	jas_icchdr_t month:jas_iccuint16_t
	jas_icchdr_t day:jas_iccuint16_t
	jas_icchdr_t hour:jas_iccuint16_t
	jas_icchdr_t min:jas_iccuint16_t
	jas_icchdr_t sec:jas_iccuint16_t
	jas_icchdr_t magic:jas_iccsig_t
	jas_icchdr_t platform:jas_iccsig_t
	jas_icchdr_t flags:jas_iccuint32_t
	jas_icchdr_t maker:jas_iccsig_t
	jas_icchdr_t model:jas_iccsig_t
	jas_icchdr_t attr:jas_iccuint64_t
	jas_icchdr_t intent:jas_iccsig_t
	jas_icchdr_t illum:jas_iccxyz_t
	jas_icchdr_t x:jas_iccs15fixed16_t
	jas_icchdr_t y:jas_iccs15fixed16_t
	jas_icchdr_t z:jas_iccs15fixed16_t
	jas_icchdr_t creator:jas_iccsig_t
	jas_icctime_t year:jas_iccuint16_t
	jas_icctime_t month:jas_iccuint16_t
	jas_icctime_t day:jas_iccuint16_t
	jas_icctime_t hour:jas_iccuint16_t
	jas_icctime_t min:jas_iccuint16_t
	jas_icctime_t sec:jas_iccuint16_t
	jas_iccxyz_t x:jas_iccs15fixed16_t
	jas_iccxyz_t y:jas_iccs15fixed16_t
	jas_iccxyz_t z:jas_iccs15fixed16_t
	jas_icctagtab_t numents:jas_iccuint32_t
	jas_icctagtab_t ents:jas_icctagtabent_t *
Error at line 146 in def_file
	jas_iccattrtab_t numattrs:int
	jas_iccattrtab_t maxattrs:int
	jas_iccattrtab_t attrs:jas_iccattr_t *
	jas_iccattr_t name:jas_iccsig_t
	jas_iccattr_t val:jas_iccattrval_t *
Error at line 159 in def_file
	jas_iccattrvalops_t destroy:void (*)(struct jas_iccattrval_s *)
	jas_iccattrvalops_t copy:int (*)(struct jas_iccattrval_s *, struct jas_iccattrval_s *)
	jas_iccattrvalops_t input:int (*)(struct jas_iccattrval_s *, jas_stream_t *, int)
	jas_iccattrvalops_t output:int (*)(struct jas_iccattrval_s *, jas_stream_t *)
	jas_iccattrvalops_t getsize:int (*)(struct jas_iccattrval_s *)
	jas_iccattrvalops_t dump:void (*)(struct jas_iccattrval_s *, FILE *)
Error at line 170 in def_file
Error at line 173 in def_file: no semi-colon!
	jas_cmpxformseq_t numpxforms:int
	jas_cmpxformseq_t maxpxforms:int
	jas_cmpxformseq_t pxforms:jas_cmpxform_t **
Error at line 181 in def_file
	jas_cmpxformops_t destroy:void (*)(struct jas_cmpxform_s *)
	jas_cmpxformops_t apply:int (*)(struct jas_cmpxform_s *, jas_cmreal_t *, jas_cmreal_t *, int)
	jas_cmpxformops_t dump:void (*)(struct jas_cmpxform_s *)
Error at line 189 in def_file
	jas_cmshapmat_t mono:int
	jas_cmshapmat_t order:int
	jas_cmshapmat_t useluts:int
	jas_cmshapmat_t usemat:int
	jas_cmshapmat_t luts:jas_cmshapmatlut_t [3]
	jas_cmshapmat_t None:<range type>
	jas_cmshapmat_t mat:jas_cmreal_t [3][4]
	jas_cmshapmat_t None:<range type>
	jas_cmshapmatlut_t data:jas_cmreal_t *
	jas_cmshapmatlut_t size:int
	jas_stream_t openmode_:int
	jas_stream_t bufmode_:int
	jas_stream_t flags_:int
	jas_stream_t bufbase_:unsigned char *
	jas_stream_t bufstart_:unsigned char *
	jas_stream_t bufsize_:int
	jas_stream_t ptr_:unsigned char *
	jas_stream_t cnt_:int
	jas_stream_t tinybuf_:unsigned char [17]
	jas_stream_t None:<range type>
	jas_stream_t ops_:jas_stream_ops_t *
	jas_stream_t obj_:jas_stream_obj_t *
	jas_stream_t rwcnt_:long int
	jas_stream_t rwlimit_:long int
	jas_stream_ops_t read_:int (*)(jas_stream_obj_t *, char *, int)
	jas_stream_ops_t write_:int (*)(jas_stream_obj_t *, char *, int)
	jas_stream_ops_t seek_:long int (*)(jas_stream_obj_t *, long int, int)
	jas_stream_ops_t close_:int (*)(jas_stream_obj_t *)
	jpc_mstabent_t id:int
	jpc_mstabent_t name:char *
	jpc_mstabent_t ops:jpc_msops_t
	jpc_mstabent_t destroyparms:void (*)(jpc_ms_t *)
	jpc_mstabent_t getparms:int (*)(jpc_ms_t *, jpc_cstate_t *, jas_stream_t *)
	jpc_mstabent_t putparms:int (*)(jpc_ms_t *, jpc_cstate_t *, jas_stream_t *)
	jpc_mstabent_t dumpparms:int (*)(jpc_ms_t *, FILE *)
Error at line 241 in def_file
Error at line 244 in def_file: no semi-colon!
Error at line 247 in def_file: no semi-colon!
Error at line 250 in def_file: no semi-colon!
Error at line 253 in def_file: no semi-colon!
Error at line 256 in def_file: no semi-colon!
	jp2_jp_t magic:uint_fast32_t
	jpc_dec_mstabent_t id:uint_fast16_t
	jpc_dec_mstabent_t validstates:int
	jpc_dec_mstabent_t action:int (*)(jpc_dec_t *, jpc_ms_t *)
	jpc_dec_t image:jas_image_t *
	jpc_dec_t xstart:uint_fast32_t
	jpc_dec_t ystart:uint_fast32_t
	jpc_dec_t xend:uint_fast32_t
	jpc_dec_t yend:uint_fast32_t
	jpc_dec_t tilewidth:uint_fast32_t
	jpc_dec_t tileheight:uint_fast32_t
	jpc_dec_t tilexoff:uint_fast32_t
	jpc_dec_t tileyoff:uint_fast32_t
	jpc_dec_t numhtiles:int
	jpc_dec_t numvtiles:int
	jpc_dec_t numtiles:int
	jpc_dec_t tiles:jpc_dec_tile_t *
	jpc_dec_t curtile:jpc_dec_tile_t *
	jpc_dec_t numcomps:int
	jpc_dec_t in:jas_stream_t *
	jpc_dec_t cp:jpc_dec_cp_t *
	jpc_dec_t maxlyrs:int
	jpc_dec_t maxpkts:int
	jpc_dec_t numpkts:int
	jpc_dec_t ppmseqno:int
	jpc_dec_t state:int
	jpc_dec_t cmpts:jpc_dec_cmpt_t *
	jpc_dec_t ppmstab:jpc_ppxstab_t *
	jpc_dec_t pkthdrstreams:jpc_streamlist_t *
	jpc_dec_t curtileendoff:long int
	jpc_dec_t cstate:jpc_cstate_t *
	jpc_dec_tile_t state:int
	jpc_dec_tile_t xstart:uint_fast32_t
	jpc_dec_tile_t ystart:uint_fast32_t
	jpc_dec_tile_t xend:uint_fast32_t
	jpc_dec_tile_t yend:uint_fast32_t
	jpc_dec_tile_t pptstab:jpc_ppxstab_t *
	jpc_dec_tile_t pkthdrstream:jas_stream_t *
	jpc_dec_tile_t pkthdrstreampos:long int
	jpc_dec_tile_t cp:jpc_dec_cp_t *
	jpc_dec_tile_t tcomps:jpc_dec_tcomp_t *
	jpc_dec_tile_t partno:int
	jpc_dec_tile_t numparts:int
	jpc_dec_tile_t realmode:int
	jpc_dec_tile_t pi:jpc_pi_t *
	jpc_dec_tcomp_t xstart:uint_fast32_t
	jpc_dec_tcomp_t ystart:uint_fast32_t
	jpc_dec_tcomp_t xend:uint_fast32_t
	jpc_dec_tcomp_t yend:uint_fast32_t
	jpc_dec_tcomp_t data:jas_matrix_t *
	jpc_dec_tcomp_t numrlvls:int
	jpc_dec_tcomp_t rlvls:jpc_dec_rlvl_t *
	jpc_dec_tcomp_t tsfb:jpc_tsfb_t *
	jas_matrix_t flags_:int
	jas_matrix_t xstart_:int_fast32_t
	jas_matrix_t ystart_:int_fast32_t
	jas_matrix_t xend_:int_fast32_t
	jas_matrix_t yend_:int_fast32_t
	jas_matrix_t numrows_:int_fast32_t
	jas_matrix_t numcols_:int_fast32_t
	jas_matrix_t rows_:jas_seqent_t **
	jas_matrix_t maxrows_:int_fast32_t
	jas_matrix_t data_:jas_seqent_t *
	jas_matrix_t datasize_:int_fast32_t
	jpc_dec_rlvl_t numbands:int
	jpc_dec_rlvl_t bands:jpc_dec_band_t *
	jpc_dec_rlvl_t xstart:uint_fast32_t
	jpc_dec_rlvl_t ystart:uint_fast32_t
	jpc_dec_rlvl_t xend:uint_fast32_t
	jpc_dec_rlvl_t yend:uint_fast32_t
	jpc_dec_rlvl_t prcwidthexpn:int
	jpc_dec_rlvl_t prcheightexpn:int
	jpc_dec_rlvl_t numhprcs:int
	jpc_dec_rlvl_t numvprcs:int
	jpc_dec_rlvl_t numprcs:int
	jpc_dec_rlvl_t cbgwidthexpn:int
	jpc_dec_rlvl_t cbgheightexpn:int
	jpc_dec_rlvl_t cblkwidthexpn:uint_fast16_t
	jpc_dec_rlvl_t cblkheightexpn:uint_fast16_t
	jpc_dec_band_t prcs:jpc_dec_prc_t *
	jpc_dec_band_t data:jas_matrix_t *
	jpc_dec_band_t orient:int
	jpc_dec_band_t stepsize:int
	jpc_dec_band_t absstepsize:jpc_fix_t
	jpc_dec_band_t numbps:int
	jpc_dec_band_t analgain:int
	jpc_dec_band_t roishift:int
	jpc_dec_prc_t xstart:uint_fast32_t
	jpc_dec_prc_t ystart:uint_fast32_t
	jpc_dec_prc_t xend:uint_fast32_t
	jpc_dec_prc_t yend:uint_fast32_t
	jpc_dec_prc_t numhcblks:int
	jpc_dec_prc_t numvcblks:int
	jpc_dec_prc_t numcblks:int
	jpc_dec_prc_t cblks:jpc_dec_cblk_t *
	jpc_dec_prc_t incltagtree:jpc_tagtree_t *
	jpc_dec_prc_t numimsbstagtree:jpc_tagtree_t *
	jpc_dec_cblk_t numpasses:int
	jpc_dec_cblk_t segs:jpc_dec_seglist_t
	jpc_dec_cblk_t head:jpc_dec_seg_t *
	jpc_dec_cblk_t tail:jpc_dec_seg_t *
	jpc_dec_cblk_t curseg:jpc_dec_seg_t *
	jpc_dec_cblk_t numimsbs:int
	jpc_dec_cblk_t numlenbits:int
	jpc_dec_cblk_t firstpassno:int
	jpc_dec_cblk_t mqdec:jpc_mqdec_t *
	jpc_dec_cblk_t nulldec:jpc_bitstream_t *
	jpc_dec_cblk_t flags:jas_matrix_t *
	jpc_dec_cblk_t data:jas_matrix_t *
	jpc_dec_seglist_t head:jpc_dec_seg_t *
	jpc_dec_seglist_t tail:jpc_dec_seg_t *
Error at line 402 in def_file
Error at line 405 in def_file: no semi-colon!
Error at line 407 in def_file: no semi-colon!
	jpc_bitstream_t flags_:int
	jpc_bitstream_t buf_:uint_fast16_t
	jpc_bitstream_t cnt_:int
	jpc_bitstream_t stream_:jas_stream_t *
	jpc_bitstream_t openmode_:int
	jpc_tagtree_t numleafsh_:int
	jpc_tagtree_t numleafsv_:int
	jpc_tagtree_t numnodes_:int
	jpc_tagtree_t nodes_:jpc_tagtreenode_t *
Error at line 424 in def_file
	jpc_tsfb_t numlvls:int
	jpc_tsfb_t qmfb:jpc_qmfb2d_t *
	jpc_qmfb2d_t analyze:int (*)(jpc_fix_t *, int, int, int, int, int)
	jpc_qmfb2d_t synthesize:int (*)(jpc_fix_t *, int, int, int, int, int)
	jpc_qmfb2d_t lpenergywts:double *
	jpc_qmfb2d_t hpenergywts:double *
Error at line 439 in def_file: no semi-colon!
	jpc_picomp_t numrlvls:int
	jpc_picomp_t pirlvls:jpc_pirlvl_t *
	jpc_picomp_t hsamp:int
	jpc_picomp_t vsamp:int
	jpc_pirlvl_t numprcs:int
	jpc_pirlvl_t prclyrnos:int *
	jpc_pirlvl_t prcwidthexpn:int
	jpc_pirlvl_t prcheightexpn:int
	jpc_pirlvl_t numhprcs:int
	jpc_pchglist_t numpchgs:int
	jpc_pchglist_t maxpchgs:int
	jpc_pchglist_t pchgs:jpc_pchg_t **
Error at line 463 in def_file: no semi-colon!
Error at line 466 in def_file: no semi-colon!
Error at line 469 in def_file: no semi-colon!
	jpc_dec_cmpt_t hstep:uint_fast32_t
	jpc_dec_cmpt_t vstep:uint_fast32_t
	jpc_dec_cmpt_t width:uint_fast32_t
	jpc_dec_cmpt_t height:uint_fast32_t
	jpc_dec_cmpt_t prec:uint_fast16_t
	jpc_dec_cmpt_t sgnd:_Bool
	jpc_dec_cmpt_t hsubstep:uint_fast32_t
	jpc_dec_cmpt_t vsubstep:uint_fast32_t
	jpc_ppxstab_t numents:int
	jpc_ppxstab_t maxents:int
	jpc_ppxstab_t ents:jpc_ppxstabent_t **
	jpc_com_t regid:uint_fast16_t
	jpc_com_t len:uint_fast16_t
	jpc_com_t data:unsigned char *
	jpc_streamlist_t numstreams:int
	jpc_streamlist_t maxstreams:int
	jpc_streamlist_t streams:jas_stream_t **
	jas_taginfo_t id:int
	jas_taginfo_t name:char *
	jpc_mqctx_t mps:int
	jpc_mqctx_t ind:int_fast16_t
	jas_iccattrvalinfo_t type:jas_iccuint32_t
	jas_iccattrvalinfo_t ops:jas_iccattrvalops_t
	jas_iccattrvalinfo_t destroy:void (*)(struct jas_iccattrval_s *)
	jas_iccattrvalinfo_t copy:int (*)(struct jas_iccattrval_s *, struct jas_iccattrval_s *)
	jas_iccattrvalinfo_t input:int (*)(struct jas_iccattrval_s *, jas_stream_t *, int)
	jas_iccattrvalinfo_t output:int (*)(struct jas_iccattrval_s *, jas_stream_t *)
	jas_iccattrvalinfo_t getsize:int (*)(struct jas_iccattrval_s *)
	jas_iccattrvalinfo_t dump:void (*)(struct jas_iccattrval_s *, FILE *)
Error at line 521 in def_file
Error at line 523 in def_file
Error at line 526 in def_file: no semi-colon!
Error at line 528 in def_file: no semi-colon!
	jp2_ftyp_t majver:uint_fast32_t
	jp2_ftyp_t minver:uint_fast32_t
	jp2_ftyp_t numcompatcodes:uint_fast32_t
	jp2_ftyp_t compatcodes:uint_fast32_t [32]
	jp2_ftyp_t None:<range type>
Error at line 538 in def_file
	jas_image_cmptparm_t tlx:jas_image_coord_t
	jas_image_cmptparm_t tly:jas_image_coord_t
	jas_image_cmptparm_t hstep:jas_image_coord_t
	jas_image_cmptparm_t vstep:jas_image_coord_t
	jas_image_cmptparm_t width:jas_image_coord_t
	jas_image_cmptparm_t height:jas_image_coord_t
	jas_image_cmptparm_t prec:int
	jas_image_cmptparm_t sgnd:int
	jas_cmxform_t numinchans:int
	jas_cmxform_t numoutchans:int
	jas_cmxform_t pxformseq:jas_cmpxformseq_t *
	jas_cmpixmap_t numcmpts:int
	jas_cmpixmap_t cmptfmts:jas_cmcmptfmt_t *
	jas_cmcmptfmt_t buf:long int *
	jas_cmcmptfmt_t prec:int
	jas_cmcmptfmt_t sgnd:int
	jas_cmcmptfmt_t width:int
	jas_cmcmptfmt_t height:int
	jas_stream_memobj_t buf_:unsigned char *
	jas_stream_memobj_t bufsize_:int
	jas_stream_memobj_t len_:int_fast32_t
	jas_stream_memobj_t pos_:int_fast32_t
	jas_stream_memobj_t growable_:int
	jas_stream_memobj_t myalloc_:int
	jas_stream_fileobj_t fd:int
	jas_stream_fileobj_t flags:int
	jas_stream_fileobj_t pathname:char [21]
	jas_stream_fileobj_t None:<range type>
	bmp_hdr_t magic:int_fast16_t
	bmp_hdr_t siz:int_fast32_t
	bmp_hdr_t reserved1:int_fast16_t
	bmp_hdr_t reserved2:int_fast16_t
	bmp_hdr_t off:int_fast32_t
Error at line 595 in def_file: no semi-colon!
	bmp_palent_t red:int_fast16_t
	bmp_palent_t grn:int_fast16_t
	bmp_palent_t blu:int_fast16_t
	bmp_palent_t res:int_fast16_t
	bmp_enc_t numcmpts:int
	bmp_enc_t cmpts:int [4]
	bmp_enc_t None:<range type>
	jp2_dec_t pclr:jp2_box_t *
	jp2_dec_t cdef:jp2_box_t *
	jp2_dec_t ihdr:jp2_box_t *
	jp2_dec_t bpcc:jp2_box_t *
	jp2_dec_t cmap:jp2_box_t *
	jp2_dec_t colr:jp2_box_t *
	jp2_dec_t image:jas_image_t *
	jp2_dec_t numchans:uint_fast16_t
	jp2_dec_t chantocmptlut:uint_fast16_t *
	jp2_cmap_t numchans:uint_fast16_t
	jp2_cmap_t ents:jp2_cmapent_t *
Error at line 628 in def_file: no semi-colon!
Error at line 631 in def_file: no semi-colon!
	jp2_cdef_t numchans:uint_fast16_t
	jp2_cdef_t ents:jp2_cdefchan_t *
Error at line 639 in def_file: no semi-colon!
	jp2_bpcc_t numcmpts:uint_fast16_t
	jp2_bpcc_t bpcs:uint_fast8_t *
Error at line 647 in def_file: no semi-colon!
	jpc_siz_t caps:uint_fast16_t
	jpc_siz_t width:uint_fast32_t
	jpc_siz_t height:uint_fast32_t
	jpc_siz_t xoff:uint_fast32_t
	jpc_siz_t yoff:uint_fast32_t
	jpc_siz_t tilewidth:uint_fast32_t
	jpc_siz_t tileheight:uint_fast32_t
	jpc_siz_t tilexoff:uint_fast32_t
	jpc_siz_t tileyoff:uint_fast32_t
	jpc_siz_t numcomps:uint_fast16_t
	jpc_siz_t comps:jpc_sizcomp_t *
Error at line 664 in def_file: no semi-colon!
Error at line 667 in def_file: no semi-colon!
Error at line 670 in def_file: no semi-colon!
Error at line 673 in def_file: no semi-colon!
Error at line 676 in def_file: no semi-colon!
Error at line 679 in def_file: no semi-colon!
	jpc_poc_t numpchgs:int
	jpc_poc_t pchgs:jpc_pocpchg_t *
	jpc_unk_t data:unsigned char *
	jpc_unk_t len:uint_fast16_t
	jpc_ppm_t ind:uint_fast8_t
	jpc_ppm_t len:uint_fast16_t
	jpc_ppm_t data:unsigned char *
	jpc_crg_t numcomps:int
	jpc_crg_t comps:jpc_crgcomp_t *
	jpc_crgcomp_t hoff:uint_fast16_t
	jpc_crgcomp_t voff:uint_fast16_t
	jpc_tsfb_band_t xstart:int
	jpc_tsfb_band_t ystart:int
	jpc_tsfb_band_t xend:int
	jpc_tsfb_band_t yend:int
	jpc_tsfb_band_t orient:int
	jpc_tsfb_band_t locxstart:int
	jpc_tsfb_band_t locystart:int
	jpc_tsfb_band_t locxend:int
	jpc_tsfb_band_t locyend:int
	jpc_tsfb_band_t synenergywt:jpc_fix_t
	jpc_dec_importopts_t debug:int
	jpc_dec_importopts_t maxlyrs:int
	jpc_dec_importopts_t maxpkts:int
	jas_tvparser_t buf:char *
	jas_tvparser_t tag:char *
	jas_tvparser_t val:char *
	jas_tvparser_t pos:char *
Error at line 733 in def_file
Error at line 736 in def_file: no semi-colon!
Error at line 739 in def_file: no semi-colon!
Error at line 742 in def_file: no semi-colon!
Error at line 745 in def_file: no semi-colon!
Error at line 747 in def_file: no semi-colon!
Error at line 749 in def_file: no semi-colon!
Error at line 751 in def_file: no semi-colon!
Error at line 753 in def_file: no semi-colon!
Error at line 755 in def_file: no semi-colon!
	jpc_enc_cblk_t numpasses:int
	jpc_enc_cblk_t passes:jpc_enc_pass_t *
	jpc_enc_cblk_t numencpasses:int
	jpc_enc_cblk_t numimsbs:int
	jpc_enc_cblk_t numlenbits:int
	jpc_enc_cblk_t stream:jas_stream_t *
	jpc_enc_cblk_t mqenc:jpc_mqenc_t *
	jpc_enc_cblk_t data:jas_matrix_t *
	jpc_enc_cblk_t flags:jas_matrix_t *
	jpc_enc_cblk_t numbps:int
	jpc_enc_cblk_t curpass:jpc_enc_pass_t *
	jpc_enc_prc_s savedcurpass:jpc_enc_pass_t *
	jpc_enc_prc_s savednumlenbits:int
	jpc_enc_prc_s savednumencpasses:int
	jpc_mqenc_t creg:uint_fast32_t
	jpc_mqenc_t areg:uint_fast32_t
	jpc_mqenc_t ctreg:uint_fast32_t
	jpc_mqenc_t maxctxs:int
	jpc_mqenc_t ctxs:jpc_mqstate_t **
	jpc_mqenc_t curctx:jpc_mqstate_t **
	jpc_mqenc_t out:jas_stream_t *
	jpc_mqenc_t outbuf:int_fast16_t
	jpc_mqenc_t lastbyte:int_fast16_t
	jpc_mqenc_t err:int
	jpc_enc_pass_t start:int
	jpc_enc_pass_t end:int
	jpc_enc_pass_t type:int
	jpc_enc_pass_t term:int
	jpc_enc_pass_t mqencstate:jpc_mqencstate_t
	jpc_enc_pass_t areg:unsigned int
	jpc_enc_pass_t creg:unsigned int
	jpc_enc_pass_t ctreg:unsigned int
	jpc_enc_pass_t lastbyte:int
	jpc_enc_pass_t lyrno:int
	jpc_enc_pass_t rdslope:jpc_flt_t
	jpc_enc_pass_t wmsedec:jpc_flt_t
	jpc_enc_pass_t cumwmsedec:jpc_flt_t
	jpc_enc_pass_t nmsedec:long int
	jpc_mqencstate_t areg:unsigned int
	jpc_mqencstate_t creg:unsigned int
	jpc_mqencstate_t ctreg:unsigned int
	jpc_mqencstate_t lastbyte:int
Error at line 812 in def_file
Error at line 814 in def_file
Error at line 816 in def_file
Error at line 818 in def_file
Error at line 820 in def_file
Error at line 822 in def_file
Error at line 824 in def_file
Error at line 826 in def_file
	JQUANT_TBL quantval:UINT16 [64]
	JQUANT_TBL None:<range type>
	JQUANT_TBL sent_table:boolean
	JHUFF_TBL bits:UINT8 [17]
	JHUFF_TBL None:<range type>
	JHUFF_TBL huffval:UINT8 [256]
	JHUFF_TBL None:<range type>
	JHUFF_TBL sent_table:boolean
	jpeg_component_info component_id:int
	jpeg_component_info component_index:int
	jpeg_component_info h_samp_factor:int
	jpeg_component_info v_samp_factor:int
	jpeg_component_info quant_tbl_no:int
	jpeg_component_info dc_tbl_no:int
	jpeg_component_info ac_tbl_no:int
	jpeg_component_info width_in_blocks:JDIMENSION
	jpeg_component_info height_in_blocks:JDIMENSION
	jpeg_component_info DCT_h_scaled_size:int
	jpeg_component_info DCT_v_scaled_size:int
	jpeg_component_info downsampled_width:JDIMENSION
	jpeg_component_info downsampled_height:JDIMENSION
	jpeg_component_info component_needed:boolean
	jpeg_component_info MCU_width:int
	jpeg_component_info MCU_height:int
	jpeg_component_info MCU_blocks:int
	jpeg_component_info MCU_sample_width:int
	jpeg_component_info last_col_width:int
	jpeg_component_info last_row_height:int
	jpeg_component_info quant_table:JQUANT_TBL *
	jpeg_component_info dct_table:void *
Error at line 867 in def_file
Error at line 869 in def_file
Error at line 871 in def_file
Error at line 873 in def_file
Error at line 875 in def_file
Error at line 877 in def_file
Error at line 879 in def_file
Error at line 881 in def_file
Error at line 883 in def_file
Error at line 885 in def_file
Error at line 887 in def_file
Error at line 889 in def_file
Error at line 891 in def_file
Error at line 893 in def_file
Error at line 895 in def_file
Error at line 897 in def_file
Error at line 899 in def_file
Error at line 901 in def_file
Error at line 903 in def_file
Error at line 905 in def_file
Error at line 907 in def_file
Error at line 909 in def_file
Error at line 911 in def_file
Error at line 913 in def_file
	jpeg_scan_info comps_in_scan:int
	jpeg_scan_info component_index:int [4]
	jpeg_scan_info None:<range type>
	jpeg_scan_info Ss:int
	jpeg_scan_info Se:int
	jpeg_scan_info Ah:int
	jpeg_scan_info Al:int
Error at line 925 in def_file
	jpg_encopts_t qual:int
	mif_hdr_t magic:uint_fast32_t
	mif_hdr_t numcmpts:int
	mif_hdr_t maxcmpts:int
	mif_hdr_t cmpts:mif_cmpt_t **
	mif_cmpt_t tlx:int_fast32_t
	mif_cmpt_t tly:int_fast32_t
	mif_cmpt_t width:int_fast32_t
	mif_cmpt_t height:int_fast32_t
	mif_cmpt_t sampperx:int_fast32_t
	mif_cmpt_t samppery:int_fast32_t
	mif_cmpt_t prec:int_fast16_t
	mif_cmpt_t sgnd:int_fast16_t
	mif_cmpt_t data:char *
	pgx_hdr_t magic:uint_fast16_t
	pgx_hdr_t bigendian:_Bool
	pgx_hdr_t sgnd:_Bool
	pgx_hdr_t prec:uint_fast32_t
	pgx_hdr_t width:uint_fast32_t
	pgx_hdr_t height:uint_fast32_t
	pnm_hdr_t magic:int
	pnm_hdr_t width:int
	pnm_hdr_t height:int
	pnm_hdr_t numcmpts:int
	pnm_hdr_t maxval:int
	pnm_hdr_t sgnd:_Bool
	pnm_encopts_t bin:_Bool
	ras_hdr_t magic:int_fast32_t
	ras_hdr_t width:int_fast32_t
	ras_hdr_t height:int_fast32_t
	ras_hdr_t depth:int_fast32_t
	ras_hdr_t length:int_fast32_t
	ras_hdr_t type:int_fast32_t
	ras_hdr_t maptype:int_fast32_t
	ras_hdr_t maplength:int_fast32_t
	ras_cmap_t len:int
	ras_cmap_t data:int [256]
	ras_cmap_t None:<range type>
	jas_icccurv_t numents:jas_iccuint32_t
	jas_icccurv_t ents:jas_iccuint16_t *
Error at line 995 in def_file: no semi-colon!
	jas_icctxt_t string:char *
Error at line 1002 in def_file: no semi-colon!
KLEE: Using Z3 solver backend
global variable cmdname
	1 elements of 8bytes
global variable opts
	6 elements of 24bytes
global variable .str.9
	5 elements of 1bytes
global variable .str.10
	8 elements of 1bytes
global variable .str.11
	8 elements of 1bytes
global variable .str.12
	2 elements of 1bytes
global variable .str.13
	12 elements of 1bytes
global variable .str
	4 elements of 1bytes
global variable .str.1
	9 elements of 1bytes
global variable .str.17
	41 elements of 1bytes
global variable .str.18
	62 elements of 1bytes
global variable .str.14
	8 elements of 1bytes
global variable .str.15
	4 elements of 1bytes
global variable .str.16
	17 elements of 1bytes
global variable .str.2
	3 elements of 1bytes
global variable .str.3
	33 elements of 1bytes
global variable .str.4
	28 elements of 1bytes
global variable .str.5
	22 elements of 1bytes
global variable .str.6
	19 elements of 1bytes
global variable .str.7
	34 elements of 1bytes
global variable .str.8
	20 elements of 1bytes
global variable jas_dbglevel
	1 elements of 4bytes
global variable .str.19
	7 elements of 1bytes
global variable .str.1.20
	6 elements of 1bytes
global variable .str.2.21
	2 elements of 1bytes
global variable jas_optind
	1 elements of 4bytes
global variable jas_opterr
	1 elements of 4bytes
global variable jas_optarg
	1 elements of 8bytes
global variable .str.26
	24 elements of 1bytes
global variable .str.1.27
	25 elements of 1bytes
global variable .str.2.28
	32 elements of 1bytes
global variable jas_image_fmtinfos
	32 elements of 56bytes
global variable jas_image_numfmts
	1 elements of 4bytes
global variable .str.37
	30 elements of 1bytes
global variable .str.1.38
	12 elements of 1bytes
global variable __PRETTY_FUNCTION__.jas_image_addfmt
	72 elements of 1bytes
global variable .str.2.43
	42 elements of 1bytes
global variable __PRETTY_FUNCTION__.jas_image_addcmpt
	66 elements of 1bytes
global variable .str.3.44
	32 elements of 1bytes
global variable .str.11.45
	44 elements of 1bytes
global variable __PRETTY_FUNCTION__.getint
	45 elements of 1bytes
global variable .str.12.46
	10 elements of 1bytes
global variable __PRETTY_FUNCTION__.decode_twos_comp
	42 elements of 1bytes
global variable .str.13.47
	46 elements of 1bytes
global variable .str.4.48
	14 elements of 1bytes
global variable .str.5.49
	2 elements of 1bytes
global variable __PRETTY_FUNCTION__.putint
	43 elements of 1bytes
global variable __PRETTY_FUNCTION__.encode_twos_comp
	42 elements of 1bytes
global variable .str.14.50
	9 elements of 1bytes
global variable .str.6.51
	41 elements of 1bytes
global variable __PRETTY_FUNCTION__.jas_image_sampcmpt
	134 elements of 1bytes
global variable .str.7.52
	41 elements of 1bytes
global variable .str.15.53
	7 elements of 1bytes
global variable __PRETTY_FUNCTION__.downtomult
	28 elements of 1bytes
global variable __PRETTY_FUNCTION__.uptomult
	26 elements of 1bytes
global variable .str.8.54
	76 elements of 1bytes
global variable .str.9.55
	28 elements of 1bytes
global variable __PRETTY_FUNCTION__.jas_image_chclrspc
	68 elements of 1bytes
global variable .str.10.56
	7 elements of 1bytes
global variable .str.59
	4 elements of 1bytes
global variable .str.1.60
	22 elements of 1bytes
global variable .str.2.61
	4 elements of 1bytes
global variable .str.3.62
	30 elements of 1bytes
global variable .str.4.63
	4 elements of 1bytes
global variable .str.5.64
	4 elements of 1bytes
global variable .str.6.65
	4 elements of 1bytes
global variable .str.7.66
	23 elements of 1bytes
global variable .str.8.67
	4 elements of 1bytes
global variable .str.9.68
	21 elements of 1bytes
global variable .str.10.69
	4 elements of 1bytes
global variable .str.11.70
	51 elements of 1bytes
global variable .str.12.71
	4 elements of 1bytes
global variable .str.13.72
	47 elements of 1bytes
global variable .str.14.73
	4 elements of 1bytes
global variable .str.15.74
	23 elements of 1bytes
global variable .str.16.75
	4 elements of 1bytes
global variable .str.17.76
	26 elements of 1bytes
global variable .str.79
	17 elements of 1bytes
global variable .str.1.80
	23 elements of 1bytes
global variable .str.2.81
	22 elements of 1bytes
global variable .str.3.82
	28 elements of 1bytes
global variable .str.4.85
	14 elements of 1bytes
global variable .str.91
	33 elements of 1bytes
global variable .str.1.92
	10 elements of 1bytes
global variable __PRETTY_FUNCTION__.jas_seq2d_create
	51 elements of 1bytes
global variable .str.2.94
	35 elements of 1bytes
global variable __PRETTY_FUNCTION__.jas_matrix_destroy
	40 elements of 1bytes
global variable .str.3.95
	2 elements of 1bytes
global variable __PRETTY_FUNCTION__.jas_seq2d_copy
	43 elements of 1bytes
global variable .str.4.96
	14 elements of 1bytes
global variable __PRETTY_FUNCTION__.jas_matrix_divpow2
	45 elements of 1bytes
global variable __PRETTY_FUNCTION__.jas_matrix_clip
	65 elements of 1bytes
global variable .str.5.97
	7 elements of 1bytes
global variable __PRETTY_FUNCTION__.jas_matrix_asr
	41 elements of 1bytes
global variable .str.13.98
	49 elements of 1bytes
global variable __PRETTY_FUNCTION__.jas_fast32_asr
	38 elements of 1bytes
global variable __PRETTY_FUNCTION__.jas_matrix_asl
	41 elements of 1bytes
global variable __PRETTY_FUNCTION__.jas_fast32_asl
	38 elements of 1bytes
global variable __PRETTY_FUNCTION__.jas_matrix_setall
	53 elements of 1bytes
global variable .str.6.101
	6 elements of 1bytes
global variable .str.7.102
	4 elements of 1bytes
global variable .str.8.103
	9 elements of 1bytes
global variable .str.10.104
	2 elements of 1bytes
global variable .str.11.105
	1 elements of 1bytes
global variable .str.9.106
	7 elements of 1bytes
global variable .str.12.107
	2 elements of 1bytes
global variable .str.17.110
	18 elements of 1bytes
global variable .str.1.111
	13 elements of 1bytes
global variable __PRETTY_FUNCTION__.jas_stream_initbuf
	58 elements of 1bytes
global variable .str.18.112
	32 elements of 1bytes
global variable .str.19.113
	5 elements of 1bytes
global variable jas_stream_memops
	1 elements of 32bytes
global variable .str.12.114
	9 elements of 1bytes
global variable __PRETTY_FUNCTION__.mem_read
	46 elements of 1bytes
global variable .str.13.115
	4 elements of 1bytes
global variable __PRETTY_FUNCTION__.mem_write
	47 elements of 1bytes
global variable .str.14.116
	16 elements of 1bytes
global variable .str.16.117
	13 elements of 1bytes
global variable __PRETTY_FUNCTION__.mem_resize
	43 elements of 1bytes
global variable .str.15.118
	11 elements of 1bytes
global variable .str.7.123
	39 elements of 1bytes
global variable __PRETTY_FUNCTION__.jas_stream_flushbuf
	45 elements of 1bytes
global variable .str.6.124
	17 elements of 1bytes
global variable jas_stream_fileops
	1 elements of 32bytes
global variable jas_stream_sfileops
	1 elements of 32bytes
global variable .str.131
	76 elements of 1bytes
global variable __PRETTY_FUNCTION__.jas_stream_getc_func
	41 elements of 1bytes
global variable .str.5.134
	43 elements of 1bytes
global variable __PRETTY_FUNCTION__.jas_stream_fillbuf
	44 elements of 1bytes
global variable .str.2.135
	53 elements of 1bytes
global variable __PRETTY_FUNCTION__.jas_stream_putc_func
	46 elements of 1bytes
global variable .str.3.136
	12 elements of 1bytes
global variable __PRETTY_FUNCTION__.jas_stream_gets
	51 elements of 1bytes
global variable .str.4.141
	82 elements of 1bytes
global variable __PRETTY_FUNCTION__.jas_stream_seek
	48 elements of 1bytes
global variable .str.8.144
	6 elements of 1bytes
global variable .str.9.145
	6 elements of 1bytes
global variable .str.10.146
	4 elements of 1bytes
global variable .str.11.147
	2 elements of 1bytes
global variable .str.152
	39 elements of 1bytes
global variable .str.1.153
	220 elements of 1bytes
global variable .str.2.154
	19 elements of 1bytes
global variable .str.3.155
	58 elements of 1bytes
global variable .str.10.156
	26 elements of 1bytes
global variable .str.4.157
	17 elements of 1bytes
global variable .str.5.158
	145 elements of 1bytes
global variable .str.6.159
	20 elements of 1bytes
global variable .str.7.160
	33 elements of 1bytes
global variable .str.8.161
	36 elements of 1bytes
global variable .str.9.162
	35 elements of 1bytes
global variable .str.11.163
	38 elements of 1bytes
global variable .str.12.164
	10 elements of 1bytes
global variable __PRETTY_FUNCTION__.bmp_getdata
	61 elements of 1bytes
global variable .str.13.165
	29 elements of 1bytes
global variable .str.170
	39 elements of 1bytes
global variable .str.1.171
	27 elements of 1bytes
global variable .str.2.172
	48 elements of 1bytes
global variable .str.3.173
	32 elements of 1bytes
global variable .str.4.174
	73 elements of 1bytes
global variable .str.5.175
	24 elements of 1bytes
global variable .str.6.176
	10 elements of 1bytes
global variable __PRETTY_FUNCTION__.bmp_puthdr
	44 elements of 1bytes
global variable .str.7.177
	9 elements of 1bytes
global variable __PRETTY_FUNCTION__.bmp_putint32
	47 elements of 1bytes
global variable .str.8.178
	44 elements of 1bytes
global variable .str.181
	23 elements of 1bytes
global variable .str.1.182
	32 elements of 1bytes
global variable .str.2.183
	24 elements of 1bytes
global variable .str.3.184
	25 elements of 1bytes
global variable .str.4.185
	17 elements of 1bytes
global variable .str.5.186
	29 elements of 1bytes
global variable .str.6.187
	34 elements of 1bytes
global variable .str.7.188
	25 elements of 1bytes
global variable .str.8.189
	40 elements of 1bytes
global variable .str.9.190
	22 elements of 1bytes
global variable .str.10.191
	39 elements of 1bytes
global variable .str.11.192
	37 elements of 1bytes
global variable .str.12.193
	31 elements of 1bytes
global variable .str.13.194
	20 elements of 1bytes
global variable .str.14.195
	36 elements of 1bytes
global variable .str.15.196
	21 elements of 1bytes
global variable .str.16.197
	20 elements of 1bytes
global variable .str.17.198
	10 elements of 1bytes
global variable __PRETTY_FUNCTION__.jp2_decode
	48 elements of 1bytes
global variable .str.18.199
	51 elements of 1bytes
global variable .str.19.200
	51 elements of 1bytes
global variable .str.20
	45 elements of 1bytes
global variable .str.21
	31 elements of 1bytes
global variable .str.22
	18 elements of 1bytes
global variable .str.23
	43 elements of 1bytes
global variable .str.205
	8 elements of 1bytes
global variable .str.1.206
	10 elements of 1bytes
global variable __PRETTY_FUNCTION__.jp2_encode
	54 elements of 1bytes
global variable .str.2.207
	10 elements of 1bytes
global variable .str.3.208
	11 elements of 1bytes
global variable .str.5.209
	1 elements of 1bytes
global variable .str.4.210
	21 elements of 1bytes
global variable jpc_mstab
	20 elements of 48bytes
global variable .str.4.211
	4 elements of 1bytes
global variable .str.5.212
	4 elements of 1bytes
global variable .str.24
	53 elements of 1bytes
global variable .str.6.213
	4 elements of 1bytes
global variable .str.7.214
	4 elements of 1bytes
global variable .str.8.215
	4 elements of 1bytes
global variable .str.25
	38 elements of 1bytes
global variable .str.26.216
	28 elements of 1bytes
global variable .str.27
	47 elements of 1bytes
global variable .str.28
	32 elements of 1bytes
global variable .str.29
	32 elements of 1bytes
global variable .str.30
	33 elements of 1bytes
global variable .str.31
	33 elements of 1bytes
global variable .str.32
	24 elements of 1bytes
global variable .str.33
	24 elements of 1bytes
global variable .str.34
	80 elements of 1bytes
global variable .str.35
	9 elements of 1bytes
global variable __PRETTY_FUNCTION__.jpc_siz_putparms
	65 elements of 1bytes
global variable .str.36
	17 elements of 1bytes
global variable .str.37.217
	52 elements of 1bytes
global variable .str.38
	68 elements of 1bytes
global variable .str.39
	17 elements of 1bytes
global variable .str.40
	62 elements of 1bytes
global variable .str.9.218
	4 elements of 1bytes
global variable .str.41
	50 elements of 1bytes
global variable __PRETTY_FUNCTION__.jpc_cod_putparms
	65 elements of 1bytes
global variable .str.42
	55 elements of 1bytes
global variable .str.43
	26 elements of 1bytes
global variable __PRETTY_FUNCTION__.jpc_cox_putcompparms
	89 elements of 1bytes
global variable .str.44
	16 elements of 1bytes
global variable .str.45
	42 elements of 1bytes
global variable .str.46
	26 elements of 1bytes
global variable .str.47
	58 elements of 1bytes
global variable .str.48
	39 elements of 1bytes
global variable .str.10.219
	4 elements of 1bytes
global variable .str.49
	30 elements of 1bytes
global variable __PRETTY_FUNCTION__.jpc_coc_putparms
	65 elements of 1bytes
global variable .str.50
	45 elements of 1bytes
global variable .str.51
	71 elements of 1bytes
global variable .str.11.220
	4 elements of 1bytes
global variable .str.52
	42 elements of 1bytes
global variable .str.12.221
	4 elements of 1bytes
global variable .str.53
	24 elements of 1bytes
global variable __PRETTY_FUNCTION__.jpc_qcx_getcompparms
	87 elements of 1bytes
global variable .str.54
	47 elements of 1bytes
global variable .str.55
	39 elements of 1bytes
global variable .str.13.222
	4 elements of 1bytes
global variable .str.56
	61 elements of 1bytes
global variable .str.14.223
	4 elements of 1bytes
global variable .str.57
	14 elements of 1bytes
global variable .str.58
	29 elements of 1bytes
global variable .str.59.224
	27 elements of 1bytes
global variable .str.60
	14 elements of 1bytes
global variable .str.15.225
	4 elements of 1bytes
global variable .str.16.226
	4 elements of 1bytes
global variable .str.17.227
	4 elements of 1bytes
global variable .str.61
	20 elements of 1bytes
global variable .str.62
	8 elements of 1bytes
global variable .str.18.228
	4 elements of 1bytes
global variable .str.19.229
	4 elements of 1bytes
global variable .str.63
	14 elements of 1bytes
global variable .str.20.230
	4 elements of 1bytes
global variable .str.21.231
	4 elements of 1bytes
global variable .str.64
	32 elements of 1bytes
global variable .str.22.232
	4 elements of 1bytes
global variable .str.65
	14 elements of 1bytes
global variable .str.66
	8 elements of 1bytes
global variable .str.3.233
	2 elements of 1bytes
global variable .str.23.234
	8 elements of 1bytes
global variable .str.67
	6 elements of 1bytes
global variable .str.1.235
	21 elements of 1bytes
global variable .str.2.236
	12 elements of 1bytes
global variable .str.237
	57 elements of 1bytes
global variable jpc_dec_mstab
	20 elements of 24bytes
global variable .str.10.240
	43 elements of 1bytes
global variable .str.11.241
	10 elements of 1bytes
global variable .str.4.242
	10 elements of 1bytes
global variable __PRETTY_FUNCTION__.jpc_dec_process_sot
	49 elements of 1bytes
global variable .str.16.243
	21 elements of 1bytes
global variable __PRETTY_FUNCTION__.calcstepsizes
	56 elements of 1bytes
global variable .str.17.244
	98 elements of 1bytes
global variable .str.18.245
	14 elements of 1bytes
global variable __PRETTY_FUNCTION__.jpc_dec_tileinit
	52 elements of 1bytes
global variable .str.19.246
	18 elements of 1bytes
global variable .str.20.247
	5 elements of 1bytes
global variable .str.21.248
	29 elements of 1bytes
global variable __PRETTY_FUNCTION__.jpc_dec_dump
	38 elements of 1bytes
global variable .str.22.249
	31 elements of 1bytes
global variable .str.23.250
	21 elements of 1bytes
global variable .str.24.251
	58 elements of 1bytes
global variable .str.25.252
	31 elements of 1bytes
global variable .str.26.253
	9 elements of 1bytes
global variable .str.27.254
	33 elements of 1bytes
global variable .str.28.255
	12 elements of 1bytes
global variable .str.29.256
	58 elements of 1bytes
global variable .str.30.257
	29 elements of 1bytes
global variable .str.31.258
	21 elements of 1bytes
global variable .str.32.259
	29 elements of 1bytes
global variable .str.33.260
	15 elements of 1bytes
global variable .str.12.261
	27 elements of 1bytes
global variable .str.13.262
	48 elements of 1bytes
global variable .str.14.263
	12 elements of 1bytes
global variable .str.15.264
	43 elements of 1bytes
global variable .str.34.265
	28 elements of 1bytes
global variable .str.39.266
	77 elements of 1bytes
global variable .str.40.267
	39 elements of 1bytes
global variable .str.41.268
	17 elements of 1bytes
global variable __PRETTY_FUNCTION__.jpc_dequantize
	47 elements of 1bytes
global variable .str.35.269
	40 elements of 1bytes
global variable .str.36.270
	50 elements of 1bytes
global variable .str.37.271
	40 elements of 1bytes
global variable .str.38.272
	24 elements of 1bytes
global variable .str.42.274
	48 elements of 1bytes
global variable .str.43.275
	48 elements of 1bytes
global variable .str.44.276
	48 elements of 1bytes
global variable .str.45.277
	48 elements of 1bytes
global variable .str.46.278
	42 elements of 1bytes
global variable decopts
	4 elements of 16bytes
global variable .str.279
	8 elements of 1bytes
global variable .str.1.280
	8 elements of 1bytes
global variable .str.2.281
	6 elements of 1bytes
global variable .str.5.284
	1 elements of 1bytes
global variable .str.6.285
	37 elements of 1bytes
global variable .str.7.286
	27 elements of 1bytes
global variable .str.8.287
	9 elements of 1bytes
global variable __PRETTY_FUNCTION__.jpc_dec_decode
	32 elements of 1bytes
global variable .str.9.288
	32 elements of 1bytes
global variable .str.3.289
	34 elements of 1bytes
global variable __PRETTY_FUNCTION__.jpc_streamlist_get
	58 elements of 1bytes
global variable encopts
	28 elements of 16bytes
global variable .str.290
	6 elements of 1bytes
global variable .str.1.291
	11 elements of 1bytes
global variable .str.2.292
	11 elements of 1bytes
global variable .str.3.293
	11 elements of 1bytes
global variable .str.4.294
	11 elements of 1bytes
global variable .str.5.295
	10 elements of 1bytes
global variable .str.6.296
	11 elements of 1bytes
global variable .str.7.297
	9 elements of 1bytes
global variable .str.8.298
	10 elements of 1bytes
global variable .str.9.299
	10 elements of 1bytes
global variable .str.10.300
	11 elements of 1bytes
global variable .str.11.301
	5 elements of 1bytes
global variable .str.12.302
	4 elements of 1bytes
global variable .str.13.303
	6 elements of 1bytes
global variable .str.14.304
	9 elements of 1bytes
global variable .str.15.305
	4 elements of 1bytes
global variable .str.16.306
	4 elements of 1bytes
global variable .str.17.307
	5 elements of 1bytes
global variable .str.18.308
	8 elements of 1bytes
global variable .str.19.309
	7 elements of 1bytes
global variable .str.20.310
	8 elements of 1bytes
global variable .str.21.311
	6 elements of 1bytes
global variable .str.22.312
	10 elements of 1bytes
global variable .str.23.313
	9 elements of 1bytes
global variable .str.24.314
	5 elements of 1bytes
global variable .str.25.315
	10 elements of 1bytes
global variable .str.26.316
	13 elements of 1bytes
global variable prgordtab
	6 elements of 16bytes
global variable .str.27.317
	5 elements of 1bytes
global variable .str.28.318
	5 elements of 1bytes
global variable .str.29.319
	5 elements of 1bytes
global variable .str.30.320
	5 elements of 1bytes
global variable .str.31.321
	5 elements of 1bytes
global variable modetab
	3 elements of 16bytes
global variable .str.32.322
	4 elements of 1bytes
global variable .str.33.323
	5 elements of 1bytes
global variable .str.55.326
	24 elements of 1bytes
global variable .str.56.327
	1 elements of 1bytes
global variable .str.57.328
	26 elements of 1bytes
global variable .str.58.329
	39 elements of 1bytes
global variable .str.59.330
	32 elements of 1bytes
global variable .str.60.331
	66 elements of 1bytes
global variable .str.61.332
	37 elements of 1bytes
global variable .str.62.333
	38 elements of 1bytes
global variable .str.63.334
	38 elements of 1bytes
global variable .str.64.335
	41 elements of 1bytes
global variable .str.65.336
	24 elements of 1bytes
global variable .str.66.337
	25 elements of 1bytes
global variable .str.67.338
	37 elements of 1bytes
global variable .str.68
	42 elements of 1bytes
global variable .str.69
	24 elements of 1bytes
global variable .str.70
	25 elements of 1bytes
global variable .str.71
	29 elements of 1bytes
global variable .str.72
	30 elements of 1bytes
global variable .str.73
	27 elements of 1bytes
global variable .str.74
	17 elements of 1bytes
global variable .str.75
	39 elements of 1bytes
global variable .str.76
	30 elements of 1bytes
global variable .str.77
	59 elements of 1bytes
global variable .str.78
	54 elements of 1bytes
global variable .str.79.339
	66 elements of 1bytes
global variable .str.34.340
	28 elements of 1bytes
global variable .str.80
	25 elements of 1bytes
global variable .str.81
	11 elements of 1bytes
global variable .str.37.341
	10 elements of 1bytes
global variable __PRETTY_FUNCTION__.jpc_enc_encodemainhdr
	39 elements of 1bytes
global variable .str.82
	25 elements of 1bytes
global variable .str.83
	27 elements of 1bytes
global variable .str.84
	25 elements of 1bytes
global variable .str.86
	20 elements of 1bytes
global variable __PRETTY_FUNCTION__.jpc_abstorelstepsize
	51 elements of 1bytes
global variable .str.87
	21 elements of 1bytes
global variable .str.85
	25 elements of 1bytes
global variable .str.94
	36 elements of 1bytes
global variable __PRETTY_FUNCTION__.tcmpt_create
	98 elements of 1bytes
global variable .str.95
	39 elements of 1bytes
global variable __PRETTY_FUNCTION__.cblk_create
	79 elements of 1bytes
global variable .str.50.342
	25 elements of 1bytes
global variable .str.51.343
	26 elements of 1bytes
global variable .str.52.344
	28 elements of 1bytes
global variable .str.53.345
	39 elements of 1bytes
global variable .str.54.346
	31 elements of 1bytes
global variable .str.88
	36 elements of 1bytes
global variable __PRETTY_FUNCTION__.jpc_enc_encodemainbody
	40 elements of 1bytes
global variable .str.89
	46 elements of 1bytes
global variable .str.90
	22 elements of 1bytes
global variable .str.91.347
	25 elements of 1bytes
global variable .str.92
	25 elements of 1bytes
global variable .str.39.348
	6 elements of 1bytes
global variable __PRETTY_FUNCTION__.calcrdslopes
	36 elements of 1bytes
global variable .str.42.349
	35 elements of 1bytes
global variable .str.43.350
	21 elements of 1bytes
global variable __PRETTY_FUNCTION__.rateallocate
	52 elements of 1bytes
global variable .str.44.351
	12 elements of 1bytes
global variable .str.45.352
	9 elements of 1bytes
global variable .str.46.353
	40 elements of 1bytes
global variable .str.47.354
	32 elements of 1bytes
global variable .str.48.355
	26 elements of 1bytes
global variable .str.40.356
	14 elements of 1bytes
global variable .str.41.357
	83 elements of 1bytes
global variable .str.49.358
	27 elements of 1bytes
global variable .str.36.359
	15 elements of 1bytes
global variable __PRETTY_FUNCTION__.jpc_enc_encodetiledata
	40 elements of 1bytes
global variable .str.93
	15 elements of 1bytes
global variable .str.35.360
	25 elements of 1bytes
global variable .str.38.361
	74 elements of 1bytes
global variable .str.364
	6 elements of 1bytes
global variable .str.1.365
	11 elements of 1bytes
global variable __PRETTY_FUNCTION__.jpc_floorlog2
	23 elements of 1bytes
global variable .str.2.368
	7 elements of 1bytes
global variable __PRETTY_FUNCTION__.jpc_firstone
	22 elements of 1bytes
global variable .str.371
	145 elements of 1bytes
global variable .str.1.372
	10 elements of 1bytes
global variable __PRETTY_FUNCTION__.jpc_rct
	61 elements of 1bytes
global variable .str.4.374
	7 elements of 1bytes
global variable .str.5.375
	49 elements of 1bytes
global variable __PRETTY_FUNCTION__.jas_fast32_asl.376
	38 elements of 1bytes
global variable __PRETTY_FUNCTION__.jas_fast32_asr.378
	38 elements of 1bytes
global variable __PRETTY_FUNCTION__.jpc_irct
	62 elements of 1bytes
global variable .str.2.383
	71 elements of 1bytes
global variable __PRETTY_FUNCTION__.jpc_ict
	61 elements of 1bytes
global variable .str.3.384
	71 elements of 1bytes
global variable __PRETTY_FUNCTION__.jpc_iict
	62 elements of 1bytes
global variable .str.389
	12 elements of 1bytes
global variable .str.1.390
	12 elements of 1bytes
global variable __PRETTY_FUNCTION__.jpc_mqdec_create
	51 elements of 1bytes
global variable .str.2.393
	27 elements of 1bytes
global variable .str.3.394
	22 elements of 1bytes
global variable .str.4.395
	39 elements of 1bytes
global variable .str.5.396
	12 elements of 1bytes
global variable .str.6.397
	28 elements of 1bytes
global variable .str.400
	26 elements of 1bytes
global variable .str.1.401
	41 elements of 1bytes
global variable .str.2.402
	38 elements of 1bytes
global variable jpc_zcctxnolut
	1024 elements of 4bytes
global variable jpc_spblut
	256 elements of 4bytes
global variable jpc_scctxnolut
	256 elements of 4bytes
global variable jpc_magctxnolut
	4096 elements of 4bytes
global variable jpc_signmsedec
	128 elements of 8bytes
global variable jpc_signmsedec0
	128 elements of 8bytes
global variable jpc_refnmsedec
	128 elements of 8bytes
global variable jpc_refnmsedec0
	128 elements of 8bytes
global variable jpc_mqctxs
	19 elements of 16bytes
global variable .str.403
	2 elements of 1bytes
global variable .str.1.404
	12 elements of 1bytes
global variable __PRETTY_FUNCTION__.JPC_PASSTYPE
	22 elements of 1bytes
global variable .str.2.407
	22 elements of 1bytes
global variable __PRETTY_FUNCTION__.JPC_NOMINALGAIN
	40 elements of 1bytes
global variable .str.3.408
	22 elements of 1bytes
global variable __PRETTY_FUNCTION__.JPC_SEGPASSCNT
	44 elements of 1bytes
global variable .str.5.411
	18 elements of 1bytes
global variable __PRETTY_FUNCTION__.jpc_getzcctxno
	29 elements of 1bytes
global variable .str.6.412
	43 elements of 1bytes
global variable __PRETTY_FUNCTION__.jpc_getscctxno
	24 elements of 1bytes
global variable .str.7.413
	18 elements of 1bytes
global variable .str.8.414
	19 elements of 1bytes
global variable __PRETTY_FUNCTION__.jpc_getmagctxno
	25 elements of 1bytes
global variable .str.4.415
	31 elements of 1bytes
global variable __PRETTY_FUNCTION__.jpc_getsignmsedec_func
	49 elements of 1bytes
global variable .str.418
	46 elements of 1bytes
global variable .str.1.419
	12 elements of 1bytes
global variable __PRETTY_FUNCTION__.jpc_dec_decodecblk
	119 elements of 1bytes
global variable .str.2.420
	12 elements of 1bytes
global variable .str.3.421
	25 elements of 1bytes
global variable .str.4.422
	2 elements of 1bytes
global variable .str.5.423
	2 elements of 1bytes
global variable .str.6.424
	30 elements of 1bytes
global variable .str.7.425
	23 elements of 1bytes
global variable .str.12.426
	38 elements of 1bytes
global variable __PRETTY_FUNCTION__.dec_rawsigpass
	93 elements of 1bytes
global variable .str.13.427
	37 elements of 1bytes
global variable __PRETTY_FUNCTION__.dec_rawrefpass
	93 elements of 1bytes
global variable .str.8.428
	24 elements of 1bytes
global variable .str.14.429
	34 elements of 1bytes
global variable .str.9.430
	43 elements of 1bytes
global variable .str.10.431
	43 elements of 1bytes
global variable .str.11.432
	32 elements of 1bytes
global variable .str.435
	20 elements of 1bytes
global variable .str.1.436
	12 elements of 1bytes
global variable __PRETTY_FUNCTION__.jpc_enc_enccblks
	34 elements of 1bytes
global variable .str.3.437
	13 elements of 1bytes
global variable __PRETTY_FUNCTION__.jpc_enc_enccblk
	104 elements of 1bytes
global variable .str.4.438
	12 elements of 1bytes
global variable .str.5.439
	13 elements of 1bytes
global variable .str.6.440
	16 elements of 1bytes
global variable .str.7.441
	12 elements of 1bytes
global variable .str.8.442
	26 elements of 1bytes
global variable .str.9.443
	2 elements of 1bytes
global variable .str.10.444
	5 elements of 1bytes
global variable .str.11.445
	12 elements of 1bytes
global variable .str.14.446
	41 elements of 1bytes
global variable __PRETTY_FUNCTION__.jpc_encrawsigpass
	96 elements of 1bytes
global variable .str.15.447
	39 elements of 1bytes
global variable .str.16.448
	42 elements of 1bytes
global variable __PRETTY_FUNCTION__.jpc_encrawrefpass
	96 elements of 1bytes
global variable .str.12.449
	25 elements of 1bytes
global variable .str.13.450
	2 elements of 1bytes
global variable .str.2.451
	12 elements of 1bytes
global variable __PRETTY_FUNCTION__.getthebyte
	37 elements of 1bytes
global variable .str.2.456
	32 elements of 1bytes
global variable .str.1.457
	12 elements of 1bytes
global variable __PRETTY_FUNCTION__.jpc_pi_nextrlcp
	32 elements of 1bytes
global variable __PRETTY_FUNCTION__.jpc_pi_nextrpcl
	32 elements of 1bytes
global variable __PRETTY_FUNCTION__.jpc_pi_nextpcrl
	32 elements of 1bytes
global variable __PRETTY_FUNCTION__.jpc_pi_nextcprl
	32 elements of 1bytes
global variable .str.472
	28 elements of 1bytes
global variable __PRETTY_FUNCTION__.jpc_pchglist_remove
	55 elements of 1bytes
global variable .str.481
	51 elements of 1bytes
global variable .str.2.482
	10 elements of 1bytes
global variable .str.3.483
	12 elements of 1bytes
global variable __PRETTY_FUNCTION__.jpc_dec_decodepkts
	68 elements of 1bytes
global variable .str.1.484
	74 elements of 1bytes
global variable .str.4.485
	28 elements of 1bytes
global variable .str.5.486
	2 elements of 1bytes
global variable .str.6.487
	38 elements of 1bytes
global variable __PRETTY_FUNCTION__.jpc_dec_decodepkt
	87 elements of 1bytes
global variable .str.7.488
	2 elements of 1bytes
global variable .str.8.489
	12 elements of 1bytes
global variable .str.9.490
	13 elements of 1bytes
global variable .str.18.491
	37 elements of 1bytes
global variable __PRETTY_FUNCTION__.jpc_getnumnewpasses
	43 elements of 1bytes
global variable .str.10.492
	17 elements of 1bytes
global variable __PRETTY_FUNCTION__.jpc_getcommacode
	40 elements of 1bytes
global variable .str.11.493
	14 elements of 1bytes
global variable .str.12.494
	8 elements of 1bytes
global variable .str.13.495
	18 elements of 1bytes
global variable .str.14.496
	25 elements of 1bytes
global variable .str.15.497
	33 elements of 1bytes
global variable .str.16.498
	28 elements of 1bytes
global variable .str.17.499
	26 elements of 1bytes
global variable .str.14.506
	2 elements of 1bytes
global variable .str.1.507
	12 elements of 1bytes
global variable __PRETTY_FUNCTION__.jpc_init_t2state
	40 elements of 1bytes
global variable .str.15.508
	20 elements of 1bytes
global variable .str.509
	10 elements of 1bytes
global variable __PRETTY_FUNCTION__.jpc_enc_encpkts
	49 elements of 1bytes
global variable .str.2.512
	3 elements of 1bytes
global variable .str.3.513
	5 elements of 1bytes
global variable __PRETTY_FUNCTION__.jpc_enc_encpkt
	68 elements of 1bytes
global variable .str.4.514
	40 elements of 1bytes
global variable .str.5.515
	2 elements of 1bytes
global variable .str.6.516
	10 elements of 1bytes
global variable .str.7.517
	21 elements of 1bytes
global variable .str.8.518
	13 elements of 1bytes
global variable .str.9.519
	38 elements of 1bytes
global variable .str.16.520
	39 elements of 1bytes
global variable __PRETTY_FUNCTION__.jpc_putnumnewpasses
	48 elements of 1bytes
global variable .str.10.521
	17 elements of 1bytes
global variable .str.17.522
	7 elements of 1bytes
global variable __PRETTY_FUNCTION__.jpc_putcommacode
	45 elements of 1bytes
global variable .str.11.523
	68 elements of 1bytes
global variable .str.12.524
	39 elements of 1bytes
global variable .str.13.525
	50 elements of 1bytes
global variable .str.534
	31 elements of 1bytes
global variable .str.1.535
	14 elements of 1bytes
global variable __PRETTY_FUNCTION__.jpc_tagtree_create
	44 elements of 1bytes
global variable .str.2.542
	89 elements of 1bytes
global variable __PRETTY_FUNCTION__.jpc_tagtree_copy
	56 elements of 1bytes
global variable .str.3.545
	11 elements of 1bytes
global variable __PRETTY_FUNCTION__.jpc_tagtree_setvalue
	69 elements of 1bytes
global variable .str.4.550
	5 elements of 1bytes
global variable __PRETTY_FUNCTION__.jpc_tagtree_encode
	85 elements of 1bytes
global variable .str.5.551
	15 elements of 1bytes
global variable .str.6.552
	39 elements of 1bytes
global variable __PRETTY_FUNCTION__.jpc_tagtree_decode
	85 elements of 1bytes
global variable .str.7.555
	37 elements of 1bytes
global variable .str.8.556
	50 elements of 1bytes
global variable jpc_atoaf.delim
	5 elements of 1bytes
global variable .str.569
	2 elements of 1bytes
global variable .str.1.570
	11 elements of 1bytes
global variable __PRETTY_FUNCTION__.jpc_seq_conv
	50 elements of 1bytes
global variable .str.573
	28 elements of 1bytes
global variable .str.1.574
	20 elements of 1bytes
global variable .str.2.575
	60 elements of 1bytes
global variable .str.3.576
	65 elements of 1bytes
global variable .str.4.577
	20 elements of 1bytes
global variable .str.5.578
	26 elements of 1bytes
global variable .str.7.579
	61 elements of 1bytes
global variable .str.8.580
	10 elements of 1bytes
global variable __PRETTY_FUNCTION__.jpg_put_pixel_rows
	68 elements of 1bytes
global variable .str.6.581
	23 elements of 1bytes
global variable jpg_opttab
	2 elements of 16bytes
global variable .str.582
	8 elements of 1bytes
global variable .str.7.585
	1 elements of 1bytes
global variable .str.8.586
	3 elements of 1bytes
global variable .str.9.587
	35 elements of 1bytes
global variable .str.10.588
	37 elements of 1bytes
global variable .str.1.589
	27 elements of 1bytes
global variable .str.2.590
	32 elements of 1bytes
global variable .str.3.591
	48 elements of 1bytes
global variable .str.4.592
	67 elements of 1bytes
global variable .str.5.593
	14 elements of 1bytes
global variable .str.6.594
	10 elements of 1bytes
global variable __PRETTY_FUNCTION__.jpg_encode
	54 elements of 1bytes
global variable mif_tags2
	3 elements of 16bytes
global variable .str.597
	10 elements of 1bytes
global variable .str.1.598
	4 elements of 1bytes
global variable mif_tags
	10 elements of 16bytes
global variable .str.2.599
	4 elements of 1bytes
global variable .str.3.600
	4 elements of 1bytes
global variable .str.4.601
	6 elements of 1bytes
global variable .str.5.602
	7 elements of 1bytes
global variable .str.6.603
	9 elements of 1bytes
global variable .str.7.604
	9 elements of 1bytes
global variable .str.8.605
	5 elements of 1bytes
global variable .str.9.606
	5 elements of 1bytes
global variable .str.10.607
	5 elements of 1bytes
global variable .str.16.610
	22 elements of 1bytes
global variable .str.23.611
	26 elements of 1bytes
global variable .str.24.612
	10 elements of 1bytes
global variable __PRETTY_FUNCTION__.mif_hdr_growcmpts
	40 elements of 1bytes
global variable .str.25.613
	12 elements of 1bytes
global variable __PRETTY_FUNCTION__.mif_getline
	47 elements of 1bytes
global variable .str.17.614
	20 elements of 1bytes
global variable .str.18.615
	25 elements of 1bytes
global variable .str.19.616
	28 elements of 1bytes
global variable .str.20.617
	24 elements of 1bytes
global variable .str.26.618
	25 elements of 1bytes
global variable .str.27.619
	22 elements of 1bytes
global variable .str.28.620
	35 elements of 1bytes
global variable .str.30.621
	24 elements of 1bytes
global variable __PRETTY_FUNCTION__.mif_hdr_addcmpt
	52 elements of 1bytes
global variable .str.29.622
	22 elements of 1bytes
global variable .str.21.623
	34 elements of 1bytes
global variable .str.22.624
	32 elements of 1bytes
global variable .str.11.625
	3 elements of 1bytes
global variable .str.12.626
	31 elements of 1bytes
global variable .str.13.629
	39 elements of 1bytes
global variable .str.14.630
	4 elements of 1bytes
global variable .str.15.631
	29 elements of 1bytes
global variable .str.31.632
	89 elements of 1bytes
global variable .str.32.633
	9 elements of 1bytes
global variable .str.33.634
	2 elements of 1bytes
global variable .str.34.635
	5 elements of 1bytes
global variable .str.644
	32 elements of 1bytes
global variable .str.1.645
	48 elements of 1bytes
global variable .str.2.646
	73 elements of 1bytes
global variable .str.3.647
	5 elements of 1bytes
global variable .str.5.648
	3 elements of 1bytes
global variable .str.6.649
	3 elements of 1bytes
global variable .str.7.650
	2 elements of 1bytes
global variable .str.8.651
	2 elements of 1bytes
global variable .str.4.652
	19 elements of 1bytes
global variable .str.655
	27 elements of 1bytes
global variable .str.1.656
	25 elements of 1bytes
global variable .str.2.657
	10 elements of 1bytes
global variable __PRETTY_FUNCTION__.pnm_getdata
	60 elements of 1bytes
global variable .str.4.658
	48 elements of 1bytes
global variable pnm_allowtrunc
	1 elements of 4bytes
global variable .str.3.659
	17 elements of 1bytes
global variable pnm_opttab
	2 elements of 16bytes
global variable .str.662
	5 elements of 1bytes
global variable .str.8.665
	1 elements of 1bytes
global variable .str.9.666
	37 elements of 1bytes
global variable .str.1.667
	39 elements of 1bytes
global variable .str.2.668
	27 elements of 1bytes
global variable .str.3.669
	32 elements of 1bytes
global variable .str.4.670
	32 elements of 1bytes
global variable .str.5.671
	73 elements of 1bytes
global variable .str.6.672
	93 elements of 1bytes
global variable .str.7.673
	94 elements of 1bytes
global variable .str.10.674
	14 elements of 1bytes
global variable .str.12.675
	2 elements of 1bytes
global variable .str.11.676
	6 elements of 1bytes
global variable .str.13.677
	2 elements of 1bytes
global variable .str.14.678
	3 elements of 1bytes
global variable .str.681
	39 elements of 1bytes
global variable .str.5.682
	48 elements of 1bytes
global variable .str.3.683
	31 elements of 1bytes
global variable .str.4.684
	10 elements of 1bytes
global variable __PRETTY_FUNCTION__.ras_getdatastd
	77 elements of 1bytes
global variable .str.1.685
	42 elements of 1bytes
global variable .str.2.686
	38 elements of 1bytes
global variable .str.691
	39 elements of 1bytes
global variable .str.1.692
	27 elements of 1bytes
global variable .str.2.693
	32 elements of 1bytes
global variable .str.3.694
	32 elements of 1bytes
global variable .str.4.695
	73 elements of 1bytes
global variable .str.5.696
	14 elements of 1bytes
global variable .str.6.697
	10 elements of 1bytes
global variable __PRETTY_FUNCTION__.ras_putdatastd
	75 elements of 1bytes
global variable .str.3.700
	46 elements of 1bytes
global variable .str.1.701
	9 elements of 1bytes
global variable __PRETTY_FUNCTION__.jas_cmprof_createsycc
	38 elements of 1bytes
global variable .str.4.702
	37 elements of 1bytes
global variable shapmat_ops
	1 elements of 24bytes
global variable .str.5.703
	2 elements of 1bytes
global variable __PRETTY_FUNCTION__.jas_cmshapmat_apply
	79 elements of 1bytes
global variable .str.6.704
	37 elements of 1bytes
global variable __PRETTY_FUNCTION__.jas_cmpxformseq_insertpxform
	77 elements of 1bytes
global variable .str.8.705
	27 elements of 1bytes
global variable __PRETTY_FUNCTION__.jas_cmpxformseq_resize
	53 elements of 1bytes
global variable .str.7.706
	46 elements of 1bytes
global variable .str.9.711
	36 elements of 1bytes
global variable __PRETTY_FUNCTION__.jas_cmpxformseq_delete
	53 elements of 1bytes
global variable .str.10.712
	7 elements of 1bytes
global variable __PRETTY_FUNCTION__.jas_cmshapmatlut_invert
	77 elements of 1bytes
global variable .str.719
	8 elements of 1bytes
global variable __PRETTY_FUNCTION__.jas_cmxform_create
	97 elements of 1bytes
global variable .str.2.724
	11 elements of 1bytes
global variable __PRETTY_FUNCTION__.jas_cmxform_apply
	75 elements of 1bytes
global variable jas_iccattrvalinfos
	7 elements of 56bytes
global variable .str.14.727
	25 elements of 1bytes
global variable .str.15.728
	12 elements of 1bytes
global variable .str.16.729
	16 elements of 1bytes
global variable .str.13.730
	14 elements of 1bytes
global variable .str.17.731
	14 elements of 1bytes
global variable .str.18.732
	31 elements of 1bytes
global variable .str.19.733
	14 elements of 1bytes
global variable .str.20.734
	13 elements of 1bytes
global variable .str.21.735
	15 elements of 1bytes
global variable .str.22.736
	43 elements of 1bytes
global variable .str.23.737
	14 elements of 1bytes
global variable .str.24.738
	2 elements of 1bytes
global variable .str.25.739
	37 elements of 1bytes
global variable .str.11.742
	25 elements of 1bytes
global variable .str.1.743
	10 elements of 1bytes
global variable __PRETTY_FUNCTION__.jas_iccattrtab_resize
	51 elements of 1bytes
global variable .str.748
	17 elements of 1bytes
global variable __PRETTY_FUNCTION__.jas_iccprof_copy
	49 elements of 1bytes
global variable .str.12.749
	33 elements of 1bytes
global variable __PRETTY_FUNCTION__.jas_iccattrtab_add
	85 elements of 1bytes
global variable .str.7.750
	13 elements of 1bytes
global variable .str.8.751
	5 elements of 1bytes
global variable .str.9.752
	59 elements of 1bytes
global variable .str.10.753
	32 elements of 1bytes
global variable .str.2.754
	19 elements of 1bytes
global variable .str.3.755
	22 elements of 1bytes
global variable .str.4.758
	21 elements of 1bytes
global variable __PRETTY_FUNCTION__.jas_iccprof_save
	54 elements of 1bytes
global variable .str.5.759
	41 elements of 1bytes
global variable .str.6.760
	12 elements of 1bytes
global variable jas_iccprofdata_srgb
	3144 elements of 1bytes
global variable jas_iccprofdata_srgblen
	1 elements of 4bytes
global variable jas_iccprofdata_sgray
	394 elements of 1bytes
global variable jas_iccprofdata_sgraylen
	1 elements of 4bytes
global variable .str.783
	1 elements of 1bytes
global variable jas_taginfo_nonull.invalidtaginfo
	1 elements of 16bytes
global variable .str.794
	9 elements of 1bytes
global variable jp2_boxinfos
	20 elements of 64bytes
global variable .str.801
	3 elements of 1bytes
global variable .str.1.802
	5 elements of 1bytes
global variable .str.2.803
	5 elements of 1bytes
global variable .str.3.804
	5 elements of 1bytes
global variable .str.4.805
	5 elements of 1bytes
global variable .str.5.806
	5 elements of 1bytes
global variable .str.28.807
	30 elements of 1bytes
global variable .str.29.808
	9 elements of 1bytes
global variable .str.6.809
	5 elements of 1bytes
global variable .str.33.810
	25 elements of 1bytes
global variable .str.34.811
	17 elements of 1bytes
global variable .str.7.812
	5 elements of 1bytes
global variable .str.31.813
	15 elements of 1bytes
global variable .str.32.814
	28 elements of 1bytes
global variable .str.8.815
	5 elements of 1bytes
global variable .str.30.816
	33 elements of 1bytes
global variable .str.9.817
	4 elements of 1bytes
global variable .str.10.818
	5 elements of 1bytes
global variable .str.11.819
	5 elements of 1bytes
global variable .str.12.820
	5 elements of 1bytes
global variable .str.13.821
	5 elements of 1bytes
global variable .str.14.822
	4 elements of 1bytes
global variable .str.15.823
	5 elements of 1bytes
global variable .str.16.824
	5 elements of 1bytes
global variable .str.17.825
	5 elements of 1bytes
global variable .str.18.826
	4 elements of 1bytes
global variable jp2_boxinfo_unk
	1 elements of 64bytes
global variable .str.19.827
	8 elements of 1bytes
global variable .str.20.834
	68 elements of 1bytes
global variable .str.21.835
	48 elements of 1bytes
global variable .str.22.836
	22 elements of 1bytes
global variable .str.23.837
	23 elements of 1bytes
global variable .str.24.838
	8 elements of 1bytes
global variable .str.25.839
	10 elements of 1bytes
global variable __PRETTY_FUNCTION__.jp2_box_dump
	39 elements of 1bytes
global variable .str.26.840
	10 elements of 1bytes
global variable .str.27.841
	35 elements of 1bytes
global variable .str.1.852
	44 elements of 1bytes
global variable .str.2.853
	9 elements of 1bytes
global variable __PRETTY_FUNCTION__.jpc_bitstream_getbits
	51 elements of 1bytes
global variable .str.8.856
	42 elements of 1bytes
global variable __PRETTY_FUNCTION__.jpc_bitstream_fillbuf
	45 elements of 1bytes
global variable .str.9.857
	21 elements of 1bytes
global variable .str.11.860
	43 elements of 1bytes
global variable __PRETTY_FUNCTION__.jpc_bitstream_outalign
	51 elements of 1bytes
global variable .str.12.861
	22 elements of 1bytes
global variable .str.7.864
	22 elements of 1bytes
global variable __PRETTY_FUNCTION__.jpc_bitstream_putbits
	56 elements of 1bytes
global variable .str.5.865
	45 elements of 1bytes
global variable .str.13.866
	44 elements of 1bytes
global variable .str.14.867
	33 elements of 1bytes
global variable .str.868
	31 elements of 1bytes
global variable __PRETTY_FUNCTION__.jpc_bitstream_getbit_func
	49 elements of 1bytes
global variable .str.3.869
	33 elements of 1bytes
global variable .str.4.870
	35 elements of 1bytes
global variable __PRETTY_FUNCTION__.jpc_bitstream_putbit_func
	54 elements of 1bytes
global variable .str.6.871
	35 elements of 1bytes
global variable .str.10.872
	2 elements of 1bytes
global variable __PRETTY_FUNCTION__.jpc_bitstream_needalign
	47 elements of 1bytes
global variable jpc_mqstates
	94 elements of 32bytes
global variable jpc_ft_lpenergywts
	32 elements of 8bytes
global variable jpc_ft_hpenergywts
	32 elements of 8bytes
global variable jpc_ns_lpenergywts
	32 elements of 8bytes
global variable jpc_ns_hpenergywts
	32 elements of 8bytes
global variable jpc_ft_qmfb2d
	1 elements of 32bytes
global variable .str.880
	7 elements of 1bytes
global variable .str.1.881
	49 elements of 1bytes
global variable __PRETTY_FUNCTION__.jas_fast32_asr.882
	38 elements of 1bytes
global variable __PRETTY_FUNCTION__.jas_fast32_asl.884
	38 elements of 1bytes
global variable jpc_ns_qmfb2d
	1 elements of 32bytes
global variable static_fd
	1 elements of 4bytes
global variable static_ut_name
	1 elements of 8bytes
global variable default_file_name
	14 elements of 1bytes
global variable static_utmp
	1 elements of 400bytes
global variable .str.96
	5 elements of 1bytes
global variable .str.1.97
	4 elements of 1bytes
global variable llvm.used
	1 elements of 8bytes
global variable __evoke_link_warning_tmpnam
	55 elements of 1bytes
global variable tmpnam_buffer
	20 elements of 1bytes
global variable stdin
	1 elements of 8bytes
global variable _stdio_streams
	3 elements of 80bytes
global variable stdout
	1 elements of 8bytes
global variable stderr
	1 elements of 8bytes
global variable __stdin
	1 elements of 8bytes
global variable __stdout
	1 elements of 8bytes
global variable _stdio_openlist
	1 elements of 8bytes
global variable _do_one_spec.spec_base
	7 elements of 1bytes
global variable .str.116
	6 elements of 1bytes
global variable .str.1.117
	7 elements of 1bytes
global variable _do_one_spec.prefix
	12 elements of 1bytes
global variable _ppfs_parsespec.spec_flags
	8 elements of 1bytes
global variable _ppfs_parsespec.qual_chars
	20 elements of 1bytes
global variable _ppfs_parsespec.spec_chars
	21 elements of 1bytes
global variable _ppfs_parsespec.spec_ranges
	9 elements of 1bytes
global variable _ppfs_parsespec.spec_or_mask
	8 elements of 2bytes
global variable _ppfs_parsespec.spec_and_mask
	8 elements of 2bytes
global variable type_codes
	12 elements of 2bytes
global variable type_sizes
	12 elements of 1bytes
global variable strtok.next_start
	1 elements of 8bytes
global variable __strtofpmax.nan_inf_str
	21 elements of 1bytes
global variable __libc_stack_end
	1 elements of 8bytes
global variable __uclibc_progname
	1 elements of 8bytes
global variable .str.206
	1 elements of 1bytes
global variable __environ
	1 elements of 8bytes
global variable __pagesize
	1 elements of 8bytes
global variable __app_fini
	1 elements of 8bytes
global variable __rtld_fini
	1 elements of 8bytes
global variable __uClibc_init.been_there_done_that
	1 elements of 4bytes
global variable .str.1.209
	10 elements of 1bytes
global variable __dso_handle
	1 elements of 8bytes
global variable __C_ctype_b_data
	384 elements of 2bytes
global variable __C_ctype_b
	1 elements of 8bytes
global variable __ctype_b
	1 elements of 8bytes
global variable __C_ctype_tolower_data
	384 elements of 2bytes
global variable __C_ctype_tolower
	1 elements of 8bytes
global variable __ctype_tolower
	1 elements of 8bytes
global variable .str.218
	5 elements of 1bytes
global variable .str.1.219
	5 elements of 1bytes
global variable .str.2.220
	16 elements of 1bytes
global variable .str.3.223
	7 elements of 1bytes
global variable .str.4.224
	13 elements of 1bytes
global variable .str.5.225
	12 elements of 1bytes
global variable brain_damaged_fillrand.value
	1 elements of 8bytes
global variable letters
	63 elements of 1bytes
global variable errno
	1 elements of 4bytes
global variable h_errno
	1 elements of 4bytes
global variable fmt
	20 elements of 1bytes
global variable exp10_table
	13 elements of 16bytes
global variable __exit_count
	1 elements of 4bytes
global variable __exit_function_table
	1 elements of 8bytes
global variable __exit_slots
	1 elements of 4bytes
global variable __exit_cleanup
	1 elements of 8bytes
global variable .str.1.298
	47 elements of 1bytes
global variable .str.2.301
	44 elements of 1bytes
global variable close.n_calls
	1 elements of 4bytes
global variable read.n_calls
	1 elements of 4bytes
global variable .str.3.306
	12 elements of 1bytes
global variable .str.4.307
	59 elements of 1bytes
global variable __PRETTY_FUNCTION__.read
	34 elements of 1bytes
global variable write.n_calls
	1 elements of 4bytes
global variable .str.5.310
	7 elements of 1bytes
global variable __PRETTY_FUNCTION__.write
	41 elements of 1bytes
global variable .str.6.311
	2 elements of 1bytes
global variable .str.7.312
	24 elements of 1bytes
global variable .str.8.315
	18 elements of 1bytes
global variable __PRETTY_FUNCTION__.__fd_lseek
	38 elements of 1bytes
global variable .str.9.320
	33 elements of 1bytes
global variable chmod.n_calls
	1 elements of 4bytes
global variable fchmod.n_calls
	1 elements of 4bytes
global variable .str.24.321
	32 elements of 1bytes
global variable __fd_ftruncate.n_calls
	1 elements of 4bytes
global variable .str.10.326
	30 elements of 1bytes
global variable .str.11.329
	33 elements of 1bytes
global variable .str.12.330
	18 elements of 1bytes
global variable __PRETTY_FUNCTION__.__fd_getdents
	65 elements of 1bytes
global variable .str.13.333
	41 elements of 1bytes
global variable .str.14.334
	42 elements of 1bytes
global variable .str.15.335
	43 elements of 1bytes
global variable .str.16.336
	43 elements of 1bytes
global variable .str.17.337
	45 elements of 1bytes
global variable .str.18.338
	46 elements of 1bytes
global variable .str.19.339
	43 elements of 1bytes
global variable .str.20.340
	44 elements of 1bytes
global variable .str.21.345
	32 elements of 1bytes
global variable .str.22.348
	17 elements of 1bytes
global variable getcwd.n_calls
	1 elements of 4bytes
global variable .str.23.355
	18 elements of 1bytes
global variable __exe_env
	1 elements of 784bytes
global variable __exe_fs
	1 elements of 104bytes
global variable klee_init_fds.name
	32 elements of 1bytes
global variable .str.360
	2 elements of 1bytes
global variable .str.9.361
	6 elements of 1bytes
global variable .str.10.362
	5 elements of 1bytes
global variable .str.11.363
	64 elements of 1bytes
global variable __PRETTY_FUNCTION__.__create_new_dfile
	88 elements of 1bytes
global variable .str.1.364
	6 elements of 1bytes
global variable .str.2.365
	10 elements of 1bytes
global variable .str.3.366
	11 elements of 1bytes
global variable .str.4.367
	11 elements of 1bytes
global variable .str.5.368
	15 elements of 1bytes
global variable .str.6.369
	12 elements of 1bytes
global variable .str.7.370
	7 elements of 1bytes
global variable .str.8.371
	14 elements of 1bytes
global variable .str.374
	7 elements of 1bytes
global variable .str.1.375
	964 elements of 1bytes
global variable .str.24.376
	70 elements of 1bytes
global variable .str.25.377
	9 elements of 1bytes
global variable .str.2.378
	10 elements of 1bytes
global variable .str.3.379
	9 elements of 1bytes
global variable .str.4.380
	48 elements of 1bytes
global variable .str.26.381
	37 elements of 1bytes
global variable .str.5.382
	11 elements of 1bytes
global variable .str.6.383
	10 elements of 1bytes
global variable .str.7.384
	77 elements of 1bytes
global variable .str.8.385
	7 elements of 1bytes
global variable .str.9.386
	12 elements of 1bytes
global variable .str.10.387
	11 elements of 1bytes
global variable .str.11.388
	109 elements of 1bytes
global variable .str.12.389
	12 elements of 1bytes
global variable .str.13.390
	11 elements of 1bytes
global variable .str.14.391
	57 elements of 1bytes
global variable .str.15.392
	13 elements of 1bytes
global variable .str.16.393
	12 elements of 1bytes
global variable .str.17.394
	18 elements of 1bytes
global variable .str.18.395
	17 elements of 1bytes
global variable .str.19.396
	10 elements of 1bytes
global variable .str.20.397
	9 elements of 1bytes
global variable .str.21.398
	11 elements of 1bytes
global variable .str.22.399
	10 elements of 1bytes
global variable .str.23.400
	54 elements of 1bytes
global variable .str.401
	18 elements of 1bytes
global variable .str.1.402
	24 elements of 1bytes
global variable .str.2.405
	15 elements of 1bytes
global variable .str.3.406
	18 elements of 1bytes
global variable .str.4.407
	17 elements of 1bytes
global variable .str.5.408
	13 elements of 1bytes
global variable .str.6.409
	40 elements of 1bytes
global variable .str.7.410
	17 elements of 1bytes
global variable .str.8.413
	21 elements of 1bytes
global variable .str.9.414
	18 elements of 1bytes
global variable .str.10.415
	32 elements of 1bytes
global variable str.13
	18 elements of 1bytes
global variable str
	17 elements of 1bytes
global variable getnameinfo.hostname
	10 elements of 1bytes
global variable getnameinfo.service
	10 elements of 1bytes
global variable .str.419
	80 elements of 1bytes
global variable .str.1.420
	15 elements of 1bytes
global variable .str.2.421
	8 elements of 1bytes
global variable .str.3.424
	8 elements of 1bytes
global variable .str.1.4
	16 elements of 1bytes
global variable .str.2.5
	14 elements of 1bytes
global variable .str.6.427
	71 elements of 1bytes
global variable .str.1.7
	14 elements of 1bytes
global variable .str.2.8
	5 elements of 1bytes
KLEE: WARNING: undefined reference to function: __ctype_b_loc
KLEE: WARNING: undefined reference to function: __isoc99_fscanf
KLEE: WARNING: undefined reference to function: __isoc99_sscanf
KLEE: WARNING: undefined reference to function: ceil
KLEE: WARNING: undefined reference to function: floor
KLEE: WARNING: undefined reference to function: jpeg_CreateCompress
KLEE: WARNING: undefined reference to function: jpeg_CreateDecompress
KLEE: WARNING: undefined reference to function: jpeg_default_colorspace
KLEE: WARNING: undefined reference to function: jpeg_destroy_compress
KLEE: WARNING: undefined reference to function: jpeg_destroy_decompress
KLEE: WARNING: undefined reference to function: jpeg_finish_compress
KLEE: WARNING: undefined reference to function: jpeg_finish_decompress
KLEE: WARNING: undefined reference to function: jpeg_read_header
KLEE: WARNING: undefined reference to function: jpeg_read_scanlines
KLEE: WARNING: undefined reference to function: jpeg_set_defaults
KLEE: WARNING: undefined reference to function: jpeg_set_quality
KLEE: WARNING: undefined reference to function: jpeg_start_compress
KLEE: WARNING: undefined reference to function: jpeg_start_decompress
KLEE: WARNING: undefined reference to function: jpeg_std_error
KLEE: WARNING: undefined reference to function: jpeg_stdio_dest
KLEE: WARNING: undefined reference to function: jpeg_stdio_src
KLEE: WARNING: undefined reference to function: jpeg_write_scanlines
KLEE: WARNING: undefined reference to function: pow
KLEE: WARNING: undefined reference to function: puts
KLEE: WARNING: undefined reference to function: sqrt
KLEE: ARGV 0: ./imginfo.bc

KLEE: ARGV 1: -f

KLEE: ARGV 2: ../exploit

KLEE: WARNING: executable has module level assembly (ignoring)
Undefined struct struct.exe_sym_env_t
Undefined struct struct.exe_file_t
KLEE: WARNING ONCE: calling external: syscall(16, 0, 21505, 239036336)
Undefined struct struct.stat.1836
Undefined struct struct.exe_disk_file_t
Undefined struct struct.__kernel_termios.1626
Undefined struct struct.termios.1621
Undefined struct struct.Elf64_auxv_t
KLEE: WARNING ONCE: calling __user_main with extra arguments.
KLEE: WARNING ONCE: Alignment of memory from call "malloc" is not modelled. Using alignment of 8.
	pointer parm derived from itself!
KLEE: 0xe2e6a30: Symbolic value  used to determine branching at /home/james/Projects/Senx/code/klee_src/runtime/POSIX/fd_init.c:100 (146721)
8619: fmtops + . decode
8621: fmtops + . encode
8623: fmtops + . validate
4412: fmtinfo + @ id
4417: fmtinfo + @ name
4430: fmtinfo + @ ext
4447: fmtinfo + @ desc
4465: fmtinfo + @ ops
8630: fmtops + . decode
8632: fmtops + . encode
8634: fmtops + . validate
8645: fmtops + . decode
8647: fmtops + . encode
8649: fmtops + . validate
8656: fmtops + . decode
8658: fmtops + . encode
8660: fmtops + . validate
8667: fmtops + . decode
8669: fmtops + . encode
8671: fmtops + . validate
8678: fmtops + . decode
8680: fmtops + . encode
8682: fmtops + . validate
8689: fmtops + . decode
8691: fmtops + . encode
8693: fmtops + . validate
8700: fmtops + . decode
8702: fmtops + . encode
8704: fmtops + . validate
KLEE: WARNING ONCE: Alignment of memory from call "realloc" is not modelled. Using alignment of 8.
Undefined struct struct.exit_function
Undefined struct struct.anon.0.1797
1871: opt + @ id
1878: opt + @ name
1885: opt + @ name
	pointer parm derived from itself!
1785: opt + @ flags
1792: opt + @ id
11213: stream + @ openmode_
11216: stream + @ bufmode_
11219: stream + @ flags_
11222: stream + @ bufbase_
11225: stream + @ bufstart_
11228: stream + @ bufsize_
11231: stream + @ ptr_
11234: stream + @ cnt_
11237: stream + @ None
11240: stream + @ ops_
11243: stream + @ obj_
11246: stream + @ rwcnt_
	pointer parm derived from itself!
12162: stream + @ openmode_
12165: stream + @ openmode_
12173: stream + @ openmode_
12185: stream + @ openmode_
12213: stream + @ openmode_
12227: stream + @ openmode_
12240: stream + @ openmode_
12267: obj + @ fd
12270: obj + @ flags
12273: obj + @ pathname
12279: stream + @ ops_
12282: stream + @ None
12288: obj + @ fd
11884: stream + @ bufmode_
KLEE: WARNING ONCE: calling external: vprintf(238129952, 241235296)
KLEE: WARNING ONCE: calling jas_cleanup with extra arguments.
4304: fmtinfo + @ name
4311: fmtinfo + @ name
4315: fmtinfo + @ name
4321: fmtinfo + @ ext
4328: fmtinfo + @ ext
4332: fmtinfo + @ ext
4338: fmtinfo + @ desc
4345: fmtinfo + @ desc
4349: fmtinfo + @ desc
Undefined struct struct.__STDIO_FILE_STRUCT.1409

KLEE: done: total instructions = 22060
KLEE: done: completed paths = 1
KLEE: done: generated tests = 1
