KLEE: NOTE: Using libreadline: /home/user/Projects/Senx/code/build3.8/Release+Debug+Asserts/lib/libreadline.bca
KLEE: NOTE: Using libxml2: /home/user/Projects/Senx/code/build3.8/Release+Debug+Asserts/lib/libxml2.bca
KLEE: NOTE: Using libpcap: /home/user/Projects/Senx/code/build3.8/Release+Debug+Asserts/lib/libpcap.bca
KLEE: NOTE: Using klee-uclibc : /home/user/Projects/Senx/code/build3.8/Release+Debug+Asserts/lib/klee-uclibc.bca
KLEE: NOTE: Using model: /home/user/Projects/Senx/code/build3.8/Release+Debug+Asserts/lib/libkleeRuntimePOSIX.bca
KLEE: output directory is "/home/user/fuzzfix.tmp/data/libtiff/cve_2017_7601/senx/klee-out-0"
KLEE: loadSensitiveFunctionList __assert_fail
KLEE: loadSensitiveFunctionList sqlite3_realloc
KLEE: loadSensitiveFunctionList sqlite3_alloc
KLEE: Safety property for MemorySeqAccess is loaded.
KLEE: Safety property for MemoryStructAccess is loaded.
KLEE: Safety property for MemoryAllocation is loaded.
KLEE: Safety property for SensitiveOperation is loaded.
KLEE: Using Z3 solver backend
global variable stuff
	59 elements of 8bytes
global variable .str.9
	40 elements of 1bytes
global variable .str.10
	19 elements of 1bytes
global variable .str.11
	57 elements of 1bytes
global variable .str.12
	46 elements of 1bytes
global variable .str.13
	60 elements of 1bytes
global variable .str.14
	68 elements of 1bytes
global variable .str.15
	40 elements of 1bytes
global variable .str.16
	39 elements of 1bytes
global variable .str.17
	57 elements of 1bytes
global variable .str.18
	62 elements of 1bytes
global variable .str.19
	63 elements of 1bytes
global variable .str.20
	66 elements of 1bytes
global variable .str.21
	52 elements of 1bytes
global variable .str.22
	40 elements of 1bytes
global variable .str.23
	36 elements of 1bytes
global variable .str.24
	79 elements of 1bytes
global variable .str.25
	76 elements of 1bytes
global variable .str.26
	1 elements of 1bytes
global variable .str.27
	58 elements of 1bytes
global variable .str.28
	48 elements of 1bytes
global variable .str.29
	49 elements of 1bytes
global variable .str.30
	55 elements of 1bytes
global variable .str.31
	55 elements of 1bytes
global variable .str.32
	66 elements of 1bytes
global variable .str.33
	55 elements of 1bytes
global variable .str.34
	53 elements of 1bytes
global variable .str.35
	52 elements of 1bytes
global variable .str.36
	56 elements of 1bytes
global variable .str.37
	56 elements of 1bytes
global variable .str.38
	61 elements of 1bytes
global variable .str.39
	61 elements of 1bytes
global variable .str.40
	54 elements of 1bytes
global variable .str.41
	56 elements of 1bytes
global variable .str.42
	17 elements of 1bytes
global variable .str.43
	55 elements of 1bytes
global variable .str.44
	56 elements of 1bytes
global variable .str.45
	38 elements of 1bytes
global variable .str.46
	76 elements of 1bytes
global variable .str.47
	14 elements of 1bytes
global variable .str.48
	67 elements of 1bytes
global variable .str.49
	61 elements of 1bytes
global variable .str.50
	78 elements of 1bytes
global variable .str.51
	38 elements of 1bytes
global variable .str.52
	37 elements of 1bytes
global variable .str.53
	48 elements of 1bytes
global variable .str.54
	76 elements of 1bytes
global variable .str.55
	77 elements of 1bytes
global variable .str.56
	17 elements of 1bytes
global variable .str.57
	60 elements of 1bytes
global variable .str.58
	65 elements of 1bytes
global variable .str.59
	57 elements of 1bytes
global variable .str.60
	79 elements of 1bytes
global variable .str
	29 elements of 1bytes
global variable .str.77
	5 elements of 1bytes
global variable .str.78
	4 elements of 1bytes
global variable comma
	1 elements of 1bytes
global variable bias
	1 elements of 8bytes
global variable .str.1
	36 elements of 1bytes
global variable .str.61
	2 elements of 1bytes
global variable .str.62
	47 elements of 1bytes
global variable .str.63
	19 elements of 1bytes
global variable .str.2
	40 elements of 1bytes
global variable .str.3
	31 elements of 1bytes
global variable .str.64
	5 elements of 1bytes
global variable defcompression
	1 elements of 2bytes
global variable .str.65
	9 elements of 1bytes
global variable .str.66
	5 elements of 1bytes
global variable quality
	1 elements of 4bytes
global variable jpegcolormode
	1 elements of 4bytes
global variable .str.67
	3 elements of 1bytes
global variable defg3opts
	1 elements of 4bytes
global variable .str.74
	3 elements of 1bytes
global variable .str.75
	3 elements of 1bytes
global variable .str.76
	5 elements of 1bytes
global variable .str.68
	3 elements of 1bytes
global variable .str.69
	4 elements of 1bytes
global variable defpredictor
	1 elements of 2bytes
global variable .str.70
	4 elements of 1bytes
global variable defpreset
	1 elements of 4bytes
global variable .str.71
	5 elements of 1bytes
global variable .str.72
	5 elements of 1bytes
global variable .str.73
	7 elements of 1bytes
global variable .str.4
	8 elements of 1bytes
global variable .str.5
	8 elements of 1bytes
global variable ignore
	1 elements of 4bytes
global variable outtiled
	1 elements of 4bytes
global variable .str.6
	9 elements of 1bytes
global variable .str.7
	7 elements of 1bytes
global variable pageInSeq
	1 elements of 4bytes
global variable pageNum
	1 elements of 4bytes
global variable .str.8
	35 elements of 1bytes
global variable config
	1 elements of 2bytes
global variable compression
	1 elements of 2bytes
global variable predictor
	1 elements of 2bytes
global variable preset
	1 elements of 4bytes
global variable fillorder
	1 elements of 2bytes
global variable rowsperstrip
	1 elements of 4bytes
global variable tilewidth
	1 elements of 4bytes
global variable tilelength
	1 elements of 4bytes
global variable g3opts
	1 elements of 4bytes
global variable .str.79
	50 elements of 1bytes
global variable .str.82
	47 elements of 1bytes
global variable orientation
	1 elements of 2bytes
global variable .str.80
	30 elements of 1bytes
global variable .str.81
	27 elements of 1bytes
global variable tags
	33 elements of 8bytes
global variable .str.83
	70 elements of 1bytes
global variable .str.84
	52 elements of 1bytes
global variable .str.88
	31 elements of 1bytes
global variable .str.89
	35 elements of 1bytes
global variable .str.86
	45 elements of 1bytes
global variable .str.87
	33 elements of 1bytes
global variable .str.90
	33 elements of 1bytes
global variable .str.91
	63 elements of 1bytes
global variable .str.92
	46 elements of 1bytes
global variable .str.93
	34 elements of 1bytes
global variable .str.94
	46 elements of 1bytes
global variable .str.95
	28 elements of 1bytes
global variable .str.96
	38 elements of 1bytes
global variable .str.97
	32 elements of 1bytes
global variable .str.98
	38 elements of 1bytes
global variable .str.99
	48 elements of 1bytes
global variable .str.100
	44 elements of 1bytes
global variable .str.101
	28 elements of 1bytes
global variable .str.102
	29 elements of 1bytes
global variable .str.103
	63 elements of 1bytes
global variable .str.85
	51 elements of 1bytes
global variable .str.104
	23 elements of 1bytes
global variable .str.1.105
	66 elements of 1bytes
global variable .str.2.106
	55 elements of 1bytes
global variable TIFFVGetFieldDefaulted.ycbcrcoeffs
	3 elements of 4bytes
global variable TIFFVGetFieldDefaulted.whitepoint
	2 elements of 4bytes
global variable .str.3.107
	36 elements of 1bytes
global variable .str.110
	5 elements of 1bytes
global variable .str.8.115
	8 elements of 1bytes
global variable .str.9.116
	1 elements of 1bytes
global variable .str.6.117
	13 elements of 1bytes
global variable .str.7.118
	21 elements of 1bytes
global variable .str.10.119
	41 elements of 1bytes
global variable _TIFFextender
	1 elements of 8bytes
global variable _TIFFVSetField.module
	15 elements of 1bytes
global variable .str.11.126
	110 elements of 1bytes
global variable .str.12.127
	110 elements of 1bytes
global variable .str.13.128
	40 elements of 1bytes
global variable .str.14.129
	41 elements of 1bytes
global variable .str.15.130
	31 elements of 1bytes
global variable .str.27.131
	57 elements of 1bytes
global variable .str.16.132
	48 elements of 1bytes
global variable .str.17.133
	55 elements of 1bytes
global variable .str.18.134
	31 elements of 1bytes
global variable .str.19.135
	38 elements of 1bytes
global variable .str.4.136
	10 elements of 1bytes
global variable __PRETTY_FUNCTION__._TIFFVSetField
	59 elements of 1bytes
global variable .str.20.137
	63 elements of 1bytes
global variable .str.21.138
	25 elements of 1bytes
global variable .str.22.139
	9 elements of 1bytes
global variable .str.23.140
	15 elements of 1bytes
global variable .str.25.141
	8 elements of 1bytes
global variable .str.24.142
	30 elements of 1bytes
global variable .str.26.143
	30 elements of 1bytes
global variable .str.28.144
	15 elements of 1bytes
global variable .str.29.145
	38 elements of 1bytes
global variable __PRETTY_FUNCTION__._TIFFVGetField
	59 elements of 1bytes
global variable TIFFAdvanceDirectory.module
	21 elements of 1bytes
global variable .str.30.146
	31 elements of 1bytes
global variable .str.31.147
	30 elements of 1bytes
global variable .str.32.148
	39 elements of 1bytes
global variable .str.33.149
	35 elements of 1bytes
global variable .str.34.150
	34 elements of 1bytes
global variable TIFFNumberOfDirectories.module
	24 elements of 1bytes
global variable .str.151
	61 elements of 1bytes
global variable TIFFUnlinkDirectory.module
	20 elements of 1bytes
global variable .str.1.156
	43 elements of 1bytes
global variable .str.2.157
	28 elements of 1bytes
global variable .str.3.158
	27 elements of 1bytes
global variable __PRETTY_FUNCTION__.TIFFUnlinkDirectory
	40 elements of 1bytes
global variable .str.5.159
	29 elements of 1bytes
global variable tiffFieldArray
	1 elements of 24bytes
global variable tiffFields
	153 elements of 48bytes
global variable .str.13.162
	12 elements of 1bytes
global variable .str.14.163
	15 elements of 1bytes
global variable .str.15.164
	11 elements of 1bytes
global variable .str.16.165
	12 elements of 1bytes
global variable .str.17.166
	14 elements of 1bytes
global variable .str.18.167
	12 elements of 1bytes
global variable .str.19.168
	26 elements of 1bytes
global variable .str.20.169
	14 elements of 1bytes
global variable .str.21.170
	10 elements of 1bytes
global variable .str.22.171
	11 elements of 1bytes
global variable .str.23.172
	10 elements of 1bytes
global variable .str.24.173
	13 elements of 1bytes
global variable .str.25.174
	17 elements of 1bytes
global variable .str.26.175
	5 elements of 1bytes
global variable .str.27.176
	6 elements of 1bytes
global variable .str.28.177
	13 elements of 1bytes
global variable .str.29.178
	12 elements of 1bytes
global variable .str.30.179
	16 elements of 1bytes
global variable .str.31.180
	13 elements of 1bytes
global variable .str.32.181
	16 elements of 1bytes
global variable .str.33.182
	15 elements of 1bytes
global variable .str.34.183
	15 elements of 1bytes
global variable .str.35.184
	12 elements of 1bytes
global variable .str.36.185
	12 elements of 1bytes
global variable .str.37.186
	20 elements of 1bytes
global variable .str.38.187
	9 elements of 1bytes
global variable .str.39.188
	10 elements of 1bytes
global variable .str.40.189
	10 elements of 1bytes
global variable .str.41.190
	12 elements of 1bytes
global variable .str.42.191
	15 elements of 1bytes
global variable .str.43.192
	17 elements of 1bytes
global variable .str.44.193
	18 elements of 1bytes
global variable .str.45.194
	15 elements of 1bytes
global variable .str.46.195
	11 elements of 1bytes
global variable .str.47.196
	18 elements of 1bytes
global variable .str.48.197
	17 elements of 1bytes
global variable .str.49.198
	9 elements of 1bytes
global variable .str.50.199
	9 elements of 1bytes
global variable .str.51.200
	7 elements of 1bytes
global variable .str.52.201
	13 elements of 1bytes
global variable .str.53.202
	11 elements of 1bytes
global variable .str.54.203
	22 elements of 1bytes
global variable .str.55.204
	9 elements of 1bytes
global variable .str.56.205
	14 elements of 1bytes
global variable .str.57.206
	10 elements of 1bytes
global variable .str.58.207
	11 elements of 1bytes
global variable .str.59.208
	12 elements of 1bytes
global variable .str.60.209
	15 elements of 1bytes
global variable .str.61.210
	7 elements of 1bytes
global variable .str.62.211
	7 elements of 1bytes
global variable .str.63.212
	9 elements of 1bytes
global variable .str.64.213
	13 elements of 1bytes
global variable .str.65.214
	9 elements of 1bytes
global variable .str.66.215
	14 elements of 1bytes
global variable .str.67.216
	13 elements of 1bytes
global variable .str.68.217
	13 elements of 1bytes
global variable .str.69.218
	16 elements of 1bytes
global variable .str.70.219
	16 elements of 1bytes
global variable .str.71.220
	9 elements of 1bytes
global variable .str.72.221
	15 elements of 1bytes
global variable .str.73.222
	15 elements of 1bytes
global variable .str.74.223
	18 elements of 1bytes
global variable .str.75.224
	17 elements of 1bytes
global variable .str.76.225
	17 elements of 1bytes
global variable .str.77.226
	20 elements of 1bytes
global variable .str.78.227
	10 elements of 1bytes
global variable .str.79.228
	9 elements of 1bytes
global variable .str.80.229
	9 elements of 1bytes
global variable .str.81.230
	11 elements of 1bytes
global variable .str.82.231
	10 elements of 1bytes
global variable .str.83.232
	15 elements of 1bytes
global variable .str.84.233
	16 elements of 1bytes
global variable .str.85.234
	14 elements of 1bytes
global variable .str.86.235
	17 elements of 1bytes
global variable .str.87.236
	21 elements of 1bytes
global variable .str.88.237
	20 elements of 1bytes
global variable .str.89.238
	20 elements of 1bytes
global variable .str.90.239
	20 elements of 1bytes
global variable .str.91.240
	11 elements of 1bytes
global variable .str.92.241
	10 elements of 1bytes
global variable .str.93.242
	13 elements of 1bytes
global variable .str.94.243
	10 elements of 1bytes
global variable .str.95.244
	14 elements of 1bytes
global variable exifFieldArray
	1 elements of 24bytes
global variable exifFields
	56 elements of 48bytes
global variable .str.165
	13 elements of 1bytes
global variable .str.166
	8 elements of 1bytes
global variable .str.167
	16 elements of 1bytes
global variable .str.168
	20 elements of 1bytes
global variable .str.169
	16 elements of 1bytes
global variable .str.170
	29 elements of 1bytes
global variable .str.171
	12 elements of 1bytes
global variable .str.172
	17 elements of 1bytes
global variable .str.173
	18 elements of 1bytes
global variable .str.174
	24 elements of 1bytes
global variable .str.175
	23 elements of 1bytes
global variable .str.176
	18 elements of 1bytes
global variable .str.177
	14 elements of 1bytes
global variable .str.178
	16 elements of 1bytes
global variable .str.179
	18 elements of 1bytes
global variable .str.180
	17 elements of 1bytes
global variable .str.181
	16 elements of 1bytes
global variable .str.182
	13 elements of 1bytes
global variable .str.183
	12 elements of 1bytes
global variable .str.184
	6 elements of 1bytes
global variable .str.185
	12 elements of 1bytes
global variable .str.186
	12 elements of 1bytes
global variable .str.187
	10 elements of 1bytes
global variable .str.188
	12 elements of 1bytes
global variable .str.189
	11 elements of 1bytes
global variable .str.190
	19 elements of 1bytes
global variable .str.191
	20 elements of 1bytes
global variable .str.192
	16 elements of 1bytes
global variable .str.193
	11 elements of 1bytes
global variable .str.194
	16 elements of 1bytes
global variable .str.195
	16 elements of 1bytes
global variable .str.196
	17 elements of 1bytes
global variable .str.197
	12 elements of 1bytes
global variable .str.198
	25 elements of 1bytes
global variable .str.199
	22 elements of 1bytes
global variable .str.200
	22 elements of 1bytes
global variable .str.201
	25 elements of 1bytes
global variable .str.202
	16 elements of 1bytes
global variable .str.203
	14 elements of 1bytes
global variable .str.204
	14 elements of 1bytes
global variable .str.205
	11 elements of 1bytes
global variable .str.206
	10 elements of 1bytes
global variable .str.207
	15 elements of 1bytes
global variable .str.208
	13 elements of 1bytes
global variable .str.209
	13 elements of 1bytes
global variable .str.210
	17 elements of 1bytes
global variable .str.211
	22 elements of 1bytes
global variable .str.212
	17 elements of 1bytes
global variable .str.213
	12 elements of 1bytes
global variable .str.214
	9 elements of 1bytes
global variable .str.215
	11 elements of 1bytes
global variable .str.216
	10 elements of 1bytes
global variable .str.217
	25 elements of 1bytes
global variable .str.218
	21 elements of 1bytes
global variable .str.219
	14 elements of 1bytes
global variable .str.96.245
	12 elements of 1bytes
global variable .str.97.246
	13 elements of 1bytes
global variable .str.98.247
	14 elements of 1bytes
global variable .str.99.248
	14 elements of 1bytes
global variable .str.100.249
	12 elements of 1bytes
global variable .str.101.250
	7 elements of 1bytes
global variable .str.102.251
	8 elements of 1bytes
global variable .str.103.252
	26 elements of 1bytes
global variable .str.104.253
	11 elements of 1bytes
global variable .str.105
	19 elements of 1bytes
global variable .str.106
	18 elements of 1bytes
global variable .str.107
	21 elements of 1bytes
global variable .str.108
	14 elements of 1bytes
global variable .str.109
	10 elements of 1bytes
global variable .str.110.254
	19 elements of 1bytes
global variable .str.111
	20 elements of 1bytes
global variable .str.112
	11 elements of 1bytes
global variable .str.113
	17 elements of 1bytes
global variable .str.114
	17 elements of 1bytes
global variable .str.115
	11 elements of 1bytes
global variable .str.116
	13 elements of 1bytes
global variable .str.117
	17 elements of 1bytes
global variable .str.118
	18 elements of 1bytes
global variable .str.119
	16 elements of 1bytes
global variable .str.120
	13 elements of 1bytes
global variable .str.121
	13 elements of 1bytes
global variable .str.122
	19 elements of 1bytes
global variable .str.123
	19 elements of 1bytes
global variable .str.124
	17 elements of 1bytes
global variable .str.125
	17 elements of 1bytes
global variable .str.126
	14 elements of 1bytes
global variable .str.127
	14 elements of 1bytes
global variable .str.128
	14 elements of 1bytes
global variable .str.129
	17 elements of 1bytes
global variable .str.130
	14 elements of 1bytes
global variable .str.131
	18 elements of 1bytes
global variable .str.132
	16 elements of 1bytes
global variable .str.133
	20 elements of 1bytes
global variable .str.134
	19 elements of 1bytes
global variable .str.135
	9 elements of 1bytes
global variable .str.136
	17 elements of 1bytes
global variable .str.137
	18 elements of 1bytes
global variable .str.138
	12 elements of 1bytes
global variable .str.139
	15 elements of 1bytes
global variable .str.140
	16 elements of 1bytes
global variable .str.141
	23 elements of 1bytes
global variable .str.142
	23 elements of 1bytes
global variable .str.143
	16 elements of 1bytes
global variable .str.144
	20 elements of 1bytes
global variable .str.145
	20 elements of 1bytes
global variable .str.146
	11 elements of 1bytes
global variable .str.147
	12 elements of 1bytes
global variable .str.148
	17 elements of 1bytes
global variable .str.149
	23 elements of 1bytes
global variable .str.150
	18 elements of 1bytes
global variable .str.151.255
	24 elements of 1bytes
global variable .str.152
	10 elements of 1bytes
global variable .str.153
	8 elements of 1bytes
global variable .str.154
	20 elements of 1bytes
global variable .str.155
	12 elements of 1bytes
global variable .str.156
	11 elements of 1bytes
global variable .str.157
	14 elements of 1bytes
global variable .str.158
	12 elements of 1bytes
global variable .str.159
	11 elements of 1bytes
global variable .str.160
	7 elements of 1bytes
global variable .str.161
	15 elements of 1bytes
global variable .str.162
	11 elements of 1bytes
global variable .str.163
	15 elements of 1bytes
global variable .str.164
	11 elements of 1bytes
global variable .str.260
	5 elements of 1bytes
global variable _TIFFMergeFields.reason
	17 elements of 1bytes
global variable _TIFFMergeFields.module
	17 elements of 1bytes
global variable .str.3.261
	32 elements of 1bytes
global variable .str.1.264
	17 elements of 1bytes
global variable .str.2.265
	29 elements of 1bytes
global variable .str.4.266
	6 elements of 1bytes
global variable .str.6.267
	5 elements of 1bytes
global variable .str.7.268
	6 elements of 1bytes
global variable .str.5.269
	50 elements of 1bytes
global variable .str.8.274
	17 elements of 1bytes
global variable .str.9.275
	33 elements of 1bytes
global variable .str.10.276
	18 elements of 1bytes
global variable .str.11.277
	31 elements of 1bytes
global variable .str.12.278
	7 elements of 1bytes
global variable TIFFMergeFieldInfo.reason
	17 elements of 1bytes
global variable TIFFMergeFieldInfo.module
	19 elements of 1bytes
global variable .str.53.281
	19 elements of 1bytes
global variable .str.54.282
	47 elements of 1bytes
global variable .str.55.283
	13 elements of 1bytes
global variable .str.58.284
	5 elements of 1bytes
global variable .str.5.285
	14 elements of 1bytes
global variable __PRETTY_FUNCTION__.TIFFFetchDirectory
	69 elements of 1bytes
global variable TIFFFetchDirectory.module
	19 elements of 1bytes
global variable .str.59.286
	40 elements of 1bytes
global variable .str.60.287
	38 elements of 1bytes
global variable .str.61.288
	80 elements of 1bytes
global variable .str.62.289
	23 elements of 1bytes
global variable .str.63.290
	36 elements of 1bytes
global variable .str.64.291
	34 elements of 1bytes
global variable .str.65.292
	75 elements of 1bytes
global variable .str.66.293
	28 elements of 1bytes
global variable TIFFReadDirectory.module
	18 elements of 1bytes
global variable .str.294
	39 elements of 1bytes
global variable TIFFReadDirectoryCheckOrder.module
	28 elements of 1bytes
global variable .str.49.295
	63 elements of 1bytes
global variable .str.67.296
	19 elements of 1bytes
global variable .str.68.297
	31 elements of 1bytes
global variable .str.69.298
	12 elements of 1bytes
global variable __PRETTY_FUNCTION__.TIFFFetchNormalTag
	52 elements of 1bytes
global variable .str.70.299
	39 elements of 1bytes
global variable .str.71.300
	37 elements of 1bytes
global variable .str.72.301
	24 elements of 1bytes
global variable .str.47.302
	21 elements of 1bytes
global variable __PRETTY_FUNCTION__.TIFFReadDirEntryArray
	98 elements of 1bytes
global variable .str.48.303
	18 elements of 1bytes
global variable .str.31.304
	7 elements of 1bytes
global variable __PRETTY_FUNCTION__.TIFFReadDirEntryData
	80 elements of 1bytes
global variable TIFFFetchNormalTag.module
	19 elements of 1bytes
global variable .str.73.305
	131 elements of 1bytes
global variable .str.74.306
	51 elements of 1bytes
global variable .str.75.307
	24 elements of 1bytes
global variable .str.76.308
	24 elements of 1bytes
global variable .str.77.309
	51 elements of 1bytes
global variable .str.78.310
	24 elements of 1bytes
global variable .str.79.311
	52 elements of 1bytes
global variable .str.80.312
	36 elements of 1bytes
global variable .str.81.313
	24 elements of 1bytes
global variable .str.82.314
	74 elements of 1bytes
global variable .str.83.315
	37 elements of 1bytes
global variable .str.39.316
	2 elements of 1bytes
global variable .str.32.317
	25 elements of 1bytes
global variable .str.33.318
	27 elements of 1bytes
global variable .str.34.319
	32 elements of 1bytes
global variable .str.35.320
	25 elements of 1bytes
global variable .str.36.321
	51 elements of 1bytes
global variable .str.37.322
	42 elements of 1bytes
global variable .str.38.323
	30 elements of 1bytes
global variable __PRETTY_FUNCTION__.TIFFReadDirEntryOutputErr
	98 elements of 1bytes
global variable .str.40.324
	38 elements of 1bytes
global variable .str.41.325
	40 elements of 1bytes
global variable .str.42.326
	45 elements of 1bytes
global variable .str.43.327
	38 elements of 1bytes
global variable .str.44.328
	64 elements of 1bytes
global variable .str.45.329
	55 elements of 1bytes
global variable .str.46.330
	43 elements of 1bytes
global variable .str.1.331
	12 elements of 1bytes
global variable .str.2.332
	45 elements of 1bytes
global variable .str.3.333
	54 elements of 1bytes
global variable .str.4.334
	18 elements of 1bytes
global variable __PRETTY_FUNCTION__.TIFFReadDirectory
	30 elements of 1bytes
global variable .str.6.337
	84 elements of 1bytes
global variable .str.7.338
	12 elements of 1bytes
global variable MissingRequired.module
	16 elements of 1bytes
global variable .str.52.339
	46 elements of 1bytes
global variable .str.9.340
	6 elements of 1bytes
global variable .str.10.341
	7 elements of 1bytes
global variable .str.8.342
	32 elements of 1bytes
global variable .str.11.343
	12 elements of 1bytes
global variable .str.12.344
	13 elements of 1bytes
global variable .str.13.345
	16 elements of 1bytes
global variable TIFFFetchStripThing.module
	20 elements of 1bytes
global variable .str.84.346
	16 elements of 1bytes
global variable .str.14.347
	46 elements of 1bytes
global variable .str.15.348
	40 elements of 1bytes
global variable .str.16.349
	51 elements of 1bytes
global variable .str.17.350
	79 elements of 1bytes
global variable .str.18.351
	57 elements of 1bytes
global variable .str.19.352
	76 elements of 1bytes
global variable .str.20.353
	76 elements of 1bytes
global variable .str.21.354
	9 elements of 1bytes
global variable .str.22.355
	16 elements of 1bytes
global variable .str.23.356
	89 elements of 1bytes
global variable .str.50.357
	28 elements of 1bytes
global variable EstimateStripByteCounts.module
	24 elements of 1bytes
global variable .str.51.358
	45 elements of 1bytes
global variable .str.24.359
	73 elements of 1bytes
global variable .str.25.360
	73 elements of 1bytes
global variable .str.86.361
	43 elements of 1bytes
global variable __PRETTY_FUNCTION__.ChopUpSingleUncompressedStrip
	43 elements of 1bytes
global variable .str.87.362
	36 elements of 1bytes
global variable .str.88.363
	33 elements of 1bytes
global variable .str.26.364
	33 elements of 1bytes
global variable .str.27.365
	29 elements of 1bytes
global variable .str.28.366
	30 elements of 1bytes
global variable TIFFReadCustomDirectory.module
	24 elements of 1bytes
global variable .str.29.367
	46 elements of 1bytes
global variable __PRETTY_FUNCTION__.TIFFReadCustomDirectory
	68 elements of 1bytes
global variable .str.30.368
	41 elements of 1bytes
global variable .str.56.369
	64 elements of 1bytes
global variable .str.57.370
	64 elements of 1bytes
global variable TIFFFetchSubjectDistance.module
	25 elements of 1bytes
global variable .str.85.371
	16 elements of 1bytes
global variable TIFFWriteDirectorySec.module
	22 elements of 1bytes
global variable .str.14.374
	43 elements of 1bytes
global variable .str.15.375
	43 elements of 1bytes
global variable .str.31.376
	21 elements of 1bytes
global variable .str.17.377
	15 elements of 1bytes
global variable __PRETTY_FUNCTION__.TIFFWriteDirectoryTagData
	104 elements of 1bytes
global variable TIFFWriteDirectoryTagData.module
	26 elements of 1bytes
global variable .str.28.378
	32 elements of 1bytes
global variable .str.32.379
	26 elements of 1bytes
global variable .str.33.380
	24 elements of 1bytes
global variable TIFFWriteDirectoryTagCheckedRational.module
	37 elements of 1bytes
global variable .str.34.381
	26 elements of 1bytes
global variable .str.35.382
	30 elements of 1bytes
global variable TIFFWriteDirectoryTagShortPerSample.module
	36 elements of 1bytes
global variable .str.27.383
	14 elements of 1bytes
global variable .str.36.384
	17 elements of 1bytes
global variable __PRETTY_FUNCTION__.TIFFWriteDirectoryTagCheckedShortArray
	103 elements of 1bytes
global variable .str.38.385
	17 elements of 1bytes
global variable __PRETTY_FUNCTION__.TIFFWriteDirectoryTagCheckedLong8Array
	103 elements of 1bytes
global variable .str.39.386
	28 elements of 1bytes
global variable TIFFWriteDirectoryTagLongLong8Array.module
	36 elements of 1bytes
global variable .str.37.387
	68 elements of 1bytes
global variable .str.40.388
	17 elements of 1bytes
global variable __PRETTY_FUNCTION__.TIFFWriteDirectoryTagCheckedLongArray
	102 elements of 1bytes
global variable TIFFWriteDirectoryTagColormap.module
	30 elements of 1bytes
global variable TIFFWriteDirectoryTagSampleformatArray.module
	39 elements of 1bytes
global variable __PRETTY_FUNCTION__.TIFFWriteDirectoryTagCheckedFloatArray
	102 elements of 1bytes
global variable __PRETTY_FUNCTION__.TIFFWriteDirectoryTagCheckedDoubleArray
	104 elements of 1bytes
global variable __PRETTY_FUNCTION__.TIFFWriteDirectoryTagCheckedSshortArray
	103 elements of 1bytes
global variable __PRETTY_FUNCTION__.TIFFWriteDirectoryTagCheckedSlongArray
	102 elements of 1bytes
global variable TIFFWriteDirectoryTagCheckedRationalArray.module
	42 elements of 1bytes
global variable TIFFWriteDirectoryTagTransferfunction.module
	38 elements of 1bytes
global variable TIFFWriteDirectoryTagSubifd.module
	28 elements of 1bytes
global variable .str.41.390
	8 elements of 1bytes
global variable __PRETTY_FUNCTION__.TIFFWriteDirectoryTagSubifd
	66 elements of 1bytes
global variable .str.42.391
	20 elements of 1bytes
global variable __PRETTY_FUNCTION__.TIFFWriteDirectoryTagCheckedIfdArray
	101 elements of 1bytes
global variable __PRETTY_FUNCTION__.TIFFWriteDirectoryTagCheckedIfd8Array
	102 elements of 1bytes
global variable .str.16.392
	26 elements of 1bytes
global variable __PRETTY_FUNCTION__.TIFFWriteDirectorySec
	54 elements of 1bytes
global variable .str.18.393
	34 elements of 1bytes
global variable .str.19.394
	22 elements of 1bytes
global variable .str.20.395
	26 elements of 1bytes
global variable .str.21.396
	22 elements of 1bytes
global variable .str.22.397
	25 elements of 1bytes
global variable .str.23.398
	30 elements of 1bytes
global variable .str.24.399
	35 elements of 1bytes
global variable .str.25.400
	22 elements of 1bytes
global variable .str.26.401
	2 elements of 1bytes
global variable __PRETTY_FUNCTION__.TIFFWriteDirectoryTagCheckedSlong8Array
	103 elements of 1bytes
global variable TIFFWriteDirectoryTagCheckedSrationalArray.module
	43 elements of 1bytes
global variable TIFFWriteDirectoryTagIfdIfd8Array.module
	34 elements of 1bytes
global variable TIFFLinkDirectory.module
	18 elements of 1bytes
global variable .str.43.402
	36 elements of 1bytes
global variable .str.44.403
	26 elements of 1bytes
global variable .str.1.404
	31 elements of 1bytes
global variable .str.2.405
	30 elements of 1bytes
global variable .str.3.406
	29 elements of 1bytes
global variable .str.4.407
	54 elements of 1bytes
global variable .str.29.408
	8 elements of 1bytes
global variable .str.30.409
	27 elements of 1bytes
global variable .str.410
	27 elements of 1bytes
global variable TIFFRewriteDirectory.module
	21 elements of 1bytes
global variable _TIFFRewriteField.module
	15 elements of 1bytes
global variable .str.5.411
	64 elements of 1bytes
global variable .str.6.412
	57 elements of 1bytes
global variable .str.7.413
	40 elements of 1bytes
global variable .str.8.414
	38 elements of 1bytes
global variable .str.9.415
	39 elements of 1bytes
global variable .str.10.416
	27 elements of 1bytes
global variable .str.11.417
	18 elements of 1bytes
global variable .str.12.418
	42 elements of 1bytes
global variable .str.13.419
	40 elements of 1bytes
global variable _TIFFerrorHandlerExt
	1 elements of 8bytes
global variable .str.426
	15 elements of 1bytes
global variable .str.1.427
	9 elements of 1bytes
global variable .str.2.428
	11 elements of 1bytes
global variable __PRETTY_FUNCTION__.TIFFClientOpen
	177 elements of 1bytes
global variable TIFFClientOpen.module
	15 elements of 1bytes
global variable .str.3.429
	35 elements of 1bytes
global variable .str.4.430
	46 elements of 1bytes
global variable .str.5.431
	24 elements of 1bytes
global variable .str.6.432
	26 elements of 1bytes
global variable .str.7.433
	51 elements of 1bytes
global variable .str.8.434
	46 elements of 1bytes
global variable .str.9.435
	50 elements of 1bytes
global variable .str.10.436
	46 elements of 1bytes
global variable .str.11.437
	25 elements of 1bytes
global variable .str.30.446
	26 elements of 1bytes
global variable .str.31.447
	41 elements of 1bytes
global variable .str.32.448
	42 elements of 1bytes
global variable .str.18.449
	31 elements of 1bytes
global variable .str.19.450
	34 elements of 1bytes
global variable TIFFFillStrip.module
	14 elements of 1bytes
global variable .str.4.451
	41 elements of 1bytes
global variable .str.5.452
	55 elements of 1bytes
global variable .str.3.453
	17 elements of 1bytes
global variable .str.6.454
	40 elements of 1bytes
global variable .str.10.455
	35 elements of 1bytes
global variable .str.11.456
	11 elements of 1bytes
global variable __PRETTY_FUNCTION__.TIFFReadBufferSetup
	50 elements of 1bytes
global variable TIFFReadBufferSetup.module
	20 elements of 1bytes
global variable .str.12.457
	20 elements of 1bytes
global variable .str.13.458
	41 elements of 1bytes
global variable __PRETTY_FUNCTION__.TIFFReadRawStrip1
	75 elements of 1bytes
global variable .str.23.459
	38 elements of 1bytes
global variable .str.24.460
	58 elements of 1bytes
global variable .str.25.461
	69 elements of 1bytes
global variable .str.20.462
	8 elements of 1bytes
global variable __PRETTY_FUNCTION__.TIFFFillStripPartial
	53 elements of 1bytes
global variable TIFFFillStripPartial.module
	21 elements of 1bytes
global variable .str.21.463
	48 elements of 1bytes
global variable .str.22.464
	36 elements of 1bytes
global variable TIFFReadEncodedStrip.module
	21 elements of 1bytes
global variable .str.467
	33 elements of 1bytes
global variable TIFFReadRawStrip.module
	17 elements of 1bytes
global variable .str.1.468
	68 elements of 1bytes
global variable .str.2.469
	42 elements of 1bytes
global variable TIFFReadEncodedTile.module
	20 elements of 1bytes
global variable .str.7.472
	32 elements of 1bytes
global variable __PRETTY_FUNCTION__.TIFFReadRawTile1
	74 elements of 1bytes
global variable .str.26.473
	41 elements of 1bytes
global variable .str.27.474
	62 elements of 1bytes
global variable .str.28.475
	72 elements of 1bytes
global variable TIFFFillTile.module
	13 elements of 1bytes
global variable .str.8.476
	40 elements of 1bytes
global variable .str.9.477
	39 elements of 1bytes
global variable TIFFStartTile.module
	14 elements of 1bytes
global variable .str.29.478
	11 elements of 1bytes
global variable TIFFReadRawTile.module
	16 elements of 1bytes
global variable .str.14.483
	14 elements of 1bytes
global variable __PRETTY_FUNCTION__._TIFFSwab16BitData
	51 elements of 1bytes
global variable .str.15.486
	14 elements of 1bytes
global variable __PRETTY_FUNCTION__._TIFFSwab24BitData
	51 elements of 1bytes
global variable .str.16.489
	14 elements of 1bytes
global variable __PRETTY_FUNCTION__._TIFFSwab32BitData
	51 elements of 1bytes
global variable .str.17.492
	14 elements of 1bytes
global variable __PRETTY_FUNCTION__._TIFFSwab64BitData
	51 elements of 1bytes
global variable TIFFComputeStrip.module
	17 elements of 1bytes
global variable .str.493
	34 elements of 1bytes
global variable .str.1.496
	19 elements of 1bytes
global variable TIFFVStripSize64.module
	17 elements of 1bytes
global variable .str.2.497
	33 elements of 1bytes
global variable .str.3.498
	34 elements of 1bytes
global variable TIFFScanlineSize64.module
	19 elements of 1bytes
global variable .str.6.501
	26 elements of 1bytes
global variable .str.7.502
	31 elements of 1bytes
global variable TIFFVStripSize.module
	15 elements of 1bytes
global variable .str.4.505
	17 elements of 1bytes
global variable TIFFRawStripSize64.module
	19 elements of 1bytes
global variable .str.5.506
	42 elements of 1bytes
global variable TIFFRawStripSize.module
	17 elements of 1bytes
global variable TIFFStripSize.module
	14 elements of 1bytes
global variable TIFFScanlineSize.module
	17 elements of 1bytes
global variable .str.8.513
	28 elements of 1bytes
global variable TIFFRasterScanlineSize64.module
	25 elements of 1bytes
global variable TIFFRasterScanlineSize.module
	23 elements of 1bytes
global variable TIFFBitRevTable
	256 elements of 1bytes
global variable TIFFNoBitRevTable
	256 elements of 1bytes
global variable .str.540
	31 elements of 1bytes
global variable .str.1.541
	31 elements of 1bytes
global variable .str.2.542
	33 elements of 1bytes
global variable .str.3.543
	34 elements of 1bytes
global variable .str.4.546
	18 elements of 1bytes
global variable TIFFTileRowSize64.module
	18 elements of 1bytes
global variable .str.5.547
	20 elements of 1bytes
global variable .str.6.548
	19 elements of 1bytes
global variable .str.7.549
	16 elements of 1bytes
global variable .str.8.550
	26 elements of 1bytes
global variable .str.9.551
	31 elements of 1bytes
global variable TIFFTileRowSize.module
	16 elements of 1bytes
global variable .str.10.554
	17 elements of 1bytes
global variable TIFFVTileSize64.module
	16 elements of 1bytes
global variable .str.11.557
	34 elements of 1bytes
global variable TIFFVTileSize.module
	14 elements of 1bytes
global variable TIFFTileSize.module
	13 elements of 1bytes
global variable TIFFVersion
	106 elements of 1bytes
global variable _TIFFwarningHandlerExt
	1 elements of 8bytes
global variable TIFFWriteScanline.module
	18 elements of 1bytes
global variable .str.6.572
	26 elements of 1bytes
global variable .str.7.573
	40 elements of 1bytes
global variable .str.8.574
	41 elements of 1bytes
global variable .str.9.575
	42 elements of 1bytes
global variable .str.10.576
	51 elements of 1bytes
global variable .str.12.579
	5 elements of 1bytes
global variable .str.13.580
	6 elements of 1bytes
global variable .str.11.581
	23 elements of 1bytes
global variable TIFFWriteBufferSetup.module
	21 elements of 1bytes
global variable .str.14.582
	27 elements of 1bytes
global variable .str.583
	56 elements of 1bytes
global variable .str.1.584
	34 elements of 1bytes
global variable .str.15.585
	43 elements of 1bytes
global variable .str.16.586
	12 elements of 1bytes
global variable __PRETTY_FUNCTION__.TIFFGrowStrips
	49 elements of 1bytes
global variable .str.17.587
	32 elements of 1bytes
global variable .str.2.588
	22 elements of 1bytes
global variable TIFFWriteEncodedStrip.module
	22 elements of 1bytes
global variable .str.3.591
	56 elements of 1bytes
global variable .str.18.592
	19 elements of 1bytes
global variable __PRETTY_FUNCTION__.TIFFAppendToStrip
	57 elements of 1bytes
global variable TIFFAppendToStrip.module
	18 elements of 1bytes
global variable .str.19.593
	27 elements of 1bytes
global variable .str.20.594
	32 elements of 1bytes
global variable .str.21.595
	28 elements of 1bytes
global variable TIFFWriteRawStrip.module
	18 elements of 1bytes
global variable TIFFWriteEncodedTile.module
	21 elements of 1bytes
global variable .str.4.598
	31 elements of 1bytes
global variable .str.5.599
	11 elements of 1bytes
global variable TIFFWriteRawTile.module
	17 elements of 1bytes
global variable _TIFFwarningHandler
	1 elements of 8bytes
global variable .str.2.606
	5 elements of 1bytes
global variable .str.3.607
	10 elements of 1bytes
global variable .str.4.608
	3 elements of 1bytes
global variable _TIFFerrorHandler
	1 elements of 8bytes
global variable TIFFOpen.module
	9 elements of 1bytes
global variable .str.613
	7 elements of 1bytes
global variable .str.1.614
	16 elements of 1bytes
global variable .str.627
	9 elements of 1bytes
global variable registeredCODECS
	1 elements of 8bytes
global variable .str.8.628
	34 elements of 1bytes
global variable .str.9.629
	53 elements of 1bytes
global variable .str.1.630
	6 elements of 1bytes
global variable .str.2.631
	5 elements of 1bytes
global variable .str.10.632
	34 elements of 1bytes
global variable .str.11.633
	53 elements of 1bytes
global variable .str.3.634
	53 elements of 1bytes
global variable .str.4.639
	18 elements of 1bytes
global variable .str.5.640
	43 elements of 1bytes
global variable .str.6.641
	20 elements of 1bytes
global variable .str.7.642
	52 elements of 1bytes
global variable _TIFFBuiltinCODECS
	19 elements of 24bytes
global variable .str.645
	5 elements of 1bytes
global variable .str.1.646
	4 elements of 1bytes
global variable .str.2.647
	9 elements of 1bytes
global variable .str.3.648
	12 elements of 1bytes
global variable .str.4.649
	5 elements of 1bytes
global variable .str.5.650
	5 elements of 1bytes
global variable .str.6.651
	15 elements of 1bytes
global variable .str.7.652
	10 elements of 1bytes
global variable .str.8.653
	12 elements of 1bytes
global variable .str.9.654
	14 elements of 1bytes
global variable .str.10.655
	14 elements of 1bytes
global variable .str.11.656
	9 elements of 1bytes
global variable .str.18.657
	3 elements of 1bytes
global variable .str.19.658
	41 elements of 1bytes
global variable .str.12.659
	8 elements of 1bytes
global variable .str.13.660
	13 elements of 1bytes
global variable .str.14.661
	9 elements of 1bytes
global variable .str.15.662
	7 elements of 1bytes
global variable .str.16.663
	9 elements of 1bytes
global variable .str.17.664
	5 elements of 1bytes
global variable DumpModeDecode.module
	15 elements of 1bytes
global variable .str.669
	106 elements of 1bytes
global variable .str.1.670
	6 elements of 1bytes
global variable .str.2.671
	15 elements of 1bytes
global variable __PRETTY_FUNCTION__.DumpModeEncode
	54 elements of 1bytes
global variable TIFFFaxWhiteCodes
	109 elements of 6bytes
global variable TIFFFaxBlackCodes
	109 elements of 6bytes
global variable _TIFFFax3fillruns._fillmasks
	9 elements of 1bytes
global variable .str.672
	11 elements of 1bytes
global variable .str.1.673
	11 elements of 1bytes
global variable __PRETTY_FUNCTION__._TIFFFax3fillruns
	68 elements of 1bytes
global variable faxFields
	5 elements of 48bytes
global variable .str.9.676
	8 elements of 1bytes
global variable .str.10.677
	12 elements of 1bytes
global variable .str.11.678
	12 elements of 1bytes
global variable .str.12.679
	13 elements of 1bytes
global variable .str.13.680
	23 elements of 1bytes
global variable .str.6.681
	14 elements of 1bytes
global variable .str.7.682
	52 elements of 1bytes
global variable InitCCITTFax3.module
	14 elements of 1bytes
global variable .str.8.683
	25 elements of 1bytes
global variable .str.14.684
	8 elements of 1bytes
global variable __PRETTY_FUNCTION__.Fax3VGetField
	58 elements of 1bytes
global variable __PRETTY_FUNCTION__.Fax3VSetField
	58 elements of 1bytes
global variable .str.15.685
	20 elements of 1bytes
global variable __PRETTY_FUNCTION__.Fax3PrintDir
	40 elements of 1bytes
global variable .str.16.686
	2 elements of 1bytes
global variable .str.17.687
	19 elements of 1bytes
global variable .str.18.688
	20 elements of 1bytes
global variable .str.19.689
	19 elements of 1bytes
global variable .str.20.690
	15 elements of 1bytes
global variable .str.21.691
	2 elements of 1bytes
global variable .str.22.692
	14 elements of 1bytes
global variable .str.23.693
	16 elements of 1bytes
global variable .str.24.694
	12 elements of 1bytes
global variable .str.25.695
	7 elements of 1bytes
global variable .str.26.696
	22 elements of 1bytes
global variable .str.27.697
	20 elements of 1bytes
global variable .str.28.698
	14 elements of 1bytes
global variable .str.29.699
	22 elements of 1bytes
global variable .str.30.700
	34 elements of 1bytes
global variable Fax3SetupState.module
	15 elements of 1bytes
global variable .str.31.701
	54 elements of 1bytes
global variable .str.32.702
	43 elements of 1bytes
global variable .str.33.703
	25 elements of 1bytes
global variable Fax3Decode2D.module
	13 elements of 1bytes
global variable .str.35.704
	36 elements of 1bytes
global variable .str.37.705
	5 elements of 1bytes
global variable .str.38.706
	6 elements of 1bytes
global variable .str.36.707
	41 elements of 1bytes
global variable .str.39.708
	41 elements of 1bytes
global variable .str.41.709
	14 elements of 1bytes
global variable .str.42.710
	21 elements of 1bytes
global variable .str.40.711
	45 elements of 1bytes
global variable .str.43.712
	61 elements of 1bytes
global variable .str.34.713
	38 elements of 1bytes
global variable .str.44.714
	11 elements of 1bytes
global variable __PRETTY_FUNCTION__.Fax3PreDecode
	34 elements of 1bytes
global variable Fax3Decode1D.module
	13 elements of 1bytes
global variable __PRETTY_FUNCTION__.Fax3PreEncode
	34 elements of 1bytes
global variable Fax3Encode.module
	11 elements of 1bytes
global variable .str.45.715
	39 elements of 1bytes
global variable .str.46.716
	10 elements of 1bytes
global variable __PRETTY_FUNCTION__.Fax3PutEOL
	24 elements of 1bytes
global variable _msbmask
	9 elements of 4bytes
global variable .str.47.717
	11 elements of 1bytes
global variable zeroruns
	256 elements of 1bytes
global variable __PRETTY_FUNCTION__.putspan
	48 elements of 1bytes
global variable .str.48.718
	27 elements of 1bytes
global variable oneruns
	256 elements of 1bytes
global variable horizcode
	1 elements of 6bytes
global variable __PRETTY_FUNCTION__.Fax3PutBits
	53 elements of 1bytes
global variable vcodes
	7 elements of 6bytes
global variable passcode
	1 elements of 6bytes
global variable __PRETTY_FUNCTION__.Fax3Cleanup
	25 elements of 1bytes
global variable fax3Fields
	1 elements of 48bytes
global variable .str.49.719
	14 elements of 1bytes
global variable .str.2.720
	18 elements of 1bytes
global variable .str.3.721
	47 elements of 1bytes
global variable fax4Fields
	1 elements of 48bytes
global variable .str.50.724
	14 elements of 1bytes
global variable .str.4.725
	18 elements of 1bytes
global variable .str.5.726
	47 elements of 1bytes
global variable Fax4Decode.module
	11 elements of 1bytes
global variable Fax4Encode.module
	11 elements of 1bytes
global variable Fax3DecodeRLE.module
	14 elements of 1bytes
global variable TIFFFaxMainTable
	128 elements of 8bytes
global variable TIFFFaxWhiteTable
	4096 elements of 8bytes
global variable TIFFFaxBlackTable
	8192 elements of 8bytes
global variable .str.739
	27 elements of 1bytes
global variable .str.1.740
	11 elements of 1bytes
global variable __PRETTY_FUNCTION__.TIFFInitJPEG
	30 elements of 1bytes
global variable jpegFields
	4 elements of 48bytes
global variable .str.6.741
	11 elements of 1bytes
global variable .str.7.742
	1 elements of 1bytes
global variable .str.2.743
	13 elements of 1bytes
global variable .str.3.744
	40 elements of 1bytes
global variable .str.4.745
	30 elements of 1bytes
global variable .str.8.746
	11 elements of 1bytes
global variable __PRETTY_FUNCTION__.JPEGVGetField
	58 elements of 1bytes
global variable __PRETTY_FUNCTION__.JPEGVSetField
	58 elements of 1bytes
global variable __PRETTY_FUNCTION__.JPEGPrintDir
	40 elements of 1bytes
global variable .str.9.747
	28 elements of 1bytes
global variable JPEGFixupTagsSubsampling.module
	25 elements of 1bytes
global variable .str.10.748
	93 elements of 1bytes
global variable .str.14.749
	15 elements of 1bytes
global variable __PRETTY_FUNCTION__.JPEGFixupTagsSubsamplingReadByte
	85 elements of 1bytes
global variable JPEGFixupTagsSubsamplingSec.module
	28 elements of 1bytes
global variable .str.12.750
	122 elements of 1bytes
global variable .str.13.751
	118 elements of 1bytes
global variable .str.11.752
	124 elements of 1bytes
global variable .str.18.753
	8 elements of 1bytes
global variable .str.19.754
	3 elements of 1bytes
global variable __PRETTY_FUNCTION__.JPEGSetupDecode
	28 elements of 1bytes
global variable .str.15.755
	31 elements of 1bytes
global variable std_fill_input_buffer.dummy_EOI
	2 elements of 1bytes
global variable .str.16.756
	16 elements of 1bytes
global variable .str.17.757
	23 elements of 1bytes
global variable __PRETTY_FUNCTION__.JPEGPreDecode
	34 elements of 1bytes
global variable JPEGPreDecode.module
	14 elements of 1bytes
global variable .str.20.758
	57 elements of 1bytes
global variable .str.21.759
	76 elements of 1bytes
global variable .str.22.760
	30 elements of 1bytes
global variable .str.23.761
	29 elements of 1bytes
global variable .str.24.762
	65 elements of 1bytes
global variable .str.25.763
	31 elements of 1bytes
global variable .str.26.764
	17 elements of 1bytes
global variable .str.27.765
	141 elements of 1bytes
global variable .str.28.766
	14 elements of 1bytes
global variable .str.29.767
	50 elements of 1bytes
global variable .str.30.768
	77 elements of 1bytes
global variable .str.31.769
	29 elements of 1bytes
global variable __PRETTY_FUNCTION__.JPEGSetupEncode
	28 elements of 1bytes
global variable .str.32.770
	32 elements of 1bytes
global variable JPEGSetupEncode.module
	16 elements of 1bytes
global variable .str.33.771
	43 elements of 1bytes
global variable .str.34.772
	50 elements of 1bytes
global variable .str.35.773
	38 elements of 1bytes
global variable .str.36.774
	40 elements of 1bytes
global variable .str.37.775
	39 elements of 1bytes
global variable .str.38.776
	45 elements of 1bytes
global variable .str.39.777
	10 elements of 1bytes
global variable .str.40.778
	21 elements of 1bytes
global variable .str.41.779
	24 elements of 1bytes
global variable __PRETTY_FUNCTION__.JPEGPreEncode
	34 elements of 1bytes
global variable JPEGPreEncode.module
	14 elements of 1bytes
global variable .str.42.780
	30 elements of 1bytes
global variable __PRETTY_FUNCTION__.JPEGEncodeRaw
	53 elements of 1bytes
global variable .str.43.781
	30 elements of 1bytes
global variable __PRETTY_FUNCTION__.JPEGEncode
	50 elements of 1bytes
global variable .str.44.782
	11 elements of 1bytes
global variable .str.45.783
	26 elements of 1bytes
global variable .str.46.784
	8 elements of 1bytes
global variable __PRETTY_FUNCTION__.JPEGCleanup
	25 elements of 1bytes
global variable .str.5.785
	42 elements of 1bytes
global variable oog_encode.initialized
	1 elements of 4bytes
global variable uv_row
	163 elements of 8bytes
global variable oog_encode.oog_table
	100 elements of 4bytes
global variable .str.788
	63 elements of 1bytes
global variable .str.1.789
	10 elements of 1bytes
global variable __PRETTY_FUNCTION__.TIFFInitSGILog
	32 elements of 1bytes
global variable LogLuvFields
	2 elements of 48bytes
global variable .str.4.790
	14 elements of 1bytes
global variable .str.5.791
	13 elements of 1bytes
global variable TIFFInitSGILog.module
	15 elements of 1bytes
global variable .str.2.792
	42 elements of 1bytes
global variable .str.8.793
	11 elements of 1bytes
global variable __PRETTY_FUNCTION__.LogLuvInitState
	28 elements of 1bytes
global variable .str.9.794
	41 elements of 1bytes
global variable LogLuvInitState.module
	16 elements of 1bytes
global variable .str.10.795
	53 elements of 1bytes
global variable .str.11.796
	53 elements of 1bytes
global variable .str.12.797
	39 elements of 1bytes
global variable .str.13.798
	7 elements of 1bytes
global variable __PRETTY_FUNCTION__.LogLuvDecode24
	54 elements of 1bytes
global variable LogLuvDecode24.module
	15 elements of 1bytes
global variable .str.14.799
	29 elements of 1bytes
global variable .str.15.800
	47 elements of 1bytes
global variable __PRETTY_FUNCTION__.LogLuvDecode32
	54 elements of 1bytes
global variable LogLuvDecode32.module
	15 elements of 1bytes
global variable __PRETTY_FUNCTION__.LogL16InitState
	28 elements of 1bytes
global variable .str.16.801
	39 elements of 1bytes
global variable LogL16InitState.module
	16 elements of 1bytes
global variable .str.17.802
	44 elements of 1bytes
global variable .str.18.803
	14 elements of 1bytes
global variable .str.19.804
	51 elements of 1bytes
global variable __PRETTY_FUNCTION__.LogL16Decode
	52 elements of 1bytes
global variable LogL16Decode.module
	13 elements of 1bytes
global variable LogLuvSetupDecode.module
	18 elements of 1bytes
global variable .str.6.805
	71 elements of 1bytes
global variable .str.7.806
	30 elements of 1bytes
global variable .str.20.807
	15 elements of 1bytes
global variable __PRETTY_FUNCTION__.LogLuvDecodeStrip
	57 elements of 1bytes
global variable __PRETTY_FUNCTION__.LogLuvDecodeTile
	56 elements of 1bytes
global variable __PRETTY_FUNCTION__.LogLuvEncode24
	54 elements of 1bytes
global variable LogLuvEncode24.module
	15 elements of 1bytes
global variable __PRETTY_FUNCTION__.LogLuvEncode32
	54 elements of 1bytes
global variable LogLuvEncode32.module
	15 elements of 1bytes
global variable __PRETTY_FUNCTION__.LogL16Encode
	52 elements of 1bytes
global variable LogL16Encode.module
	13 elements of 1bytes
global variable LogLuvSetupEncode.module
	18 elements of 1bytes
global variable .str.22.808
	5 elements of 1bytes
global variable .str.23.809
	9 elements of 1bytes
global variable .str.21.810
	54 elements of 1bytes
global variable __PRETTY_FUNCTION__.LogLuvEncodeStrip
	57 elements of 1bytes
global variable __PRETTY_FUNCTION__.LogLuvEncodeTile
	56 elements of 1bytes
global variable .str.24.811
	8 elements of 1bytes
global variable __PRETTY_FUNCTION__.LogLuvClose
	25 elements of 1bytes
global variable __PRETTY_FUNCTION__.LogLuvCleanup
	27 elements of 1bytes
global variable .str.25.812
	46 elements of 1bytes
global variable LogLuvVSetField.module
	16 elements of 1bytes
global variable .str.26.813
	43 elements of 1bytes
global variable .str.3.814
	36 elements of 1bytes
global variable .str.817
	26 elements of 1bytes
global variable .str.1.818
	10 elements of 1bytes
global variable __PRETTY_FUNCTION__.TIFFInitLZW
	29 elements of 1bytes
global variable LZWSetupDecode.module
	15 elements of 1bytes
global variable .str.2.819
	29 elements of 1bytes
global variable .str.3.820
	11 elements of 1bytes
global variable __PRETTY_FUNCTION__.LZWSetupDecode
	27 elements of 1bytes
global variable .str.4.821
	28 elements of 1bytes
global variable __PRETTY_FUNCTION__.LZWPreDecode
	33 elements of 1bytes
global variable LZWPreDecode.module
	13 elements of 1bytes
global variable .str.5.822
	34 elements of 1bytes
global variable __PRETTY_FUNCTION__.LZWDecodeCompat
	55 elements of 1bytes
global variable LZWDecodeCompat.module
	16 elements of 1bytes
global variable .str.6.823
	49 elements of 1bytes
global variable .str.7.824
	46 elements of 1bytes
global variable .str.8.825
	35 elements of 1bytes
global variable .str.9.826
	71 elements of 1bytes
global variable .str.10.827
	21 elements of 1bytes
global variable .str.11.828
	50 elements of 1bytes
global variable __PRETTY_FUNCTION__.LZWDecode
	49 elements of 1bytes
global variable .str.12.829
	24 elements of 1bytes
global variable LZWDecode.module
	10 elements of 1bytes
global variable .str.14.830
	52 elements of 1bytes
global variable .str.13.831
	11 elements of 1bytes
global variable __PRETTY_FUNCTION__.LZWSetupEncode
	27 elements of 1bytes
global variable LZWSetupEncode.module
	15 elements of 1bytes
global variable .str.15.832
	28 elements of 1bytes
global variable __PRETTY_FUNCTION__.LZWPreEncode
	33 elements of 1bytes
global variable .str.16.833
	24 elements of 1bytes
global variable __PRETTY_FUNCTION__.LZWEncode
	49 elements of 1bytes
global variable .str.17.834
	18 elements of 1bytes
global variable .str.18.835
	19 elements of 1bytes
global variable __PRETTY_FUNCTION__.LZWCleanup
	24 elements of 1bytes
global variable TIFFInitLZW.module
	12 elements of 1bytes
global variable NeXTPreDecode.module
	14 elements of 1bytes
global variable .str.838
	31 elements of 1bytes
global variable NeXTDecode.module
	11 elements of 1bytes
global variable .str.1.839
	36 elements of 1bytes
global variable .str.2.840
	30 elements of 1bytes
global variable .str.3.841
	33 elements of 1bytes
global variable .str.844
	26 elements of 1bytes
global variable .str.1.845
	12 elements of 1bytes
global variable __PRETTY_FUNCTION__.TIFFInitOJPEG
	31 elements of 1bytes
global variable ojpegFields
	7 elements of 48bytes
global variable .str.4.846
	22 elements of 1bytes
global variable .str.5.847
	28 elements of 1bytes
global variable .str.6.848
	12 elements of 1bytes
global variable .str.7.849
	13 elements of 1bytes
global variable .str.8.850
	13 elements of 1bytes
global variable .str.9.851
	9 elements of 1bytes
global variable .str.10.852
	20 elements of 1bytes
global variable TIFFInitOJPEG.module
	14 elements of 1bytes
global variable .str.2.853
	44 elements of 1bytes
global variable .str.3.854
	31 elements of 1bytes
global variable OJPEGSetupDecode.module
	17 elements of 1bytes
global variable .str.59.855
	144 elements of 1bytes
global variable .str.11.856
	31 elements of 1bytes
global variable __PRETTY_FUNCTION__.OJPEGSubsamplingCorrect
	37 elements of 1bytes
global variable OJPEGSubsamplingCorrect.module
	24 elements of 1bytes
global variable .str.12.857
	76 elements of 1bytes
global variable .str.22.858
	4 elements of 1bytes
global variable __PRETTY_FUNCTION__.OJPEGReadBufferFill
	38 elements of 1bytes
global variable .str.23.859
	16 elements of 1bytes
global variable .str.24.860
	8 elements of 1bytes
global variable .str.25.861
	35 elements of 1bytes
global variable .str.26.862
	30 elements of 1bytes
global variable .str.21.863
	21 elements of 1bytes
global variable __PRETTY_FUNCTION__.OJPEGReadBytePeek
	45 elements of 1bytes
global variable __PRETTY_FUNCTION__.OJPEGReadByteAdvance
	40 elements of 1bytes
global variable __PRETTY_FUNCTION__.OJPEGReadByte
	41 elements of 1bytes
global variable OJPEGReadHeaderInfoSec.module
	23 elements of 1bytes
global variable .str.18.864
	18 elements of 1bytes
global variable .str.27.865
	22 elements of 1bytes
global variable __PRETTY_FUNCTION__.OJPEGReadSkip
	41 elements of 1bytes
global variable OJPEGReadHeaderInfoSecStreamDri.module
	32 elements of 1bytes
global variable .str.28.866
	32 elements of 1bytes
global variable OJPEGReadHeaderInfoSecStreamDqt.module
	32 elements of 1bytes
global variable .str.29.867
	32 elements of 1bytes
global variable .str.30.868
	14 elements of 1bytes
global variable .str.31.869
	6 elements of 1bytes
global variable __PRETTY_FUNCTION__.OJPEGReadBlock
	49 elements of 1bytes
global variable OJPEGReadHeaderInfoSecStreamDht.module
	32 elements of 1bytes
global variable .str.32.870
	32 elements of 1bytes
global variable OJPEGReadHeaderInfoSecStreamSof.module
	32 elements of 1bytes
global variable .str.33.871
	32 elements of 1bytes
global variable .str.34.872
	60 elements of 1bytes
global variable .str.35.873
	68 elements of 1bytes
global variable .str.36.874
	49 elements of 1bytes
global variable .str.37.875
	48 elements of 1bytes
global variable .str.38.876
	62 elements of 1bytes
global variable .str.39.877
	61 elements of 1bytes
global variable .str.19.878
	27 elements of 1bytes
global variable __PRETTY_FUNCTION__.OJPEGReadHeaderInfoSec
	35 elements of 1bytes
global variable .str.40.879
	26 elements of 1bytes
global variable __PRETTY_FUNCTION__.OJPEGReadHeaderInfoSecStreamSos
	44 elements of 1bytes
global variable OJPEGReadHeaderInfoSecStreamSos.module
	32 elements of 1bytes
global variable .str.41.880
	32 elements of 1bytes
global variable .str.20.881
	36 elements of 1bytes
global variable OJPEGReadHeaderInfoSecTablesQTable.module
	35 elements of 1bytes
global variable .str.42.882
	20 elements of 1bytes
global variable .str.43.883
	30 elements of 1bytes
global variable OJPEGReadHeaderInfoSecTablesDcTable.module
	36 elements of 1bytes
global variable .str.44.884
	31 elements of 1bytes
global variable OJPEGReadHeaderInfoSecTablesAcTable.module
	36 elements of 1bytes
global variable .str.45.885
	31 elements of 1bytes
global variable .str.13.886
	155 elements of 1bytes
global variable .str.14.887
	133 elements of 1bytes
global variable .str.15.888
	230 elements of 1bytes
global variable .str.16.889
	208 elements of 1bytes
global variable .str.17.890
	51 elements of 1bytes
global variable .str.60.891
	23 elements of 1bytes
global variable __PRETTY_FUNCTION__.OJPEGReadHeaderInfo
	32 elements of 1bytes
global variable OJPEGReadHeaderInfo.module
	20 elements of 1bytes
global variable .str.61.892
	61 elements of 1bytes
global variable .str.62.893
	62 elements of 1bytes
global variable .str.63.894
	4 elements of 1bytes
global variable __PRETTY_FUNCTION__.OJPEGReadSecondarySos
	42 elements of 1bytes
global variable .str.64.895
	4 elements of 1bytes
global variable .str.65.896
	22 elements of 1bytes
global variable .str.66.897
	22 elements of 1bytes
global variable .str.67.898
	30 elements of 1bytes
global variable __PRETTY_FUNCTION__.OJPEGLibjpegSessionAbort
	38 elements of 1bytes
global variable .str.70.899
	8 elements of 1bytes
global variable .str.71.900
	3 elements of 1bytes
global variable .str.73.901
	23 elements of 1bytes
global variable __PRETTY_FUNCTION__.OJPEGWriteStream
	48 elements of 1bytes
global variable .str.74.902
	52 elements of 1bytes
global variable __PRETTY_FUNCTION__.OJPEGWriteStreamSof
	52 elements of 1bytes
global variable .str.75.903
	41 elements of 1bytes
global variable .str.76.904
	52 elements of 1bytes
global variable __PRETTY_FUNCTION__.OJPEGWriteStreamSos
	52 elements of 1bytes
global variable .str.77.905
	41 elements of 1bytes
global variable __PRETTY_FUNCTION__.OJPEGWriteStreamCompressed
	58 elements of 1bytes
global variable .str.72.906
	27 elements of 1bytes
global variable .str.78.907
	17 elements of 1bytes
global variable .str.68.908
	36 elements of 1bytes
global variable __PRETTY_FUNCTION__.OJPEGWriteHeaderInfo
	33 elements of 1bytes
global variable .str.69.909
	38 elements of 1bytes
global variable OJPEGWriteHeaderInfo.module
	21 elements of 1bytes
global variable OJPEGPreDecodeSkipScanlines.module
	28 elements of 1bytes
global variable __PRETTY_FUNCTION__.OJPEGPostDecode
	48 elements of 1bytes
global variable OJPEGDecode.module
	12 elements of 1bytes
global variable .str.79.910
	49 elements of 1bytes
global variable OJPEGDecodeRaw.module
	15 elements of 1bytes
global variable .str.80.911
	29 elements of 1bytes
global variable .str.81.912
	5 elements of 1bytes
global variable __PRETTY_FUNCTION__.OJPEGDecodeRaw
	46 elements of 1bytes
global variable OJPEGDecodeScanlines.module
	21 elements of 1bytes
global variable __PRETTY_FUNCTION__.OJPEGDecodeScanlines
	52 elements of 1bytes
global variable OJPEGSetupEncode.module
	17 elements of 1bytes
global variable .str.82.913
	69 elements of 1bytes
global variable OJPEGPreEncode.module
	15 elements of 1bytes
global variable OJPEGPostEncode.module
	16 elements of 1bytes
global variable OJPEGEncode.module
	12 elements of 1bytes
global variable OJPEGVSetField.module
	15 elements of 1bytes
global variable .str.46.914
	36 elements of 1bytes
global variable .str.47.915
	37 elements of 1bytes
global variable .str.48.916
	37 elements of 1bytes
global variable .str.49.917
	9 elements of 1bytes
global variable __PRETTY_FUNCTION__.OJPEGPrintDir
	41 elements of 1bytes
global variable .str.50.918
	30 elements of 1bytes
global variable .str.51.919
	36 elements of 1bytes
global variable .str.52.920
	15 elements of 1bytes
global variable .str.53.921
	5 elements of 1bytes
global variable .str.54.922
	2 elements of 1bytes
global variable .str.55.923
	16 elements of 1bytes
global variable .str.56.924
	16 elements of 1bytes
global variable .str.57.925
	16 elements of 1bytes
global variable .str.58.926
	27 elements of 1bytes
global variable PackBitsDecode.module
	15 elements of 1bytes
global variable .str.929
	45 elements of 1bytes
global variable .str.1.930
	48 elements of 1bytes
global variable .str.2.931
	33 elements of 1bytes
global variable .str.934
	31 elements of 1bytes
global variable .str.1.935
	15 elements of 1bytes
global variable __PRETTY_FUNCTION__.TIFFInitPixarLog
	34 elements of 1bytes
global variable pixarlogFields
	2 elements of 48bytes
global variable .str.4.936
	1 elements of 1bytes
global variable TIFFInitPixarLog.module
	17 elements of 1bytes
global variable .str.2.937
	44 elements of 1bytes
global variable .str.5.938
	11 elements of 1bytes
global variable __PRETTY_FUNCTION__.PixarLogSetupDecode
	32 elements of 1bytes
global variable PixarLogSetupDecode.module
	20 elements of 1bytes
global variable .str.6.940
	81 elements of 1bytes
global variable .str.7.941
	6 elements of 1bytes
global variable .str.9.942
	7 elements of 1bytes
global variable .str.8.943
	3 elements of 1bytes
global variable __PRETTY_FUNCTION__.PixarLogPreDecode
	38 elements of 1bytes
global variable PixarLogPreDecode.module
	18 elements of 1bytes
global variable .str.10.944
	40 elements of 1bytes
global variable PixarLogDecode.module
	15 elements of 1bytes
global variable .str.11.945
	39 elements of 1bytes
global variable __PRETTY_FUNCTION__.PixarLogDecode
	54 elements of 1bytes
global variable .str.12.946
	37 elements of 1bytes
global variable .str.13.947
	35 elements of 1bytes
global variable .str.14.948
	15 elements of 1bytes
global variable .str.15.949
	50 elements of 1bytes
global variable .str.16.950
	67 elements of 1bytes
global variable .str.17.951
	28 elements of 1bytes
global variable __PRETTY_FUNCTION__.PixarLogSetupEncode
	32 elements of 1bytes
global variable PixarLogSetupEncode.module
	20 elements of 1bytes
global variable .str.18.952
	58 elements of 1bytes
global variable __PRETTY_FUNCTION__.PixarLogPreEncode
	38 elements of 1bytes
global variable PixarLogPreEncode.module
	18 elements of 1bytes
global variable PixarLogPostEncode.module
	19 elements of 1bytes
global variable PixarLogEncode.module
	15 elements of 1bytes
global variable .str.19.953
	30 elements of 1bytes
global variable Fltsize
	1 elements of 4bytes
global variable LogK1
	1 elements of 4bytes
global variable LogK2
	1 elements of 4bytes
global variable .str.20.954
	18 elements of 1bytes
global variable .str.21.955
	8 elements of 1bytes
global variable __PRETTY_FUNCTION__.PixarLogClose
	27 elements of 1bytes
global variable __PRETTY_FUNCTION__.PixarLogCleanup
	29 elements of 1bytes
global variable PixarLogVSetField.module
	18 elements of 1bytes
global variable .str.3.956
	34 elements of 1bytes
global variable .str.959
	8 elements of 1bytes
global variable .str.1.960
	14 elements of 1bytes
global variable __PRETTY_FUNCTION__.TIFFPredictorInit
	30 elements of 1bytes
global variable predictFields
	1 elements of 48bytes
global variable .str.4.961
	10 elements of 1bytes
global variable .str.2.962
	18 elements of 1bytes
global variable .str.3.963
	45 elements of 1bytes
global variable .str.5.964
	11 elements of 1bytes
global variable __PRETTY_FUNCTION__.PredictorVGetField
	63 elements of 1bytes
global variable .str.6.965
	23 elements of 1bytes
global variable __PRETTY_FUNCTION__.PredictorVSetField
	63 elements of 1bytes
global variable .str.7.966
	23 elements of 1bytes
global variable .str.8.967
	14 elements of 1bytes
global variable .str.9.968
	6 elements of 1bytes
global variable .str.10.969
	25 elements of 1bytes
global variable .str.11.970
	26 elements of 1bytes
global variable .str.12.971
	11 elements of 1bytes
global variable PredictorSetup.module
	15 elements of 1bytes
global variable .str.13.972
	70 elements of 1bytes
global variable .str.14.973
	61 elements of 1bytes
global variable .str.15.974
	61 elements of 1bytes
global variable .str.16.975
	35 elements of 1bytes
global variable .str.17.976
	8 elements of 1bytes
global variable .str.18.977
	3 elements of 1bytes
global variable .str.19.978
	15 elements of 1bytes
global variable .str.20.979
	9 elements of 1bytes
global variable .str.21.980
	18 elements of 1bytes
global variable .str.22.981
	9 elements of 1bytes
global variable .str.23.982
	18 elements of 1bytes
global variable __PRETTY_FUNCTION__.PredictorDecodeRow
	58 elements of 1bytes
global variable .str.24.983
	22 elements of 1bytes
global variable .str.25.984
	24 elements of 1bytes
global variable __PRETTY_FUNCTION__.PredictorDecodeTile
	59 elements of 1bytes
global variable .str.26.985
	23 elements of 1bytes
global variable .str.27.986
	12 elements of 1bytes
global variable .str.28.987
	20 elements of 1bytes
global variable .str.29.988
	18 elements of 1bytes
global variable .str.30.989
	6 elements of 1bytes
global variable .str.31.990
	20 elements of 1bytes
global variable .str.32.991
	9 elements of 1bytes
global variable .str.33.992
	19 elements of 1bytes
global variable .str.34.993
	10 elements of 1bytes
global variable .str.35.994
	19 elements of 1bytes
global variable __PRETTY_FUNCTION__.PredictorEncodeRow
	58 elements of 1bytes
global variable .str.36.995
	24 elements of 1bytes
global variable .str.37.996
	22 elements of 1bytes
global variable __PRETTY_FUNCTION__.PredictorEncodeTile
	59 elements of 1bytes
global variable .str.38.997
	23 elements of 1bytes
global variable PredictorEncodeTile.module
	20 elements of 1bytes
global variable .str.39.998
	47 elements of 1bytes
global variable .str.40.999
	20 elements of 1bytes
global variable .str.41.1000
	17 elements of 1bytes
global variable .str.42.1001
	7 elements of 1bytes
global variable .str.43.1002
	21 elements of 1bytes
global variable __PRETTY_FUNCTION__.TIFFPredictorCleanup
	33 elements of 1bytes
global variable ThunderSetupDecode.module
	19 elements of 1bytes
global variable .str.1007
	80 elements of 1bytes
global variable ThunderDecodeRow.module
	17 elements of 1bytes
global variable .str.1.1008
	36 elements of 1bytes
global variable twobitdeltas
	4 elements of 4bytes
global variable threebitdeltas
	8 elements of 4bytes
global variable .str.3.1009
	11 elements of 1bytes
global variable .str.4.1010
	9 elements of 1bytes
global variable ThunderDecode.module
	14 elements of 1bytes
global variable .str.2.1011
	39 elements of 1bytes
global variable .str.1014
	73 elements of 1bytes
global variable .str.1.1015
	10 elements of 1bytes
global variable __PRETTY_FUNCTION__.TIFFInitZIP
	29 elements of 1bytes
global variable zipFields
	1 elements of 48bytes
global variable .str.4.1016
	1 elements of 1bytes
global variable TIFFInitZIP.module
	12 elements of 1bytes
global variable .str.2.1017
	43 elements of 1bytes
global variable ZIPVSetField.module
	13 elements of 1bytes
global variable .str.5.1018
	15 elements of 1bytes
global variable .str.6.1019
	11 elements of 1bytes
global variable __PRETTY_FUNCTION__.ZIPSetupDecode
	27 elements of 1bytes
global variable .str.7.1020
	6 elements of 1bytes
global variable ZIPSetupDecode.module
	15 elements of 1bytes
global variable .str.8.1021
	3 elements of 1bytes
global variable __PRETTY_FUNCTION__.ZIPPreDecode
	33 elements of 1bytes
global variable ZIPPreDecode.module
	13 elements of 1bytes
global variable .str.9.1022
	40 elements of 1bytes
global variable __PRETTY_FUNCTION__.ZIPDecode
	49 elements of 1bytes
global variable .str.10.1023
	32 elements of 1bytes
global variable ZIPDecode.module
	10 elements of 1bytes
global variable .str.11.1024
	35 elements of 1bytes
global variable .str.12.1025
	50 elements of 1bytes
global variable __PRETTY_FUNCTION__.ZIPSetupEncode
	27 elements of 1bytes
global variable ZIPSetupEncode.module
	15 elements of 1bytes
global variable __PRETTY_FUNCTION__.ZIPPreEncode
	33 elements of 1bytes
global variable ZIPPreEncode.module
	13 elements of 1bytes
global variable ZIPPostEncode.module
	14 elements of 1bytes
global variable __PRETTY_FUNCTION__.ZIPEncode
	49 elements of 1bytes
global variable .str.13.1026
	32 elements of 1bytes
global variable ZIPEncode.module
	10 elements of 1bytes
global variable .str.14.1027
	18 elements of 1bytes
global variable .str.15.1028
	8 elements of 1bytes
global variable __PRETTY_FUNCTION__.ZIPCleanup
	24 elements of 1bytes
global variable .str.3.1029
	29 elements of 1bytes
global variable static_fd
	1 elements of 4bytes
global variable static_ut_name
	1 elements of 8bytes
global variable default_file_name
	14 elements of 1bytes
global variable static_utmp
	1 elements of 400bytes
global variable stdin
	1 elements of 8bytes
global variable _stdio_streams
	3 elements of 80bytes
global variable stdout
	1 elements of 8bytes
global variable stderr
	1 elements of 8bytes
global variable __stdin
	1 elements of 8bytes
global variable __stdout
	1 elements of 8bytes
global variable _stdio_openlist
	1 elements of 8bytes
global variable _do_one_spec.spec_base
	7 elements of 1bytes
global variable .str.220
	6 elements of 1bytes
global variable .str.1.221
	7 elements of 1bytes
global variable _do_one_spec.prefix
	12 elements of 1bytes
global variable _ppfs_parsespec.spec_flags
	8 elements of 1bytes
global variable _ppfs_parsespec.qual_chars
	20 elements of 1bytes
global variable _ppfs_parsespec.spec_chars
	21 elements of 1bytes
global variable _ppfs_parsespec.spec_ranges
	9 elements of 1bytes
global variable _ppfs_parsespec.spec_or_mask
	8 elements of 2bytes
global variable _ppfs_parsespec.spec_and_mask
	8 elements of 2bytes
global variable type_codes
	12 elements of 2bytes
global variable type_sizes
	12 elements of 1bytes
global variable strerror.buf
	50 elements of 1bytes
global variable __xpg_strerror_r.unknown
	14 elements of 1bytes
global variable _string_syserrmsgs
	2906 elements of 1bytes
global variable unsafe_state
	1 elements of 48bytes
global variable randtbl
	32 elements of 4bytes
global variable random_poly_info
	1 elements of 40bytes
global variable optind
	1 elements of 4bytes
global variable opterr
	1 elements of 4bytes
global variable optopt
	1 elements of 4bytes
global variable optarg
	1 elements of 8bytes
global variable getopt_data
	1 elements of 56bytes
global variable .str.11.302
	16 elements of 1bytes
global variable .str.303
	3 elements of 1bytes
global variable .str.1.304
	30 elements of 1bytes
global variable .str.2.305
	45 elements of 1bytes
global variable .str.3.306
	45 elements of 1bytes
global variable .str.4.307
	38 elements of 1bytes
global variable .str.5.308
	32 elements of 1bytes
global variable .str.6.309
	32 elements of 1bytes
global variable .str.7.310
	1 elements of 1bytes
global variable .str.8.311
	26 elements of 1bytes
global variable .str.9.312
	26 elements of 1bytes
global variable .str.10.313
	39 elements of 1bytes
global variable __libc_stack_end
	1 elements of 8bytes
global variable __uclibc_progname
	1 elements of 8bytes
global variable .str.316
	1 elements of 1bytes
global variable __environ
	1 elements of 8bytes
global variable __pagesize
	1 elements of 8bytes
global variable __app_fini
	1 elements of 8bytes
global variable __rtld_fini
	1 elements of 8bytes
global variable __uClibc_init.been_there_done_that
	1 elements of 4bytes
global variable .str.1.319
	10 elements of 1bytes
global variable __C_ctype_b_data
	384 elements of 2bytes
global variable __C_ctype_b
	1 elements of 8bytes
global variable __ctype_b
	1 elements of 8bytes
global variable errno
	1 elements of 4bytes
global variable h_errno
	1 elements of 4bytes
global variable fmt
	20 elements of 1bytes
global variable exp10_table
	13 elements of 16bytes
global variable .str.1.384
	47 elements of 1bytes
global variable .str.2.387
	44 elements of 1bytes
global variable close.n_calls
	1 elements of 4bytes
global variable read.n_calls
	1 elements of 4bytes
global variable .str.3.392
	12 elements of 1bytes
global variable .str.4.393
	59 elements of 1bytes
global variable __PRETTY_FUNCTION__.read
	34 elements of 1bytes
global variable write.n_calls
	1 elements of 4bytes
global variable .str.5.396
	7 elements of 1bytes
global variable __PRETTY_FUNCTION__.write
	41 elements of 1bytes
global variable .str.6.397
	2 elements of 1bytes
global variable .str.7.398
	24 elements of 1bytes
global variable .str.8.401
	18 elements of 1bytes
global variable __PRETTY_FUNCTION__.__fd_lseek
	38 elements of 1bytes
global variable .str.9.406
	33 elements of 1bytes
global variable chmod.n_calls
	1 elements of 4bytes
global variable fchmod.n_calls
	1 elements of 4bytes
global variable .str.24.407
	32 elements of 1bytes
global variable __fd_ftruncate.n_calls
	1 elements of 4bytes
global variable .str.10.412
	30 elements of 1bytes
global variable .str.11.415
	33 elements of 1bytes
global variable .str.12.416
	18 elements of 1bytes
global variable __PRETTY_FUNCTION__.__fd_getdents
	65 elements of 1bytes
global variable .str.13.420
	41 elements of 1bytes
global variable .str.14.421
	42 elements of 1bytes
global variable .str.15.422
	43 elements of 1bytes
global variable .str.16.423
	43 elements of 1bytes
global variable .str.17.424
	45 elements of 1bytes
global variable .str.18.425
	46 elements of 1bytes
global variable .str.19.426
	43 elements of 1bytes
global variable .str.20.427
	44 elements of 1bytes
global variable .str.21.432
	32 elements of 1bytes
global variable .str.22.433
	17 elements of 1bytes
global variable getcwd.n_calls
	1 elements of 4bytes
global variable .str.23.438
	18 elements of 1bytes
global variable __exe_env
	1 elements of 784bytes
global variable __exe_fs
	1 elements of 104bytes
global variable klee_init_fds.name
	32 elements of 1bytes
global variable .str.443
	2 elements of 1bytes
global variable .str.9.444
	6 elements of 1bytes
global variable .str.10.445
	5 elements of 1bytes
global variable .str.11.446
	64 elements of 1bytes
global variable __PRETTY_FUNCTION__.__create_new_dfile
	88 elements of 1bytes
global variable .str.1.447
	6 elements of 1bytes
global variable .str.2.448
	10 elements of 1bytes
global variable .str.3.449
	11 elements of 1bytes
global variable .str.4.450
	11 elements of 1bytes
global variable .str.5.451
	15 elements of 1bytes
global variable .str.6.452
	12 elements of 1bytes
global variable .str.7.453
	7 elements of 1bytes
global variable .str.8.454
	14 elements of 1bytes
global variable .str.455
	17 elements of 1bytes
global variable .str.1.458
	9 elements of 1bytes
global variable .str.2.461
	64 elements of 1bytes
global variable .str.3.462
	20 elements of 1bytes
global variable .str.4.463
	8 elements of 1bytes
global variable .str.5.464
	18 elements of 1bytes
global variable .str.6.465
	18 elements of 1bytes
global variable .str.468
	7 elements of 1bytes
global variable .str.1.469
	964 elements of 1bytes
global variable .str.24.470
	70 elements of 1bytes
global variable .str.25.471
	9 elements of 1bytes
global variable .str.2.472
	10 elements of 1bytes
global variable .str.3.473
	9 elements of 1bytes
global variable .str.4.474
	48 elements of 1bytes
global variable .str.26.475
	37 elements of 1bytes
global variable .str.5.476
	11 elements of 1bytes
global variable .str.6.477
	10 elements of 1bytes
global variable .str.7.478
	77 elements of 1bytes
global variable .str.8.479
	7 elements of 1bytes
global variable .str.9.480
	12 elements of 1bytes
global variable .str.10.481
	11 elements of 1bytes
global variable .str.11.482
	109 elements of 1bytes
global variable .str.12.483
	12 elements of 1bytes
global variable .str.13.484
	11 elements of 1bytes
global variable .str.14.485
	57 elements of 1bytes
global variable .str.15.487
	13 elements of 1bytes
global variable .str.16.488
	12 elements of 1bytes
global variable .str.17.489
	18 elements of 1bytes
global variable .str.18.490
	17 elements of 1bytes
global variable .str.19.491
	10 elements of 1bytes
global variable .str.20.492
	9 elements of 1bytes
global variable .str.21.493
	11 elements of 1bytes
global variable .str.22.494
	10 elements of 1bytes
global variable .str.23.495
	54 elements of 1bytes
global variable .str.496
	18 elements of 1bytes
global variable .str.1.497
	24 elements of 1bytes
global variable .str.2.498
	15 elements of 1bytes
global variable .str.3.499
	18 elements of 1bytes
global variable .str.4.500
	17 elements of 1bytes
global variable .str.5.501
	13 elements of 1bytes
global variable .str.6.502
	40 elements of 1bytes
global variable .str.7.503
	17 elements of 1bytes
global variable .str.8.506
	21 elements of 1bytes
global variable .str.9.507
	18 elements of 1bytes
global variable .str.10.508
	32 elements of 1bytes
global variable str.13
	18 elements of 1bytes
global variable str
	17 elements of 1bytes
global variable getnameinfo.hostname
	10 elements of 1bytes
global variable getnameinfo.service
	10 elements of 1bytes
global variable .str.515
	80 elements of 1bytes
global variable .str.1.516
	15 elements of 1bytes
global variable .str.2.517
	8 elements of 1bytes
global variable .str.3.520
	8 elements of 1bytes
global variable .str.1.4
	16 elements of 1bytes
global variable .str.2.5
	14 elements of 1bytes
global variable .str.6.523
	71 elements of 1bytes
global variable .str.1.7
	14 elements of 1bytes
global variable .str.2.8
	5 elements of 1bytes
KLEE: WARNING: undefined reference to function: __ctype_b_loc
KLEE: WARNING: undefined reference to function: atan2
KLEE: WARNING: undefined reference to function: deflate
KLEE: WARNING: undefined reference to function: deflateEnd
KLEE: WARNING: undefined reference to function: deflateInit_
KLEE: WARNING: undefined reference to function: deflateParams
KLEE: WARNING: undefined reference to function: deflateReset
KLEE: WARNING: undefined reference to function: exp
KLEE: WARNING: undefined reference to function: fabs
KLEE: WARNING: undefined reference to function: floor
KLEE: WARNING: undefined reference to function: inflate
KLEE: WARNING: undefined reference to function: inflateEnd
KLEE: WARNING: undefined reference to function: inflateInit_
KLEE: WARNING: undefined reference to function: inflateReset
KLEE: WARNING: undefined reference to function: inflateSync
KLEE: WARNING: undefined reference to function: jpeg_CreateCompress
KLEE: WARNING: undefined reference to function: jpeg_CreateDecompress
KLEE: WARNING: undefined reference to function: jpeg_abort
KLEE: WARNING: undefined reference to function: jpeg_destroy
KLEE: WARNING: undefined reference to function: jpeg_finish_compress
KLEE: WARNING: undefined reference to function: jpeg_finish_decompress
KLEE: WARNING: undefined reference to function: jpeg_read_header
KLEE: WARNING: undefined reference to function: jpeg_read_raw_data
KLEE: WARNING: undefined reference to function: jpeg_read_scanlines
KLEE: WARNING: undefined reference to function: jpeg_resync_to_restart
KLEE: WARNING: undefined reference to function: jpeg_set_colorspace
KLEE: WARNING: undefined reference to function: jpeg_set_defaults
KLEE: WARNING: undefined reference to function: jpeg_set_quality
KLEE: WARNING: undefined reference to function: jpeg_start_compress
KLEE: WARNING: undefined reference to function: jpeg_start_decompress
KLEE: WARNING: undefined reference to function: jpeg_std_error
KLEE: WARNING: undefined reference to function: jpeg_suppress_tables
KLEE: WARNING: undefined reference to function: jpeg_write_raw_data
KLEE: WARNING: undefined reference to function: jpeg_write_scanlines
KLEE: WARNING: undefined reference to function: jpeg_write_tables
KLEE: WARNING: undefined reference to function: log
KLEE: WARNING: undefined reference to function: pow
KLEE: WARNING: undefined reference to function: puts
KLEE: WARNING: undefined reference to function: sqrt
KLEE: WARNING: undefined reference to function: strncpy
KLEE: ARGV 0: tiffcp.bc

KLEE: ARGV 1: -i

KLEE: ARGV 2: ../exploit

KLEE: ARGV 3: ./tmpout.tif

Undefined struct struct.exe_sym_env_t
Undefined struct struct.exe_file_t
KLEE: WARNING ONCE: calling external: syscall(16, 0, 21505, 123742112)
Undefined struct struct.stat
Undefined struct struct.exe_disk_file_t
Undefined struct struct.__kernel_termios.1633
Undefined struct struct.termios.1628
Undefined struct struct.Elf64_auxv_t
KLEE: WARNING ONCE: calling __user_main with extra arguments.
KLEE: WARNING ONCE: Alignment of memory from call "malloc" is not modelled. Using alignment of 8.
	pointer parm derived from itself!
KLEE: 0x68ca690: Symbolic value  used to determine branching at /home/james/Projects/Senx/code/klee_src/runtime/POSIX/fd_init.c:100 (127586)
Undefined struct struct._getopt_data
	pointer parm derived from itself!
	pointer parm derived from itself!
Undefined struct struct.tiff
Undefined struct struct.tiff.161
Undefined struct struct.TIFFHeaderCommon
Undefined struct struct.cpTag
Undefined struct struct._TIFFFieldArray
KLEE: WARNING ONCE: Alignment of memory from call "realloc" is not modelled. Using alignment of 8.
Undefined struct struct._TIFFField
Undefined struct struct.TIFFDirectory
Undefined struct struct.TIFFTagMethods
Undefined struct struct.__va_list_tag
Undefined struct struct.TIFFCodec
Undefined struct struct.TIFFHeaderBig
KLEE: IntegerOverflow (32:2147483647): cast 4294967329204 @/home/james/Projects/Senx/code/klee_src/runtime/POSIX/fd_32.c:44(122008)

KLEE: WARNING ONCE: calling external: getpagesize()
KLEE: WARNING ONCE: Alignment of memory from call "calloc" is not modelled. Using alignment of 8.
	pointer parm derived from other vars!
Undefined struct struct.tiff.50
Undefined struct struct.TIFFDirEntry
	nextdiroff=0
	__arg_3=0
KLEE: WARNING ONCE: calling external: vprintf(124951584, 106161632)
Undefined struct struct.__STDIO_FILE_STRUCT.1497
Undefined struct struct.ppfs_t
Undefined struct struct.__STDIO_FILE_STRUCT.1416
Invalid TIFF directory; tags are not sorted in ascending order	pointer parm derived from itself!
	value=direntry@3
	__arg_2=__arg_1
Undefined struct struct.JPEGState
	pointer parm derived from other vars!
	pointer parm derived from other vars!
	pointer parm derived from other vars!
	pointer parm derived from other vars!
	v=(ap@0<=40?ap@3+ap@0 : ap@2)
	__arg_2=__arg_1
	pointer parm derived from other vars!
	pointer parm derived from other vars!
Undefined struct struct.printf_info.1499
ASCII value for tag "DocumentName	pointer parm derived from other vars!
" does not end in null byteUndefined struct struct.TIFFTagValue
	pointer parm derived from other vars!
	pointer parm derived from other vars!
	pointer parm derived from other vars!
	value=
	__arg_2=0
	pointer parm derived from other vars!
Sanity check on size of "Software" value failed; tag ignored	pointer parm derived from other vars!
KLEE: WARNING ONCE: calling external: jpeg_std_error(185981992)
KLEE: ERROR: tif_jpeg.c:265: failed external call: jpeg_std_error
KLEE: NOTE: now ignoring this error at this location

KLEE: done: total instructions = 1434061
KLEE: done: completed paths = 1
KLEE: done: generated tests = 1
