KLEE: NOTE: Using libreadline: /home/user/Projects/Senx/code/build3.8/Release+Debug+Asserts/lib/libreadline.bca
KLEE: NOTE: Using libxml2: /home/user/Projects/Senx/code/build3.8/Release+Debug+Asserts/lib/libxml2.bca
KLEE: NOTE: Using libpcap: /home/user/Projects/Senx/code/build3.8/Release+Debug+Asserts/lib/libpcap.bca
KLEE: NOTE: Using klee-uclibc : /home/user/Projects/Senx/code/build3.8/Release+Debug+Asserts/lib/klee-uclibc.bca
KLEE: NOTE: Using model: /home/user/Projects/Senx/code/build3.8/Release+Debug+Asserts/lib/libkleeRuntimePOSIX.bca
KLEE: output directory is "/home/user/fuzzfix.tmp/data/jasper/cve_2016_9557/senx/./klee-out-0"
KLEE: loadSensitiveFunctionList __assert_fail
KLEE: loadSensitiveFunctionList sqlite3_realloc
KLEE: loadSensitiveFunctionList sqlite3_alloc
KLEE: Safety property for MemorySeqAccess is loaded.
KLEE: Safety property for MemoryStructAccess is loaded.
KLEE: Safety property for MemoryAllocation is loaded.
KLEE: Safety property for SensitiveOperation is loaded.
KLEE: Using Z3 solver backend
global variable cmdname
	1 elements of 8bytes
global variable opts
	6 elements of 24bytes
global variable .str.9
	5 elements of 1bytes
global variable .str.10
	8 elements of 1bytes
global variable .str.11
	8 elements of 1bytes
global variable .str.12
	2 elements of 1bytes
global variable .str.13
	12 elements of 1bytes
global variable .str
	4 elements of 1bytes
global variable .str.1
	9 elements of 1bytes
global variable .str.17
	41 elements of 1bytes
global variable .str.18
	62 elements of 1bytes
global variable .str.14
	8 elements of 1bytes
global variable .str.15
	4 elements of 1bytes
global variable .str.16
	17 elements of 1bytes
global variable .str.2
	3 elements of 1bytes
global variable .str.3
	33 elements of 1bytes
global variable .str.4
	28 elements of 1bytes
global variable .str.5
	22 elements of 1bytes
global variable .str.6
	19 elements of 1bytes
global variable .str.7
	34 elements of 1bytes
global variable .str.8
	20 elements of 1bytes
global variable jas_dbglevel
	1 elements of 4bytes
global variable .str.19
	7 elements of 1bytes
global variable .str.1.20
	6 elements of 1bytes
global variable .str.2.21
	2 elements of 1bytes
global variable jas_optind
	1 elements of 4bytes
global variable jas_opterr
	1 elements of 4bytes
global variable jas_optarg
	1 elements of 8bytes
global variable .str.26
	24 elements of 1bytes
global variable .str.1.27
	25 elements of 1bytes
global variable .str.2.28
	32 elements of 1bytes
global variable jas_image_fmtinfos
	32 elements of 56bytes
global variable jas_image_numfmts
	1 elements of 4bytes
global variable .str.37
	30 elements of 1bytes
global variable .str.1.38
	12 elements of 1bytes
global variable __PRETTY_FUNCTION__.jas_image_addfmt
	72 elements of 1bytes
global variable .str.2.43
	42 elements of 1bytes
global variable __PRETTY_FUNCTION__.jas_image_addcmpt
	66 elements of 1bytes
global variable .str.3.44
	32 elements of 1bytes
global variable .str.11.45
	44 elements of 1bytes
global variable __PRETTY_FUNCTION__.getint
	45 elements of 1bytes
global variable .str.12.46
	10 elements of 1bytes
global variable __PRETTY_FUNCTION__.decode_twos_comp
	42 elements of 1bytes
global variable .str.13.47
	46 elements of 1bytes
global variable .str.4.48
	14 elements of 1bytes
global variable .str.5.49
	2 elements of 1bytes
global variable __PRETTY_FUNCTION__.putint
	43 elements of 1bytes
global variable __PRETTY_FUNCTION__.encode_twos_comp
	42 elements of 1bytes
global variable .str.14.50
	9 elements of 1bytes
global variable .str.6.51
	41 elements of 1bytes
global variable __PRETTY_FUNCTION__.jas_image_sampcmpt
	134 elements of 1bytes
global variable .str.7.52
	41 elements of 1bytes
global variable .str.15.53
	7 elements of 1bytes
global variable __PRETTY_FUNCTION__.downtomult
	28 elements of 1bytes
global variable __PRETTY_FUNCTION__.uptomult
	26 elements of 1bytes
global variable .str.8.54
	76 elements of 1bytes
global variable .str.9.55
	28 elements of 1bytes
global variable __PRETTY_FUNCTION__.jas_image_chclrspc
	68 elements of 1bytes
global variable .str.10.56
	7 elements of 1bytes
global variable .str.59
	4 elements of 1bytes
global variable .str.1.60
	22 elements of 1bytes
global variable .str.2.61
	4 elements of 1bytes
global variable .str.3.62
	30 elements of 1bytes
global variable .str.4.63
	4 elements of 1bytes
global variable .str.5.64
	4 elements of 1bytes
global variable .str.6.65
	4 elements of 1bytes
global variable .str.7.66
	23 elements of 1bytes
global variable .str.8.67
	4 elements of 1bytes
global variable .str.9.68
	21 elements of 1bytes
global variable .str.10.69
	4 elements of 1bytes
global variable .str.11.70
	51 elements of 1bytes
global variable .str.12.71
	4 elements of 1bytes
global variable .str.13.72
	47 elements of 1bytes
global variable .str.14.73
	4 elements of 1bytes
global variable .str.15.74
	23 elements of 1bytes
global variable .str.16.75
	4 elements of 1bytes
global variable .str.17.76
	26 elements of 1bytes
global variable .str.79
	17 elements of 1bytes
global variable .str.1.80
	23 elements of 1bytes
global variable .str.2.81
	22 elements of 1bytes
global variable .str.3.82
	28 elements of 1bytes
global variable .str.4.85
	14 elements of 1bytes
global variable .str.91
	33 elements of 1bytes
global variable .str.1.92
	10 elements of 1bytes
global variable __PRETTY_FUNCTION__.jas_seq2d_create
	51 elements of 1bytes
global variable .str.2.94
	35 elements of 1bytes
global variable __PRETTY_FUNCTION__.jas_matrix_destroy
	40 elements of 1bytes
global variable .str.3.95
	2 elements of 1bytes
global variable __PRETTY_FUNCTION__.jas_seq2d_copy
	43 elements of 1bytes
global variable .str.4.96
	14 elements of 1bytes
global variable __PRETTY_FUNCTION__.jas_matrix_divpow2
	45 elements of 1bytes
global variable __PRETTY_FUNCTION__.jas_matrix_clip
	65 elements of 1bytes
global variable .str.5.97
	7 elements of 1bytes
global variable __PRETTY_FUNCTION__.jas_matrix_asr
	41 elements of 1bytes
global variable .str.13.98
	49 elements of 1bytes
global variable __PRETTY_FUNCTION__.jas_fast32_asr
	38 elements of 1bytes
global variable __PRETTY_FUNCTION__.jas_matrix_asl
	41 elements of 1bytes
global variable __PRETTY_FUNCTION__.jas_fast32_asl
	38 elements of 1bytes
global variable __PRETTY_FUNCTION__.jas_matrix_setall
	53 elements of 1bytes
global variable .str.6.101
	6 elements of 1bytes
global variable .str.7.102
	4 elements of 1bytes
global variable .str.8.103
	9 elements of 1bytes
global variable .str.10.104
	2 elements of 1bytes
global variable .str.11.105
	1 elements of 1bytes
global variable .str.9.106
	7 elements of 1bytes
global variable .str.12.107
	2 elements of 1bytes
global variable .str.17.110
	18 elements of 1bytes
global variable .str.1.111
	13 elements of 1bytes
global variable __PRETTY_FUNCTION__.jas_stream_initbuf
	58 elements of 1bytes
global variable .str.18.112
	32 elements of 1bytes
global variable .str.19.113
	5 elements of 1bytes
global variable jas_stream_memops
	1 elements of 32bytes
global variable .str.12.114
	9 elements of 1bytes
global variable __PRETTY_FUNCTION__.mem_read
	46 elements of 1bytes
global variable .str.13.115
	4 elements of 1bytes
global variable __PRETTY_FUNCTION__.mem_write
	47 elements of 1bytes
global variable .str.14.116
	16 elements of 1bytes
global variable .str.16.117
	13 elements of 1bytes
global variable __PRETTY_FUNCTION__.mem_resize
	43 elements of 1bytes
global variable .str.15.118
	11 elements of 1bytes
global variable .str.7.123
	39 elements of 1bytes
global variable __PRETTY_FUNCTION__.jas_stream_flushbuf
	45 elements of 1bytes
global variable .str.6.124
	17 elements of 1bytes
global variable jas_stream_fileops
	1 elements of 32bytes
global variable jas_stream_sfileops
	1 elements of 32bytes
global variable .str.131
	76 elements of 1bytes
global variable __PRETTY_FUNCTION__.jas_stream_getc_func
	41 elements of 1bytes
global variable .str.5.134
	43 elements of 1bytes
global variable __PRETTY_FUNCTION__.jas_stream_fillbuf
	44 elements of 1bytes
global variable .str.2.135
	53 elements of 1bytes
global variable __PRETTY_FUNCTION__.jas_stream_putc_func
	46 elements of 1bytes
global variable .str.3.136
	12 elements of 1bytes
global variable __PRETTY_FUNCTION__.jas_stream_gets
	51 elements of 1bytes
global variable .str.4.141
	82 elements of 1bytes
global variable __PRETTY_FUNCTION__.jas_stream_seek
	48 elements of 1bytes
global variable .str.8.144
	6 elements of 1bytes
global variable .str.9.145
	6 elements of 1bytes
global variable .str.10.146
	4 elements of 1bytes
global variable .str.11.147
	2 elements of 1bytes
global variable .str.152
	39 elements of 1bytes
global variable .str.1.153
	220 elements of 1bytes
global variable .str.2.154
	19 elements of 1bytes
global variable .str.3.155
	58 elements of 1bytes
global variable .str.10.156
	26 elements of 1bytes
global variable .str.4.157
	17 elements of 1bytes
global variable .str.5.158
	145 elements of 1bytes
global variable .str.6.159
	20 elements of 1bytes
global variable .str.7.160
	33 elements of 1bytes
global variable .str.8.161
	36 elements of 1bytes
global variable .str.9.162
	35 elements of 1bytes
global variable .str.11.163
	38 elements of 1bytes
global variable .str.12.164
	10 elements of 1bytes
global variable __PRETTY_FUNCTION__.bmp_getdata
	61 elements of 1bytes
global variable .str.13.165
	29 elements of 1bytes
global variable .str.170
	39 elements of 1bytes
global variable .str.1.171
	27 elements of 1bytes
global variable .str.2.172
	48 elements of 1bytes
global variable .str.3.173
	32 elements of 1bytes
global variable .str.4.174
	73 elements of 1bytes
global variable .str.5.175
	24 elements of 1bytes
global variable .str.6.176
	10 elements of 1bytes
global variable __PRETTY_FUNCTION__.bmp_puthdr
	44 elements of 1bytes
global variable .str.7.177
	9 elements of 1bytes
global variable __PRETTY_FUNCTION__.bmp_putint32
	47 elements of 1bytes
global variable .str.8.178
	44 elements of 1bytes
global variable .str.181
	23 elements of 1bytes
global variable .str.1.182
	32 elements of 1bytes
global variable .str.2.183
	24 elements of 1bytes
global variable .str.3.184
	25 elements of 1bytes
global variable .str.4.185
	17 elements of 1bytes
global variable .str.5.186
	29 elements of 1bytes
global variable .str.6.187
	34 elements of 1bytes
global variable .str.7.188
	25 elements of 1bytes
global variable .str.8.189
	40 elements of 1bytes
global variable .str.9.190
	22 elements of 1bytes
global variable .str.10.191
	39 elements of 1bytes
global variable .str.11.192
	37 elements of 1bytes
global variable .str.12.193
	31 elements of 1bytes
global variable .str.13.194
	20 elements of 1bytes
global variable .str.14.195
	36 elements of 1bytes
global variable .str.15.196
	21 elements of 1bytes
global variable .str.16.197
	20 elements of 1bytes
global variable .str.17.198
	10 elements of 1bytes
global variable __PRETTY_FUNCTION__.jp2_decode
	48 elements of 1bytes
global variable .str.18.199
	51 elements of 1bytes
global variable .str.19.200
	51 elements of 1bytes
global variable .str.20
	45 elements of 1bytes
global variable .str.21
	31 elements of 1bytes
global variable .str.22
	18 elements of 1bytes
global variable .str.23
	43 elements of 1bytes
global variable .str.205
	8 elements of 1bytes
global variable .str.1.206
	10 elements of 1bytes
global variable __PRETTY_FUNCTION__.jp2_encode
	54 elements of 1bytes
global variable .str.2.207
	10 elements of 1bytes
global variable .str.3.208
	11 elements of 1bytes
global variable .str.5.209
	1 elements of 1bytes
global variable .str.4.210
	21 elements of 1bytes
global variable jpc_mstab
	20 elements of 48bytes
global variable .str.4.211
	4 elements of 1bytes
global variable .str.5.212
	4 elements of 1bytes
global variable .str.24
	53 elements of 1bytes
global variable .str.6.213
	4 elements of 1bytes
global variable .str.7.214
	4 elements of 1bytes
global variable .str.8.215
	4 elements of 1bytes
global variable .str.25
	38 elements of 1bytes
global variable .str.26.216
	28 elements of 1bytes
global variable .str.27
	47 elements of 1bytes
global variable .str.28
	32 elements of 1bytes
global variable .str.29
	32 elements of 1bytes
global variable .str.30
	33 elements of 1bytes
global variable .str.31
	33 elements of 1bytes
global variable .str.32
	24 elements of 1bytes
global variable .str.33
	24 elements of 1bytes
global variable .str.34
	80 elements of 1bytes
global variable .str.35
	9 elements of 1bytes
global variable __PRETTY_FUNCTION__.jpc_siz_putparms
	65 elements of 1bytes
global variable .str.36
	17 elements of 1bytes
global variable .str.37.217
	52 elements of 1bytes
global variable .str.38
	68 elements of 1bytes
global variable .str.39
	17 elements of 1bytes
global variable .str.40
	62 elements of 1bytes
global variable .str.9.218
	4 elements of 1bytes
global variable .str.41
	50 elements of 1bytes
global variable __PRETTY_FUNCTION__.jpc_cod_putparms
	65 elements of 1bytes
global variable .str.42
	55 elements of 1bytes
global variable .str.43
	26 elements of 1bytes
global variable __PRETTY_FUNCTION__.jpc_cox_putcompparms
	89 elements of 1bytes
global variable .str.44
	16 elements of 1bytes
global variable .str.45
	42 elements of 1bytes
global variable .str.46
	26 elements of 1bytes
global variable .str.47
	58 elements of 1bytes
global variable .str.48
	39 elements of 1bytes
global variable .str.10.219
	4 elements of 1bytes
global variable .str.49
	30 elements of 1bytes
global variable __PRETTY_FUNCTION__.jpc_coc_putparms
	65 elements of 1bytes
global variable .str.50
	45 elements of 1bytes
global variable .str.51
	71 elements of 1bytes
global variable .str.11.220
	4 elements of 1bytes
global variable .str.52
	42 elements of 1bytes
global variable .str.12.221
	4 elements of 1bytes
global variable .str.53
	24 elements of 1bytes
global variable __PRETTY_FUNCTION__.jpc_qcx_getcompparms
	87 elements of 1bytes
global variable .str.54
	47 elements of 1bytes
global variable .str.55
	39 elements of 1bytes
global variable .str.13.222
	4 elements of 1bytes
global variable .str.56
	61 elements of 1bytes
global variable .str.14.223
	4 elements of 1bytes
global variable .str.57
	14 elements of 1bytes
global variable .str.58
	29 elements of 1bytes
global variable .str.59.224
	27 elements of 1bytes
global variable .str.60
	14 elements of 1bytes
global variable .str.15.225
	4 elements of 1bytes
global variable .str.16.226
	4 elements of 1bytes
global variable .str.17.227
	4 elements of 1bytes
global variable .str.61
	20 elements of 1bytes
global variable .str.62
	8 elements of 1bytes
global variable .str.18.228
	4 elements of 1bytes
global variable .str.19.229
	4 elements of 1bytes
global variable .str.63
	14 elements of 1bytes
global variable .str.20.230
	4 elements of 1bytes
global variable .str.21.231
	4 elements of 1bytes
global variable .str.64
	32 elements of 1bytes
global variable .str.22.232
	4 elements of 1bytes
global variable .str.65
	14 elements of 1bytes
global variable .str.66
	8 elements of 1bytes
global variable .str.3.233
	2 elements of 1bytes
global variable .str.23.234
	8 elements of 1bytes
global variable .str.67
	6 elements of 1bytes
global variable .str.1.235
	21 elements of 1bytes
global variable .str.2.236
	12 elements of 1bytes
global variable .str.237
	57 elements of 1bytes
global variable jpc_dec_mstab
	20 elements of 24bytes
global variable .str.10.240
	43 elements of 1bytes
global variable .str.11.241
	10 elements of 1bytes
global variable .str.4.242
	10 elements of 1bytes
global variable __PRETTY_FUNCTION__.jpc_dec_process_sot
	49 elements of 1bytes
global variable .str.16.243
	21 elements of 1bytes
global variable __PRETTY_FUNCTION__.calcstepsizes
	56 elements of 1bytes
global variable .str.17.244
	98 elements of 1bytes
global variable .str.18.245
	14 elements of 1bytes
global variable __PRETTY_FUNCTION__.jpc_dec_tileinit
	52 elements of 1bytes
global variable .str.19.246
	18 elements of 1bytes
global variable .str.20.247
	5 elements of 1bytes
global variable .str.21.248
	29 elements of 1bytes
global variable __PRETTY_FUNCTION__.jpc_dec_dump
	38 elements of 1bytes
global variable .str.22.249
	31 elements of 1bytes
global variable .str.23.250
	21 elements of 1bytes
global variable .str.24.251
	58 elements of 1bytes
global variable .str.25.252
	31 elements of 1bytes
global variable .str.26.253
	9 elements of 1bytes
global variable .str.27.254
	33 elements of 1bytes
global variable .str.28.255
	12 elements of 1bytes
global variable .str.29.256
	58 elements of 1bytes
global variable .str.30.257
	29 elements of 1bytes
global variable .str.31.258
	21 elements of 1bytes
global variable .str.32.259
	29 elements of 1bytes
global variable .str.33.260
	15 elements of 1bytes
global variable .str.12.261
	27 elements of 1bytes
global variable .str.13.262
	48 elements of 1bytes
global variable .str.14.263
	12 elements of 1bytes
global variable .str.15.264
	43 elements of 1bytes
global variable .str.34.265
	28 elements of 1bytes
global variable .str.39.266
	77 elements of 1bytes
global variable .str.40.267
	39 elements of 1bytes
global variable .str.41.268
	17 elements of 1bytes
global variable __PRETTY_FUNCTION__.jpc_dequantize
	47 elements of 1bytes
global variable .str.35.269
	40 elements of 1bytes
global variable .str.36.270
	50 elements of 1bytes
global variable .str.37.271
	40 elements of 1bytes
global variable .str.38.272
	24 elements of 1bytes
global variable .str.42.274
	48 elements of 1bytes
global variable .str.43.275
	48 elements of 1bytes
global variable .str.44.276
	48 elements of 1bytes
global variable .str.45.277
	48 elements of 1bytes
global variable .str.46.278
	42 elements of 1bytes
global variable decopts
	4 elements of 16bytes
global variable .str.279
	8 elements of 1bytes
global variable .str.1.280
	8 elements of 1bytes
global variable .str.2.281
	6 elements of 1bytes
global variable .str.5.284
	1 elements of 1bytes
global variable .str.6.285
	37 elements of 1bytes
global variable .str.7.286
	27 elements of 1bytes
global variable .str.8.287
	9 elements of 1bytes
global variable __PRETTY_FUNCTION__.jpc_dec_decode
	32 elements of 1bytes
global variable .str.9.288
	32 elements of 1bytes
global variable .str.3.289
	34 elements of 1bytes
global variable __PRETTY_FUNCTION__.jpc_streamlist_get
	58 elements of 1bytes
global variable encopts
	28 elements of 16bytes
global variable .str.290
	6 elements of 1bytes
global variable .str.1.291
	11 elements of 1bytes
global variable .str.2.292
	11 elements of 1bytes
global variable .str.3.293
	11 elements of 1bytes
global variable .str.4.294
	11 elements of 1bytes
global variable .str.5.295
	10 elements of 1bytes
global variable .str.6.296
	11 elements of 1bytes
global variable .str.7.297
	9 elements of 1bytes
global variable .str.8.298
	10 elements of 1bytes
global variable .str.9.299
	10 elements of 1bytes
global variable .str.10.300
	11 elements of 1bytes
global variable .str.11.301
	5 elements of 1bytes
global variable .str.12.302
	4 elements of 1bytes
global variable .str.13.303
	6 elements of 1bytes
global variable .str.14.304
	9 elements of 1bytes
global variable .str.15.305
	4 elements of 1bytes
global variable .str.16.306
	4 elements of 1bytes
global variable .str.17.307
	5 elements of 1bytes
global variable .str.18.308
	8 elements of 1bytes
global variable .str.19.309
	7 elements of 1bytes
global variable .str.20.310
	8 elements of 1bytes
global variable .str.21.311
	6 elements of 1bytes
global variable .str.22.312
	10 elements of 1bytes
global variable .str.23.313
	9 elements of 1bytes
global variable .str.24.314
	5 elements of 1bytes
global variable .str.25.315
	10 elements of 1bytes
global variable .str.26.316
	13 elements of 1bytes
global variable prgordtab
	6 elements of 16bytes
global variable .str.27.317
	5 elements of 1bytes
global variable .str.28.318
	5 elements of 1bytes
global variable .str.29.319
	5 elements of 1bytes
global variable .str.30.320
	5 elements of 1bytes
global variable .str.31.321
	5 elements of 1bytes
global variable modetab
	3 elements of 16bytes
global variable .str.32.322
	4 elements of 1bytes
global variable .str.33.323
	5 elements of 1bytes
global variable .str.55.326
	24 elements of 1bytes
global variable .str.56.327
	1 elements of 1bytes
global variable .str.57.328
	26 elements of 1bytes
global variable .str.58.329
	39 elements of 1bytes
global variable .str.59.330
	32 elements of 1bytes
global variable .str.60.331
	66 elements of 1bytes
global variable .str.61.332
	37 elements of 1bytes
global variable .str.62.333
	38 elements of 1bytes
global variable .str.63.334
	38 elements of 1bytes
global variable .str.64.335
	41 elements of 1bytes
global variable .str.65.336
	24 elements of 1bytes
global variable .str.66.337
	25 elements of 1bytes
global variable .str.67.338
	37 elements of 1bytes
global variable .str.68
	42 elements of 1bytes
global variable .str.69
	24 elements of 1bytes
global variable .str.70
	25 elements of 1bytes
global variable .str.71
	29 elements of 1bytes
global variable .str.72
	30 elements of 1bytes
global variable .str.73
	27 elements of 1bytes
global variable .str.74
	17 elements of 1bytes
global variable .str.75
	39 elements of 1bytes
global variable .str.76
	30 elements of 1bytes
global variable .str.77
	59 elements of 1bytes
global variable .str.78
	54 elements of 1bytes
global variable .str.79.339
	66 elements of 1bytes
global variable .str.34.340
	28 elements of 1bytes
global variable .str.80
	25 elements of 1bytes
global variable .str.81
	11 elements of 1bytes
global variable .str.37.341
	10 elements of 1bytes
global variable __PRETTY_FUNCTION__.jpc_enc_encodemainhdr
	39 elements of 1bytes
global variable .str.82
	25 elements of 1bytes
global variable .str.83
	27 elements of 1bytes
global variable .str.84
	25 elements of 1bytes
global variable .str.86
	20 elements of 1bytes
global variable __PRETTY_FUNCTION__.jpc_abstorelstepsize
	51 elements of 1bytes
global variable .str.87
	21 elements of 1bytes
global variable .str.85
	25 elements of 1bytes
global variable .str.94
	36 elements of 1bytes
global variable __PRETTY_FUNCTION__.tcmpt_create
	98 elements of 1bytes
global variable .str.95
	39 elements of 1bytes
global variable __PRETTY_FUNCTION__.cblk_create
	79 elements of 1bytes
global variable .str.50.342
	25 elements of 1bytes
global variable .str.51.343
	26 elements of 1bytes
global variable .str.52.344
	28 elements of 1bytes
global variable .str.53.345
	39 elements of 1bytes
global variable .str.54.346
	31 elements of 1bytes
global variable .str.88
	36 elements of 1bytes
global variable __PRETTY_FUNCTION__.jpc_enc_encodemainbody
	40 elements of 1bytes
global variable .str.89
	46 elements of 1bytes
global variable .str.90
	22 elements of 1bytes
global variable .str.91.347
	25 elements of 1bytes
global variable .str.92
	25 elements of 1bytes
global variable .str.39.348
	6 elements of 1bytes
global variable __PRETTY_FUNCTION__.calcrdslopes
	36 elements of 1bytes
global variable .str.42.349
	35 elements of 1bytes
global variable .str.43.350
	21 elements of 1bytes
global variable __PRETTY_FUNCTION__.rateallocate
	52 elements of 1bytes
global variable .str.44.351
	12 elements of 1bytes
global variable .str.45.352
	9 elements of 1bytes
global variable .str.46.353
	40 elements of 1bytes
global variable .str.47.354
	32 elements of 1bytes
global variable .str.48.355
	26 elements of 1bytes
global variable .str.40.356
	14 elements of 1bytes
global variable .str.41.357
	83 elements of 1bytes
global variable .str.49.358
	27 elements of 1bytes
global variable .str.36.359
	15 elements of 1bytes
global variable __PRETTY_FUNCTION__.jpc_enc_encodetiledata
	40 elements of 1bytes
global variable .str.93
	15 elements of 1bytes
global variable .str.35.360
	25 elements of 1bytes
global variable .str.38.361
	74 elements of 1bytes
global variable .str.364
	6 elements of 1bytes
global variable .str.1.365
	11 elements of 1bytes
global variable __PRETTY_FUNCTION__.jpc_floorlog2
	23 elements of 1bytes
global variable .str.2.368
	7 elements of 1bytes
global variable __PRETTY_FUNCTION__.jpc_firstone
	22 elements of 1bytes
global variable .str.371
	145 elements of 1bytes
global variable .str.1.372
	10 elements of 1bytes
global variable __PRETTY_FUNCTION__.jpc_rct
	61 elements of 1bytes
global variable .str.4.374
	7 elements of 1bytes
global variable .str.5.375
	49 elements of 1bytes
global variable __PRETTY_FUNCTION__.jas_fast32_asl.376
	38 elements of 1bytes
global variable __PRETTY_FUNCTION__.jas_fast32_asr.378
	38 elements of 1bytes
global variable __PRETTY_FUNCTION__.jpc_irct
	62 elements of 1bytes
global variable .str.2.383
	71 elements of 1bytes
global variable __PRETTY_FUNCTION__.jpc_ict
	61 elements of 1bytes
global variable .str.3.384
	71 elements of 1bytes
global variable __PRETTY_FUNCTION__.jpc_iict
	62 elements of 1bytes
global variable .str.389
	12 elements of 1bytes
global variable .str.1.390
	12 elements of 1bytes
global variable __PRETTY_FUNCTION__.jpc_mqdec_create
	51 elements of 1bytes
global variable .str.2.393
	27 elements of 1bytes
global variable .str.3.394
	22 elements of 1bytes
global variable .str.4.395
	39 elements of 1bytes
global variable .str.5.396
	12 elements of 1bytes
global variable .str.6.397
	28 elements of 1bytes
global variable .str.400
	26 elements of 1bytes
global variable .str.1.401
	41 elements of 1bytes
global variable .str.2.402
	38 elements of 1bytes
global variable jpc_zcctxnolut
	1024 elements of 4bytes
global variable jpc_spblut
	256 elements of 4bytes
global variable jpc_scctxnolut
	256 elements of 4bytes
global variable jpc_magctxnolut
	4096 elements of 4bytes
global variable jpc_signmsedec
	128 elements of 8bytes
global variable jpc_signmsedec0
	128 elements of 8bytes
global variable jpc_refnmsedec
	128 elements of 8bytes
global variable jpc_refnmsedec0
	128 elements of 8bytes
global variable jpc_mqctxs
	19 elements of 16bytes
global variable .str.403
	2 elements of 1bytes
global variable .str.1.404
	12 elements of 1bytes
global variable __PRETTY_FUNCTION__.JPC_PASSTYPE
	22 elements of 1bytes
global variable .str.2.407
	22 elements of 1bytes
global variable __PRETTY_FUNCTION__.JPC_NOMINALGAIN
	40 elements of 1bytes
global variable .str.3.408
	22 elements of 1bytes
global variable __PRETTY_FUNCTION__.JPC_SEGPASSCNT
	44 elements of 1bytes
global variable .str.5.411
	18 elements of 1bytes
global variable __PRETTY_FUNCTION__.jpc_getzcctxno
	29 elements of 1bytes
global variable .str.6.412
	43 elements of 1bytes
global variable __PRETTY_FUNCTION__.jpc_getscctxno
	24 elements of 1bytes
global variable .str.7.413
	18 elements of 1bytes
global variable .str.8.414
	19 elements of 1bytes
global variable __PRETTY_FUNCTION__.jpc_getmagctxno
	25 elements of 1bytes
global variable .str.4.415
	31 elements of 1bytes
global variable __PRETTY_FUNCTION__.jpc_getsignmsedec_func
	49 elements of 1bytes
global variable .str.418
	46 elements of 1bytes
global variable .str.1.419
	12 elements of 1bytes
global variable __PRETTY_FUNCTION__.jpc_dec_decodecblk
	119 elements of 1bytes
global variable .str.2.420
	12 elements of 1bytes
global variable .str.3.421
	25 elements of 1bytes
global variable .str.4.422
	2 elements of 1bytes
global variable .str.5.423
	2 elements of 1bytes
global variable .str.6.424
	30 elements of 1bytes
global variable .str.7.425
	23 elements of 1bytes
global variable .str.12.426
	38 elements of 1bytes
global variable __PRETTY_FUNCTION__.dec_rawsigpass
	93 elements of 1bytes
global variable .str.13.427
	37 elements of 1bytes
global variable __PRETTY_FUNCTION__.dec_rawrefpass
	93 elements of 1bytes
global variable .str.8.428
	24 elements of 1bytes
global variable .str.14.429
	34 elements of 1bytes
global variable .str.9.430
	43 elements of 1bytes
global variable .str.10.431
	43 elements of 1bytes
global variable .str.11.432
	32 elements of 1bytes
global variable .str.435
	20 elements of 1bytes
global variable .str.1.436
	12 elements of 1bytes
global variable __PRETTY_FUNCTION__.jpc_enc_enccblks
	34 elements of 1bytes
global variable .str.3.437
	13 elements of 1bytes
global variable __PRETTY_FUNCTION__.jpc_enc_enccblk
	104 elements of 1bytes
global variable .str.4.438
	12 elements of 1bytes
global variable .str.5.439
	13 elements of 1bytes
global variable .str.6.440
	16 elements of 1bytes
global variable .str.7.441
	12 elements of 1bytes
global variable .str.8.442
	26 elements of 1bytes
global variable .str.9.443
	2 elements of 1bytes
global variable .str.10.444
	5 elements of 1bytes
global variable .str.11.445
	12 elements of 1bytes
global variable .str.14.446
	41 elements of 1bytes
global variable __PRETTY_FUNCTION__.jpc_encrawsigpass
	96 elements of 1bytes
global variable .str.15.447
	39 elements of 1bytes
global variable .str.16.448
	42 elements of 1bytes
global variable __PRETTY_FUNCTION__.jpc_encrawrefpass
	96 elements of 1bytes
global variable .str.12.449
	25 elements of 1bytes
global variable .str.13.450
	2 elements of 1bytes
global variable .str.2.451
	12 elements of 1bytes
global variable __PRETTY_FUNCTION__.getthebyte
	37 elements of 1bytes
global variable .str.2.456
	32 elements of 1bytes
global variable .str.1.457
	12 elements of 1bytes
global variable __PRETTY_FUNCTION__.jpc_pi_nextrlcp
	32 elements of 1bytes
global variable __PRETTY_FUNCTION__.jpc_pi_nextrpcl
	32 elements of 1bytes
global variable __PRETTY_FUNCTION__.jpc_pi_nextpcrl
	32 elements of 1bytes
global variable __PRETTY_FUNCTION__.jpc_pi_nextcprl
	32 elements of 1bytes
global variable .str.472
	28 elements of 1bytes
global variable __PRETTY_FUNCTION__.jpc_pchglist_remove
	55 elements of 1bytes
global variable .str.481
	51 elements of 1bytes
global variable .str.2.482
	10 elements of 1bytes
global variable .str.3.483
	12 elements of 1bytes
global variable __PRETTY_FUNCTION__.jpc_dec_decodepkts
	68 elements of 1bytes
global variable .str.1.484
	74 elements of 1bytes
global variable .str.4.485
	28 elements of 1bytes
global variable .str.5.486
	2 elements of 1bytes
global variable .str.6.487
	38 elements of 1bytes
global variable __PRETTY_FUNCTION__.jpc_dec_decodepkt
	87 elements of 1bytes
global variable .str.7.488
	2 elements of 1bytes
global variable .str.8.489
	12 elements of 1bytes
global variable .str.9.490
	13 elements of 1bytes
global variable .str.18.491
	37 elements of 1bytes
global variable __PRETTY_FUNCTION__.jpc_getnumnewpasses
	43 elements of 1bytes
global variable .str.10.492
	17 elements of 1bytes
global variable __PRETTY_FUNCTION__.jpc_getcommacode
	40 elements of 1bytes
global variable .str.11.493
	14 elements of 1bytes
global variable .str.12.494
	8 elements of 1bytes
global variable .str.13.495
	18 elements of 1bytes
global variable .str.14.496
	25 elements of 1bytes
global variable .str.15.497
	33 elements of 1bytes
global variable .str.16.498
	28 elements of 1bytes
global variable .str.17.499
	26 elements of 1bytes
global variable .str.14.506
	2 elements of 1bytes
global variable .str.1.507
	12 elements of 1bytes
global variable __PRETTY_FUNCTION__.jpc_init_t2state
	40 elements of 1bytes
global variable .str.15.508
	20 elements of 1bytes
global variable .str.509
	10 elements of 1bytes
global variable __PRETTY_FUNCTION__.jpc_enc_encpkts
	49 elements of 1bytes
global variable .str.2.512
	3 elements of 1bytes
global variable .str.3.513
	5 elements of 1bytes
global variable __PRETTY_FUNCTION__.jpc_enc_encpkt
	68 elements of 1bytes
global variable .str.4.514
	40 elements of 1bytes
global variable .str.5.515
	2 elements of 1bytes
global variable .str.6.516
	10 elements of 1bytes
global variable .str.7.517
	21 elements of 1bytes
global variable .str.8.518
	13 elements of 1bytes
global variable .str.9.519
	38 elements of 1bytes
global variable .str.16.520
	39 elements of 1bytes
global variable __PRETTY_FUNCTION__.jpc_putnumnewpasses
	48 elements of 1bytes
global variable .str.10.521
	17 elements of 1bytes
global variable .str.17.522
	7 elements of 1bytes
global variable __PRETTY_FUNCTION__.jpc_putcommacode
	45 elements of 1bytes
global variable .str.11.523
	68 elements of 1bytes
global variable .str.12.524
	39 elements of 1bytes
global variable .str.13.525
	50 elements of 1bytes
global variable .str.534
	31 elements of 1bytes
global variable .str.1.535
	14 elements of 1bytes
global variable __PRETTY_FUNCTION__.jpc_tagtree_create
	44 elements of 1bytes
global variable .str.2.542
	89 elements of 1bytes
global variable __PRETTY_FUNCTION__.jpc_tagtree_copy
	56 elements of 1bytes
global variable .str.3.545
	11 elements of 1bytes
global variable __PRETTY_FUNCTION__.jpc_tagtree_setvalue
	69 elements of 1bytes
global variable .str.4.550
	5 elements of 1bytes
global variable __PRETTY_FUNCTION__.jpc_tagtree_encode
	85 elements of 1bytes
global variable .str.5.551
	15 elements of 1bytes
global variable .str.6.552
	39 elements of 1bytes
global variable __PRETTY_FUNCTION__.jpc_tagtree_decode
	85 elements of 1bytes
global variable .str.7.555
	37 elements of 1bytes
global variable .str.8.556
	50 elements of 1bytes
global variable jpc_atoaf.delim
	5 elements of 1bytes
global variable .str.569
	2 elements of 1bytes
global variable .str.1.570
	11 elements of 1bytes
global variable __PRETTY_FUNCTION__.jpc_seq_conv
	50 elements of 1bytes
global variable .str.573
	28 elements of 1bytes
global variable .str.1.574
	20 elements of 1bytes
global variable .str.2.575
	60 elements of 1bytes
global variable .str.3.576
	65 elements of 1bytes
global variable .str.4.577
	20 elements of 1bytes
global variable .str.5.578
	26 elements of 1bytes
global variable .str.7.579
	61 elements of 1bytes
global variable .str.8.580
	10 elements of 1bytes
global variable __PRETTY_FUNCTION__.jpg_put_pixel_rows
	68 elements of 1bytes
global variable .str.6.581
	23 elements of 1bytes
global variable jpg_opttab
	2 elements of 16bytes
global variable .str.582
	8 elements of 1bytes
global variable .str.7.585
	1 elements of 1bytes
global variable .str.8.586
	3 elements of 1bytes
global variable .str.9.587
	35 elements of 1bytes
global variable .str.10.588
	37 elements of 1bytes
global variable .str.1.589
	27 elements of 1bytes
global variable .str.2.590
	32 elements of 1bytes
global variable .str.3.591
	48 elements of 1bytes
global variable .str.4.592
	67 elements of 1bytes
global variable .str.5.593
	14 elements of 1bytes
global variable .str.6.594
	10 elements of 1bytes
global variable __PRETTY_FUNCTION__.jpg_encode
	54 elements of 1bytes
global variable mif_tags2
	3 elements of 16bytes
global variable .str.597
	10 elements of 1bytes
global variable .str.1.598
	4 elements of 1bytes
global variable mif_tags
	10 elements of 16bytes
global variable .str.2.599
	4 elements of 1bytes
global variable .str.3.600
	4 elements of 1bytes
global variable .str.4.601
	6 elements of 1bytes
global variable .str.5.602
	7 elements of 1bytes
global variable .str.6.603
	9 elements of 1bytes
global variable .str.7.604
	9 elements of 1bytes
global variable .str.8.605
	5 elements of 1bytes
global variable .str.9.606
	5 elements of 1bytes
global variable .str.10.607
	5 elements of 1bytes
global variable .str.16.610
	22 elements of 1bytes
global variable .str.23.611
	26 elements of 1bytes
global variable .str.24.612
	10 elements of 1bytes
global variable __PRETTY_FUNCTION__.mif_hdr_growcmpts
	40 elements of 1bytes
global variable .str.25.613
	12 elements of 1bytes
global variable __PRETTY_FUNCTION__.mif_getline
	47 elements of 1bytes
global variable .str.17.614
	20 elements of 1bytes
global variable .str.18.615
	25 elements of 1bytes
global variable .str.19.616
	28 elements of 1bytes
global variable .str.20.617
	24 elements of 1bytes
global variable .str.26.618
	25 elements of 1bytes
global variable .str.27.619
	22 elements of 1bytes
global variable .str.28.620
	35 elements of 1bytes
global variable .str.30.621
	24 elements of 1bytes
global variable __PRETTY_FUNCTION__.mif_hdr_addcmpt
	52 elements of 1bytes
global variable .str.29.622
	22 elements of 1bytes
global variable .str.21.623
	34 elements of 1bytes
global variable .str.22.624
	32 elements of 1bytes
global variable .str.11.625
	3 elements of 1bytes
global variable .str.12.626
	31 elements of 1bytes
global variable .str.13.629
	39 elements of 1bytes
global variable .str.14.630
	4 elements of 1bytes
global variable .str.15.631
	29 elements of 1bytes
global variable .str.31.632
	89 elements of 1bytes
global variable .str.32.633
	9 elements of 1bytes
global variable .str.33.634
	2 elements of 1bytes
global variable .str.34.635
	5 elements of 1bytes
global variable .str.644
	32 elements of 1bytes
global variable .str.1.645
	48 elements of 1bytes
global variable .str.2.646
	73 elements of 1bytes
global variable .str.3.647
	5 elements of 1bytes
global variable .str.5.648
	3 elements of 1bytes
global variable .str.6.649
	3 elements of 1bytes
global variable .str.7.650
	2 elements of 1bytes
global variable .str.8.651
	2 elements of 1bytes
global variable .str.4.652
	19 elements of 1bytes
global variable .str.655
	27 elements of 1bytes
global variable .str.1.656
	25 elements of 1bytes
global variable .str.2.657
	10 elements of 1bytes
global variable __PRETTY_FUNCTION__.pnm_getdata
	60 elements of 1bytes
global variable .str.4.658
	48 elements of 1bytes
global variable pnm_allowtrunc
	1 elements of 4bytes
global variable .str.3.659
	17 elements of 1bytes
global variable pnm_opttab
	2 elements of 16bytes
global variable .str.662
	5 elements of 1bytes
global variable .str.8.665
	1 elements of 1bytes
global variable .str.9.666
	37 elements of 1bytes
global variable .str.1.667
	39 elements of 1bytes
global variable .str.2.668
	27 elements of 1bytes
global variable .str.3.669
	32 elements of 1bytes
global variable .str.4.670
	32 elements of 1bytes
global variable .str.5.671
	73 elements of 1bytes
global variable .str.6.672
	93 elements of 1bytes
global variable .str.7.673
	94 elements of 1bytes
global variable .str.10.674
	14 elements of 1bytes
global variable .str.12.675
	2 elements of 1bytes
global variable .str.11.676
	6 elements of 1bytes
global variable .str.13.677
	2 elements of 1bytes
global variable .str.14.678
	3 elements of 1bytes
global variable .str.681
	39 elements of 1bytes
global variable .str.5.682
	48 elements of 1bytes
global variable .str.3.683
	31 elements of 1bytes
global variable .str.4.684
	10 elements of 1bytes
global variable __PRETTY_FUNCTION__.ras_getdatastd
	77 elements of 1bytes
global variable .str.1.685
	42 elements of 1bytes
global variable .str.2.686
	38 elements of 1bytes
global variable .str.691
	39 elements of 1bytes
global variable .str.1.692
	27 elements of 1bytes
global variable .str.2.693
	32 elements of 1bytes
global variable .str.3.694
	32 elements of 1bytes
global variable .str.4.695
	73 elements of 1bytes
global variable .str.5.696
	14 elements of 1bytes
global variable .str.6.697
	10 elements of 1bytes
global variable __PRETTY_FUNCTION__.ras_putdatastd
	75 elements of 1bytes
global variable .str.3.700
	46 elements of 1bytes
global variable .str.1.701
	9 elements of 1bytes
global variable __PRETTY_FUNCTION__.jas_cmprof_createsycc
	38 elements of 1bytes
global variable .str.4.702
	37 elements of 1bytes
global variable shapmat_ops
	1 elements of 24bytes
global variable .str.5.703
	2 elements of 1bytes
global variable __PRETTY_FUNCTION__.jas_cmshapmat_apply
	79 elements of 1bytes
global variable .str.6.704
	37 elements of 1bytes
global variable __PRETTY_FUNCTION__.jas_cmpxformseq_insertpxform
	77 elements of 1bytes
global variable .str.8.705
	27 elements of 1bytes
global variable __PRETTY_FUNCTION__.jas_cmpxformseq_resize
	53 elements of 1bytes
global variable .str.7.706
	46 elements of 1bytes
global variable .str.9.711
	36 elements of 1bytes
global variable __PRETTY_FUNCTION__.jas_cmpxformseq_delete
	53 elements of 1bytes
global variable .str.10.712
	7 elements of 1bytes
global variable __PRETTY_FUNCTION__.jas_cmshapmatlut_invert
	77 elements of 1bytes
global variable .str.719
	8 elements of 1bytes
global variable __PRETTY_FUNCTION__.jas_cmxform_create
	97 elements of 1bytes
global variable .str.2.724
	11 elements of 1bytes
global variable __PRETTY_FUNCTION__.jas_cmxform_apply
	75 elements of 1bytes
global variable jas_iccattrvalinfos
	7 elements of 56bytes
global variable .str.14.727
	25 elements of 1bytes
global variable .str.15.728
	12 elements of 1bytes
global variable .str.16.729
	16 elements of 1bytes
global variable .str.13.730
	14 elements of 1bytes
global variable .str.17.731
	14 elements of 1bytes
global variable .str.18.732
	31 elements of 1bytes
global variable .str.19.733
	14 elements of 1bytes
global variable .str.20.734
	13 elements of 1bytes
global variable .str.21.735
	15 elements of 1bytes
global variable .str.22.736
	43 elements of 1bytes
global variable .str.23.737
	14 elements of 1bytes
global variable .str.24.738
	2 elements of 1bytes
global variable .str.25.739
	37 elements of 1bytes
global variable .str.11.742
	25 elements of 1bytes
global variable .str.1.743
	10 elements of 1bytes
global variable __PRETTY_FUNCTION__.jas_iccattrtab_resize
	51 elements of 1bytes
global variable .str.748
	17 elements of 1bytes
global variable __PRETTY_FUNCTION__.jas_iccprof_copy
	49 elements of 1bytes
global variable .str.12.749
	33 elements of 1bytes
global variable __PRETTY_FUNCTION__.jas_iccattrtab_add
	85 elements of 1bytes
global variable .str.7.750
	13 elements of 1bytes
global variable .str.8.751
	5 elements of 1bytes
global variable .str.9.752
	59 elements of 1bytes
global variable .str.10.753
	32 elements of 1bytes
global variable .str.2.754
	19 elements of 1bytes
global variable .str.3.755
	22 elements of 1bytes
global variable .str.4.758
	21 elements of 1bytes
global variable __PRETTY_FUNCTION__.jas_iccprof_save
	54 elements of 1bytes
global variable .str.5.759
	41 elements of 1bytes
global variable .str.6.760
	12 elements of 1bytes
global variable jas_iccprofdata_srgb
	3144 elements of 1bytes
global variable jas_iccprofdata_srgblen
	1 elements of 4bytes
global variable jas_iccprofdata_sgray
	394 elements of 1bytes
global variable jas_iccprofdata_sgraylen
	1 elements of 4bytes
global variable .str.783
	1 elements of 1bytes
global variable jas_taginfo_nonull.invalidtaginfo
	1 elements of 16bytes
global variable .str.794
	9 elements of 1bytes
global variable jp2_boxinfos
	20 elements of 64bytes
global variable .str.801
	3 elements of 1bytes
global variable .str.1.802
	5 elements of 1bytes
global variable .str.2.803
	5 elements of 1bytes
global variable .str.3.804
	5 elements of 1bytes
global variable .str.4.805
	5 elements of 1bytes
global variable .str.5.806
	5 elements of 1bytes
global variable .str.28.807
	30 elements of 1bytes
global variable .str.29.808
	9 elements of 1bytes
global variable .str.6.809
	5 elements of 1bytes
global variable .str.33.810
	25 elements of 1bytes
global variable .str.34.811
	17 elements of 1bytes
global variable .str.7.812
	5 elements of 1bytes
global variable .str.31.813
	15 elements of 1bytes
global variable .str.32.814
	28 elements of 1bytes
global variable .str.8.815
	5 elements of 1bytes
global variable .str.30.816
	33 elements of 1bytes
global variable .str.9.817
	4 elements of 1bytes
global variable .str.10.818
	5 elements of 1bytes
global variable .str.11.819
	5 elements of 1bytes
global variable .str.12.820
	5 elements of 1bytes
global variable .str.13.821
	5 elements of 1bytes
global variable .str.14.822
	4 elements of 1bytes
global variable .str.15.823
	5 elements of 1bytes
global variable .str.16.824
	5 elements of 1bytes
global variable .str.17.825
	5 elements of 1bytes
global variable .str.18.826
	4 elements of 1bytes
global variable jp2_boxinfo_unk
	1 elements of 64bytes
global variable .str.19.827
	8 elements of 1bytes
global variable .str.20.834
	68 elements of 1bytes
global variable .str.21.835
	48 elements of 1bytes
global variable .str.22.836
	22 elements of 1bytes
global variable .str.23.837
	23 elements of 1bytes
global variable .str.24.838
	8 elements of 1bytes
global variable .str.25.839
	10 elements of 1bytes
global variable __PRETTY_FUNCTION__.jp2_box_dump
	39 elements of 1bytes
global variable .str.26.840
	10 elements of 1bytes
global variable .str.27.841
	35 elements of 1bytes
global variable .str.1.852
	44 elements of 1bytes
global variable .str.2.853
	9 elements of 1bytes
global variable __PRETTY_FUNCTION__.jpc_bitstream_getbits
	51 elements of 1bytes
global variable .str.8.856
	42 elements of 1bytes
global variable __PRETTY_FUNCTION__.jpc_bitstream_fillbuf
	45 elements of 1bytes
global variable .str.9.857
	21 elements of 1bytes
global variable .str.11.860
	43 elements of 1bytes
global variable __PRETTY_FUNCTION__.jpc_bitstream_outalign
	51 elements of 1bytes
global variable .str.12.861
	22 elements of 1bytes
global variable .str.7.864
	22 elements of 1bytes
global variable __PRETTY_FUNCTION__.jpc_bitstream_putbits
	56 elements of 1bytes
global variable .str.5.865
	45 elements of 1bytes
global variable .str.13.866
	44 elements of 1bytes
global variable .str.14.867
	33 elements of 1bytes
global variable .str.868
	31 elements of 1bytes
global variable __PRETTY_FUNCTION__.jpc_bitstream_getbit_func
	49 elements of 1bytes
global variable .str.3.869
	33 elements of 1bytes
global variable .str.4.870
	35 elements of 1bytes
global variable __PRETTY_FUNCTION__.jpc_bitstream_putbit_func
	54 elements of 1bytes
global variable .str.6.871
	35 elements of 1bytes
global variable .str.10.872
	2 elements of 1bytes
global variable __PRETTY_FUNCTION__.jpc_bitstream_needalign
	47 elements of 1bytes
global variable jpc_mqstates
	94 elements of 32bytes
global variable jpc_ft_lpenergywts
	32 elements of 8bytes
global variable jpc_ft_hpenergywts
	32 elements of 8bytes
global variable jpc_ns_lpenergywts
	32 elements of 8bytes
global variable jpc_ns_hpenergywts
	32 elements of 8bytes
global variable jpc_ft_qmfb2d
	1 elements of 32bytes
global variable .str.880
	7 elements of 1bytes
global variable .str.1.881
	49 elements of 1bytes
global variable __PRETTY_FUNCTION__.jas_fast32_asr.882
	38 elements of 1bytes
global variable __PRETTY_FUNCTION__.jas_fast32_asl.884
	38 elements of 1bytes
global variable jpc_ns_qmfb2d
	1 elements of 32bytes
global variable static_fd
	1 elements of 4bytes
global variable static_ut_name
	1 elements of 8bytes
global variable default_file_name
	14 elements of 1bytes
global variable static_utmp
	1 elements of 400bytes
global variable .str.96
	5 elements of 1bytes
global variable .str.1.97
	4 elements of 1bytes
global variable llvm.used
	1 elements of 8bytes
global variable __evoke_link_warning_tmpnam
	55 elements of 1bytes
global variable tmpnam_buffer
	20 elements of 1bytes
global variable stdin
	1 elements of 8bytes
global variable _stdio_streams
	3 elements of 80bytes
global variable stdout
	1 elements of 8bytes
global variable stderr
	1 elements of 8bytes
global variable __stdin
	1 elements of 8bytes
global variable __stdout
	1 elements of 8bytes
global variable _stdio_openlist
	1 elements of 8bytes
global variable _do_one_spec.spec_base
	7 elements of 1bytes
global variable .str.116
	6 elements of 1bytes
global variable .str.1.117
	7 elements of 1bytes
global variable _do_one_spec.prefix
	12 elements of 1bytes
global variable _ppfs_parsespec.spec_flags
	8 elements of 1bytes
global variable _ppfs_parsespec.qual_chars
	20 elements of 1bytes
global variable _ppfs_parsespec.spec_chars
	21 elements of 1bytes
global variable _ppfs_parsespec.spec_ranges
	9 elements of 1bytes
global variable _ppfs_parsespec.spec_or_mask
	8 elements of 2bytes
global variable _ppfs_parsespec.spec_and_mask
	8 elements of 2bytes
global variable type_codes
	12 elements of 2bytes
global variable type_sizes
	12 elements of 1bytes
global variable strtok.next_start
	1 elements of 8bytes
global variable __strtofpmax.nan_inf_str
	21 elements of 1bytes
global variable __libc_stack_end
	1 elements of 8bytes
global variable __uclibc_progname
	1 elements of 8bytes
global variable .str.206
	1 elements of 1bytes
global variable __environ
	1 elements of 8bytes
global variable __pagesize
	1 elements of 8bytes
global variable __app_fini
	1 elements of 8bytes
global variable __rtld_fini
	1 elements of 8bytes
global variable __uClibc_init.been_there_done_that
	1 elements of 4bytes
global variable .str.1.209
	10 elements of 1bytes
global variable __dso_handle
	1 elements of 8bytes
global variable __C_ctype_b_data
	384 elements of 2bytes
global variable __C_ctype_b
	1 elements of 8bytes
global variable __ctype_b
	1 elements of 8bytes
global variable __C_ctype_tolower_data
	384 elements of 2bytes
global variable __C_ctype_tolower
	1 elements of 8bytes
global variable __ctype_tolower
	1 elements of 8bytes
global variable .str.218
	5 elements of 1bytes
global variable .str.1.219
	5 elements of 1bytes
global variable .str.2.220
	16 elements of 1bytes
global variable .str.3.223
	7 elements of 1bytes
global variable .str.4.224
	13 elements of 1bytes
global variable .str.5.225
	12 elements of 1bytes
global variable brain_damaged_fillrand.value
	1 elements of 8bytes
global variable letters
	63 elements of 1bytes
global variable errno
	1 elements of 4bytes
global variable h_errno
	1 elements of 4bytes
global variable fmt
	20 elements of 1bytes
global variable exp10_table
	13 elements of 16bytes
global variable __exit_count
	1 elements of 4bytes
global variable __exit_function_table
	1 elements of 8bytes
global variable __exit_slots
	1 elements of 4bytes
global variable __exit_cleanup
	1 elements of 8bytes
global variable .str.1.298
	47 elements of 1bytes
global variable .str.2.301
	44 elements of 1bytes
global variable close.n_calls
	1 elements of 4bytes
global variable read.n_calls
	1 elements of 4bytes
global variable .str.3.306
	12 elements of 1bytes
global variable .str.4.307
	59 elements of 1bytes
global variable __PRETTY_FUNCTION__.read
	34 elements of 1bytes
global variable write.n_calls
	1 elements of 4bytes
global variable .str.5.310
	7 elements of 1bytes
global variable __PRETTY_FUNCTION__.write
	41 elements of 1bytes
global variable .str.6.311
	2 elements of 1bytes
global variable .str.7.312
	24 elements of 1bytes
global variable .str.8.315
	18 elements of 1bytes
global variable __PRETTY_FUNCTION__.__fd_lseek
	38 elements of 1bytes
global variable .str.9.320
	33 elements of 1bytes
global variable chmod.n_calls
	1 elements of 4bytes
global variable fchmod.n_calls
	1 elements of 4bytes
global variable .str.24.321
	32 elements of 1bytes
global variable __fd_ftruncate.n_calls
	1 elements of 4bytes
global variable .str.10.326
	30 elements of 1bytes
global variable .str.11.329
	33 elements of 1bytes
global variable .str.12.330
	18 elements of 1bytes
global variable __PRETTY_FUNCTION__.__fd_getdents
	65 elements of 1bytes
global variable .str.13.333
	41 elements of 1bytes
global variable .str.14.334
	42 elements of 1bytes
global variable .str.15.335
	43 elements of 1bytes
global variable .str.16.336
	43 elements of 1bytes
global variable .str.17.337
	45 elements of 1bytes
global variable .str.18.338
	46 elements of 1bytes
global variable .str.19.339
	43 elements of 1bytes
global variable .str.20.340
	44 elements of 1bytes
global variable .str.21.345
	32 elements of 1bytes
global variable .str.22.348
	17 elements of 1bytes
global variable getcwd.n_calls
	1 elements of 4bytes
global variable .str.23.355
	18 elements of 1bytes
global variable __exe_env
	1 elements of 784bytes
global variable __exe_fs
	1 elements of 104bytes
global variable klee_init_fds.name
	32 elements of 1bytes
global variable .str.360
	2 elements of 1bytes
global variable .str.9.361
	6 elements of 1bytes
global variable .str.10.362
	5 elements of 1bytes
global variable .str.11.363
	64 elements of 1bytes
global variable __PRETTY_FUNCTION__.__create_new_dfile
	88 elements of 1bytes
global variable .str.1.364
	6 elements of 1bytes
global variable .str.2.365
	10 elements of 1bytes
global variable .str.3.366
	11 elements of 1bytes
global variable .str.4.367
	11 elements of 1bytes
global variable .str.5.368
	15 elements of 1bytes
global variable .str.6.369
	12 elements of 1bytes
global variable .str.7.370
	7 elements of 1bytes
global variable .str.8.371
	14 elements of 1bytes
global variable .str.374
	7 elements of 1bytes
global variable .str.1.375
	964 elements of 1bytes
global variable .str.24.376
	70 elements of 1bytes
global variable .str.25.377
	9 elements of 1bytes
global variable .str.2.378
	10 elements of 1bytes
global variable .str.3.379
	9 elements of 1bytes
global variable .str.4.380
	48 elements of 1bytes
global variable .str.26.381
	37 elements of 1bytes
global variable .str.5.382
	11 elements of 1bytes
global variable .str.6.383
	10 elements of 1bytes
global variable .str.7.384
	77 elements of 1bytes
global variable .str.8.385
	7 elements of 1bytes
global variable .str.9.386
	12 elements of 1bytes
global variable .str.10.387
	11 elements of 1bytes
global variable .str.11.388
	109 elements of 1bytes
global variable .str.12.389
	12 elements of 1bytes
global variable .str.13.390
	11 elements of 1bytes
global variable .str.14.391
	57 elements of 1bytes
global variable .str.15.392
	13 elements of 1bytes
global variable .str.16.393
	12 elements of 1bytes
global variable .str.17.394
	18 elements of 1bytes
global variable .str.18.395
	17 elements of 1bytes
global variable .str.19.396
	10 elements of 1bytes
global variable .str.20.397
	9 elements of 1bytes
global variable .str.21.398
	11 elements of 1bytes
global variable .str.22.399
	10 elements of 1bytes
global variable .str.23.400
	54 elements of 1bytes
global variable .str.401
	18 elements of 1bytes
global variable .str.1.402
	24 elements of 1bytes
global variable .str.2.405
	15 elements of 1bytes
global variable .str.3.406
	18 elements of 1bytes
global variable .str.4.407
	17 elements of 1bytes
global variable .str.5.408
	13 elements of 1bytes
global variable .str.6.409
	40 elements of 1bytes
global variable .str.7.410
	17 elements of 1bytes
global variable .str.8.413
	21 elements of 1bytes
global variable .str.9.414
	18 elements of 1bytes
global variable .str.10.415
	32 elements of 1bytes
global variable str.13
	18 elements of 1bytes
global variable str
	17 elements of 1bytes
global variable getnameinfo.hostname
	10 elements of 1bytes
global variable getnameinfo.service
	10 elements of 1bytes
global variable .str.419
	80 elements of 1bytes
global variable .str.1.420
	15 elements of 1bytes
global variable .str.2.421
	8 elements of 1bytes
global variable .str.3.424
	8 elements of 1bytes
global variable .str.1.4
	16 elements of 1bytes
global variable .str.2.5
	14 elements of 1bytes
global variable .str.6.427
	71 elements of 1bytes
global variable .str.1.7
	14 elements of 1bytes
global variable .str.2.8
	5 elements of 1bytes
KLEE: WARNING: undefined reference to function: __ctype_b_loc
KLEE: WARNING: undefined reference to function: __isoc99_fscanf
KLEE: WARNING: undefined reference to function: __isoc99_sscanf
KLEE: WARNING: undefined reference to function: ceil
KLEE: WARNING: undefined reference to function: floor
KLEE: WARNING: undefined reference to function: jpeg_CreateCompress
KLEE: WARNING: undefined reference to function: jpeg_CreateDecompress
KLEE: WARNING: undefined reference to function: jpeg_default_colorspace
KLEE: WARNING: undefined reference to function: jpeg_destroy_compress
KLEE: WARNING: undefined reference to function: jpeg_destroy_decompress
KLEE: WARNING: undefined reference to function: jpeg_finish_compress
KLEE: WARNING: undefined reference to function: jpeg_finish_decompress
KLEE: WARNING: undefined reference to function: jpeg_read_header
KLEE: WARNING: undefined reference to function: jpeg_read_scanlines
KLEE: WARNING: undefined reference to function: jpeg_set_defaults
KLEE: WARNING: undefined reference to function: jpeg_set_quality
KLEE: WARNING: undefined reference to function: jpeg_start_compress
KLEE: WARNING: undefined reference to function: jpeg_start_decompress
KLEE: WARNING: undefined reference to function: jpeg_std_error
KLEE: WARNING: undefined reference to function: jpeg_stdio_dest
KLEE: WARNING: undefined reference to function: jpeg_stdio_src
KLEE: WARNING: undefined reference to function: jpeg_write_scanlines
KLEE: WARNING: undefined reference to function: pow
KLEE: WARNING: undefined reference to function: puts
KLEE: WARNING: undefined reference to function: sqrt
KLEE: ARGV 0: ./imginfo.bc

KLEE: ARGV 1: -f

KLEE: ARGV 2: ../exploit

KLEE: WARNING: executable has module level assembly (ignoring)
Undefined struct struct.exe_sym_env_t
Undefined struct struct.exe_file_t
KLEE: WARNING ONCE: calling external: syscall(16, 0, 21505, 251173024)
Undefined struct struct.stat.1836
Undefined struct struct.exe_disk_file_t
Undefined struct struct.__kernel_termios.1626
Undefined struct struct.termios.1621
Undefined struct struct.Elf64_auxv_t
KLEE: WARNING ONCE: calling __user_main with extra arguments.
KLEE: WARNING ONCE: Alignment of memory from call "malloc" is not modelled. Using alignment of 8.
	pointer parm derived from itself!
KLEE: 0xee79b00: Symbolic value  used to determine branching at /home/james/Projects/Senx/code/klee_src/runtime/POSIX/fd_init.c:100 (146721)
Undefined struct struct.jas_image_fmtops_t
Undefined struct struct.jas_image_fmtinfo_t
KLEE: WARNING ONCE: Alignment of memory from call "realloc" is not modelled. Using alignment of 8.
Undefined struct struct.exit_function
Undefined struct struct.anon.0.1797
Undefined struct struct.jas_opt_t
	pointer parm derived from itself!
Undefined struct struct.jas_stream_t
	pointer parm derived from itself!
Undefined struct struct.jas_stream_fileobj_t
Undefined struct struct.jas_stream_ops_t
KLEE: IntegerOverflow (8:127): cast 135 @jas_stream.c:523(13455)

Undefined struct struct.jp2_dec_t
Undefined struct struct.jp2_box_t
	pointer parm derived from other vars!
Undefined struct struct.jp2_boxinfo_s
KLEE: checkOverflow: unsupported bit width 1

Undefined struct struct.jas_stream_memobj_t
KLEE: IntegerOverflow (8:127): cast 135 @jas_stream.c:891(14525)

Undefined struct struct.jp2_boxops_s
Undefined struct struct.jp2_jp_t
KLEE: checkOverflow: unsupported bit width 1

Undefined struct struct.jp2_ftyp_t
KLEE: checkOverflow: unsupported bit width 1

KLEE: IntegerOverflow (8:127): cast 128 @jas_stream.c:891(14525)

KLEE: IntegerOverflow (8:127): cast 255 @jas_stream.c:891(14525)

KLEE: IntegerOverflow (8:127): cast 225 @jas_stream.c:891(14525)

KLEE: IntegerOverflow (8:127): cast 255 @jas_stream.c:891(14525)

KLEE: checkOverflow: unsupported bit width 1

Undefined struct struct.jpc_dec_importopts_t
Undefined struct struct.jas_tvparser_t
Undefined struct struct.jpc_mqctx_t
KLEE: WARNING ONCE: calling external: floor(13862625010813763584)
Undefined struct struct.jpc_dec_t
Undefined struct struct.jpc_ms_t
Undefined struct struct.jpc_mstabent_t
	pointer parm derived from other vars!
Undefined struct struct.jpc_dec_mstabent_t
	pointer parm derived from other vars!
Undefined struct struct.jpc_msops_s
KLEE: IntegerOverflow (8:127): cast 241 @jas_stream.c:891(14525)

KLEE: IntegerOverflow (8:127): cast 255 @jas_stream.c:891(14525)

KLEE: IntegerOverflow (8:127): cast 255 @jas_stream.c:891(14525)

KLEE: IntegerOverflow (8:127): cast 255 @jas_stream.c:891(14525)

KLEE: IntegerOverflow (8:127): cast 255 @jas_stream.c:891(14525)

KLEE: IntegerOverflow (8:127): cast 255 @jas_stream.c:891(14525)

KLEE: IntegerOverflow (8:127): cast 128 @jas_stream.c:891(14525)

KLEE: IntegerOverflow (8:127): cast 255 @jas_stream.c:891(14525)

KLEE: IntegerOverflow (8:127): cast 255 @jas_stream.c:891(14525)

Undefined struct struct.jpc_siz_t
	pointer parm derived from other vars!
	result=(x)*(y)
	__arg_2=(__arg_0)*(__arg_1)
	pointer parm derived from other vars!
Undefined struct struct.jpc_sizcomp_t
KLEE: IntegerOverflow (8:127): cast 255 @jpc_cs.c:1600(23225)

Undefined struct struct.jpc_dec_cp_t
Undefined struct struct.jpc_pchglist_t
Undefined struct struct.jpc_dec_ccp_t
Undefined struct struct.jpc_dec_cmpt_t
KLEE: Subtract an overflowed operand at 35031
KLEE: Subtract an overflowed operand at 35045
KLEE: Subtract an overflowed operand at 35052
	result=(x)*(y)
	__arg_2=(__arg_0)*(__arg_1)
Undefined struct struct.jpc_dec_tile_t
Undefined struct struct.jpc_dec_tcomp_t
KLEE: Subtract an overflowed operand at 35479
KLEE: Subtract an overflowed operand at 35513
KLEE: IntegerOverflow (8:127): cast 128 @jas_stream.c:891(14525)

KLEE: IntegerOverflow (8:127): cast 128 @jas_stream.c:891(14525)

Undefined struct struct.jpc_com_t
KLEE: IntegerOverflow (8:127): cast 128 @jas_stream.c:523(13455)

KLEE: IntegerOverflow (8:127): cast 128 @jas_stream.c:523(13455)

	pointer parm derived from other vars!
Undefined struct struct.jpc_cod_t
Undefined struct struct.jpc_coxcp_t
Undefined struct struct.jpc_coxrlvl_t
	pointer parm derived from other vars!
Undefined struct struct.jpc_qcd_t
Undefined struct struct.jpc_qcxcp_t
KLEE: IntegerOverflow (8:127): cast 160 @jas_stream.c:891(14525)

Undefined struct struct.jpc_qcc_t
KLEE: IntegerOverflow (8:127): cast 160 @jpc_cs.c:1600(23225)

KLEE: IntegerOverflow (8:127): cast 255 @jas_stream.c:891(14525)

KLEE: IntegerOverflow (8:127): cast 255 @jpc_cs.c:1600(23225)

Undefined struct struct.__STDIO_FILE_STRUCT.1490
Undefined struct struct.ppfs_t
Undefined struct struct.printf_info.1492
Undefined struct struct.__STDIO_FILE_STRUCT.1377
warning: trailing garbage in marker segment (	pointer parm derived from itself!
Undefined struct struct.__va_list_tag
16	pointer parm derived from other vars!
 bytes)
KLEE: IntegerOverflow (8:127): cast 138 @jas_stream.c:891(14525)

Undefined struct struct.jpc_sot_t
Undefined struct struct.jas_image_cmptparm_t
KLEE: checkOverflow: unsupported bit width 1

KLEE: checkOverflow: unsupported bit width 1

KLEE: checkOverflow: unsupported bit width 1

KLEE: checkOverflow: unsupported bit width 1

Undefined struct struct.jas_image_t
KLEE: IntegerOverflow (64:9223372036854775807): 8543608947741818625 * 15 @jas_image.c:162(2016)

KLEE: Print SE for jas_image_create
Undefined struct struct.jas_image_cmpt_t
KLEE: checkOverflow: unsupported bit width 1

	result=(x)*(y)
	__arg_2=(__arg_0)*(__arg_1)
Undefined struct struct.stat.1833
Undefined struct struct.__STDIO_FILE_STRUCT.1421
Undefined struct struct.__mbstate_t.1364
	pointer parm derived from other vars!
KLEE: IntegerOverflow (32:2147483647): cast 6076574518398440533 @/home/james/Projects/Senx/code/klee_src/runtime/POSIX/fd_32.c:44(140915)

KLEE: IntegerOverflow (32:2147483647): cast 2880154539 @/home/james/Projects/Senx/code/klee_src/runtime/POSIX/fd_32.c:46(140925)

KLEE: WARNING: unlink: ignoring (EPERM)
KLEE: WARNING: unlink: ignoring (EPERM)
error: cannot decode code stream
KLEE: WARNING ONCE: calling external: vprintf(250269408, 253741984)
KLEE: WARNING ONCE: calling jas_cleanup with extra arguments.
Undefined struct struct.__STDIO_FILE_STRUCT.1409

KLEE: done: total instructions = 572895
KLEE: done: completed paths = 1
KLEE: done: generated tests = 1
