KLEE: NOTE: Using libreadline: /home/user/Projects/Senx/code/build3.8/Release+Debug+Asserts/lib/libreadline.bca
KLEE: NOTE: Using libxml2: /home/user/Projects/Senx/code/build3.8/Release+Debug+Asserts/lib/libxml2.bca
KLEE: NOTE: Using libpcap: /home/user/Projects/Senx/code/build3.8/Release+Debug+Asserts/lib/libpcap.bca
warning: Linking two modules of different target triples: __errno_location.os' is 'x86_64-unknown-linux-gnu' whereas './make-prime-list.bc' is 'x86_64-pc-linux-gnu'

warning: Linking two modules of different target triples: utent.os' is 'x86_64-unknown-linux-gnu' whereas './make-prime-list.bc' is 'x86_64-pc-linux-gnu'

warning: Linking two modules of different target triples: fclose.os' is 'x86_64-unknown-linux-gnu' whereas './make-prime-list.bc' is 'x86_64-pc-linux-gnu'

warning: Linking two modules of different target triples: puts.os' is 'x86_64-unknown-linux-gnu' whereas './make-prime-list.bc' is 'x86_64-pc-linux-gnu'

warning: Linking two modules of different target triples: fprintf.os' is 'x86_64-unknown-linux-gnu' whereas './make-prime-list.bc' is 'x86_64-pc-linux-gnu'

warning: Linking two modules of different target triples: _stdio.os' is 'x86_64-unknown-linux-gnu' whereas './make-prime-list.bc' is 'x86_64-pc-linux-gnu'

warning: Linking two modules of different target triples: _wcommit.os' is 'x86_64-unknown-linux-gnu' whereas './make-prime-list.bc' is 'x86_64-pc-linux-gnu'

warning: Linking two modules of different target triples: vfprintf.os' is 'x86_64-unknown-linux-gnu' whereas './make-prime-list.bc' is 'x86_64-pc-linux-gnu'

warning: Linking two modules of different target triples: _ppfs_init.os' is 'x86_64-unknown-linux-gnu' whereas './make-prime-list.bc' is 'x86_64-pc-linux-gnu'

warning: Linking two modules of different target triples: _ppfs_prepargs.os' is 'x86_64-unknown-linux-gnu' whereas './make-prime-list.bc' is 'x86_64-pc-linux-gnu'

warning: Linking two modules of different target triples: _ppfs_setargs.os' is 'x86_64-unknown-linux-gnu' whereas './make-prime-list.bc' is 'x86_64-pc-linux-gnu'

warning: Linking two modules of different target triples: _ppfs_parsespec.os' is 'x86_64-unknown-linux-gnu' whereas './make-prime-list.bc' is 'x86_64-pc-linux-gnu'

warning: Linking two modules of different target triples: ferror_unlocked.os' is 'x86_64-unknown-linux-gnu' whereas './make-prime-list.bc' is 'x86_64-pc-linux-gnu'

warning: Linking two modules of different target triples: fflush_unlocked.os' is 'x86_64-unknown-linux-gnu' whereas './make-prime-list.bc' is 'x86_64-pc-linux-gnu'

warning: Linking two modules of different target triples: fgetc_unlocked.os' is 'x86_64-unknown-linux-gnu' whereas './make-prime-list.bc' is 'x86_64-pc-linux-gnu'

warning: Linking two modules of different target triples: fputc_unlocked.os' is 'x86_64-unknown-linux-gnu' whereas './make-prime-list.bc' is 'x86_64-pc-linux-gnu'

warning: Linking two modules of different target triples: fputs_unlocked.os' is 'x86_64-unknown-linux-gnu' whereas './make-prime-list.bc' is 'x86_64-pc-linux-gnu'

warning: Linking two modules of different target triples: fwrite_unlocked.os' is 'x86_64-unknown-linux-gnu' whereas './make-prime-list.bc' is 'x86_64-pc-linux-gnu'

warning: Linking two modules of different target triples: strnlen.os' is 'x86_64-unknown-linux-gnu' whereas './make-prime-list.bc' is 'x86_64-pc-linux-gnu'

warning: Linking two modules of different target triples: strcmp.os' is 'x86_64-unknown-linux-gnu' whereas './make-prime-list.bc' is 'x86_64-pc-linux-gnu'

warning: Linking two modules of different target triples: memcpy.os' is 'x86_64-unknown-linux-gnu' whereas './make-prime-list.bc' is 'x86_64-pc-linux-gnu'

warning: Linking two modules of different target triples: strncmp.os' is 'x86_64-unknown-linux-gnu' whereas './make-prime-list.bc' is 'x86_64-pc-linux-gnu'

warning: Linking two modules of different target triples: strerror.os' is 'x86_64-unknown-linux-gnu' whereas './make-prime-list.bc' is 'x86_64-pc-linux-gnu'

warning: Linking two modules of different target triples: __xpg_strerror_r.os' is 'x86_64-unknown-linux-gnu' whereas './make-prime-list.bc' is 'x86_64-pc-linux-gnu'

warning: Linking two modules of different target triples: strlen.os' is 'x86_64-unknown-linux-gnu' whereas './make-prime-list.bc' is 'x86_64-pc-linux-gnu'

warning: Linking two modules of different target triples: strdup.os' is 'x86_64-unknown-linux-gnu' whereas './make-prime-list.bc' is 'x86_64-pc-linux-gnu'

warning: Linking two modules of different target triples: _string_syserrmsgs.os' is 'x86_64-unknown-linux-gnu' whereas './make-prime-list.bc' is 'x86_64-pc-linux-gnu'

warning: Linking two modules of different target triples: memset.os' is 'x86_64-unknown-linux-gnu' whereas './make-prime-list.bc' is 'x86_64-pc-linux-gnu'

warning: Linking two modules of different target triples: isatty.os' is 'x86_64-unknown-linux-gnu' whereas './make-prime-list.bc' is 'x86_64-pc-linux-gnu'

warning: Linking two modules of different target triples: tcgetattr.os' is 'x86_64-unknown-linux-gnu' whereas './make-prime-list.bc' is 'x86_64-pc-linux-gnu'

warning: Linking two modules of different target triples: realpath.os' is 'x86_64-unknown-linux-gnu' whereas './make-prime-list.bc' is 'x86_64-pc-linux-gnu'

warning: Linking two modules of different target triples: atoi.os' is 'x86_64-unknown-linux-gnu' whereas './make-prime-list.bc' is 'x86_64-pc-linux-gnu'

warning: Linking two modules of different target triples: strtol.os' is 'x86_64-unknown-linux-gnu' whereas './make-prime-list.bc' is 'x86_64-pc-linux-gnu'

warning: Linking two modules of different target triples: _stdlib_strto_l.os' is 'x86_64-unknown-linux-gnu' whereas './make-prime-list.bc' is 'x86_64-pc-linux-gnu'

warning: Linking two modules of different target triples: __uClibc_main.os' is 'x86_64-unknown-linux-gnu' whereas './make-prime-list.bc' is 'x86_64-pc-linux-gnu'

warning: Linking two modules of different target triples: __C_ctype_b.os' is 'x86_64-unknown-linux-gnu' whereas './make-prime-list.bc' is 'x86_64-pc-linux-gnu'

warning: Linking two modules of different target triples: errno.os' is 'x86_64-unknown-linux-gnu' whereas './make-prime-list.bc' is 'x86_64-pc-linux-gnu'

warning: Linking two modules of different target triples: __h_errno_location.os' is 'x86_64-unknown-linux-gnu' whereas './make-prime-list.bc' is 'x86_64-pc-linux-gnu'

warning: Linking two modules of different target triples: wcrtomb.os' is 'x86_64-unknown-linux-gnu' whereas './make-prime-list.bc' is 'x86_64-pc-linux-gnu'

warning: Linking two modules of different target triples: wcsrtombs.os' is 'x86_64-unknown-linux-gnu' whereas './make-prime-list.bc' is 'x86_64-pc-linux-gnu'

warning: Linking two modules of different target triples: wcsnrtombs.os' is 'x86_64-unknown-linux-gnu' whereas './make-prime-list.bc' is 'x86_64-pc-linux-gnu'

warning: Linking two modules of different target triples: _READ.os' is 'x86_64-unknown-linux-gnu' whereas './make-prime-list.bc' is 'x86_64-pc-linux-gnu'

warning: Linking two modules of different target triples: _WRITE.os' is 'x86_64-unknown-linux-gnu' whereas './make-prime-list.bc' is 'x86_64-pc-linux-gnu'

warning: Linking two modules of different target triples: _fwrite.os' is 'x86_64-unknown-linux-gnu' whereas './make-prime-list.bc' is 'x86_64-pc-linux-gnu'

warning: Linking two modules of different target triples: _rfill.os' is 'x86_64-unknown-linux-gnu' whereas './make-prime-list.bc' is 'x86_64-pc-linux-gnu'

warning: Linking two modules of different target triples: _trans2r.os' is 'x86_64-unknown-linux-gnu' whereas './make-prime-list.bc' is 'x86_64-pc-linux-gnu'

warning: Linking two modules of different target triples: _trans2w.os' is 'x86_64-unknown-linux-gnu' whereas './make-prime-list.bc' is 'x86_64-pc-linux-gnu'

warning: Linking two modules of different target triples: _load_inttype.os' is 'x86_64-unknown-linux-gnu' whereas './make-prime-list.bc' is 'x86_64-pc-linux-gnu'

warning: Linking two modules of different target triples: _store_inttype.os' is 'x86_64-unknown-linux-gnu' whereas './make-prime-list.bc' is 'x86_64-pc-linux-gnu'

warning: Linking two modules of different target triples: _uintmaxtostr.os' is 'x86_64-unknown-linux-gnu' whereas './make-prime-list.bc' is 'x86_64-pc-linux-gnu'

warning: Linking two modules of different target triples: _fpmaxtostr.os' is 'x86_64-unknown-linux-gnu' whereas './make-prime-list.bc' is 'x86_64-pc-linux-gnu'

warning: Linking two modules of different target triples: memmove.os' is 'x86_64-unknown-linux-gnu' whereas './make-prime-list.bc' is 'x86_64-pc-linux-gnu'

warning: Linking two modules of different target triples: memrchr.os' is 'x86_64-unknown-linux-gnu' whereas './make-prime-list.bc' is 'x86_64-pc-linux-gnu'

warning: Linking two modules of different target triples: mempcpy.os' is 'x86_64-unknown-linux-gnu' whereas './make-prime-list.bc' is 'x86_64-pc-linux-gnu'

warning: Linking two modules of different target triples: memchr.os' is 'x86_64-unknown-linux-gnu' whereas './make-prime-list.bc' is 'x86_64-pc-linux-gnu'

warning: Linking two modules of different target triples: strcpy.os' is 'x86_64-unknown-linux-gnu' whereas './make-prime-list.bc' is 'x86_64-pc-linux-gnu'

warning: Linking two modules of different target triples: fseeko.os' is 'x86_64-unknown-linux-gnu' whereas './make-prime-list.bc' is 'x86_64-pc-linux-gnu'

warning: Linking two modules of different target triples: fseeko64.os' is 'x86_64-unknown-linux-gnu' whereas './make-prime-list.bc' is 'x86_64-pc-linux-gnu'

warning: Linking two modules of different target triples: _adjust_pos.os' is 'x86_64-unknown-linux-gnu' whereas './make-prime-list.bc' is 'x86_64-pc-linux-gnu'

warning: Linking two modules of different target triples: _cs_funcs.os' is 'x86_64-unknown-linux-gnu' whereas './make-prime-list.bc' is 'x86_64-pc-linux-gnu'

KLEE: NOTE: Using klee-uclibc : /home/user/Projects/Senx/code/build3.8/Release+Debug+Asserts/lib/klee-uclibc.bca
KLEE: NOTE: Using model: /home/user/Projects/Senx/code/build3.8/Release+Debug+Asserts/lib/libkleeRuntimePOSIX.bca
warning: Linking two modules of different target triples: fd_32.bc' is 'x86_64-unknown-linux-gnu' whereas './make-prime-list.bc' is 'x86_64-pc-linux-gnu'

warning: Linking two modules of different target triples: fd_64.bc' is 'x86_64-unknown-linux-gnu' whereas './make-prime-list.bc' is 'x86_64-pc-linux-gnu'

warning: Linking two modules of different target triples: fd.bc' is 'x86_64-unknown-linux-gnu' whereas './make-prime-list.bc' is 'x86_64-pc-linux-gnu'

warning: Linking two modules of different target triples: fd_init.bc' is 'x86_64-unknown-linux-gnu' whereas './make-prime-list.bc' is 'x86_64-pc-linux-gnu'

warning: Linking two modules of different target triples: klee_init_env.bc' is 'x86_64-unknown-linux-gnu' whereas './make-prime-list.bc' is 'x86_64-pc-linux-gnu'

KLEE: output directory is "/home/user/senx-experiments/coreutils/gnubug-19784/./klee-out-0"
KLEE: loadSensitiveFunctionList __assert_fail
KLEE: loadSensitiveFunctionList sqlite3_realloc
KLEE: loadSensitiveFunctionList sqlite3_alloc
KLEE: Safety property for MemorySeqAccess is loaded.
KLEE: Safety property for MemoryStructAccess is loaded.
KLEE: Safety property for MemoryAllocation is loaded.
KLEE: Safety property for SensitiveOperation is loaded.
loadStructDef def_file
	prime p:unsigned int
	prime pinv:wide_uint
	prime lim:wide_uint
KLEE: Using Z3 solver backend
warning: Linking two modules of different target triples: /home/user/Projects/Senx/code/build3.8/Release+Debug+Asserts/lib/kleeRuntimeIntrinsic.bc' is 'x86_64-unknown-linux-gnu' whereas './make-prime-list.bc' is 'x86_64-pc-linux-gnu'

global variable .str
	56 elements of 1bytes
global variable .str.2
	27 elements of 1bytes
global variable .str.3
	37 elements of 1bytes
global variable .str.4
	27 elements of 1bytes
global variable .str.5
	16 elements of 1bytes
global variable .str.9
	2 elements of 1bytes
global variable .str.10
	6 elements of 1bytes
global variable .str.11
	1 elements of 1bytes
global variable .str.12
	10 elements of 1bytes
global variable .str.13
	13 elements of 1bytes
global variable .str.14
	8 elements of 1bytes
global variable .str.6
	25 elements of 1bytes
global variable .str.7
	29 elements of 1bytes
global variable .str.8
	32 elements of 1bytes
global variable .str.1
	17 elements of 1bytes
global variable static_fd
	1 elements of 4bytes
global variable static_ut_name
	1 elements of 8bytes
global variable default_file_name
	14 elements of 1bytes
global variable static_utmp
	1 elements of 400bytes
global variable stdin
	1 elements of 8bytes
global variable _stdio_streams
	3 elements of 80bytes
global variable stdout
	1 elements of 8bytes
global variable stderr
	1 elements of 8bytes
global variable __stdin
	1 elements of 8bytes
global variable __stdout
	1 elements of 8bytes
global variable _stdio_openlist
	1 elements of 8bytes
global variable _do_one_spec.spec_base
	7 elements of 1bytes
global variable .str.21
	6 elements of 1bytes
global variable .str.1.22
	7 elements of 1bytes
global variable _do_one_spec.prefix
	12 elements of 1bytes
global variable _ppfs_parsespec.spec_flags
	8 elements of 1bytes
global variable _ppfs_parsespec.qual_chars
	20 elements of 1bytes
global variable _ppfs_parsespec.spec_chars
	21 elements of 1bytes
global variable _ppfs_parsespec.spec_ranges
	9 elements of 1bytes
global variable _ppfs_parsespec.spec_or_mask
	8 elements of 2bytes
global variable _ppfs_parsespec.spec_and_mask
	8 elements of 2bytes
global variable type_codes
	12 elements of 2bytes
global variable type_sizes
	12 elements of 1bytes
global variable strerror.buf
	50 elements of 1bytes
global variable __xpg_strerror_r.unknown
	14 elements of 1bytes
global variable _string_syserrmsgs
	2906 elements of 1bytes
global variable __libc_stack_end
	1 elements of 8bytes
global variable __uclibc_progname
	1 elements of 8bytes
global variable .str.75
	1 elements of 1bytes
global variable __environ
	1 elements of 8bytes
global variable __pagesize
	1 elements of 8bytes
global variable __app_fini
	1 elements of 8bytes
global variable __rtld_fini
	1 elements of 8bytes
global variable __uClibc_init.been_there_done_that
	1 elements of 4bytes
global variable .str.1.78
	10 elements of 1bytes
global variable __C_ctype_b_data
	384 elements of 2bytes
global variable __C_ctype_b
	1 elements of 8bytes
global variable __ctype_b
	1 elements of 8bytes
global variable errno
	1 elements of 4bytes
global variable h_errno
	1 elements of 4bytes
global variable fmt
	20 elements of 1bytes
global variable exp10_table
	13 elements of 16bytes
global variable .str.1.141
	47 elements of 1bytes
global variable .str.2.144
	44 elements of 1bytes
global variable close.n_calls
	1 elements of 4bytes
global variable read.n_calls
	1 elements of 4bytes
global variable .str.3.149
	12 elements of 1bytes
global variable .str.4.150
	59 elements of 1bytes
global variable __PRETTY_FUNCTION__.read
	34 elements of 1bytes
global variable write.n_calls
	1 elements of 4bytes
global variable .str.5.153
	7 elements of 1bytes
global variable __PRETTY_FUNCTION__.write
	41 elements of 1bytes
global variable .str.6.154
	2 elements of 1bytes
global variable .str.7.155
	24 elements of 1bytes
global variable .str.8.158
	18 elements of 1bytes
global variable __PRETTY_FUNCTION__.__fd_lseek
	38 elements of 1bytes
global variable .str.9.163
	33 elements of 1bytes
global variable chmod.n_calls
	1 elements of 4bytes
global variable fchmod.n_calls
	1 elements of 4bytes
global variable .str.24
	32 elements of 1bytes
global variable __fd_ftruncate.n_calls
	1 elements of 4bytes
global variable .str.10.168
	30 elements of 1bytes
global variable .str.11.171
	33 elements of 1bytes
global variable .str.12.172
	18 elements of 1bytes
global variable __PRETTY_FUNCTION__.__fd_getdents
	65 elements of 1bytes
global variable .str.13.175
	41 elements of 1bytes
global variable .str.14.176
	42 elements of 1bytes
global variable .str.15
	43 elements of 1bytes
global variable .str.16
	43 elements of 1bytes
global variable .str.17
	45 elements of 1bytes
global variable .str.18
	46 elements of 1bytes
global variable .str.19
	43 elements of 1bytes
global variable .str.20
	44 elements of 1bytes
global variable .str.21.181
	32 elements of 1bytes
global variable .str.22
	17 elements of 1bytes
global variable getcwd.n_calls
	1 elements of 4bytes
global variable .str.23
	18 elements of 1bytes
global variable __exe_env
	1 elements of 784bytes
global variable __exe_fs
	1 elements of 104bytes
global variable klee_init_fds.name
	32 elements of 1bytes
global variable .str.190
	2 elements of 1bytes
global variable .str.9.191
	6 elements of 1bytes
global variable .str.10.192
	5 elements of 1bytes
global variable .str.11.193
	64 elements of 1bytes
global variable __PRETTY_FUNCTION__.__create_new_dfile
	88 elements of 1bytes
global variable .str.1.194
	6 elements of 1bytes
global variable .str.2.195
	10 elements of 1bytes
global variable .str.3.196
	11 elements of 1bytes
global variable .str.4.197
	11 elements of 1bytes
global variable .str.5.198
	15 elements of 1bytes
global variable .str.6.199
	12 elements of 1bytes
global variable .str.7.200
	7 elements of 1bytes
global variable .str.8.201
	14 elements of 1bytes
global variable .str.204
	7 elements of 1bytes
global variable .str.1.205
	964 elements of 1bytes
global variable .str.24.206
	70 elements of 1bytes
global variable .str.25
	9 elements of 1bytes
global variable .str.2.207
	10 elements of 1bytes
global variable .str.3.208
	9 elements of 1bytes
global variable .str.4.209
	48 elements of 1bytes
global variable .str.26
	37 elements of 1bytes
global variable .str.5.210
	11 elements of 1bytes
global variable .str.6.211
	10 elements of 1bytes
global variable .str.7.212
	77 elements of 1bytes
global variable .str.8.213
	7 elements of 1bytes
global variable .str.9.214
	12 elements of 1bytes
global variable .str.10.215
	11 elements of 1bytes
global variable .str.11.216
	109 elements of 1bytes
global variable .str.12.217
	12 elements of 1bytes
global variable .str.13.218
	11 elements of 1bytes
global variable .str.14.219
	57 elements of 1bytes
global variable .str.15.220
	13 elements of 1bytes
global variable .str.16.221
	12 elements of 1bytes
global variable .str.17.222
	18 elements of 1bytes
global variable .str.18.223
	17 elements of 1bytes
global variable .str.19.224
	10 elements of 1bytes
global variable .str.20.225
	9 elements of 1bytes
global variable .str.21.226
	11 elements of 1bytes
global variable .str.22.227
	10 elements of 1bytes
global variable .str.23.228
	54 elements of 1bytes
global variable .str.231
	80 elements of 1bytes
global variable .str.1.232
	15 elements of 1bytes
global variable .str.2.233
	8 elements of 1bytes
global variable .str.3.236
	8 elements of 1bytes
global variable .str.1.4
	16 elements of 1bytes
global variable .str.2.5
	14 elements of 1bytes
global variable .str.6.239
	71 elements of 1bytes
global variable .str.1.7
	14 elements of 1bytes
global variable .str.2.8
	5 elements of 1bytes
KLEE: ARGV 0: ./make-prime-list.bc

KLEE: ARGV 1: 5

Undefined struct struct.exe_sym_env_t
Undefined struct struct.exe_file_t
KLEE: WARNING ONCE: calling external: syscall(16, 0, 21505, 107370976)
Undefined struct struct.stat.1832
Undefined struct struct.exe_disk_file_t
Undefined struct struct.__kernel_termios.1622
Undefined struct struct.termios.1617
Undefined struct struct.Elf64_auxv_t
KLEE: WARNING ONCE: calling __user_main with extra arguments.
KLEE: WARNING ONCE: Alignment of memory from call "malloc" is not modelled. Using alignment of 8.
	pointer parm derived from itself!
KLEE: 0x86b2f80: Symbolic value  used to determine branching at /home/james/Projects/Senx/code/klee_src/runtime/POSIX/fd_init.c:100 (15163)
431: info + @ p
KLEE: IntegerOverflow (64:9223372036854775807): 198357697292865621 * 198357697292865621 @src/make-prime-list.c:62(476)

KLEE: Print SE for binvert
KLEE: Subtract an overflowed operand at 479
KLEE: IntegerOverflow (64:9223372036854775807): 1698367578006639957 * 1698367578006639957 @src/make-prime-list.c:62(476)

KLEE: Print SE for binvert
KLEE: IntegerOverflow (64:9223372036854775807): 5634272009726823993 * 3 @src/make-prime-list.c:62(478)

KLEE: Print SE for binvert
KLEE: Subtract an overflowed operand at 479
KLEE: IntegerOverflow (64:9223372036854775807): 1852807111484200277 * 1852807111484200277 @src/make-prime-list.c:62(476)

KLEE: Print SE for binvert
KLEE: IntegerOverflow (64:9223372036854775807): 5334481201813811655 * 3 @src/make-prime-list.c:62(478)

KLEE: Print SE for binvert
KLEE: Subtract an overflowed operand at 479
KLEE: IntegerOverflow (64:9223372036854775807): 2 * 6148914691236517205 @src/make-prime-list.c:62(473)

KLEE: Print SE for binvert
KLEE: IntegerOverflow (64:9223372036854775807): 6148914691236517205 * 6148914691236517205 @src/make-prime-list.c:62(476)

KLEE: Print SE for binvert
KLEE: IntegerOverflow (64:9223372036854775807): 8198552921648689607 * 3 @src/make-prime-list.c:62(478)

KLEE: Print SE for binvert
KLEE: Subtract an overflowed operand at 479
437: info + @ pinv
446: info + @ lim
KLEE: IntegerOverflow (64:9223372036854775807): 1291391119134771 * 1291391119134771 @src/make-prime-list.c:62(476)

KLEE: Print SE for binvert
KLEE: IntegerOverflow (64:9223372036854775807): 3709735142859838935 * 5 @src/make-prime-list.c:62(478)

KLEE: Print SE for binvert
KLEE: Subtract an overflowed operand at 479
KLEE: IntegerOverflow (64:9223372036854775807): 99348858351373517 * 99348858351373517 @src/make-prime-list.c:62(476)

KLEE: Print SE for binvert
KLEE: Subtract an overflowed operand at 479
KLEE: IntegerOverflow (64:9223372036854775807): 4243501079990160589 * 4243501079990160589 @src/make-prime-list.c:62(476)

KLEE: Print SE for binvert
KLEE: Subtract an overflowed operand at 479
KLEE: IntegerOverflow (64:9223372036854775807): 3689348814741910323 * 3689348814741910323 @src/make-prime-list.c:62(476)

KLEE: Print SE for binvert
KLEE: IntegerOverflow (64:9223372036854775807): 8116567392432202711 * 5 @src/make-prime-list.c:62(478)

KLEE: Print SE for binvert
KLEE: Subtract an overflowed operand at 479
KLEE: A safety property (buffer overflow) is violated!
KLEE: Print SE for __user_main
KLEE: Print SE for __user_main
KLEE: Print SE for __uClibc_main
KLEE: Print SE for main
update_se_for_func __user_main
KLEE: 214(351) sieve+(i)+(1) -- Read Fault sieve+(i)+(1)

KLEE: Analyzing fault

KLEE: 1. Analyzing buffer

KLEE: buf: 0x5ac2f30

KLEE: buf size

analyze_buffer
	allocated at 163(395)
	buf name: p

	stack dump:
	xalloc	 src/make-prime-list.c:163(395)
KLEE: Print SE for xalloc
	__user_main	 src/make-prime-list.c:198(276)
KLEE: Print SE for __user_main
	__uClibc_main	 libc/misc/internals/__uClibc_main.c:401(6146)
KLEE: Print SE for __uClibc_main
	main	 :0(9171)
KLEE: Print SE for main

get_buf_start_expr
xalloc
assigned to p
return var: p
xalloc 163(395): p
__user_main
assigned to sieve
__user_main 198(276): sieve
get_buf_size_expr
KLEE: get_se_in_scopes_ex_raw 

KLEE: 	s = s

	395(src/make-prime-list.c:163) xalloc s
KLEE: vars:
KLEE: 	s = 
	276(src/make-prime-list.c:198) __user_main size
KLEE: vars:
KLEE: 	size = ((limit)-(1))/(2)
Unable to translate size to caller
KLEE: get_se_in_scopes_ex_raw argc

KLEE: 	argc = argc

KLEE: vars:
KLEE: 	argc = 
	6146(libc/misc/internals/__uClibc_main.c:401) __uClibc_main argc
KLEE: vars:
KLEE: 	argc = 
	9171(:0) main 0
KLEE: 	0 is a constant

KLEE: get_se_in_scopes_ex_raw argv

KLEE: 	argv = argv

KLEE: vars:
KLEE: 	argv = 
	6146(libc/misc/internals/__uClibc_main.c:401) __uClibc_main argv
KLEE: vars:
KLEE: 	argv = 
	9171(:0) main 0
KLEE: 	0 is a constant

se_mappings for buf start
	xalloc: p
	__user_main: sieve

se_mappings for buf size
	xalloc: s
	__user_main: size

KLEE: 2. Analyzing memory access


	stack dump:
	__uClibc_main	 libc/misc/internals/__uClibc_main.c:401(6146)
KLEE: Print SE for __uClibc_main
	main	 :0(9171)
KLEE: Print SE for main

retrieve_loop_info __user_main 1
KLEE: WARNING: loop exit BB is unidentified!

update_se_for_func __user_main
KLEE: Print SE for __user_main
Cloning loop: slicer -criteria=__user_main:214 -controldep=./make-prime-list.bc.talos -sefile=klee-last/__user_main.SE ./make-prime-list.bc
Failed to run slicer!
Unable to generate patch as loop cloning failed!
KLEE: Fault@351 R (5ac2f32) src/make-prime-list.c:214

KLEE: ERROR: src/make-prime-list.c:214: memory error: out of bound pointer
KLEE: NOTE: now ignoring this error at this location

KLEE: done: total instructions = 6329
KLEE: done: completed paths = 1
KLEE: done: generated tests = 1
