KLEE: NOTE: Using libreadline: /home/user/Projects/Senx/code/build3.8/Release+Debug+Asserts/lib/libreadline.bca
KLEE: NOTE: Using libxml2: /home/user/Projects/Senx/code/build3.8/Release+Debug+Asserts/lib/libxml2.bca
KLEE: NOTE: Using libpcap: /home/user/Projects/Senx/code/build3.8/Release+Debug+Asserts/lib/libpcap.bca
KLEE: NOTE: Using klee-uclibc : /home/user/Projects/Senx/code/build3.8/Release+Debug+Asserts/lib/klee-uclibc.bca
KLEE: NOTE: Using model: /home/user/Projects/Senx/code/build3.8/Release+Debug+Asserts/lib/libkleeRuntimePOSIX.bca
KLEE: output directory is "/home/user/fuzzfix.tmp/data/coreutils/gnubug_26545/senx/./klee-out-0"
KLEE: loadSensitiveFunctionList __assert_fail
KLEE: loadSensitiveFunctionList sqlite3_realloc
KLEE: loadSensitiveFunctionList sqlite3_alloc
KLEE: Safety property for MemorySeqAccess is loaded.
KLEE: Safety property for MemoryStructAccess is loaded.
KLEE: Safety property for MemoryAllocation is loaded.
KLEE: Safety property for SensitiveOperation is loaded.
KLEE: Using Z3 solver backend
global variable .str
	39 elements of 1bytes
global variable .str.1
	31 elements of 1bytes
global variable .str.2
	134 elements of 1bytes
global variable .str.3
	39 elements of 1bytes
global variable .str.29
	75 elements of 1bytes
global variable .str.4
	262 elements of 1bytes
global variable .str.5
	365 elements of 1bytes
global variable .str.6
	45 elements of 1bytes
global variable .str.7
	54 elements of 1bytes
global variable .str.8
	475 elements of 1bytes
global variable .str.9
	364 elements of 1bytes
global variable .str.10
	316 elements of 1bytes
global variable .str.11
	109 elements of 1bytes
global variable .str.12
	472 elements of 1bytes
global variable .str.13
	167 elements of 1bytes
global variable .str.14
	6 elements of 1bytes
global variable emit_ancillary_info.infomap
	7 elements of 16bytes
global variable .str.30
	2 elements of 1bytes
global variable .str.31
	16 elements of 1bytes
global variable .str.16
	10 elements of 1bytes
global variable .str.32
	22 elements of 1bytes
global variable .str.33
	10 elements of 1bytes
global variable .str.34
	15 elements of 1bytes
global variable .str.35
	10 elements of 1bytes
global variable .str.36
	10 elements of 1bytes
global variable .str.37
	10 elements of 1bytes
global variable .str.38
	23 elements of 1bytes
global variable .str.24
	14 elements of 1bytes
global variable .str.39
	39 elements of 1bytes
global variable .str.40
	4 elements of 1bytes
global variable .str.41
	69 elements of 1bytes
global variable .str.42
	31 elements of 1bytes
global variable .str.43
	51 elements of 1bytes
global variable .str.44
	12 elements of 1bytes
global variable .str.15
	1 elements of 1bytes
global variable .str.17
	24 elements of 1bytes
global variable .str.18
	10 elements of 1bytes
global variable long_opts
	11 elements of 32bytes
global variable .str.45
	6 elements of 1bytes
global variable .str.46
	6 elements of 1bytes
global variable .str.47
	11 elements of 1bytes
global variable .str.48
	5 elements of 1bytes
global variable .str.49
	14 elements of 1bytes
global variable .str.50
	7 elements of 1bytes
global variable .str.51
	8 elements of 1bytes
global variable .str.52
	5 elements of 1bytes
global variable .str.53
	5 elements of 1bytes
global variable .str.54
	8 elements of 1bytes
global variable .str.19
	25 elements of 1bytes
global variable .str.20
	34 elements of 1bytes
global variable .str.21
	9 elements of 1bytes
global variable remove_args
	4 elements of 8bytes
global variable .str.55
	7 elements of 1bytes
global variable .str.56
	5 elements of 1bytes
global variable .str.57
	9 elements of 1bytes
global variable remove_methods
	3 elements of 4bytes
global variable .str.23
	18 elements of 1bytes
global variable .str.22
	14 elements of 1bytes
global variable .str.25
	12 elements of 1bytes
global variable .str.26
	21 elements of 1bytes
global variable randint_source
	1 elements of 8bytes
global variable .str.27
	3 elements of 1bytes
global variable .str.28
	2 elements of 1bytes
global variable .str.58
	17 elements of 1bytes
global variable .str.59
	45 elements of 1bytes
global variable .str.60
	17 elements of 1bytes
global variable .str.61
	22 elements of 1bytes
global variable .str.62
	27 elements of 1bytes
global variable patterns
	55 elements of 4bytes
global variable .str.64
	18 elements of 1bytes
global variable .str.71
	13 elements of 1bytes
global variable .str.72
	7 elements of 1bytes
global variable .str.65
	25 elements of 1bytes
global variable .str.66
	31 elements of 1bytes
global variable .str.67
	17 elements of 1bytes
global variable .str.68
	19 elements of 1bytes
global variable .str.69
	27 elements of 1bytes
global variable .str.70
	35 elements of 1bytes
global variable .str.73
	21 elements of 1bytes
global variable .str.74
	17 elements of 1bytes
global variable .str.63
	21 elements of 1bytes
global variable .str.75
	31 elements of 1bytes
global variable .str.76
	20 elements of 1bytes
global variable .str.77
	13 elements of 1bytes
global variable nameset
	65 elements of 1bytes
global variable .str.78
	18 elements of 1bytes
global variable .str.81
	2 elements of 1bytes
global variable .str.82
	12 elements of 1bytes
global variable __PRETTY_FUNCTION__.incname
	30 elements of 1bytes
global variable .str.79
	21 elements of 1bytes
global variable .str.80
	12 elements of 1bytes
global variable Version
	1 elements of 8bytes
global variable .str.83
	14 elements of 1bytes
global variable argmatch_die
	1 elements of 8bytes
global variable .str.86
	27 elements of 1bytes
global variable .str.1.87
	29 elements of 1bytes
global variable .str.2.88
	21 elements of 1bytes
global variable .str.3.89
	8 elements of 1bytes
global variable .str.4.90
	5 elements of 1bytes
global variable file_name
	1 elements of 8bytes
global variable ignore_EPIPE
	1 elements of 1bytes
global variable .str.95
	12 elements of 1bytes
global variable .str.1.96
	7 elements of 1bytes
global variable .str.2.97
	3 elements of 1bytes
global variable exit_failure
	1 elements of 4bytes
global variable .str.112
	2 elements of 1bytes
global variable .str.1.113
	1 elements of 1bytes
global variable .str.2.114
	6 elements of 1bytes
global variable .str.3.115
	6 elements of 1bytes
global variable power_letter
	9 elements of 1bytes
global variable .str.4.116
	11 elements of 1bytes
global variable .str.5.117
	10 elements of 1bytes
global variable .str.9.118
	16 elements of 1bytes
global variable block_size_args
	3 elements of 8bytes
global variable .str.7.119
	15 elements of 1bytes
global variable .str.8.120
	3 elements of 1bytes
global variable block_size_opts
	2 elements of 4bytes
global variable .str.6.121
	18 elements of 1bytes
global variable program_name
	1 elements of 8bytes
global variable .str.128
	56 elements of 1bytes
global variable .str.1.129
	8 elements of 1bytes
global variable .str.2.130
	4 elements of 1bytes
global variable program_invocation_short_name
	1 elements of 8bytes
global variable program_invocation_name
	1 elements of 8bytes
global variable quoting_style_args
	11 elements of 8bytes
global variable .str.131
	8 elements of 1bytes
global variable .str.1.132
	6 elements of 1bytes
global variable .str.2.133
	13 elements of 1bytes
global variable .str.3.134
	13 elements of 1bytes
global variable .str.4.135
	20 elements of 1bytes
global variable .str.5.136
	2 elements of 1bytes
global variable .str.6.137
	8 elements of 1bytes
global variable .str.7.138
	7 elements of 1bytes
global variable .str.8.139
	7 elements of 1bytes
global variable .str.9.140
	8 elements of 1bytes
global variable quoting_style_vals
	10 elements of 4bytes
global variable quote_quoting_options
	1 elements of 56bytes
global variable default_quoting_options
	1 elements of 56bytes
global variable .str.10.141
	2 elements of 1bytes
global variable .str.11.142
	2 elements of 1bytes
global variable .str.13.143
	6 elements of 1bytes
global variable .str.14.144
	4 elements of 1bytes
global variable .str.15.145
	4 elements of 1bytes
global variable .str.16.146
	8 elements of 1bytes
global variable .str.17.147
	4 elements of 1bytes
global variable .str.18.148
	3 elements of 1bytes
global variable .str.12.149
	2 elements of 1bytes
global variable slotvec
	1 elements of 8bytes
global variable slotvec0
	1 elements of 16bytes
global variable slot0
	256 elements of 1bytes
global variable nslots
	1 elements of 4bytes
global variable .str.1.170
	16 elements of 1bytes
global variable .str.2.171
	15 elements of 1bytes
global variable .str.172
	3 elements of 1bytes
global variable .str.3.173
	13 elements of 1bytes
global variable .str.184
	12 elements of 1bytes
global variable .str.1.185
	7 elements of 1bytes
global variable .str.2.186
	4 elements of 1bytes
global variable .str.3.187
	203 elements of 1bytes
global variable .str.4.188
	16 elements of 1bytes
global variable .str.5.189
	23 elements of 1bytes
global variable .str.6.190
	28 elements of 1bytes
global variable .str.7.191
	32 elements of 1bytes
global variable .str.8.192
	36 elements of 1bytes
global variable .str.9.193
	40 elements of 1bytes
global variable .str.10.194
	44 elements of 1bytes
global variable .str.11.195
	48 elements of 1bytes
global variable .str.12.196
	52 elements of 1bytes
global variable .str.13.197
	60 elements of 1bytes
global variable .str.14.200
	21 elements of 1bytes
global variable .str.15.201
	22 elements of 1bytes
global variable .str.16.202
	20 elements of 1bytes
global variable .str.17.203
	14 elements of 1bytes
global variable .str.18.204
	39 elements of 1bytes
global variable .str.19.205
	64 elements of 1bytes
global variable version_etc_copyright
	47 elements of 1bytes
global variable .str.1.222
	17 elements of 1bytes
global variable .str.223
	3 elements of 1bytes
global variable .str.226
	7 elements of 1bytes
global variable .str.231
	38 elements of 1bytes
global variable .str.1.232
	16 elements of 1bytes
global variable __PRETTY_FUNCTION__.xstrtoumax
	79 elements of 1bytes
global variable rpl_fcntl.have_dupfd_cloexec
	1 elements of 4bytes
global variable .str.251
	2 elements of 1bytes
global variable .str.1.252
	6 elements of 1bytes
global variable .str.255
	1 elements of 1bytes
global variable charset_aliases
	1 elements of 8bytes
global variable .str.2.256
	14 elements of 1bytes
global variable .str.3.257
	16 elements of 1bytes
global variable .str.4.258
	15 elements of 1bytes
global variable .str.5.259
	2 elements of 1bytes
global variable .str.6.260
	10 elements of 1bytes
global variable .str.1.261
	6 elements of 1bytes
global variable error_message_count
	1 elements of 4bytes
global variable error_one_per_line
	1 elements of 4bytes
global variable .str.84
	5 elements of 1bytes
global variable __error_at_line.old_line_number
	1 elements of 4bytes
global variable __error_at_line.old_file_name
	1 elements of 8bytes
global variable .str.1.85
	8 elements of 1bytes
global variable .str.92
	6 elements of 1bytes
global variable C_string
	2 elements of 1bytes
global variable the_lconv
	1 elements of 96bytes
global variable decpt
	2 elements of 1bytes
global variable nl_data
	417 elements of 1bytes
global variable static_fd
	1 elements of 4bytes
global variable static_ut_name
	1 elements of 8bytes
global variable default_file_name
	14 elements of 1bytes
global variable static_utmp
	1 elements of 400bytes
global variable mbrtowc.mbstate
	1 elements of 8bytes
global variable mbsnrtowcs.mbstate
	1 elements of 8bytes
global variable desc2flag
	13 elements of 2bytes
global variable stdin
	1 elements of 8bytes
global variable _stdio_streams
	3 elements of 80bytes
global variable stdout
	1 elements of 8bytes
global variable stderr
	1 elements of 8bytes
global variable __stdin
	1 elements of 8bytes
global variable __stdout
	1 elements of 8bytes
global variable _stdio_openlist
	1 elements of 8bytes
global variable llvm.used
	1 elements of 8bytes
global variable __evoke_link_warning___fpending
	167 elements of 1bytes
global variable _do_one_spec.spec_base
	7 elements of 1bytes
global variable .str.151
	6 elements of 1bytes
global variable .str.1.152
	7 elements of 1bytes
global variable _do_one_spec.prefix
	12 elements of 1bytes
global variable _ppfs_parsespec.spec_flags
	8 elements of 1bytes
global variable _ppfs_parsespec.qual_chars
	20 elements of 1bytes
global variable _ppfs_parsespec.spec_chars
	21 elements of 1bytes
global variable _ppfs_parsespec.spec_ranges
	9 elements of 1bytes
global variable _ppfs_parsespec.spec_or_mask
	8 elements of 2bytes
global variable _ppfs_parsespec.spec_and_mask
	8 elements of 2bytes
global variable type_codes
	12 elements of 2bytes
global variable type_sizes
	12 elements of 1bytes
global variable strerror.buf
	50 elements of 1bytes
global variable __xpg_strerror_r.unknown
	14 elements of 1bytes
global variable _string_syserrmsgs
	2906 elements of 1bytes
global variable optind
	1 elements of 4bytes
global variable opterr
	1 elements of 4bytes
global variable optopt
	1 elements of 4bytes
global variable optarg
	1 elements of 8bytes
global variable getopt_data
	1 elements of 56bytes
global variable .str.11.233
	16 elements of 1bytes
global variable .str.234
	3 elements of 1bytes
global variable .str.1.235
	30 elements of 1bytes
global variable .str.2.236
	45 elements of 1bytes
global variable .str.3.237
	45 elements of 1bytes
global variable .str.4.238
	38 elements of 1bytes
global variable .str.5.239
	32 elements of 1bytes
global variable .str.6.240
	32 elements of 1bytes
global variable .str.7.241
	1 elements of 1bytes
global variable .str.8.242
	26 elements of 1bytes
global variable .str.9.243
	26 elements of 1bytes
global variable .str.10.244
	39 elements of 1bytes
global variable __libc_stack_end
	1 elements of 8bytes
global variable __uclibc_progname
	1 elements of 8bytes
global variable .str.247
	1 elements of 1bytes
global variable __environ
	1 elements of 8bytes
global variable __pagesize
	1 elements of 8bytes
global variable __app_fini
	1 elements of 8bytes
global variable __rtld_fini
	1 elements of 8bytes
global variable __uClibc_init.been_there_done_that
	1 elements of 4bytes
global variable .str.1.253
	10 elements of 1bytes
global variable __dso_handle
	1 elements of 8bytes
global variable __C_ctype_b_data
	384 elements of 2bytes
global variable __C_ctype_b
	1 elements of 8bytes
global variable __ctype_b
	1 elements of 8bytes
global variable errno
	1 elements of 4bytes
global variable h_errno
	1 elements of 4bytes
global variable fmt
	20 elements of 1bytes
global variable exp10_table
	13 elements of 16bytes
global variable decpt_str
	2 elements of 1bytes
global variable spec_flags
	4 elements of 1bytes
global variable qual_chars
	18 elements of 1bytes
global variable spec_chars
	23 elements of 1bytes
global variable spec_ranges
	8 elements of 1bytes
global variable spec_allowed
	8 elements of 2bytes
global variable spec_base
	15 elements of 1bytes
global variable nil_string
	6 elements of 1bytes
global variable __psfs_do_numeric.nan_inf_str
	11 elements of 1bytes
global variable __strtofpmax.nan_inf_str
	21 elements of 1bytes
global variable __exit_count
	1 elements of 4bytes
global variable __exit_function_table
	1 elements of 8bytes
global variable __exit_slots
	1 elements of 4bytes
global variable __exit_cleanup
	1 elements of 8bytes
global variable __C_ctype_tolower_data
	384 elements of 2bytes
global variable __C_ctype_tolower
	1 elements of 8bytes
global variable __ctype_tolower
	1 elements of 8bytes
global variable .str.1.334
	47 elements of 1bytes
global variable .str.2.337
	44 elements of 1bytes
global variable close.n_calls
	1 elements of 4bytes
global variable read.n_calls
	1 elements of 4bytes
global variable .str.3.342
	12 elements of 1bytes
global variable .str.4.343
	59 elements of 1bytes
global variable __PRETTY_FUNCTION__.read
	34 elements of 1bytes
global variable write.n_calls
	1 elements of 4bytes
global variable .str.5.346
	7 elements of 1bytes
global variable __PRETTY_FUNCTION__.write
	41 elements of 1bytes
global variable .str.6.347
	2 elements of 1bytes
global variable .str.7.348
	24 elements of 1bytes
global variable .str.8.351
	18 elements of 1bytes
global variable __PRETTY_FUNCTION__.__fd_lseek
	38 elements of 1bytes
global variable .str.9.356
	33 elements of 1bytes
global variable chmod.n_calls
	1 elements of 4bytes
global variable fchmod.n_calls
	1 elements of 4bytes
global variable .str.24.359
	32 elements of 1bytes
global variable __fd_ftruncate.n_calls
	1 elements of 4bytes
global variable .str.10.364
	30 elements of 1bytes
global variable .str.11.367
	33 elements of 1bytes
global variable .str.12.368
	18 elements of 1bytes
global variable __PRETTY_FUNCTION__.__fd_getdents
	65 elements of 1bytes
global variable .str.13.371
	41 elements of 1bytes
global variable .str.14.372
	42 elements of 1bytes
global variable .str.15.373
	43 elements of 1bytes
global variable .str.16.374
	43 elements of 1bytes
global variable .str.17.375
	45 elements of 1bytes
global variable .str.18.376
	46 elements of 1bytes
global variable .str.19.377
	43 elements of 1bytes
global variable .str.20.378
	44 elements of 1bytes
global variable .str.21.383
	32 elements of 1bytes
global variable .str.22.386
	17 elements of 1bytes
global variable getcwd.n_calls
	1 elements of 4bytes
global variable .str.23.393
	18 elements of 1bytes
global variable __exe_env
	1 elements of 784bytes
global variable __exe_fs
	1 elements of 104bytes
global variable klee_init_fds.name
	32 elements of 1bytes
global variable .str.398
	2 elements of 1bytes
global variable .str.9.399
	6 elements of 1bytes
global variable .str.10.400
	5 elements of 1bytes
global variable .str.11.401
	64 elements of 1bytes
global variable __PRETTY_FUNCTION__.__create_new_dfile
	88 elements of 1bytes
global variable .str.1.402
	6 elements of 1bytes
global variable .str.2.403
	10 elements of 1bytes
global variable .str.3.404
	11 elements of 1bytes
global variable .str.4.405
	11 elements of 1bytes
global variable .str.5.406
	15 elements of 1bytes
global variable .str.6.407
	12 elements of 1bytes
global variable .str.7.408
	7 elements of 1bytes
global variable .str.8.409
	14 elements of 1bytes
global variable .str.412
	7 elements of 1bytes
global variable .str.1.413
	964 elements of 1bytes
global variable .str.24.414
	70 elements of 1bytes
global variable .str.25.415
	9 elements of 1bytes
global variable .str.2.416
	10 elements of 1bytes
global variable .str.3.417
	9 elements of 1bytes
global variable .str.4.418
	48 elements of 1bytes
global variable .str.26.419
	37 elements of 1bytes
global variable .str.5.420
	11 elements of 1bytes
global variable .str.6.421
	10 elements of 1bytes
global variable .str.7.422
	77 elements of 1bytes
global variable .str.8.423
	7 elements of 1bytes
global variable .str.9.424
	12 elements of 1bytes
global variable .str.10.425
	11 elements of 1bytes
global variable .str.11.426
	109 elements of 1bytes
global variable .str.12.427
	12 elements of 1bytes
global variable .str.13.428
	11 elements of 1bytes
global variable .str.14.429
	57 elements of 1bytes
global variable .str.15.430
	13 elements of 1bytes
global variable .str.16.431
	12 elements of 1bytes
global variable .str.17.432
	18 elements of 1bytes
global variable .str.18.433
	17 elements of 1bytes
global variable .str.19.434
	10 elements of 1bytes
global variable .str.20.435
	9 elements of 1bytes
global variable .str.21.436
	11 elements of 1bytes
global variable .str.22.437
	10 elements of 1bytes
global variable .str.23.438
	54 elements of 1bytes
global variable .str.439
	18 elements of 1bytes
global variable .str.1.444
	24 elements of 1bytes
global variable .str.2.445
	15 elements of 1bytes
global variable .str.3.446
	18 elements of 1bytes
global variable .str.4.447
	17 elements of 1bytes
global variable .str.5.452
	13 elements of 1bytes
global variable .str.6.453
	40 elements of 1bytes
global variable .str.7.454
	17 elements of 1bytes
global variable .str.8.457
	21 elements of 1bytes
global variable .str.9.458
	18 elements of 1bytes
global variable .str.10.459
	32 elements of 1bytes
global variable str.13
	18 elements of 1bytes
global variable str
	17 elements of 1bytes
global variable getnameinfo.hostname
	10 elements of 1bytes
global variable getnameinfo.service
	10 elements of 1bytes
global variable .str.462
	80 elements of 1bytes
global variable .str.1.463
	15 elements of 1bytes
global variable .str.2.464
	8 elements of 1bytes
global variable .str.3.467
	8 elements of 1bytes
global variable .str.1.4
	16 elements of 1bytes
global variable .str.2.5
	14 elements of 1bytes
global variable .str.6.470
	71 elements of 1bytes
global variable .str.1.7
	14 elements of 1bytes
global variable .str.2.8
	5 elements of 1bytes
KLEE: WARNING: undefined reference to function: __ctype_b_loc
KLEE: WARNING: undefined reference to function: bindtextdomain
KLEE: WARNING: undefined reference to function: gettext
KLEE: WARNING: undefined reference to variable: program_invocation_name
KLEE: WARNING: undefined reference to variable: program_invocation_short_name
KLEE: WARNING: undefined reference to function: puts
KLEE: WARNING: undefined reference to function: strncpy
KLEE: WARNING: undefined reference to function: textdomain
KLEE: ARGV 0: ./shred.bc

KLEE: ARGV 1: -n4

KLEE: ARGV 2: -s7

KLEE: ARGV 3: ../dummy

KLEE: WARNING: executable has module level assembly (ignoring)
Undefined struct struct.exe_sym_env_t
Undefined struct struct.exe_file_t
KLEE: WARNING ONCE: calling external: syscall(16, 0, 21505, 150358864)
Undefined struct struct.stat
Undefined struct struct.exe_disk_file_t
Undefined struct struct.__kernel_termios.1631
Undefined struct struct.termios.1626
Undefined struct struct.Elf64_auxv_t
KLEE: WARNING ONCE: calling __user_main with extra arguments.
KLEE: WARNING ONCE: Alignment of memory from call "malloc" is not modelled. Using alignment of 8.
	pointer parm derived from itself!
KLEE: 0x9b55df0: Symbolic value  used to determine branching at /home/james/Projects/Senx/code/klee_src/runtime/POSIX/fd_init.c:100 (34140)
	pointer parm derived from itself!
KLEE: WARNING ONCE: calling external: bindtextdomain(129665568, 116363216)
KLEE: WARNING ONCE: calling external: textdomain(129665568)
KLEE: WARNING ONCE: Alignment of memory from call "realloc" is not modelled. Using alignment of 8.
Undefined struct struct.exit_function
Undefined struct struct.anon.0.1802
Undefined struct struct.Options
Undefined struct struct._getopt_data
	pointer parm derived from itself!
	pointer parm derived from itself!
KLEE: WARNING ONCE: calling external: gettext(112358848)
KLEE: WARNING ONCE: calling external: __ctype_b_loc()
	pointer parm derived from other vars!
Undefined struct struct.randread_source
Undefined struct struct.isaac
Undefined struct struct.isaac_state
Undefined struct struct.randint_source
Undefined struct struct.quoting_options
Undefined struct struct.slotvec
KLEE: checkOverflow: unsupported bit width 1

KLEE: checkOverflow: unsupported bit width 1

KLEE: checkOverflow: unsupported bit width 1

KLEE: checkOverflow: unsupported bit width 1

KLEE: checkOverflow: unsupported bit width 1

KLEE: checkOverflow: unsupported bit width 1

KLEE: checkOverflow: unsupported bit width 1

KLEE: checkOverflow: unsupported bit width 1

KLEE: checkOverflow: unsupported bit width 1

KLEE: checkOverflow: unsupported bit width 1

KLEE: checkOverflow: unsupported bit width 1

KLEE: checkOverflow: unsupported bit width 1

KLEE: checkOverflow: unsupported bit width 1

KLEE: checkOverflow: unsupported bit width 1

KLEE: checkOverflow: unsupported bit width 1

KLEE: checkOverflow: unsupported bit width 1

KLEE: checkOverflow: unsupported bit width 1

KLEE: checkOverflow: unsupported bit width 1

KLEE: checkOverflow: unsupported bit width 1

KLEE: checkOverflow: unsupported bit width 1

KLEE: checkOverflow: unsupported bit width 1

KLEE: checkOverflow: unsupported bit width 1

KLEE: checkOverflow: unsupported bit width 1

KLEE: checkOverflow: unsupported bit width 1

KLEE: checkOverflow: unsupported bit width 1

KLEE: checkOverflow: unsupported bit width 1

KLEE: checkOverflow: unsupported bit width 1

KLEE: checkOverflow: unsupported bit width 1

KLEE: checkOverflow: unsupported bit width 1

KLEE: checkOverflow: unsupported bit width 1

KLEE: checkOverflow: unsupported bit width 1

KLEE: checkOverflow: unsupported bit width 1

KLEE: checkOverflow: unsupported bit width 1

KLEE: checkOverflow: unsupported bit width 1

KLEE: checkOverflow: unsupported bit width 1

KLEE: checkOverflow: unsupported bit width 1

KLEE: checkOverflow: unsupported bit width 1

KLEE: checkOverflow: unsupported bit width 1

KLEE: checkOverflow: unsupported bit width 1

KLEE: checkOverflow: unsupported bit width 1

KLEE: checkOverflow: unsupported bit width 1

KLEE: checkOverflow: unsupported bit width 1

KLEE: checkOverflow: unsupported bit width 1

KLEE: checkOverflow: unsupported bit width 1

KLEE: checkOverflow: unsupported bit width 1

KLEE: checkOverflow: unsupported bit width 1

KLEE: checkOverflow: unsupported bit width 1

KLEE: checkOverflow: unsupported bit width 1

KLEE: checkOverflow: unsupported bit width 1

KLEE: checkOverflow: unsupported bit width 1

KLEE: checkOverflow: unsupported bit width 1

KLEE: checkOverflow: unsupported bit width 1

KLEE: checkOverflow: unsupported bit width 1

KLEE: IntegerOverflow (32:2147483647): cast 4294967329204 @/home/james/Projects/Senx/code/klee_src/runtime/POSIX/fd_32.c:44(28562)

	pointer parm derived from other vars!
KLEE: checkOverflow: unsupported bit width 1

KLEE: WARNING ONCE: calling external: getpagesize()
KLEE: checkOverflow: unsupported bit width 1

KLEE: checkOverflow: unsupported bit width 1

KLEE: checkOverflow: unsupported bit width 1

KLEE: checkOverflow: unsupported bit width 1

KLEE: checkOverflow: unsupported bit width 1

Undefined struct struct.__STDIO_FILE_STRUCT.1190
Undefined struct struct.timezone
Undefined struct struct.ppfs_t
Undefined struct struct.printf_info.1497
Undefined struct struct.__va_list_tag
Undefined struct struct.__STDIO_FILE_STRUCT.1602
	pointer parm derived from other vars!
KLEE: checkOverflow: unsupported bit width 1

KLEE: checkOverflow: unsupported bit width 1

KLEE: checkOverflow: unsupported bit width 1

KLEE: IntegerOverflow (8:127): cast 255 @src/shred.c:267(2377)

KLEE: IntegerOverflow (8:127): cast 255 @src/shred.c:268(2385)

KLEE: IntegerOverflow (8:127): cast 255 @src/shred.c:269(2390)

KLEE: checkOverflow: unsupported bit width 1

KLEE: IntegerOverflow (8:127): cast 255 @src/shred.c:287(2581)

KLEE: IntegerOverflow (8:127): cast 255 @src/shred.c:288(2590)

KLEE: IntegerOverflow (8:127): cast 255 @src/shred.c:289(2596)

KLEE: checkOverflow: unsupported bit width 1

KLEE: checkOverflow: unsupported bit width 1

KLEE: checkOverflow: unsupported bit width 1

KLEE: checkOverflow: unsupported bit width 1

KLEE: checkOverflow: unsupported bit width 1

KLEE: checkOverflow: unsupported bit width 1

KLEE: checkOverflow: unsupported bit width 1

KLEE: checkOverflow: unsupported bit width 1

KLEE: checkOverflow: unsupported bit width 1

KLEE: checkOverflow: unsupported bit width 1

KLEE: checkOverflow: unsupported bit width 1

KLEE: checkOverflow: unsupported bit width 1

KLEE: WARNING ONCE: calling clear_random_data with extra arguments.
KLEE: WARNING ONCE: calling close_stdout with extra arguments.
Undefined struct struct.__STDIO_FILE_STRUCT.1473
Undefined struct struct.__STDIO_FILE_STRUCT.1590
Undefined struct struct.__STDIO_FILE_STRUCT.1598
Undefined struct struct.__STDIO_FILE_STRUCT.1479
Undefined struct struct.__STDIO_FILE_STRUCT.1370
KLEE: checkOverflow: unsupported bit width 1

KLEE: checkOverflow: unsupported bit width 1

KLEE: checkOverflow: unsupported bit width 1

KLEE: checkOverflow: unsupported bit width 1


KLEE: done: total instructions = 3557506
KLEE: done: completed paths = 1
KLEE: done: generated tests = 1
