KLEE: NOTE: Using libreadline: /home/user/Projects/Senx/code/build3.8/Release+Debug+Asserts/lib/libreadline.bca
KLEE: NOTE: Using libxml2: /home/user/Projects/Senx/code/build3.8/Release+Debug+Asserts/lib/libxml2.bca
KLEE: NOTE: Using libpcap: /home/user/Projects/Senx/code/build3.8/Release+Debug+Asserts/lib/libpcap.bca
warning: Linking two modules of different target triples: tolower.os' is 'x86_64-unknown-linux-gnu' whereas './pr.bc' is 'x86_64-pc-linux-gnu'

warning: Linking two modules of different target triples: toupper.os' is 'x86_64-unknown-linux-gnu' whereas './pr.bc' is 'x86_64-pc-linux-gnu'

warning: Linking two modules of different target triples: __C_ctype_tolower.os' is 'x86_64-unknown-linux-gnu' whereas './pr.bc' is 'x86_64-pc-linux-gnu'

warning: Linking two modules of different target triples: __C_ctype_toupper.os' is 'x86_64-unknown-linux-gnu' whereas './pr.bc' is 'x86_64-pc-linux-gnu'

warning: Linking two modules of different target triples: error.os' is 'x86_64-unknown-linux-gnu' whereas './pr.bc' is 'x86_64-pc-linux-gnu'

warning: Linking two modules of different target triples: __errno_location.os' is 'x86_64-unknown-linux-gnu' whereas './pr.bc' is 'x86_64-pc-linux-gnu'

warning: Linking two modules of different target triples: setlocale.os' is 'x86_64-unknown-linux-gnu' whereas './pr.bc' is 'x86_64-pc-linux-gnu'

warning: Linking two modules of different target triples: nl_langinfo.os' is 'x86_64-unknown-linux-gnu' whereas './pr.bc' is 'x86_64-pc-linux-gnu'

warning: Linking two modules of different target triples: gmtime_r.os' is 'x86_64-unknown-linux-gnu' whereas './pr.bc' is 'x86_64-pc-linux-gnu'

warning: Linking two modules of different target triples: localtime_r.os' is 'x86_64-unknown-linux-gnu' whereas './pr.bc' is 'x86_64-pc-linux-gnu'

warning: Linking two modules of different target triples: strftime.os' is 'x86_64-unknown-linux-gnu' whereas './pr.bc' is 'x86_64-pc-linux-gnu'

warning: Linking two modules of different target triples: tzset.os' is 'x86_64-unknown-linux-gnu' whereas './pr.bc' is 'x86_64-pc-linux-gnu'

warning: Linking two modules of different target triples: _time_t2tm.os' is 'x86_64-unknown-linux-gnu' whereas './pr.bc' is 'x86_64-pc-linux-gnu'

warning: Linking two modules of different target triples: _time_mktime.os' is 'x86_64-unknown-linux-gnu' whereas './pr.bc' is 'x86_64-pc-linux-gnu'

warning: Linking two modules of different target triples: timegm.os' is 'x86_64-unknown-linux-gnu' whereas './pr.bc' is 'x86_64-pc-linux-gnu'

warning: Linking two modules of different target triples: _time_mktime_tzi.os' is 'x86_64-unknown-linux-gnu' whereas './pr.bc' is 'x86_64-pc-linux-gnu'

warning: Linking two modules of different target triples: _time_localtime_tzi.os' is 'x86_64-unknown-linux-gnu' whereas './pr.bc' is 'x86_64-pc-linux-gnu'

warning: Linking two modules of different target triples: utent.os' is 'x86_64-unknown-linux-gnu' whereas './pr.bc' is 'x86_64-pc-linux-gnu'

warning: Linking two modules of different target triples: mbsinit.os' is 'x86_64-unknown-linux-gnu' whereas './pr.bc' is 'x86_64-pc-linux-gnu'

warning: Linking two modules of different target triples: mbrtowc.os' is 'x86_64-unknown-linux-gnu' whereas './pr.bc' is 'x86_64-pc-linux-gnu'

warning: Linking two modules of different target triples: mbsnrtowcs.os' is 'x86_64-unknown-linux-gnu' whereas './pr.bc' is 'x86_64-pc-linux-gnu'

warning: Linking two modules of different target triples: wcwidth.os' is 'x86_64-unknown-linux-gnu' whereas './pr.bc' is 'x86_64-pc-linux-gnu'

warning: Linking two modules of different target triples: wcswidth.os' is 'x86_64-unknown-linux-gnu' whereas './pr.bc' is 'x86_64-pc-linux-gnu'

warning: Linking two modules of different target triples: iswcntrl.os' is 'x86_64-unknown-linux-gnu' whereas './pr.bc' is 'x86_64-pc-linux-gnu'

warning: Linking two modules of different target triples: iswprint.os' is 'x86_64-unknown-linux-gnu' whereas './pr.bc' is 'x86_64-pc-linux-gnu'

warning: Linking two modules of different target triples: iswctype.os' is 'x86_64-unknown-linux-gnu' whereas './pr.bc' is 'x86_64-pc-linux-gnu'

warning: Linking two modules of different target triples: fclose.os' is 'x86_64-unknown-linux-gnu' whereas './pr.bc' is 'x86_64-pc-linux-gnu'

warning: Linking two modules of different target triples: fdopen.os' is 'x86_64-unknown-linux-gnu' whereas './pr.bc' is 'x86_64-pc-linux-gnu'

warning: Linking two modules of different target triples: fopen.os' is 'x86_64-unknown-linux-gnu' whereas './pr.bc' is 'x86_64-pc-linux-gnu'

warning: Linking two modules of different target triples: fseeko.os' is 'x86_64-unknown-linux-gnu' whereas './pr.bc' is 'x86_64-pc-linux-gnu'

warning: Linking two modules of different target triples: ungetc.os' is 'x86_64-unknown-linux-gnu' whereas './pr.bc' is 'x86_64-pc-linux-gnu'

warning: Linking two modules of different target triples: fprintf.os' is 'x86_64-unknown-linux-gnu' whereas './pr.bc' is 'x86_64-pc-linux-gnu'

warning: Linking two modules of different target triples: sprintf.os' is 'x86_64-unknown-linux-gnu' whereas './pr.bc' is 'x86_64-pc-linux-gnu'

warning: Linking two modules of different target triples: vsnprintf.os' is 'x86_64-unknown-linux-gnu' whereas './pr.bc' is 'x86_64-pc-linux-gnu'

warning: Linking two modules of different target triples: fseeko64.os' is 'x86_64-unknown-linux-gnu' whereas './pr.bc' is 'x86_64-pc-linux-gnu'

warning: Linking two modules of different target triples: _adjust_pos.os' is 'x86_64-unknown-linux-gnu' whereas './pr.bc' is 'x86_64-pc-linux-gnu'

warning: Linking two modules of different target triples: _fopen.os' is 'x86_64-unknown-linux-gnu' whereas './pr.bc' is 'x86_64-pc-linux-gnu'

warning: Linking two modules of different target triples: _stdio.os' is 'x86_64-unknown-linux-gnu' whereas './pr.bc' is 'x86_64-pc-linux-gnu'

warning: Linking two modules of different target triples: _trans2r.os' is 'x86_64-unknown-linux-gnu' whereas './pr.bc' is 'x86_64-pc-linux-gnu'

warning: Linking two modules of different target triples: _wcommit.os' is 'x86_64-unknown-linux-gnu' whereas './pr.bc' is 'x86_64-pc-linux-gnu'

warning: Linking two modules of different target triples: _cs_funcs.os' is 'x86_64-unknown-linux-gnu' whereas './pr.bc' is 'x86_64-pc-linux-gnu'

warning: Linking two modules of different target triples: _uintmaxtostr.os' is 'x86_64-unknown-linux-gnu' whereas './pr.bc' is 'x86_64-pc-linux-gnu'

warning: Linking two modules of different target triples: __fpending.os' is 'x86_64-unknown-linux-gnu' whereas './pr.bc' is 'x86_64-pc-linux-gnu'

warning: Linking two modules of different target triples: __freading.os' is 'x86_64-unknown-linux-gnu' whereas './pr.bc' is 'x86_64-pc-linux-gnu'

warning: Linking two modules of different target triples: vfprintf.os' is 'x86_64-unknown-linux-gnu' whereas './pr.bc' is 'x86_64-pc-linux-gnu'

warning: Linking two modules of different target triples: _ppfs_init.os' is 'x86_64-unknown-linux-gnu' whereas './pr.bc' is 'x86_64-pc-linux-gnu'

warning: Linking two modules of different target triples: _ppfs_prepargs.os' is 'x86_64-unknown-linux-gnu' whereas './pr.bc' is 'x86_64-pc-linux-gnu'

warning: Linking two modules of different target triples: _ppfs_setargs.os' is 'x86_64-unknown-linux-gnu' whereas './pr.bc' is 'x86_64-pc-linux-gnu'

warning: Linking two modules of different target triples: _ppfs_parsespec.os' is 'x86_64-unknown-linux-gnu' whereas './pr.bc' is 'x86_64-pc-linux-gnu'

warning: Linking two modules of different target triples: fscanf.os' is 'x86_64-unknown-linux-gnu' whereas './pr.bc' is 'x86_64-pc-linux-gnu'

warning: Linking two modules of different target triples: ferror_unlocked.os' is 'x86_64-unknown-linux-gnu' whereas './pr.bc' is 'x86_64-pc-linux-gnu'

warning: Linking two modules of different target triples: fflush_unlocked.os' is 'x86_64-unknown-linux-gnu' whereas './pr.bc' is 'x86_64-pc-linux-gnu'

warning: Linking two modules of different target triples: fgetc_unlocked.os' is 'x86_64-unknown-linux-gnu' whereas './pr.bc' is 'x86_64-pc-linux-gnu'

warning: Linking two modules of different target triples: fileno_unlocked.os' is 'x86_64-unknown-linux-gnu' whereas './pr.bc' is 'x86_64-pc-linux-gnu'

warning: Linking two modules of different target triples: fputc_unlocked.os' is 'x86_64-unknown-linux-gnu' whereas './pr.bc' is 'x86_64-pc-linux-gnu'

warning: Linking two modules of different target triples: fputs_unlocked.os' is 'x86_64-unknown-linux-gnu' whereas './pr.bc' is 'x86_64-pc-linux-gnu'

warning: Linking two modules of different target triples: fwrite_unlocked.os' is 'x86_64-unknown-linux-gnu' whereas './pr.bc' is 'x86_64-pc-linux-gnu'

warning: Linking two modules of different target triples: putchar_unlocked.os' is 'x86_64-unknown-linux-gnu' whereas './pr.bc' is 'x86_64-pc-linux-gnu'

warning: Linking two modules of different target triples: strnlen.os' is 'x86_64-unknown-linux-gnu' whereas './pr.bc' is 'x86_64-pc-linux-gnu'

warning: Linking two modules of different target triples: strcmp.os' is 'x86_64-unknown-linux-gnu' whereas './pr.bc' is 'x86_64-pc-linux-gnu'

warning: Linking two modules of different target triples: strrchr.os' is 'x86_64-unknown-linux-gnu' whereas './pr.bc' is 'x86_64-pc-linux-gnu'

warning: Linking two modules of different target triples: memcmp.os' is 'x86_64-unknown-linux-gnu' whereas './pr.bc' is 'x86_64-pc-linux-gnu'

warning: Linking two modules of different target triples: memcpy.os' is 'x86_64-unknown-linux-gnu' whereas './pr.bc' is 'x86_64-pc-linux-gnu'

warning: Linking two modules of different target triples: strncmp.os' is 'x86_64-unknown-linux-gnu' whereas './pr.bc' is 'x86_64-pc-linux-gnu'

warning: Linking two modules of different target triples: strerror.os' is 'x86_64-unknown-linux-gnu' whereas './pr.bc' is 'x86_64-pc-linux-gnu'

warning: Linking two modules of different target triples: __xpg_strerror_r.os' is 'x86_64-unknown-linux-gnu' whereas './pr.bc' is 'x86_64-pc-linux-gnu'

warning: Linking two modules of different target triples: strchr.os' is 'x86_64-unknown-linux-gnu' whereas './pr.bc' is 'x86_64-pc-linux-gnu'

warning: Linking two modules of different target triples: strncpy.os' is 'x86_64-unknown-linux-gnu' whereas './pr.bc' is 'x86_64-pc-linux-gnu'

warning: Linking two modules of different target triples: strlen.os' is 'x86_64-unknown-linux-gnu' whereas './pr.bc' is 'x86_64-pc-linux-gnu'

warning: Linking two modules of different target triples: strdup.os' is 'x86_64-unknown-linux-gnu' whereas './pr.bc' is 'x86_64-pc-linux-gnu'

warning: Linking two modules of different target triples: _string_syserrmsgs.os' is 'x86_64-unknown-linux-gnu' whereas './pr.bc' is 'x86_64-pc-linux-gnu'

warning: Linking two modules of different target triples: strcpy.os' is 'x86_64-unknown-linux-gnu' whereas './pr.bc' is 'x86_64-pc-linux-gnu'

warning: Linking two modules of different target triples: memset.os' is 'x86_64-unknown-linux-gnu' whereas './pr.bc' is 'x86_64-pc-linux-gnu'

warning: Linking two modules of different target triples: isatty.os' is 'x86_64-unknown-linux-gnu' whereas './pr.bc' is 'x86_64-pc-linux-gnu'

warning: Linking two modules of different target triples: tcgetattr.os' is 'x86_64-unknown-linux-gnu' whereas './pr.bc' is 'x86_64-pc-linux-gnu'

warning: Linking two modules of different target triples: getenv.os' is 'x86_64-unknown-linux-gnu' whereas './pr.bc' is 'x86_64-pc-linux-gnu'

warning: Linking two modules of different target triples: realpath.os' is 'x86_64-unknown-linux-gnu' whereas './pr.bc' is 'x86_64-pc-linux-gnu'

warning: Linking two modules of different target triples: setenv.os' is 'x86_64-unknown-linux-gnu' whereas './pr.bc' is 'x86_64-pc-linux-gnu'

warning: Linking two modules of different target triples: strtol.os' is 'x86_64-unknown-linux-gnu' whereas './pr.bc' is 'x86_64-pc-linux-gnu'

warning: Linking two modules of different target triples: strtoul.os' is 'x86_64-unknown-linux-gnu' whereas './pr.bc' is 'x86_64-pc-linux-gnu'

warning: Linking two modules of different target triples: _stdlib_strto_l.os' is 'x86_64-unknown-linux-gnu' whereas './pr.bc' is 'x86_64-pc-linux-gnu'

warning: Linking two modules of different target triples: _stdlib_mb_cur_max.os' is 'x86_64-unknown-linux-gnu' whereas './pr.bc' is 'x86_64-pc-linux-gnu'

warning: Linking two modules of different target triples: getopt.os' is 'x86_64-unknown-linux-gnu' whereas './pr.bc' is 'x86_64-pc-linux-gnu'

warning: Linking two modules of different target triples: __uClibc_main.os' is 'x86_64-unknown-linux-gnu' whereas './pr.bc' is 'x86_64-pc-linux-gnu'

warning: Linking two modules of different target triples: atexit.os' is 'x86_64-unknown-linux-gnu' whereas './pr.bc' is 'x86_64-pc-linux-gnu'

warning: Linking two modules of different target triples: __C_ctype_b.os' is 'x86_64-unknown-linux-gnu' whereas './pr.bc' is 'x86_64-pc-linux-gnu'

warning: Linking two modules of different target triples: errno.os' is 'x86_64-unknown-linux-gnu' whereas './pr.bc' is 'x86_64-pc-linux-gnu'

warning: Linking two modules of different target triples: __h_errno_location.os' is 'x86_64-unknown-linux-gnu' whereas './pr.bc' is 'x86_64-pc-linux-gnu'

warning: Linking two modules of different target triples: wcrtomb.os' is 'x86_64-unknown-linux-gnu' whereas './pr.bc' is 'x86_64-pc-linux-gnu'

warning: Linking two modules of different target triples: wcsrtombs.os' is 'x86_64-unknown-linux-gnu' whereas './pr.bc' is 'x86_64-pc-linux-gnu'

warning: Linking two modules of different target triples: wcsnrtombs.os' is 'x86_64-unknown-linux-gnu' whereas './pr.bc' is 'x86_64-pc-linux-gnu'

warning: Linking two modules of different target triples: _READ.os' is 'x86_64-unknown-linux-gnu' whereas './pr.bc' is 'x86_64-pc-linux-gnu'

warning: Linking two modules of different target triples: _WRITE.os' is 'x86_64-unknown-linux-gnu' whereas './pr.bc' is 'x86_64-pc-linux-gnu'

warning: Linking two modules of different target triples: _fwrite.os' is 'x86_64-unknown-linux-gnu' whereas './pr.bc' is 'x86_64-pc-linux-gnu'

warning: Linking two modules of different target triples: _rfill.os' is 'x86_64-unknown-linux-gnu' whereas './pr.bc' is 'x86_64-pc-linux-gnu'

warning: Linking two modules of different target triples: _trans2w.os' is 'x86_64-unknown-linux-gnu' whereas './pr.bc' is 'x86_64-pc-linux-gnu'

warning: Linking two modules of different target triples: _load_inttype.os' is 'x86_64-unknown-linux-gnu' whereas './pr.bc' is 'x86_64-pc-linux-gnu'

warning: Linking two modules of different target triples: _store_inttype.os' is 'x86_64-unknown-linux-gnu' whereas './pr.bc' is 'x86_64-pc-linux-gnu'

warning: Linking two modules of different target triples: _fpmaxtostr.os' is 'x86_64-unknown-linux-gnu' whereas './pr.bc' is 'x86_64-pc-linux-gnu'

warning: Linking two modules of different target triples: vfscanf.os' is 'x86_64-unknown-linux-gnu' whereas './pr.bc' is 'x86_64-pc-linux-gnu'

warning: Linking two modules of different target triples: __scan_cookie.os' is 'x86_64-unknown-linux-gnu' whereas './pr.bc' is 'x86_64-pc-linux-gnu'

warning: Linking two modules of different target triples: __psfs_parse_spec.os' is 'x86_64-unknown-linux-gnu' whereas './pr.bc' is 'x86_64-pc-linux-gnu'

warning: Linking two modules of different target triples: __psfs_do_numeric.os' is 'x86_64-unknown-linux-gnu' whereas './pr.bc' is 'x86_64-pc-linux-gnu'

warning: Linking two modules of different target triples: memmove.os' is 'x86_64-unknown-linux-gnu' whereas './pr.bc' is 'x86_64-pc-linux-gnu'

warning: Linking two modules of different target triples: memrchr.os' is 'x86_64-unknown-linux-gnu' whereas './pr.bc' is 'x86_64-pc-linux-gnu'

warning: Linking two modules of different target triples: strndup.os' is 'x86_64-unknown-linux-gnu' whereas './pr.bc' is 'x86_64-pc-linux-gnu'

warning: Linking two modules of different target triples: mempcpy.os' is 'x86_64-unknown-linux-gnu' whereas './pr.bc' is 'x86_64-pc-linux-gnu'

warning: Linking two modules of different target triples: memchr.os' is 'x86_64-unknown-linux-gnu' whereas './pr.bc' is 'x86_64-pc-linux-gnu'

warning: Linking two modules of different target triples: __strtofpmax.os' is 'x86_64-unknown-linux-gnu' whereas './pr.bc' is 'x86_64-pc-linux-gnu'

warning: Linking two modules of different target triples: __cxa_atexit.os' is 'x86_64-unknown-linux-gnu' whereas './pr.bc' is 'x86_64-pc-linux-gnu'

warning: Linking two modules of different target triples: __exit_handler.os' is 'x86_64-unknown-linux-gnu' whereas './pr.bc' is 'x86_64-pc-linux-gnu'

warning: Linking two modules of different target triples: exit.os' is 'x86_64-unknown-linux-gnu' whereas './pr.bc' is 'x86_64-pc-linux-gnu'

KLEE: NOTE: Using klee-uclibc : /home/user/Projects/Senx/code/build3.8/Release+Debug+Asserts/lib/klee-uclibc.bca
KLEE: NOTE: Using model: /home/user/Projects/Senx/code/build3.8/Release+Debug+Asserts/lib/libkleeRuntimePOSIX.bca
warning: Linking two modules of different target triples: fd_32.bc' is 'x86_64-unknown-linux-gnu' whereas './pr.bc' is 'x86_64-pc-linux-gnu'

warning: Linking two modules of different target triples: fd_64.bc' is 'x86_64-unknown-linux-gnu' whereas './pr.bc' is 'x86_64-pc-linux-gnu'

warning: Linking two modules of different target triples: fd.bc' is 'x86_64-unknown-linux-gnu' whereas './pr.bc' is 'x86_64-pc-linux-gnu'

warning: Linking two modules of different target triples: fd_init.bc' is 'x86_64-unknown-linux-gnu' whereas './pr.bc' is 'x86_64-pc-linux-gnu'

warning: Linking two modules of different target triples: klee_init_env.bc' is 'x86_64-unknown-linux-gnu' whereas './pr.bc' is 'x86_64-pc-linux-gnu'

warning: Linking two modules of different target triples: stubs.bc' is 'x86_64-unknown-linux-gnu' whereas './pr.bc' is 'x86_64-pc-linux-gnu'

KLEE: output directory is "/home/user/senx-experiments/coreutils/gnubug-25023/./klee-out-0"
KLEE: loadSensitiveFunctionList __assert_fail
KLEE: loadSensitiveFunctionList sqlite3_realloc
KLEE: loadSensitiveFunctionList sqlite3_alloc
KLEE: Safety property for MemorySeqAccess is loaded.
KLEE: Safety property for MemoryStructAccess is loaded.
KLEE: Safety property for MemoryAllocation is loaded.
KLEE: Safety property for SensitiveOperation is loaded.
loadStructDef def_file
	option name:const char *
	option has_arg:int
	option flag:int *
	option val:int
	COLUMN fp:FILE *
	COLUMN name:const char *
	COLUMN status:enum {...}
	COLUMN print_func:_Bool (*)(struct COLUMN *)
	COLUMN char_func:void (*)(char)
	COLUMN current_line:int
	COLUMN lines_stored:int
	COLUMN lines_to_print:int
	COLUMN start_position:int
	COLUMN numbered:_Bool
	COLUMN full_page_printed:_Bool
	timespec tv_sec:__time_t
	timespec tv_nsec:__syscall_slong_t
	quoting_options style:enum quoting_style
	quoting_options flags:int
	quoting_options quote_these_too:unsigned int [8]
	quoting_options None:<range type>
	quoting_options left_quote:const char *
	quoting_options right_quote:const char *
	slotvec size:size_t
	slotvec val:char *
	stat st_dev:__dev_t
	stat st_ino:__ino_t
	stat st_nlink:__nlink_t
	stat st_mode:__mode_t
	stat st_uid:__uid_t
	stat st_gid:__gid_t
	stat __pad0:int
	stat st_rdev:__dev_t
	stat st_size:__off_t
	stat st_blksize:__blksize_t
	stat st_blocks:__blkcnt_t
	timespec tv_sec:__time_t
	timespec tv_nsec:__syscall_slong_t
	timespec tv_sec:__time_t
	timespec tv_nsec:__syscall_slong_t
	timespec tv_sec:__time_t
	timespec tv_nsec:__syscall_slong_t
	timespec __glibc_reserved:__syscall_slong_t [3]
	timespec None:<range type>
	tm tm_sec:int
	tm tm_min:int
	tm tm_hour:int
	tm tm_mday:int
	tm tm_mon:int
	tm tm_year:int
	tm tm_wday:int
	tm tm_yday:int
	tm tm_isdst:int
	tm tm_gmtoff:long int
	tm tm_zone:const char *
	mbstate_t __count:int
	mbstate_t __value:union {...}
	mbstate_t __wch:unsigned int
	mbstate_t __wchb:char [4]
	mbstate_t None:<range type>
KLEE: Using Z3 solver backend
warning: Linking two modules of different target triples: /home/user/Projects/Senx/code/build3.8/Release+Debug+Asserts/lib/kleeRuntimeIntrinsic.bc' is 'x86_64-unknown-linux-gnu' whereas './pr.bc' is 'x86_64-pc-linux-gnu'

global variable .str
	1 elements of 1bytes
global variable .str.1
	10 elements of 1bytes
global variable .str.2
	24 elements of 1bytes
global variable short_options
	53 elements of 1bytes
global variable long_options
	27 elements of 32bytes
global variable .str.39
	6 elements of 1bytes
global variable .str.40
	8 elements of 1bytes
global variable .str.41
	7 elements of 1bytes
global variable .str.42
	19 elements of 1bytes
global variable .str.43
	13 elements of 1bytes
global variable .str.44
	12 elements of 1bytes
global variable .str.45
	12 elements of 1bytes
global variable .str.46
	10 elements of 1bytes
global variable .str.47
	7 elements of 1bytes
global variable .str.48
	12 elements of 1bytes
global variable .str.49
	11 elements of 1bytes
global variable .str.50
	7 elements of 1bytes
global variable .str.51
	6 elements of 1bytes
global variable .str.52
	13 elements of 1bytes
global variable .str.53
	18 elements of 1bytes
global variable .str.54
	7 elements of 1bytes
global variable .str.55
	17 elements of 1bytes
global variable .str.56
	10 elements of 1bytes
global variable .str.57
	11 elements of 1bytes
global variable .str.58
	12 elements of 1bytes
global variable .str.59
	16 elements of 1bytes
global variable .str.60
	17 elements of 1bytes
global variable .str.61
	6 elements of 1bytes
global variable .str.62
	11 elements of 1bytes
global variable .str.63
	5 elements of 1bytes
global variable .str.64
	8 elements of 1bytes
global variable first_page_number
	1 elements of 8bytes
global variable last_page_number
	1 elements of 8bytes
global variable .str.3
	50 elements of 1bytes
global variable .str.4
	22 elements of 1bytes
global variable .str.65
	26 elements of 1bytes
global variable columns
	1 elements of 4bytes
global variable explicit_columns
	1 elements of 1bytes
global variable print_across_flag
	1 elements of 1bytes
global variable storing_columns
	1 elements of 1bytes
global variable balance_columns
	1 elements of 1bytes
global variable use_cntrl_prefix
	1 elements of 1bytes
global variable double_space
	1 elements of 1bytes
global variable date_format
	1 elements of 8bytes
global variable input_tab_char
	1 elements of 1bytes
global variable chars_per_input_tab
	1 elements of 4bytes
global variable .str.67
	61 elements of 1bytes
global variable .str.21
	39 elements of 1bytes
global variable .str.22
	33 elements of 1bytes
global variable .str.23
	45 elements of 1bytes
global variable .str.81
	56 elements of 1bytes
global variable .str.82
	75 elements of 1bytes
global variable .str.24
	334 elements of 1bytes
global variable .str.25
	270 elements of 1bytes
global variable .str.26
	400 elements of 1bytes
global variable .str.27
	427 elements of 1bytes
global variable .str.28
	220 elements of 1bytes
global variable .str.29
	144 elements of 1bytes
global variable .str.30
	346 elements of 1bytes
global variable .str.31
	253 elements of 1bytes
global variable .str.32
	326 elements of 1bytes
global variable .str.33
	236 elements of 1bytes
global variable .str.34
	104 elements of 1bytes
global variable .str.35
	401 elements of 1bytes
global variable .str.36
	215 elements of 1bytes
global variable .str.37
	45 elements of 1bytes
global variable .str.38
	54 elements of 1bytes
global variable .str.10
	3 elements of 1bytes
global variable emit_ancillary_info.infomap
	7 elements of 16bytes
global variable .str.83
	2 elements of 1bytes
global variable .str.84
	16 elements of 1bytes
global variable .str.85
	22 elements of 1bytes
global variable .str.86
	10 elements of 1bytes
global variable .str.87
	15 elements of 1bytes
global variable .str.88
	10 elements of 1bytes
global variable .str.89
	10 elements of 1bytes
global variable .str.90
	10 elements of 1bytes
global variable .str.91
	23 elements of 1bytes
global variable .str.11
	14 elements of 1bytes
global variable .str.92
	39 elements of 1bytes
global variable .str.93
	4 elements of 1bytes
global variable .str.94
	69 elements of 1bytes
global variable .str.95
	31 elements of 1bytes
global variable .str.96
	51 elements of 1bytes
global variable .str.97
	12 elements of 1bytes
global variable untabify_input
	1 elements of 1bytes
global variable use_form_feed
	1 elements of 1bytes
global variable custom_header
	1 elements of 8bytes
global variable output_tab_char
	1 elements of 1bytes
global variable chars_per_output_tab
	1 elements of 4bytes
global variable tabify_output
	1 elements of 1bytes
global variable join_lines
	1 elements of 1bytes
global variable .str.5
	41 elements of 1bytes
global variable lines_per_page
	1 elements of 4bytes
global variable parallel_files
	1 elements of 1bytes
global variable numbered_lines
	1 elements of 1bytes
global variable number_separator
	1 elements of 1bytes
global variable chars_per_number
	1 elements of 4bytes
global variable skip_count
	1 elements of 1bytes
global variable .str.6
	41 elements of 1bytes
global variable start_line_num
	1 elements of 4bytes
global variable .str.7
	32 elements of 1bytes
global variable chars_per_margin
	1 elements of 4bytes
global variable ignore_failed_opens
	1 elements of 1bytes
global variable use_col_separator
	1 elements of 1bytes
global variable .str.66
	17 elements of 1bytes
global variable col_sep_length
	1 elements of 4bytes
global variable col_sep_string
	1 elements of 8bytes
global variable extremities
	1 elements of 1bytes
global variable keep_FF
	1 elements of 1bytes
global variable use_esc_sequence
	1 elements of 1bytes
global variable .str.8
	45 elements of 1bytes
global variable truncate_lines
	1 elements of 1bytes
global variable chars_per_line
	1 elements of 4bytes
global variable .str.9
	45 elements of 1bytes
global variable .str.12
	13 elements of 1bytes
global variable .str.13
	15 elements of 1bytes
global variable .str.14
	16 elements of 1bytes
global variable .str.15
	15 elements of 1bytes
global variable .str.16
	15 elements of 1bytes
global variable .str.17
	3 elements of 1bytes
global variable localtz
	1 elements of 8bytes
global variable .str.18
	59 elements of 1bytes
global variable .str.19
	61 elements of 1bytes
global variable lines_per_body
	1 elements of 4bytes
global variable line_separator
	1 elements of 8bytes
global variable .str.69
	2 elements of 1bytes
global variable column_separator
	1 elements of 8bytes
global variable .str.70
	2 elements of 1bytes
global variable line_count
	1 elements of 4bytes
global variable number_width
	1 elements of 4bytes
global variable chars_per_column
	1 elements of 4bytes
global variable .str.68
	22 elements of 1bytes
global variable number_buff
	1 elements of 8bytes
global variable clump_buff
	1 elements of 8bytes
global variable total_files
	1 elements of 4bytes
global variable column_vector
	1 elements of 8bytes
global variable .str.71
	2 elements of 1bytes
global variable .str.20
	15 elements of 1bytes
global variable have_read_stdin
	1 elements of 1bytes
global variable .str.72
	2 elements of 1bytes
global variable failed_opens
	1 elements of 1bytes
global variable .str.73
	3 elements of 1bytes
global variable init_header.timespec
	1 elements of 16bytes
global variable .str.74
	8 elements of 1bytes
global variable date_text
	1 elements of 8bytes
global variable file_text
	1 elements of 8bytes
global variable header_width_available
	1 elements of 4bytes
global variable files_ready_to_read
	1 elements of 4bytes
global variable line_vector
	1 elements of 8bytes
global variable end_vector
	1 elements of 8bytes
global variable buff
	1 elements of 8bytes
global variable buff_allocated
	1 elements of 8bytes
global variable last_line
	1 elements of 1bytes
global variable .str.75
	48 elements of 1bytes
global variable page_number
	1 elements of 8bytes
global variable buff_current
	1 elements of 4bytes
global variable pad_vertically
	1 elements of 1bytes
global variable print_a_header
	1 elements of 1bytes
global variable output_position
	1 elements of 4bytes
global variable spaces_not_printed
	1 elements of 4bytes
global variable .str.76
	21 elements of 1bytes
global variable .str.77
	9 elements of 1bytes
global variable .str.78
	21 elements of 1bytes
global variable padding_not_printed
	1 elements of 4bytes
global variable separators_not_printed
	1 elements of 4bytes
global variable input_position
	1 elements of 4bytes
global variable FF_only
	1 elements of 1bytes
global variable print_a_FF
	1 elements of 1bytes
global variable .str.79
	5 elements of 1bytes
global variable align_empty_cols
	1 elements of 1bytes
global variable line_number
	1 elements of 4bytes
global variable .str.80
	4 elements of 1bytes
global variable empty_line
	1 elements of 1bytes
global variable Version
	1 elements of 8bytes
global variable .str.98
	15 elements of 1bytes
global variable file_name
	1 elements of 8bytes
global variable ignore_EPIPE
	1 elements of 1bytes
global variable .str.101
	12 elements of 1bytes
global variable .str.1.102
	7 elements of 1bytes
global variable .str.2.103
	3 elements of 1bytes
global variable exit_failure
	1 elements of 4bytes
global variable .str.114
	2 elements of 1bytes
global variable .str.1.115
	6 elements of 1bytes
global variable program_name
	1 elements of 8bytes
global variable .str.124
	56 elements of 1bytes
global variable .str.1.125
	8 elements of 1bytes
global variable .str.2.126
	4 elements of 1bytes
global variable program_invocation_short_name
	1 elements of 8bytes
global variable program_invocation_name
	1 elements of 8bytes
global variable quoting_style_args
	11 elements of 8bytes
global variable .str.127
	8 elements of 1bytes
global variable .str.1.128
	6 elements of 1bytes
global variable .str.2.129
	13 elements of 1bytes
global variable .str.3.130
	13 elements of 1bytes
global variable .str.4.131
	20 elements of 1bytes
global variable .str.5.132
	2 elements of 1bytes
global variable .str.6.133
	8 elements of 1bytes
global variable .str.7.134
	7 elements of 1bytes
global variable .str.8.135
	7 elements of 1bytes
global variable .str.9.136
	8 elements of 1bytes
global variable quoting_style_vals
	10 elements of 4bytes
global variable quote_quoting_options
	1 elements of 56bytes
global variable default_quoting_options
	1 elements of 56bytes
global variable .str.10.137
	2 elements of 1bytes
global variable .str.11.138
	2 elements of 1bytes
global variable .str.13.139
	6 elements of 1bytes
global variable .str.14.140
	4 elements of 1bytes
global variable .str.15.141
	4 elements of 1bytes
global variable .str.16.142
	8 elements of 1bytes
global variable .str.17.143
	4 elements of 1bytes
global variable .str.18.144
	3 elements of 1bytes
global variable .str.12.145
	2 elements of 1bytes
global variable slotvec
	1 elements of 8bytes
global variable slotvec0
	1 elements of 16bytes
global variable slot0
	256 elements of 1bytes
global variable nslots
	1 elements of 4bytes
global variable .str.156
	1 elements of 1bytes
global variable .str.1.157
	9 elements of 1bytes
global variable .str.2.158
	9 elements of 1bytes
global variable .str.3.159
	6 elements of 1bytes
global variable .str.4.160
	9 elements of 1bytes
global variable .str.163
	12 elements of 1bytes
global variable .str.1.164
	7 elements of 1bytes
global variable .str.2.165
	4 elements of 1bytes
global variable .str.3.166
	203 elements of 1bytes
global variable .str.4.167
	16 elements of 1bytes
global variable .str.5.168
	23 elements of 1bytes
global variable .str.6.169
	28 elements of 1bytes
global variable .str.7.170
	32 elements of 1bytes
global variable .str.8.171
	36 elements of 1bytes
global variable .str.9.172
	40 elements of 1bytes
global variable .str.10.173
	44 elements of 1bytes
global variable .str.11.174
	48 elements of 1bytes
global variable .str.12.175
	52 elements of 1bytes
global variable .str.13.176
	60 elements of 1bytes
global variable .str.14.179
	21 elements of 1bytes
global variable .str.15.180
	22 elements of 1bytes
global variable .str.16.181
	20 elements of 1bytes
global variable .str.17.182
	14 elements of 1bytes
global variable .str.18.183
	39 elements of 1bytes
global variable .str.19.184
	64 elements of 1bytes
global variable version_etc_copyright
	47 elements of 1bytes
global variable .str.1.201
	17 elements of 1bytes
global variable .str.202
	3 elements of 1bytes
global variable .str.203
	7 elements of 1bytes
global variable .str.208
	38 elements of 1bytes
global variable .str.1.209
	16 elements of 1bytes
global variable __PRETTY_FUNCTION__.xstrtoimax
	78 elements of 1bytes
global variable .str.212
	38 elements of 1bytes
global variable .str.1.213
	14 elements of 1bytes
global variable __PRETTY_FUNCTION__.xstrtol
	71 elements of 1bytes
global variable .str.218
	3 elements of 1bytes
global variable .str.1.219
	27 elements of 1bytes
global variable .str.2.220
	37 elements of 1bytes
global variable .str.3.221
	29 elements of 1bytes
global variable .str.224
	38 elements of 1bytes
global variable .str.1.225
	16 elements of 1bytes
global variable __PRETTY_FUNCTION__.xstrtoumax
	79 elements of 1bytes
global variable rpl_fcntl.have_dupfd_cloexec
	1 elements of 4bytes
global variable local_tz
	1 elements of 8bytes
global variable .str.242
	3 elements of 1bytes
global variable .str.1.243
	1 elements of 1bytes
global variable .str.252
	1 elements of 1bytes
global variable charset_aliases
	1 elements of 8bytes
global variable .str.2.253
	14 elements of 1bytes
global variable .str.3.254
	16 elements of 1bytes
global variable .str.4.255
	15 elements of 1bytes
global variable .str.5.256
	2 elements of 1bytes
global variable .str.6.257
	10 elements of 1bytes
global variable .str.1.258
	6 elements of 1bytes
global variable __mon_yday
	2 elements of 26bytes
global variable localtime_offset
	1 elements of 8bytes
global variable __C_ctype_tolower_data
	384 elements of 2bytes
global variable __C_ctype_tolower
	1 elements of 8bytes
global variable __ctype_tolower
	1 elements of 8bytes
global variable __C_ctype_toupper_data
	384 elements of 2bytes
global variable __C_ctype_toupper
	1 elements of 8bytes
global variable __ctype_toupper
	1 elements of 8bytes
global variable error_message_count
	1 elements of 4bytes
global variable error_one_per_line
	1 elements of 4bytes
global variable .str.99
	5 elements of 1bytes
global variable __error_at_line.old_line_number
	1 elements of 4bytes
global variable __error_at_line.old_file_name
	1 elements of 8bytes
global variable .str.1.100
	8 elements of 1bytes
global variable .str.107
	6 elements of 1bytes
global variable C_string
	2 elements of 1bytes
global variable nl_data
	417 elements of 1bytes
global variable spec
	163 elements of 1bytes
global variable .str.116
	4 elements of 1bytes
global variable daylight
	1 elements of 4bytes
global variable timezone
	1 elements of 8bytes
global variable tzname
	2 elements of 8bytes
global variable vals
	54 elements of 1bytes
global variable _time_tzinfo
	2 elements of 32bytes
global variable .str.123
	8 elements of 1bytes
global variable _time_tzset.oldval
	68 elements of 1bytes
global variable _vals
	8 elements of 2bytes
global variable days
	13 elements of 1bytes
global variable utc_string
	4 elements of 1bytes
global variable .str.130
	4 elements of 1bytes
global variable __vals
	13 elements of 1bytes
global variable ll_tzname
	2 elements of 16bytes
global variable day_cor
	13 elements of 1bytes
global variable static_fd
	1 elements of 4bytes
global variable static_ut_name
	1 elements of 8bytes
global variable default_file_name
	14 elements of 1bytes
global variable static_utmp
	1 elements of 400bytes
global variable mbrtowc.mbstate
	1 elements of 8bytes
global variable mbsnrtowcs.mbstate
	1 elements of 8bytes
global variable desc2flag
	13 elements of 2bytes
global variable stdin
	1 elements of 8bytes
global variable _stdio_streams
	3 elements of 80bytes
global variable stdout
	1 elements of 8bytes
global variable stderr
	1 elements of 8bytes
global variable __stdin
	1 elements of 8bytes
global variable __stdout
	1 elements of 8bytes
global variable _stdio_openlist
	1 elements of 8bytes
global variable llvm.used
	1 elements of 8bytes
global variable __evoke_link_warning___fpending
	167 elements of 1bytes
global variable _do_one_spec.spec_base
	7 elements of 1bytes
global variable .str.197
	6 elements of 1bytes
global variable .str.1.198
	7 elements of 1bytes
global variable _do_one_spec.prefix
	12 elements of 1bytes
global variable _ppfs_parsespec.spec_flags
	8 elements of 1bytes
global variable _ppfs_parsespec.qual_chars
	20 elements of 1bytes
global variable _ppfs_parsespec.spec_chars
	21 elements of 1bytes
global variable _ppfs_parsespec.spec_ranges
	9 elements of 1bytes
global variable _ppfs_parsespec.spec_or_mask
	8 elements of 2bytes
global variable _ppfs_parsespec.spec_and_mask
	8 elements of 2bytes
global variable type_codes
	12 elements of 2bytes
global variable type_sizes
	12 elements of 1bytes
global variable strerror.buf
	50 elements of 1bytes
global variable __xpg_strerror_r.unknown
	14 elements of 1bytes
global variable _string_syserrmsgs
	2906 elements of 1bytes
global variable last_environ
	1 elements of 8bytes
global variable optind
	1 elements of 4bytes
global variable opterr
	1 elements of 4bytes
global variable optopt
	1 elements of 4bytes
global variable optarg
	1 elements of 8bytes
global variable getopt_data
	1 elements of 56bytes
global variable .str.11.287
	16 elements of 1bytes
global variable .str.288
	3 elements of 1bytes
global variable .str.1.289
	30 elements of 1bytes
global variable .str.2.290
	45 elements of 1bytes
global variable .str.3.291
	45 elements of 1bytes
global variable .str.4.292
	38 elements of 1bytes
global variable .str.5.293
	32 elements of 1bytes
global variable .str.6.294
	32 elements of 1bytes
global variable .str.7.295
	1 elements of 1bytes
global variable .str.8.296
	26 elements of 1bytes
global variable .str.9.297
	26 elements of 1bytes
global variable .str.10.298
	39 elements of 1bytes
global variable __libc_stack_end
	1 elements of 8bytes
global variable __uclibc_progname
	1 elements of 8bytes
global variable .str.301
	1 elements of 1bytes
global variable __environ
	1 elements of 8bytes
global variable __pagesize
	1 elements of 8bytes
global variable __app_fini
	1 elements of 8bytes
global variable __rtld_fini
	1 elements of 8bytes
global variable __uClibc_init.been_there_done_that
	1 elements of 4bytes
global variable .str.1.306
	10 elements of 1bytes
global variable __dso_handle
	1 elements of 8bytes
global variable __C_ctype_b_data
	384 elements of 2bytes
global variable __C_ctype_b
	1 elements of 8bytes
global variable __ctype_b
	1 elements of 8bytes
global variable errno
	1 elements of 4bytes
global variable h_errno
	1 elements of 4bytes
global variable fmt
	20 elements of 1bytes
global variable exp10_table
	13 elements of 16bytes
global variable decpt_str
	2 elements of 1bytes
global variable spec_flags
	4 elements of 1bytes
global variable qual_chars
	18 elements of 1bytes
global variable spec_chars
	23 elements of 1bytes
global variable spec_ranges
	8 elements of 1bytes
global variable spec_allowed
	8 elements of 2bytes
global variable spec_base
	15 elements of 1bytes
global variable nil_string
	6 elements of 1bytes
global variable __psfs_do_numeric.nan_inf_str
	11 elements of 1bytes
global variable __strtofpmax.nan_inf_str
	21 elements of 1bytes
global variable __exit_count
	1 elements of 4bytes
global variable __exit_function_table
	1 elements of 8bytes
global variable __exit_slots
	1 elements of 4bytes
global variable __exit_cleanup
	1 elements of 8bytes
global variable .str.1.381
	47 elements of 1bytes
global variable .str.2.384
	44 elements of 1bytes
global variable close.n_calls
	1 elements of 4bytes
global variable read.n_calls
	1 elements of 4bytes
global variable .str.3.389
	12 elements of 1bytes
global variable .str.4.390
	59 elements of 1bytes
global variable __PRETTY_FUNCTION__.read
	34 elements of 1bytes
global variable write.n_calls
	1 elements of 4bytes
global variable .str.5.393
	7 elements of 1bytes
global variable __PRETTY_FUNCTION__.write
	41 elements of 1bytes
global variable .str.6.394
	2 elements of 1bytes
global variable .str.7.395
	24 elements of 1bytes
global variable .str.8.398
	18 elements of 1bytes
global variable __PRETTY_FUNCTION__.__fd_lseek
	38 elements of 1bytes
global variable .str.9.403
	33 elements of 1bytes
global variable chmod.n_calls
	1 elements of 4bytes
global variable fchmod.n_calls
	1 elements of 4bytes
global variable .str.24.404
	32 elements of 1bytes
global variable __fd_ftruncate.n_calls
	1 elements of 4bytes
global variable .str.10.409
	30 elements of 1bytes
global variable .str.11.412
	33 elements of 1bytes
global variable .str.12.413
	18 elements of 1bytes
global variable __PRETTY_FUNCTION__.__fd_getdents
	65 elements of 1bytes
global variable .str.13.416
	41 elements of 1bytes
global variable .str.14.417
	42 elements of 1bytes
global variable .str.15.418
	43 elements of 1bytes
global variable .str.16.419
	43 elements of 1bytes
global variable .str.17.420
	45 elements of 1bytes
global variable .str.18.421
	46 elements of 1bytes
global variable .str.19.422
	43 elements of 1bytes
global variable .str.20.423
	44 elements of 1bytes
global variable .str.21.428
	32 elements of 1bytes
global variable .str.22.429
	17 elements of 1bytes
global variable getcwd.n_calls
	1 elements of 4bytes
global variable .str.23.434
	18 elements of 1bytes
global variable __exe_env
	1 elements of 784bytes
global variable __exe_fs
	1 elements of 104bytes
global variable klee_init_fds.name
	32 elements of 1bytes
global variable .str.439
	2 elements of 1bytes
global variable .str.9.440
	6 elements of 1bytes
global variable .str.10.441
	5 elements of 1bytes
global variable .str.11.442
	64 elements of 1bytes
global variable __PRETTY_FUNCTION__.__create_new_dfile
	88 elements of 1bytes
global variable .str.1.443
	6 elements of 1bytes
global variable .str.2.444
	10 elements of 1bytes
global variable .str.3.445
	11 elements of 1bytes
global variable .str.4.446
	11 elements of 1bytes
global variable .str.5.447
	15 elements of 1bytes
global variable .str.6.448
	12 elements of 1bytes
global variable .str.7.449
	7 elements of 1bytes
global variable .str.8.450
	14 elements of 1bytes
global variable .str.453
	7 elements of 1bytes
global variable .str.1.454
	964 elements of 1bytes
global variable .str.24.455
	70 elements of 1bytes
global variable .str.25.456
	9 elements of 1bytes
global variable .str.2.457
	10 elements of 1bytes
global variable .str.3.458
	9 elements of 1bytes
global variable .str.4.459
	48 elements of 1bytes
global variable .str.26.460
	37 elements of 1bytes
global variable .str.5.461
	11 elements of 1bytes
global variable .str.6.462
	10 elements of 1bytes
global variable .str.7.463
	77 elements of 1bytes
global variable .str.8.464
	7 elements of 1bytes
global variable .str.9.465
	12 elements of 1bytes
global variable .str.10.466
	11 elements of 1bytes
global variable .str.11.467
	109 elements of 1bytes
global variable .str.12.468
	12 elements of 1bytes
global variable .str.13.469
	11 elements of 1bytes
global variable .str.14.470
	57 elements of 1bytes
global variable .str.15.471
	13 elements of 1bytes
global variable .str.16.472
	12 elements of 1bytes
global variable .str.17.473
	18 elements of 1bytes
global variable .str.18.474
	17 elements of 1bytes
global variable .str.19.475
	10 elements of 1bytes
global variable .str.20.476
	9 elements of 1bytes
global variable .str.21.477
	11 elements of 1bytes
global variable .str.22.478
	10 elements of 1bytes
global variable .str.23.479
	54 elements of 1bytes
global variable .str.480
	18 elements of 1bytes
global variable .str.1.481
	24 elements of 1bytes
global variable .str.2.482
	15 elements of 1bytes
global variable .str.3.483
	18 elements of 1bytes
global variable .str.4.484
	17 elements of 1bytes
global variable .str.5.489
	13 elements of 1bytes
global variable .str.6.490
	40 elements of 1bytes
global variable .str.7.491
	17 elements of 1bytes
global variable .str.8.494
	21 elements of 1bytes
global variable .str.9.495
	18 elements of 1bytes
global variable .str.10.496
	32 elements of 1bytes
global variable str.13
	18 elements of 1bytes
global variable str
	17 elements of 1bytes
global variable getnameinfo.hostname
	10 elements of 1bytes
global variable getnameinfo.service
	10 elements of 1bytes
global variable .str.499
	80 elements of 1bytes
global variable .str.1.500
	15 elements of 1bytes
global variable .str.2.501
	8 elements of 1bytes
global variable .str.3.504
	8 elements of 1bytes
global variable .str.1.4
	16 elements of 1bytes
global variable .str.2.5
	14 elements of 1bytes
global variable .str.6.507
	71 elements of 1bytes
global variable .str.1.7
	14 elements of 1bytes
global variable .str.2.8
	5 elements of 1bytes
KLEE: WARNING: undefined reference to function: __ctype_b_loc
KLEE: WARNING: undefined reference to function: bindtextdomain
KLEE: WARNING: undefined reference to function: gettext
KLEE: WARNING: undefined reference to function: posix_fadvise
KLEE: WARNING: undefined reference to variable: program_invocation_name
KLEE: WARNING: undefined reference to variable: program_invocation_short_name
KLEE: WARNING: undefined reference to function: puts
KLEE: WARNING: undefined reference to function: textdomain
KLEE: ARGV 0: ./pr.bc

KLEE: ARGV 1: -S

KLEE: ARGV 2: ./dummy

KLEE: ARGV 3: -m

KLEE: ARGV 4: ./dummy

KLEE: WARNING: executable has module level assembly (ignoring)
Undefined struct struct.exe_sym_env_t
Undefined struct struct.exe_file_t
KLEE: WARNING ONCE: calling external: syscall(16, 0, 21505, 113030752)
40349:  + @ st_mode
40372:  + @ st_mode
40390:  + @ st_mode
Undefined struct struct.exe_disk_file_t
Undefined struct struct.__kernel_termios.1629
Undefined struct struct.termios.1624
Undefined struct struct.Elf64_auxv_t
KLEE: WARNING ONCE: calling __user_main with extra arguments.
KLEE: WARNING ONCE: Alignment of memory from call "malloc" is not modelled. Using alignment of 8.
	pointer parm derived from itself!
KLEE: 0x9087c30: Symbolic value  used to determine branching at /home/james/Projects/Senx/code/klee_src/runtime/POSIX/fd_init.c:100 (41960)
	pointer parm derived from itself!
KLEE: WARNING ONCE: calling external: bindtextdomain(130040352, 129908208)
KLEE: WARNING ONCE: calling external: textdomain(130040352)
KLEE: WARNING ONCE: Alignment of memory from call "realloc" is not modelled. Using alignment of 8.
Undefined struct struct.exit_function
Undefined struct struct.anon.0.1800
klee: /home/james/Projects/Senx/code/klee_src/include/klee/Expr.h:1041: uint64_t klee::ConstantExpr::getZExtValue(unsigned int) const: Assertion `getWidth() <= bits && "Value may be out of range!"' failed.
0  klee            0x0000000001e9d8e5 llvm::sys::PrintStackTrace(llvm::raw_ostream&) + 44
1  klee            0x0000000001e9dbfa
2  klee            0x0000000001e9c312 llvm::sys::RunSignalHandlers() + 118
3  klee            0x0000000001e9d40c
4  libpthread.so.0 0x00007fe999d07390
5  libc.so.6       0x00007fe99745e438 gsignal + 56
6  libc.so.6       0x00007fe99746003a abort + 362
7  libc.so.6       0x00007fe997456be7
8  libc.so.6       0x00007fe997456c92
9  klee            0x0000000000bd940e
10 klee            0x0000000000bede2b klee::Executor::checkOverflow(klee::KInstruction*, klee::ref<klee::Expr>&, klee::ref<klee::Expr>&) + 1035
11 klee            0x0000000000bfbbd7 klee::Executor::executeInstruction(klee::ExecutionState&, klee::KInstruction*) + 7175
12 klee            0x0000000000bff699 klee::Executor::run(klee::ExecutionState&) + 1561
13 klee            0x0000000000bffea2 klee::Executor::runFunctionAsMain(llvm::Function*, int, char**, char**) + 1570
14 klee            0x0000000000bde6ff main + 11023
15 libc.so.6       0x00007fe997449840 __libc_start_main + 240
16 klee            0x0000000000be65a9 _start + 41
/home/user/bin/senx: line 7:  6794 Aborted                 (core dumped) ~/Projects/Senx/code/build3.8/bin/klee --write-kqueries --allow-external-sym-calls --libc=uclibc --posix-runtime --libxml2 --libpcap --libreadline -check-overflow -make-patch $*
